D 2022-05-24 23:53:19.722345 [Main] {Main} Removing old/extra log file: battle.net-20220510T233941.372169.log
D 2022-05-24 23:53:19.722569 [Main] {Main} Removing old/extra log file: libcef-20220510T233948.890149.log
I 2022-05-24 23:53:19.722743 [Main] {Main} Logging started for Battle.net build 2.13.0.13500
I 2022-05-24 23:53:19.722991 [Configuration] {Main} SharedConfigRoot: C:\ProgramData\Battle.net
I 2022-05-24 23:53:19.723227 [Configuration] {Main} RoamingConfigRoot: C:\Users\sdean\AppData\Roaming\Battle.net
I 2022-05-24 23:53:19.723239 [Configuration] {Main} LocalConfigRoot: C:\Users\sdean\AppData\Local\Battle.net
D 2022-05-24 23:53:19.723345 [Configuration] {Main} Searching for config file: C:\Program Files (x86)\Battle.net\Battle.net.13500\Battle.net.config
D 2022-05-24 23:53:19.723391 [Configuration] {Main} Searching for config file: C:\Program Files (x86)\Battle.net\Battle.net.config
D 2022-05-24 23:53:19.728212 [Configuration] {Main} User Configuration File: C:\Users\sdean\AppData\Roaming\Battle.net\Battle.net.config
I 2022-05-24 23:53:19.731307 [Main] {Main} Command line arguments: {[0]=--autostarted}
I 2022-05-24 23:53:19.732854 [Main] {Main} Opening IPC shared memory. queueName=User:sdean:Battle.net IPC ShMem mode=server
I 2022-05-24 23:53:19.795584 [Frontend] {Main} Supplying list of renderers: d3d11,warp,desktop
I 2022-05-24 23:53:20.109476 [LocalizationData] {Main} 21 language(s) loaded from languages.xml, default=enUS
D 2022-05-24 23:53:20.327708 [Main] {Main} Adding application font: resources/fonts/BlizzardReg.ttf
D 2022-05-24 23:53:20.331287 [Main] {Main} Adding application font: resources/fonts/BlizzardLig.ttf
D 2022-05-24 23:53:20.333187 [Main] {Main} Adding application font: resources/fonts/BlizzardBol.ttf
D 2022-05-24 23:53:20.334701 [Main] {Main} Adding application font: resources/fonts/NotoSans-Bold.ttf
D 2022-05-24 23:53:20.340283 [Main] {Main} Adding application font: resources/fonts/NotoSans-BoldItalic.ttf
D 2022-05-24 23:53:20.344166 [Main] {Main} Adding application font: resources/fonts/NotoSans-Italic.ttf
D 2022-05-24 23:53:20.348608 [Main] {Main} Adding application font: resources/fonts/NotoSans-Regular.ttf
D 2022-05-24 23:53:20.352979 [Main] {Main} Adding application font: resources/fonts/ObjectSans-Bold.ttf
D 2022-05-24 23:53:20.354372 [Main] {Main} Adding application font: resources/fonts/ObjectSans-Medium.ttf
D 2022-05-24 23:53:21.281686 [Main] {Main} Setting font to: Blizzard
I 2022-05-24 23:53:21.282439 [CacheManager] {Main} Local storage cache at: C:\Users\sdean\AppData\Local\Battle.net\Cache
I 2022-05-24 23:53:21.289153 [Main] {Main} Opened database at: C:\Users\sdean\AppData\Local\Battle.net\CachedData.db
D 2022-05-24 23:53:21.290922 [Agent] {Agent} PolicyHandlerThreadProc: I shall in all my best obey you.
D 2022-05-24 23:53:21.290946 [Agent] {Main} PolicyHandler Thread STARTED
I 2022-05-24 23:53:21.376546 [DIAG_BNL_Voice] {Main} Audio device monitor using already-initialized COM
I 2022-05-24 23:53:21.382125 [VoiceSessionBroker] {Main} Global voice is on
I 2022-05-24 23:53:21.382432 [Main] {Main} Execution environment changed. environment=EE_STANDARD
I 2022-05-24 23:53:21.382801 [CatalogManager] {Main} Loaded catalog hash from the database cache. hash=fdf45a2d5bbec6fad161a9dc5ca62a27
I 2022-05-24 23:53:21.383650 [CatalogManager] {Main} Built-in catalog hash (catalog/digesthash.txt): 4c02b91f97ee50fb9a8461c47da4b1c2
I 2022-05-24 23:53:21.383737 [CatalogManager] {Main} Built-in catalog hash (catalog/signaturehash.txt): 6436bc147579230deab607afa797cc01
I 2022-05-24 23:53:21.383762 [CatalogLoader] {Main} *** LOAD STARTED default: Context(LocalCAS: fdf45a2d5bbec6fad161a9dc5ca62a27 I) ***
E 2022-05-24 23:53:21.449146 [CatalogLoader] {Main} Fetch result for 8ccae4e454e5b63a2d276013ba47d69c failed with: 10
W 2022-05-24 23:53:21.449171 [CatalogLoader] {Main} LoadedFragmentData state change. id=auks_auks state=DoneWithError
W 2022-05-24 23:53:21.449178 [CatalogLoader] {Main} LoadedFragmentData state change. id=default state=DoneWithError
E 2022-05-24 23:53:21.449183 [CatalogLoader] {Main} An error occurred loading from fragment: default err=105
E 2022-05-24 23:53:21.449797 [CatalogLoader] {Main} *** LOAD FAILED default: 105 ***
E 2022-05-24 23:53:21.591816 [CatalogLoader] {Main} Fetch result for 94e9911c1d2df8fad2a5bc7f3563f0f3 failed with: 10
W 2022-05-24 23:53:21.591847 [CatalogLoader] {Main} LoadedFragmentData state change. id=fenris_fenris state=DoneWithError
I 2022-05-24 23:53:22.042800 [Agent] {Agent} Agent Version is now: 2.27.0.7779 (retail)
I 2022-05-24 23:53:22.044831 [GameSessionList] {Agent} Reporting process: TrackingInfo(uid=battle.net, type=game, opStatus=On, reqId=0, running=1, oldRunning=0)
D 2022-05-24 23:53:22.047040 [Agent] {Agent} GameResource created for uid: agent
D 2022-05-24 23:53:22.047104 [Agent] {Agent} GameResource created for uid: battle.net
D 2022-05-24 23:53:22.047130 [Agent] {Agent} GameResource created for uid: odin
W 2022-05-24 23:53:22.606809 [CatalogManager] {Main} Failed to load initial catalog: hash=fdf45a2d5bbec6fad161a9dc5ca62a27 result=105
I 2022-05-24 23:53:22.609632 [CatalogLoader] {Main} *** LOAD STARTED default: Context(LocalCAS: 4c02b91f97ee50fb9a8461c47da4b1c2 I) ***
I 2022-05-24 23:53:22.669635 [CatalogLoader] {Main} Removing stale fragment: anbs_limitedcn
I 2022-05-24 23:53:22.669658 [CatalogLoader] {Main} Removing stale fragment: auks_auks
I 2022-05-24 23:53:22.669665 [CatalogLoader] {Main} Removing stale fragment: fenris_fenris
I 2022-05-24 23:53:22.669672 [CatalogLoader] {Main} Removing stale fragment: hearthstone_limited_starter
W 2022-05-24 23:53:22.669851 [FeatureManager] {Main} Feature 'battle.net_http_request_0_c6caed0e' depends on missing feature 'http_test'
E 2022-05-24 23:53:22.669860 [FeatureManager] {Main} Feature 'battle.net_http_request_0_c6caed0e' has dependency errors and will not respond to dependency changes
I 2022-05-24 23:53:22.669883 [FeatureManager] {Main} Moving feature record from active to inactive: whisper_voice
I 2022-05-24 23:53:22.669889 [FeatureManager] {Main} Moving feature record from active to inactive: trace_route
I 2022-05-24 23:53:22.669893 [FeatureManager] {Main} Moving feature record from active to inactive: mapped_urls
I 2022-05-24 23:53:22.669899 [FeatureManager] {Main} Feature changed: fore_limited_alpha_f6824657=true
I 2022-05-24 23:53:22.669908 [FeatureManager] {Main} Feature changed: fore_buy_now_fore_fef83a73=true
I 2022-05-24 23:53:22.669914 [FeatureManager] {Main} Feature changed: zeus_refresh_without_license_b63211e4=true
I 2022-05-24 23:53:22.669926 [FeatureManager] {Main} Feature changed: hearthstone_limited_event_57b4aca6=true
I 2022-05-24 23:53:22.669934 [FeatureManager] {Main} Feature changed: gryphon_mobile_449148fc=true
I 2022-05-24 23:53:22.669946 [FeatureManager] {Main} Feature changed: lazarus_show_on_beta_5bbf784c=true
I 2022-05-24 23:53:22.669952 [FeatureManager] {Main} Feature changed: odin_deprecate_event_21bf1dc9=true
I 2022-05-24 23:53:22.669963 [FeatureManager] {Main} Feature changed: odin_show_on_beta_5bbf784c=true
I 2022-05-24 23:53:22.669972 [FeatureManager] {Main} Feature changed: odin_upgrade_from_odin_fef83a73=true
I 2022-05-24 23:53:22.669978 [FeatureManager] {Main} Feature changed: osi_limited_install_773b93da=true
I 2022-05-24 23:53:22.669993 [FeatureManager] {Main} Feature changed: osi_limited_product_d9fa6516=true
I 2022-05-24 23:53:22.670002 [FeatureManager] {Main} Feature changed: overwatch_trial_8df428bf=true
I 2022-05-24 23:53:22.670012 [FeatureManager] {Main} Feature changed: viper_show_on_beta_5bbf784c=true
I 2022-05-24 23:53:22.670018 [FeatureManager] {Main} Feature changed: warcraft_iii_upgrade_05e4b09b=true
I 2022-05-24 23:53:22.670030 [FeatureManager] {Main} Feature changed: wlby_show_on_beta_5bbf784c=true
I 2022-05-24 23:53:22.670039 [FeatureManager] {Main} Feature changed: zeus_show_on_beta_5bbf784c=true
I 2022-05-24 23:53:22.679355 [FeatureManager] {Main} Feature changed: cts_takeovers=true
I 2022-05-24 23:53:22.679372 [FeatureManager] {Main} Feature changed: clear_chat_history=true
I 2022-05-24 23:53:22.679377 [FeatureManager] {Main} Feature changed: mentions=true
I 2022-05-24 23:53:22.679391 [FeatureManager] {Main} Feature changed: activision_auto_account_creation=true
I 2022-05-24 23:53:22.679396 [FeatureManager] {Main} Feature changed: suggested_group_members=true
I 2022-05-24 23:53:22.679401 [FeatureManager] {Main} Feature changed: friend_request_management=true
I 2022-05-24 23:53:22.679406 [FeatureManager] {Main} Feature changed: link_previews=true
I 2022-05-24 23:53:22.679412 [FeatureManager] {Main} Feature changed: sms_protect_requirements=true
I 2022-05-24 23:53:22.679417 [FeatureManager] {Main} Feature changed: social_tab=true
I 2022-05-24 23:53:22.679421 [FeatureManager] {Main} Feature changed: auto_update_optimization=true
I 2022-05-24 23:53:22.679425 [FeatureManager] {Main} Feature changed: embedded_web_view=true
I 2022-05-24 23:53:22.679430 [FeatureManager] {Main} Feature changed: collapsible_social_panel=true
I 2022-05-24 23:53:22.679435 [FeatureManager] {Main} Feature changed: blizzard_profiles=true
I 2022-05-24 23:53:22.679441 [FeatureManager] {Main} Feature changed: group_privacy_settings=true
I 2022-05-24 23:53:22.679445 [FeatureManager] {Main} Feature changed: cn_age_alert=true
I 2022-05-24 23:53:22.679451 [FeatureManager] {Main} Feature changed: all_games_v2=true
I 2022-05-24 23:53:22.679455 [FeatureManager] {Main} Feature changed: all_games_new_badge=true
I 2022-05-24 23:53:22.679459 [FeatureManager] {Main} Feature changed: appear_offline=true
I 2022-05-24 23:53:22.679478 [FeatureManager] {Main} Feature changed: refresh_toast=true
I 2022-05-24 23:53:22.679482 [FeatureManager] {Main} Feature changed: app_feedback_dialog=true
I 2022-05-24 23:53:22.679487 [FeatureManager] {Main} Feature changed: browser_main_window=true
I 2022-05-24 23:53:22.679493 [FeatureManager] {Main} Feature changed: chat_giphy=true
I 2022-05-24 23:53:22.679498 [FeatureManager] {Main} Feature changed: content_ui=true
I 2022-05-24 23:53:22.679502 [FeatureManager] {Main} Feature changed: multichats=true
I 2022-05-24 23:53:22.680284 [FeatureManager] {Main} Feature changed: content_ui_web_view=true
I 2022-05-24 23:53:22.680301 [FeatureManager] {Main} Feature changed: first_time_experience=true
I 2022-05-24 23:53:22.680308 [FeatureManager] {Main} Feature changed: friends_list_popout=true
I 2022-05-24 23:53:22.680312 [FeatureManager] {Main} Feature changed: gift_inventory=true
I 2022-05-24 23:53:22.680329 [FeatureManager] {Main} Feature changed: refresh_friend_tooltip=true
I 2022-05-24 23:53:22.680333 [FeatureManager] {Main} Feature changed: global_legendary_promos=true
I 2022-05-24 23:53:22.680339 [FeatureManager] {Main} Feature changed: shop_wish_list=true
I 2022-05-24 23:53:22.680347 [FeatureManager] {Main} Feature changed: http_test=true tags=http_request_0
I 2022-05-24 23:53:22.680354 [FeatureManager] {Main} Feature changed: non_friend_whispers=true
I 2022-05-24 23:53:22.680359 [FeatureManager] {Main} Feature changed: notification_center=true
I 2022-05-24 23:53:22.680364 [FeatureManager] {Main} Feature changed: playscreen_migrate_cms=true
I 2022-05-24 23:53:22.680371 [FeatureManager] {Main} Feature changed: shared_container_installs=true
I 2022-05-24 23:53:22.680375 [FeatureManager] {Main} Feature changed: sc2_account_selection_dialog=true
I 2022-05-24 23:53:22.680380 [FeatureManager] {Main} Feature changed: suggested_facebook_friends=true
I 2022-05-24 23:53:22.680389 [FeatureManager] {Main} Feature changed: whisper_voice=true
I 2022-05-24 23:53:22.680398 [FeatureManager] {Main} Feature changed: battle.net_http_request_0_c6caed0e=true
D 2022-05-24 23:53:22.680493 [Configuration] {Main} Searching for config file: C:\Program Files (x86)\Battle.net\Battle.net.13500\Environments.yaml
D 2022-05-24 23:53:22.680560 [Configuration] {Main} Searching for config file: C:\Program Files (x86)\Battle.net\Environments.yaml
I 2022-05-24 23:53:22.680594 [EnvironmentManager] {Main} Login parameters changed: address=us.actual.battle.net:1119 region=US
D 2022-05-24 23:53:22.693479 [CatalogVarStorage] {Main} Setting var from catalog Browser.DisableSiteIsolation=true
D 2022-05-24 23:53:22.693502 [CatalogVarStorage] {Main} Setting var from catalog Client.AccountHintRequiredProgramIds=ANBS
D 2022-05-24 23:53:22.693509 [CatalogVarStorage] {Main} Setting var from catalog Client.ActivisionAutoAccountCreation.Games=ODIN,ZEUS,FORE,AUKS
D 2022-05-24 23:53:22.693515 [CatalogVarStorage] {Main} Setting var from catalog Client.Shop.SaleNotificationEnabled=false
D 2022-05-24 23:53:22.693520 [CatalogVarStorage] {Main} Setting var from catalog Client.OwlScreen.LiveCheckIntervalMS=300000
D 2022-05-24 23:53:22.693533 [CatalogVarStorage] {Main} Setting var from catalog Client.Announcements.MaximumAnnouncements=20
D 2022-05-24 23:53:22.693541 [CatalogVarStorage] {Main} Setting var from catalog Client.NewProfileWindowLayout=true
D 2022-05-24 23:53:22.693546 [CatalogVarStorage] {Main} Setting var from catalog Client.PromotedScreenVersion=3
D 2022-05-24 23:53:22.693552 [CatalogVarStorage] {Main} Setting var from catalog Client.Shop.SaleNotificationVersion=6
D 2022-05-24 23:53:22.693559 [CatalogVarStorage] {Main} Setting var from catalog Client.Version.BetaAccessOverride=enabled
I 2022-05-24 23:53:22.693564 [VersionManager] {Main} Beta Access: enabled
D 2022-05-24 23:53:22.693571 [CatalogVarStorage] {Main} Setting var from catalog Client.Version.BetaBranchOverride=beta
D 2022-05-24 23:53:22.693580 [CatalogVarStorage] {Main} Setting var from catalog Services.WhisperChannels.InactivityTimeoutMS=0
I 2022-05-24 23:53:22.696334 [CatalogLoader] {Main} *** LOAD COMPLETE default ***
I 2022-05-24 23:53:22.696348 [CatalogManager] {Main} Loaded initial catalog: hash=4c02b91f97ee50fb9a8461c47da4b1c2
I 2022-05-24 23:53:22.780425 [WebServer] {Backend:0} Listening on port 22885
D 2022-05-24 23:53:23.019232 [UI] {Main} Fixup allowed regions and locales. installedRegion=US allowedRegions= allowedLocales=
I 2022-05-24 23:53:23.019613 [ToastManager] {Main} Toasts are enabled in ClientSettings
D 2022-05-24 23:53:23.027523 [ProductState] {Main} Game product state created: uid=
D 2022-05-24 23:53:23.027560 [ProductState] {Main} InstallState (): currentOperation=Install currentOperationStatus=New
I 2022-05-24 23:53:23.036872 [Main] {Main} Application path is: C:\Program Files (x86)\Battle.net\Battle.net.exe
I 2022-05-24 23:53:23.095537 [ClientServiceAlertMonitor] {Main} Breaking News url has changed. url=https://nydus.battle.net/App/esES/client/App/alert?targetRegion=US
D 2022-05-24 23:53:23.095670 [RemoteContentCache] {Main} Found cached remote content. url=https://nydus.battle.net/App/esES/client/App/alert?targetRegion=US
I 2022-05-24 23:53:23.097778 [ClientServiceAlertMonitor] {Main} Maintenance url has changed. url=https://nydus.battle.net/App/esES/client/App/maintenance?targetRegion=US
D 2022-05-24 23:53:23.097897 [RemoteContentCache] {Main} Found cached remote content. url=https://nydus.battle.net/App/esES/client/App/maintenance?targetRegion=US
I 2022-05-24 23:53:23.101013 [Frontend] {Main} Public Computer state changed. is_public=false
D 2022-05-24 23:53:23.101032 [Frontend] {Main} Session id changed. session_id=953614201925013860
D 2022-05-24 23:53:23.101080 [Frontend] {Main} Tracking info changed. client_id=1440039363.1625153260, user_agent=
I 2022-05-24 23:53:23.125195 [HighDpiManager] {Main} High dpi support available changed: 0
I 2022-05-24 23:53:23.125210 [Frontend] {Main} High dpi support: disabled
D 2022-05-24 23:53:23.125704 [Main] {WorkerPool:0} Checking permissions on path: C:\ProgramData\Battle.net\Setup depth=-1
D 2022-05-24 23:53:23.126312 [Main] {WorkerPool:0} Checking permissions on path: C:\ProgramData\Battle.net\Agent depth=1
D 2022-05-24 23:53:23.127863 [Main] {WorkerPool:0} Checking permissions on path: C:\ProgramData\Battle.net\Agent\Agent.7661 depth=1
D 2022-05-24 23:53:23.128408 [Main] {WorkerPool:0} Checking permissions on path: C:\ProgramData\Battle.net\Agent\Agent.7779 depth=1
D 2022-05-24 23:53:23.128669 [Main] {WorkerPool:0} Checking permissions on path: C:\ProgramData\Blizzard Entertainment depth=2
I 2022-05-24 23:53:23.216317 [FeatureManager] {Main} Feature changed: install_packages=true
I 2022-05-24 23:53:23.216336 [FeatureManager] {Main} Feature changed: modify_install=true
I 2022-05-24 23:53:23.216498 [Agent] {Main} AgentManager is now initialized
I 2022-05-24 23:53:23.216507 [InstallManager] {Main} Install manager is now initialized
D 2022-05-24 23:53:23.216514 [InstallManager] {Main} Selecting best game install data for game battle.net: savedUid=battle.net originalUid=<none> newUid=battle.net
D 2022-05-24 23:53:23.216534 [InstallInfo] {Main} InstallInfo agent association has been changed: uid=battle.net agentUid=battle.net
D 2022-05-24 23:53:23.216544 [InstallManager] {Main} Selecting best game install data for game odin: savedUid=odin originalUid=<none> newUid=odin
D 2022-05-24 23:53:23.216550 [InstallInfo] {Main} InstallInfo agent association has been changed: uid=odin agentUid=odin
D 2022-05-24 23:53:23.216585 [ProductState] {Main} Game product state created: uid=odin
D 2022-05-24 23:53:23.216619 [ProductState] {Main} InstallState (odin): currentOperation=Update currentOperationStatus=New installed=1 optionalPackageInstalled=1 installPath=C:/Program Files (x86)/Call of Duty Modern Warfare canCreateShortcut=1 selectedRegion=us activeConfigKey=e5a715efe23d4f4dfbd919e511e633c7 regionalVersions=(eu: {playable:false config_key:be8faabca9deba0cc2decf211f7faa53}, kr: {playable:false config_key:be8faabca9deba0cc2decf211f7faa53}, us: {playable:false config_key:be8faabca9deba0cc2decf211f7faa53}) localVersion=1.39.2.9769220 latestVersion=1.15883e+07 progress=1
D 2022-05-24 23:53:23.216639 [Agent] {Main} Versioning is now enabled
D 2022-05-24 23:53:23.216655 [Agent] {Main} Triggering game versioning: battle.net
D 2022-05-24 23:53:23.216671 [Agent] {Main} Triggering game versioning: odin
D 2022-05-24 23:53:23.216959 [InstallManager] {Main} Sending a queued OnProcessPidsUpdated notification: agentUid=battle.net binaryType=game
D 2022-05-24 23:53:23.216979 [InstallManager] {Main} Sending a queued OnProcessRunning notification: agentUid=battle.net binaryType=game
I 2022-05-24 23:53:23.216988 [InstallManager] {Main} Setting Process Running: true uid=battle.net binaryType=game any=true
D 2022-05-24 23:53:23.216998 [InstallInfo] {Main} Operation status changed: opType=Execute oldStatus=Off newStatus=On agentUid=battle.net
I 2022-05-24 23:53:23.223281 [CatalogLoader] {Main} *** LOAD STARTED default: Context(LocalCAS: 4c02b91f97ee50fb9a8461c47da4b1c2 I) ***
I 2022-05-24 23:53:23.249467 [FeatureManager] {Main} Moving feature record from active to inactive: overwatch_league_tab
I 2022-05-24 23:53:23.249485 [FeatureManager] {Main} Moving feature record from active to inactive: blizzcon_tab
D 2022-05-24 23:53:23.259830 [CatalogVarStorage] {Main} Setting var from catalog Browser.DisableSiteIsolation=true
D 2022-05-24 23:53:23.259855 [CatalogVarStorage] {Main} Setting var from catalog Client.AccountHintRequiredProgramIds=ANBS
D 2022-05-24 23:53:23.259862 [CatalogVarStorage] {Main} Setting var from catalog Client.ActivisionAutoAccountCreation.Games=ODIN,ZEUS,FORE,AUKS
D 2022-05-24 23:53:23.259868 [CatalogVarStorage] {Main} Setting var from catalog Client.Shop.SaleNotificationEnabled=false
D 2022-05-24 23:53:23.259874 [CatalogVarStorage] {Main} Setting var from catalog Client.OwlScreen.LiveCheckIntervalMS=300000
D 2022-05-24 23:53:23.259887 [CatalogVarStorage] {Main} Setting var from catalog Client.Announcements.MaximumAnnouncements=20
D 2022-05-24 23:53:23.259895 [CatalogVarStorage] {Main} Setting var from catalog Client.NewProfileWindowLayout=true
D 2022-05-24 23:53:23.259900 [CatalogVarStorage] {Main} Setting var from catalog Client.PromotedScreenVersion=3
D 2022-05-24 23:53:23.259906 [CatalogVarStorage] {Main} Setting var from catalog Client.Shop.SaleNotificationVersion=6
D 2022-05-24 23:53:23.259912 [CatalogVarStorage] {Main} Setting var from catalog Client.Version.BetaAccessOverride=enabled
D 2022-05-24 23:53:23.259918 [CatalogVarStorage] {Main} Setting var from catalog Client.Version.BetaBranchOverride=beta
D 2022-05-24 23:53:23.259925 [CatalogVarStorage] {Main} Setting var from catalog Services.WhisperChannels.InactivityTimeoutMS=0
D 2022-05-24 23:53:23.259934 [CatalogVarStorage] {Main} Setting var from catalog Services.HTTPClient.ConnectionTimeoutMS=0
I 2022-05-24 23:53:23.262452 [CatalogLoader] {Main} *** LOAD COMPLETE default ***
I 2022-05-24 23:53:23.266947 [Registry] {Main} Failed to delete token from registry|error=ERROR_REGISTRY_OPEN_KEY_ERROR (12001)
I 2022-05-24 23:53:23.376357 [UnifiedAuth] {Main} UAuth: setting url: https://us.battle.net/login/es/logout?ref=https://us.battle.net/login/es/login.app?app=app reason: reset
D 2022-05-24 23:53:23.396040 [ClientServiceAlertMonitor] {Main} Service alert monitor force update requested
D 2022-05-24 23:53:23.396059 [ClientServiceAlertMonitor] {Main} Breaking News update requested
D 2022-05-24 23:53:23.396068 [ClientServiceAlertMonitor] {Main} Maintenance update requested
D 2022-05-24 23:53:23.547721 [InstallManager] {Main} Game finished versioning odin
I 2022-05-24 23:53:23.667142 [CacheManager] {Main} CacheManager is now initialized
I 2022-05-24 23:53:23.667172 [TactVersionWatcher] {Main} Fetched new tact metadata. productCode=catalogs region=us branch=PUB-29 version=2164 seq=229 buildConfig=c6aa43f5bd03c12db588a0a613b1115f
I 2022-05-24 23:53:23.677274 [DIAG_BuildConfig] {Main} no 'encoding' key in build configuration 'c6aa43f5bd03c12db588a0a613b1115f', selecting plain-data mode
I 2022-05-24 23:53:23.677296 [CatalogLoader] {Main} *** LOAD STARTED default: Context(RemoteCAS: fdf45a2d5bbec6fad161a9dc5ca62a27|tpr/catalogs/data) ***
I 2022-05-24 23:53:23.846758 [FeatureManager] {Main} Feature changed: overwatch_trial_8df428bf=false
I 2022-05-24 23:53:23.846806 [FeatureManager] {Main} Removing inactive feature record: overwatch_trial_8df428bf
I 2022-05-24 23:53:23.846861 [FeatureManager] {Main} Feature changed: hearthstone_limited_starter_b2a441b7=true
D 2022-05-24 23:53:23.851780 [ProductManager] {Main} Product modified: ANBS ProductChangeFlags(starter_items)
D 2022-05-24 23:53:23.851838 [ProductManager] {Main} Product modified: D3 ProductChangeFlags(quick_links,starter_items)
D 2022-05-24 23:53:23.851850 [ProductManager] {Main} Product modified: D3CN ProductChangeFlags(quick_links)
D 2022-05-24 23:53:23.851856 [ProductManager] {Main} Product modified: D3X0 ProductChangeFlags(quick_links,starter_items)
D 2022-05-24 23:53:23.851863 [ProductManager] {Main} Product modified: D3X1 ProductChangeFlags(quick_links,starter_items)
D 2022-05-24 23:53:23.851868 [ProductManager] {Main} Product modified: FORE ProductChangeFlags(quick_links,starter_items)
D 2022-05-24 23:53:23.851881 [ProductManager] {Main} Product modified: GRY ProductChangeFlags(quick_links,starter_items)
D 2022-05-24 23:53:23.851893 [ProductManager] {Main} Product modified: Hero ProductChangeFlags(quick_links,starter_items)
D 2022-05-24 23:53:23.851900 [ProductManager] {Main} Product modified: LAZR ProductChangeFlags(quick_links,starter_items)
D 2022-05-24 23:53:23.851909 [ProductManager] {Main} Product modified: ODIN ProductChangeFlags(quick_links,starter_items)
D 2022-05-24 23:53:23.851920 [ProductManager] {Main} Product modified: ODIN_MW ProductChangeFlags(quick_links,starter_items)
D 2022-05-24 23:53:23.851925 [ProductManager] {Main} Product modified: OSI ProductChangeFlags(quick_links,starter_items)
D 2022-05-24 23:53:23.851932 [ProductManager] {Main} Product modified: Pro ProductChangeFlags(quick_links,starter_items)
D 2022-05-24 23:53:23.851937 [ProductManager] {Main} Product modified: RTRO ProductChangeFlags(quick_links,starter_items)
D 2022-05-24 23:53:23.851944 [ProductManager] {Main} Product modified: S1 ProductChangeFlags(quick_links,starter_items)
D 2022-05-24 23:53:23.851952 [ProductManager] {Main} Product modified: S2 ProductChangeFlags(quick_links,starter_items)
D 2022-05-24 23:53:23.851958 [ProductManager] {Main} Product modified: VIPR ProductChangeFlags(quick_links,starter_items)
D 2022-05-24 23:53:23.851963 [ProductManager] {Main} Product modified: W3 ProductChangeFlags(quick_links,starter_items)
D 2022-05-24 23:53:23.851969 [ProductManager] {Main} Product modified: WLBY ProductChangeFlags(quick_links,starter_items)
D 2022-05-24 23:53:23.851979 [ProductManager] {Main} Product modified: WTCG ProductChangeFlags(quick_links,starter_items)
D 2022-05-24 23:53:23.851986 [ProductManager] {Main} Product modified: WoW ProductChangeFlags(quick_links,starter_items)
D 2022-05-24 23:53:23.851993 [ProductManager] {Main} Product modified: WoWC ProductChangeFlags(starter_items)
D 2022-05-24 23:53:23.851998 [ProductManager] {Main} Product modified: WoWX2 ProductChangeFlags(quick_links,starter_items)
D 2022-05-24 23:53:23.852007 [ProductManager] {Main} Product modified: WoWX7 ProductChangeFlags(quick_links,starter_items)
D 2022-05-24 23:53:23.852014 [ProductManager] {Main} Product modified: WoWX8 ProductChangeFlags(quick_links,starter_items)
D 2022-05-24 23:53:23.852019 [ProductManager] {Main} Product modified: ZEUS ProductChangeFlags(quick_links,starter_items)
D 2022-05-24 23:53:23.852038 [ProductManager] {Main} Products updated
D 2022-05-24 23:53:23.852763 [ProductManager] {Main} Product modified: ANBS ProductChangeFlags(starter_items)
D 2022-05-24 23:53:23.852777 [ProductManager] {Main} Product modified: D3 ProductChangeFlags(quick_links,starter_items)
D 2022-05-24 23:53:23.852785 [ProductManager] {Main} Product modified: D3CN ProductChangeFlags(quick_links)
D 2022-05-24 23:53:23.852792 [ProductManager] {Main} Product modified: D3X0 ProductChangeFlags(quick_links,starter_items)
D 2022-05-24 23:53:23.852798 [ProductManager] {Main} Product modified: D3X1 ProductChangeFlags(quick_links,starter_items)
D 2022-05-24 23:53:23.852803 [ProductManager] {Main} Product modified: FORE ProductChangeFlags(quick_links,starter_items)
D 2022-05-24 23:53:23.852809 [ProductManager] {Main} Product modified: GRY ProductChangeFlags(quick_links,starter_items)
D 2022-05-24 23:53:23.852815 [ProductManager] {Main} Product modified: Hero ProductChangeFlags(quick_links,starter_items)
D 2022-05-24 23:53:23.852821 [ProductManager] {Main} Product modified: LAZR ProductChangeFlags(quick_links,starter_items)
D 2022-05-24 23:53:23.852826 [ProductManager] {Main} Product modified: ODIN ProductChangeFlags(quick_links,starter_items)
D 2022-05-24 23:53:23.852833 [ProductManager] {Main} Product modified: ODIN_MW ProductChangeFlags(quick_links,starter_items)
D 2022-05-24 23:53:23.852838 [ProductManager] {Main} Product modified: OSI ProductChangeFlags(quick_links,starter_items)
D 2022-05-24 23:53:23.852844 [ProductManager] {Main} Product modified: Pro ProductChangeFlags(quick_links,starter_items)
D 2022-05-24 23:53:23.852855 [ProductManager] {Main} Product modified: RTRO ProductChangeFlags(quick_links,starter_items)
D 2022-05-24 23:53:23.852862 [ProductManager] {Main} Product modified: S1 ProductChangeFlags(quick_links,starter_items)
D 2022-05-24 23:53:23.852868 [ProductManager] {Main} Product modified: S2 ProductChangeFlags(quick_links,starter_items)
D 2022-05-24 23:53:23.852874 [ProductManager] {Main} Product modified: VIPR ProductChangeFlags(quick_links,starter_items)
D 2022-05-24 23:53:23.852879 [ProductManager] {Main} Product modified: W3 ProductChangeFlags(quick_links,starter_items)
D 2022-05-24 23:53:23.852885 [ProductManager] {Main} Product modified: WLBY ProductChangeFlags(quick_links,starter_items)
D 2022-05-24 23:53:23.852893 [ProductManager] {Main} Product modified: WTCG ProductChangeFlags(quick_links,starter_items)
D 2022-05-24 23:53:23.852899 [ProductManager] {Main} Product modified: WoW ProductChangeFlags(quick_links,starter_items)
D 2022-05-24 23:53:23.852904 [ProductManager] {Main} Product modified: WoWC ProductChangeFlags(starter_items)
D 2022-05-24 23:53:23.852910 [ProductManager] {Main} Product modified: WoWX2 ProductChangeFlags(quick_links,starter_items)
D 2022-05-24 23:53:23.852915 [ProductManager] {Main} Product modified: WoWX7 ProductChangeFlags(quick_links,starter_items)
D 2022-05-24 23:53:23.852924 [ProductManager] {Main} Product modified: WoWX8 ProductChangeFlags(quick_links,starter_items)
D 2022-05-24 23:53:23.852929 [ProductManager] {Main} Product modified: ZEUS ProductChangeFlags(quick_links,starter_items)
D 2022-05-24 23:53:23.852945 [ProductManager] {Main} Products updated
D 2022-05-24 23:53:23.863427 [ProductManager] {Main} Product modified: ANBS ProductChangeFlags(install_background_v2)
D 2022-05-24 23:53:23.863460 [ProductManager] {Main} Product modified: GRY ProductChangeFlags(quick_links)
D 2022-05-24 23:53:23.863469 [ProductManager] {Main} Product modified: Pro ProductChangeFlags(deprecated,region_permission_flags,starter_items)
D 2022-05-24 23:53:23.863477 [ProductManager] {Main} Product modified: WTCG ProductChangeFlags(starter_items,mobile_qr_code_text)
D 2022-05-24 23:53:23.863491 [ProductManager] {Main} Products updated
D 2022-05-24 23:53:23.864085 [CatalogVarStorage] {Main} Setting var from catalog Browser.DisableSiteIsolation=true
D 2022-05-24 23:53:23.864099 [CatalogVarStorage] {Main} Setting var from catalog Client.AccountHintRequiredProgramIds=ANBS
D 2022-05-24 23:53:23.864107 [CatalogVarStorage] {Main} Setting var from catalog Client.ActivisionAutoAccountCreation.Games=ODIN,ZEUS,FORE,AUKS
D 2022-05-24 23:53:23.864113 [CatalogVarStorage] {Main} Setting var from catalog Client.Shop.SaleNotificationEnabled=false
D 2022-05-24 23:53:23.864119 [CatalogVarStorage] {Main} Setting var from catalog Client.OwlScreen.LiveCheckIntervalMS=300000
D 2022-05-24 23:53:23.864131 [CatalogVarStorage] {Main} Setting var from catalog Client.Announcements.MaximumAnnouncements=20
D 2022-05-24 23:53:23.864140 [CatalogVarStorage] {Main} Setting var from catalog Client.NewProfileWindowLayout=true
D 2022-05-24 23:53:23.864148 [CatalogVarStorage] {Main} Setting var from catalog Client.PromotedScreenVersion=3
D 2022-05-24 23:53:23.864154 [CatalogVarStorage] {Main} Setting var from catalog Client.Shop.SaleNotificationVersion=6
D 2022-05-24 23:53:23.864161 [CatalogVarStorage] {Main} Setting var from catalog Client.Version.BetaAccessOverride=enabled
D 2022-05-24 23:53:23.864166 [CatalogVarStorage] {Main} Setting var from catalog Client.Version.BetaBranchOverride=beta
D 2022-05-24 23:53:23.864173 [CatalogVarStorage] {Main} Setting var from catalog Services.WhisperChannels.InactivityTimeoutMS=0
D 2022-05-24 23:53:23.864179 [CatalogVarStorage] {Main} Setting var from catalog Services.HTTPClient.ConnectionTimeoutMS=0
I 2022-05-24 23:53:23.869966 [CatalogLoader] {Main} *** LOAD COMPLETE default ***
I 2022-05-24 23:53:23.882004 [CatalogLoader] {Main} *** LOAD STARTED default: Context(RemoteCAS: fdf45a2d5bbec6fad161a9dc5ca62a27|tpr/catalogs/data) ***
D 2022-05-24 23:53:23.940702 [CatalogVarStorage] {Main} Setting var from catalog Browser.DisableSiteIsolation=true
D 2022-05-24 23:53:23.940731 [CatalogVarStorage] {Main} Setting var from catalog Client.AccountHintRequiredProgramIds=ANBS
D 2022-05-24 23:53:23.940739 [CatalogVarStorage] {Main} Setting var from catalog Client.ActivisionAutoAccountCreation.Games=ODIN,ZEUS,FORE,AUKS
D 2022-05-24 23:53:23.940745 [CatalogVarStorage] {Main} Setting var from catalog Client.Shop.SaleNotificationEnabled=false
D 2022-05-24 23:53:23.940751 [CatalogVarStorage] {Main} Setting var from catalog Client.OwlScreen.LiveCheckIntervalMS=300000
D 2022-05-24 23:53:23.940766 [CatalogVarStorage] {Main} Setting var from catalog Client.Announcements.MaximumAnnouncements=20
D 2022-05-24 23:53:23.940775 [CatalogVarStorage] {Main} Setting var from catalog Client.NewProfileWindowLayout=true
D 2022-05-24 23:53:23.940781 [CatalogVarStorage] {Main} Setting var from catalog Client.PromotedScreenVersion=3
D 2022-05-24 23:53:23.940786 [CatalogVarStorage] {Main} Setting var from catalog Client.Shop.SaleNotificationVersion=6
D 2022-05-24 23:53:23.940794 [CatalogVarStorage] {Main} Setting var from catalog Client.Version.BetaAccessOverride=enabled
D 2022-05-24 23:53:23.940799 [CatalogVarStorage] {Main} Setting var from catalog Client.Version.BetaBranchOverride=beta
D 2022-05-24 23:53:23.940807 [CatalogVarStorage] {Main} Setting var from catalog Services.WhisperChannels.InactivityTimeoutMS=0
D 2022-05-24 23:53:23.940814 [CatalogVarStorage] {Main} Setting var from catalog Services.HTTPClient.ConnectionTimeoutMS=0
I 2022-05-24 23:53:23.945369 [CatalogLoader] {Main} *** LOAD COMPLETE default ***
D 2022-05-24 23:53:25.041045 [GameController] {Main} Shutting down GameController
D 2022-05-24 23:53:25.041082 [Main] {Main} Shutting down GameLaunchController
I 2022-05-24 23:53:25.041116 [GameController] {Main} Deleting GameFamily: , # of game accounts:0
D 2022-05-24 23:53:25.041170 [ProductState] {Main} Game product state destroyed: uid=odin
D 2022-05-24 23:53:25.041190 [ProductState] {Main} Game product state destroyed: uid=
I 2022-05-24 23:53:25.041401 [ToastManager] {Main} Clearing toast queue
D 2022-05-24 23:53:26.592938 [Main] {Main} Shutting down Backend
D 2022-05-24 23:53:26.592958 [Main] {Main} Closing IPC Service
D 2022-05-24 23:53:26.592962 [CommandQueue] {Main} IPCService is shutting down
D 2022-05-24 23:53:26.593064 [Main] {Main} Shutting down account manager
D 2022-05-24 23:53:26.593084 [Main] {Main} Shutting down CacheManager
D 2022-05-24 23:53:26.593090 [Main] {Main} Shutting down analytics processor
D 2022-05-24 23:53:26.593243 [Main] {Main} Shutting down worker pool
D 2022-05-24 23:53:26.593733 [Main] {Main} Shutting down backend processor
D 2022-05-24 23:53:26.596717 [Main] {Main} Shutting down data cache
D 2022-05-24 23:53:26.596843 [Main] {Main} Shutting down catalog manager
D 2022-05-24 23:53:26.597260 [Main] {Main} Shutting down environment manager
D 2022-05-24 23:53:26.597279 [Main] {Main} Shutting down battle.net api gateway
D 2022-05-24 23:53:26.597284 [Main] {Main} Shutting down suggested friends service
D 2022-05-24 23:53:26.597290 [Main] {Main} Shutting down voice service
D 2022-05-24 23:53:26.597294 [Main] {Main} Shutting down remote content manager
D 2022-05-24 23:53:26.597298 [Main] {Main} Shutting down analytics session
D 2022-05-24 23:53:26.597301 [Main] {Main} Shutting down agent manager
D 2022-05-24 23:53:26.597306 [Agent] {Main} PolicyHandler Thread STOPPING
D 2022-05-24 23:53:26.597363 [Agent] {Agent} PolicyHandlerThreadProc: The rest is silence.
D 2022-05-24 23:53:26.597659 [Agent] {Main} PolicyHandler Thread STOPPED
D 2022-05-24 23:53:26.598303 [Agent] {Main} Communicated shutdown to Agent
D 2022-05-24 23:53:26.598390 [Main] {Main} Shutting down game provider
D 2022-05-24 23:53:26.598404 [Main] {Main} Shutting down battle.net interface
D 2022-05-24 23:53:26.598638 [Main] {Main} Shutting down callback queue
D 2022-05-24 23:53:26.598669 [WebServer] {Main} Shutting down WebServerImpl
D 2022-05-24 23:53:26.598841 [WebServer] {Main} WebServerImpl is stopped
D 2022-05-24 23:53:26.714898 [DIAG_BNL_Voice] {Main} {2ee4} debug: Notification client reference removed: 0
