I 2022-05-26 23:59:29.035429 [Main] {Main} Logging started for Battle.net build 2.13.0.13500
I 2022-05-26 23:59:29.035599 [Configuration] {Main} SharedConfigRoot: C:\ProgramData\Battle.net
I 2022-05-26 23:59:29.035764 [Configuration] {Main} RoamingConfigRoot: C:\Users\sdean\AppData\Roaming\Battle.net
I 2022-05-26 23:59:29.035773 [Configuration] {Main} LocalConfigRoot: C:\Users\sdean\AppData\Local\Battle.net
D 2022-05-26 23:59:29.035839 [Configuration] {Main} Searching for config file: C:\Program Files (x86)\Battle.net\Battle.net.13500\Battle.net.config
D 2022-05-26 23:59:29.035869 [Configuration] {Main} Searching for config file: C:\Program Files (x86)\Battle.net\Battle.net.config
D 2022-05-26 23:59:29.039211 [Configuration] {Main} User Configuration File: C:\Users\sdean\AppData\Roaming\Battle.net\Battle.net.config
I 2022-05-26 23:59:29.040704 [Main] {Main} Command line arguments: {[0]=--autostarted}
I 2022-05-26 23:59:29.041954 [Main] {Main} Opening IPC shared memory. queueName=User:sdean:Battle.net IPC ShMem mode=server
I 2022-05-26 23:59:29.090300 [Frontend] {Main} Supplying list of renderers: d3d11,warp,desktop
I 2022-05-26 23:59:29.391334 [LocalizationData] {Main} 21 language(s) loaded from languages.xml, default=enUS
D 2022-05-26 23:59:29.648134 [Main] {Main} Adding application font: resources/fonts/BlizzardReg.ttf
D 2022-05-26 23:59:29.651530 [Main] {Main} Adding application font: resources/fonts/BlizzardLig.ttf
D 2022-05-26 23:59:29.653193 [Main] {Main} Adding application font: resources/fonts/BlizzardBol.ttf
D 2022-05-26 23:59:29.654560 [Main] {Main} Adding application font: resources/fonts/NotoSans-Bold.ttf
D 2022-05-26 23:59:29.661111 [Main] {Main} Adding application font: resources/fonts/NotoSans-BoldItalic.ttf
D 2022-05-26 23:59:29.666636 [Main] {Main} Adding application font: resources/fonts/NotoSans-Italic.ttf
D 2022-05-26 23:59:29.671683 [Main] {Main} Adding application font: resources/fonts/NotoSans-Regular.ttf
D 2022-05-26 23:59:29.676773 [Main] {Main} Adding application font: resources/fonts/ObjectSans-Bold.ttf
D 2022-05-26 23:59:29.678327 [Main] {Main} Adding application font: resources/fonts/ObjectSans-Medium.ttf
D 2022-05-26 23:59:30.597993 [Main] {Main} Setting font to: Blizzard
I 2022-05-26 23:59:30.598689 [CacheManager] {Main} Local storage cache at: C:\Users\sdean\AppData\Local\Battle.net\Cache
I 2022-05-26 23:59:30.603710 [Main] {Main} Opened database at: C:\Users\sdean\AppData\Local\Battle.net\CachedData.db
D 2022-05-26 23:59:30.605584 [Agent] {Agent} PolicyHandlerThreadProc: I shall in all my best obey you.
D 2022-05-26 23:59:30.605582 [Agent] {Main} PolicyHandler Thread STARTED
I 2022-05-26 23:59:30.666030 [DIAG_BNL_Voice] {Main} Audio device monitor using already-initialized COM
I 2022-05-26 23:59:30.667342 [VoiceSessionBroker] {Main} Global voice is on
I 2022-05-26 23:59:30.667694 [Main] {Main} Execution environment changed. environment=EE_STANDARD
I 2022-05-26 23:59:30.668049 [CatalogManager] {Main} Loaded catalog hash from the database cache. hash=25b0213778a890d3b5b1af9405d2eb2c
I 2022-05-26 23:59:30.668587 [CatalogManager] {Main} Built-in catalog hash (catalog/digesthash.txt): 4c02b91f97ee50fb9a8461c47da4b1c2
I 2022-05-26 23:59:30.668684 [CatalogManager] {Main} Built-in catalog hash (catalog/signaturehash.txt): 6436bc147579230deab607afa797cc01
I 2022-05-26 23:59:30.668705 [CatalogLoader] {Main} *** LOAD STARTED default: Context(LocalCAS: 25b0213778a890d3b5b1af9405d2eb2c I) ***
E 2022-05-26 23:59:30.739495 [CatalogLoader] {Main} Fetch result for 8ccae4e454e5b63a2d276013ba47d69c failed with: 10
W 2022-05-26 23:59:30.739527 [CatalogLoader] {Main} LoadedFragmentData state change. id=auks_auks state=DoneWithError
W 2022-05-26 23:59:30.739535 [CatalogLoader] {Main} LoadedFragmentData state change. id=default state=DoneWithError
E 2022-05-26 23:59:30.739540 [CatalogLoader] {Main} An error occurred loading from fragment: default err=105
E 2022-05-26 23:59:30.740240 [CatalogLoader] {Main} *** LOAD FAILED default: 105 ***
E 2022-05-26 23:59:30.876385 [CatalogLoader] {Main} Fetch result for 94e9911c1d2df8fad2a5bc7f3563f0f3 failed with: 10
W 2022-05-26 23:59:30.876416 [CatalogLoader] {Main} LoadedFragmentData state change. id=fenris_fenris state=DoneWithError
I 2022-05-26 23:59:31.577534 [Agent] {Agent} Agent Version is now: 2.27.0.7779 (retail)
I 2022-05-26 23:59:31.579389 [GameSessionList] {Agent} Reporting process: TrackingInfo(uid=battle.net, type=game, opStatus=On, reqId=0, running=1, oldRunning=0)
D 2022-05-26 23:59:31.584989 [Agent] {Agent} GameResource created for uid: agent
D 2022-05-26 23:59:31.585034 [Agent] {Agent} GameResource created for uid: battle.net
D 2022-05-26 23:59:31.585048 [Agent] {Agent} GameResource created for uid: odin
W 2022-05-26 23:59:31.830011 [CatalogManager] {Main} Failed to load initial catalog: hash=25b0213778a890d3b5b1af9405d2eb2c result=105
I 2022-05-26 23:59:31.833420 [CatalogLoader] {Main} *** LOAD STARTED default: Context(LocalCAS: 4c02b91f97ee50fb9a8461c47da4b1c2 I) ***
I 2022-05-26 23:59:31.929164 [CatalogLoader] {Main} Removing stale fragment: anbs_limited
I 2022-05-26 23:59:31.929189 [CatalogLoader] {Main} Removing stale fragment: anbs_limitedcn
I 2022-05-26 23:59:31.929197 [CatalogLoader] {Main} Removing stale fragment: auks_auks
I 2022-05-26 23:59:31.929204 [CatalogLoader] {Main} Removing stale fragment: fenris_fenris
W 2022-05-26 23:59:31.929402 [FeatureManager] {Main} Feature 'battle.net_http_request_0_c6caed0e' depends on missing feature 'http_test'
E 2022-05-26 23:59:31.929414 [FeatureManager] {Main} Feature 'battle.net_http_request_0_c6caed0e' has dependency errors and will not respond to dependency changes
I 2022-05-26 23:59:31.929437 [FeatureManager] {Main} Moving feature record from active to inactive: whisper_voice
I 2022-05-26 23:59:31.929444 [FeatureManager] {Main} Moving feature record from active to inactive: trace_route
I 2022-05-26 23:59:31.929449 [FeatureManager] {Main} Moving feature record from active to inactive: mapped_urls
I 2022-05-26 23:59:31.929455 [FeatureManager] {Main} Feature changed: fore_limited_alpha_f6824657=true
I 2022-05-26 23:59:31.929465 [FeatureManager] {Main} Feature changed: fore_buy_now_fore_fef83a73=true
I 2022-05-26 23:59:31.929473 [FeatureManager] {Main} Feature changed: zeus_refresh_without_license_b63211e4=true
I 2022-05-26 23:59:31.929482 [FeatureManager] {Main} Feature changed: hearthstone_limited_event_57b4aca6=true
I 2022-05-26 23:59:31.929492 [FeatureManager] {Main} Feature changed: gryphon_mobile_449148fc=true
I 2022-05-26 23:59:31.929500 [FeatureManager] {Main} Feature changed: lazarus_show_on_beta_5bbf784c=true
I 2022-05-26 23:59:31.929506 [FeatureManager] {Main} Feature changed: odin_deprecate_event_21bf1dc9=true
I 2022-05-26 23:59:31.929515 [FeatureManager] {Main} Feature changed: odin_show_on_beta_5bbf784c=true
I 2022-05-26 23:59:31.929522 [FeatureManager] {Main} Feature changed: odin_upgrade_from_odin_fef83a73=true
I 2022-05-26 23:59:31.929529 [FeatureManager] {Main} Feature changed: osi_limited_install_773b93da=true
I 2022-05-26 23:59:31.929538 [FeatureManager] {Main} Feature changed: osi_limited_product_d9fa6516=true
I 2022-05-26 23:59:31.929546 [FeatureManager] {Main} Feature changed: overwatch_trial_8df428bf=true
I 2022-05-26 23:59:31.929552 [FeatureManager] {Main} Feature changed: viper_show_on_beta_5bbf784c=true
I 2022-05-26 23:59:31.929559 [FeatureManager] {Main} Feature changed: warcraft_iii_upgrade_05e4b09b=true
I 2022-05-26 23:59:31.929567 [FeatureManager] {Main} Feature changed: wlby_show_on_beta_5bbf784c=true
I 2022-05-26 23:59:31.929575 [FeatureManager] {Main} Feature changed: zeus_show_on_beta_5bbf784c=true
I 2022-05-26 23:59:31.939865 [FeatureManager] {Main} Feature changed: cts_takeovers=true
I 2022-05-26 23:59:31.939889 [FeatureManager] {Main} Feature changed: clear_chat_history=true
I 2022-05-26 23:59:31.939896 [FeatureManager] {Main} Feature changed: mentions=true
I 2022-05-26 23:59:31.939912 [FeatureManager] {Main} Feature changed: activision_auto_account_creation=true
I 2022-05-26 23:59:31.939917 [FeatureManager] {Main} Feature changed: suggested_group_members=true
I 2022-05-26 23:59:31.939923 [FeatureManager] {Main} Feature changed: friend_request_management=true
I 2022-05-26 23:59:31.939928 [FeatureManager] {Main} Feature changed: link_previews=true
I 2022-05-26 23:59:31.939935 [FeatureManager] {Main} Feature changed: sms_protect_requirements=true
I 2022-05-26 23:59:31.939942 [FeatureManager] {Main} Feature changed: social_tab=true
I 2022-05-26 23:59:31.939947 [FeatureManager] {Main} Feature changed: auto_update_optimization=true
I 2022-05-26 23:59:31.939952 [FeatureManager] {Main} Feature changed: embedded_web_view=true
I 2022-05-26 23:59:31.939957 [FeatureManager] {Main} Feature changed: collapsible_social_panel=true
I 2022-05-26 23:59:31.939962 [FeatureManager] {Main} Feature changed: blizzard_profiles=true
I 2022-05-26 23:59:31.939969 [FeatureManager] {Main} Feature changed: group_privacy_settings=true
I 2022-05-26 23:59:31.939974 [FeatureManager] {Main} Feature changed: cn_age_alert=true
I 2022-05-26 23:59:31.939980 [FeatureManager] {Main} Feature changed: all_games_v2=true
I 2022-05-26 23:59:31.939984 [FeatureManager] {Main} Feature changed: all_games_new_badge=true
I 2022-05-26 23:59:31.939989 [FeatureManager] {Main} Feature changed: appear_offline=true
I 2022-05-26 23:59:31.939994 [FeatureManager] {Main} Feature changed: refresh_toast=true
I 2022-05-26 23:59:31.939999 [FeatureManager] {Main} Feature changed: app_feedback_dialog=true
I 2022-05-26 23:59:31.940004 [FeatureManager] {Main} Feature changed: browser_main_window=true
I 2022-05-26 23:59:31.940011 [FeatureManager] {Main} Feature changed: chat_giphy=true
I 2022-05-26 23:59:31.940017 [FeatureManager] {Main} Feature changed: content_ui=true
I 2022-05-26 23:59:31.940021 [FeatureManager] {Main} Feature changed: multichats=true
I 2022-05-26 23:59:31.940949 [FeatureManager] {Main} Feature changed: content_ui_web_view=true
I 2022-05-26 23:59:31.940973 [FeatureManager] {Main} Feature changed: first_time_experience=true
I 2022-05-26 23:59:31.940980 [FeatureManager] {Main} Feature changed: friends_list_popout=true
I 2022-05-26 23:59:31.940995 [FeatureManager] {Main} Feature changed: gift_inventory=true
I 2022-05-26 23:59:31.941001 [FeatureManager] {Main} Feature changed: refresh_friend_tooltip=true
I 2022-05-26 23:59:31.941008 [FeatureManager] {Main} Feature changed: global_legendary_promos=true
I 2022-05-26 23:59:31.941014 [FeatureManager] {Main} Feature changed: shop_wish_list=true
I 2022-05-26 23:59:31.941024 [FeatureManager] {Main} Feature changed: http_test=true tags=http_request_0
I 2022-05-26 23:59:31.941033 [FeatureManager] {Main} Feature changed: non_friend_whispers=true
I 2022-05-26 23:59:31.941039 [FeatureManager] {Main} Feature changed: notification_center=true
I 2022-05-26 23:59:31.941046 [FeatureManager] {Main} Feature changed: playscreen_migrate_cms=true
I 2022-05-26 23:59:31.941052 [FeatureManager] {Main} Feature changed: shared_container_installs=true
I 2022-05-26 23:59:31.941057 [FeatureManager] {Main} Feature changed: sc2_account_selection_dialog=true
I 2022-05-26 23:59:31.941063 [FeatureManager] {Main} Feature changed: suggested_facebook_friends=true
I 2022-05-26 23:59:31.941074 [FeatureManager] {Main} Feature changed: whisper_voice=true
I 2022-05-26 23:59:31.941085 [FeatureManager] {Main} Feature changed: battle.net_http_request_0_c6caed0e=true
D 2022-05-26 23:59:31.941225 [Configuration] {Main} Searching for config file: C:\Program Files (x86)\Battle.net\Battle.net.13500\Environments.yaml
D 2022-05-26 23:59:31.941278 [Configuration] {Main} Searching for config file: C:\Program Files (x86)\Battle.net\Environments.yaml
I 2022-05-26 23:59:31.941311 [EnvironmentManager] {Main} Login parameters changed: address=us.actual.battle.net:1119 region=US
D 2022-05-26 23:59:31.956742 [CatalogVarStorage] {Main} Setting var from catalog Browser.DisableSiteIsolation=true
D 2022-05-26 23:59:31.956771 [CatalogVarStorage] {Main} Setting var from catalog Client.AccountHintRequiredProgramIds=ANBS
D 2022-05-26 23:59:31.956780 [CatalogVarStorage] {Main} Setting var from catalog Client.ActivisionAutoAccountCreation.Games=ODIN,ZEUS,FORE,AUKS
D 2022-05-26 23:59:31.956785 [CatalogVarStorage] {Main} Setting var from catalog Client.Shop.SaleNotificationEnabled=false
D 2022-05-26 23:59:31.956792 [CatalogVarStorage] {Main} Setting var from catalog Client.OwlScreen.LiveCheckIntervalMS=300000
D 2022-05-26 23:59:31.956805 [CatalogVarStorage] {Main} Setting var from catalog Client.Announcements.MaximumAnnouncements=20
D 2022-05-26 23:59:31.956812 [CatalogVarStorage] {Main} Setting var from catalog Client.NewProfileWindowLayout=true
D 2022-05-26 23:59:31.956819 [CatalogVarStorage] {Main} Setting var from catalog Client.PromotedScreenVersion=3
D 2022-05-26 23:59:31.956826 [CatalogVarStorage] {Main} Setting var from catalog Client.Shop.SaleNotificationVersion=6
D 2022-05-26 23:59:31.956834 [CatalogVarStorage] {Main} Setting var from catalog Client.Version.BetaAccessOverride=enabled
I 2022-05-26 23:59:31.956841 [VersionManager] {Main} Beta Access: enabled
D 2022-05-26 23:59:31.956847 [CatalogVarStorage] {Main} Setting var from catalog Client.Version.BetaBranchOverride=beta
D 2022-05-26 23:59:31.956855 [CatalogVarStorage] {Main} Setting var from catalog Services.WhisperChannels.InactivityTimeoutMS=0
I 2022-05-26 23:59:31.959913 [CatalogLoader] {Main} *** LOAD COMPLETE default ***
I 2022-05-26 23:59:31.959931 [CatalogManager] {Main} Loaded initial catalog: hash=4c02b91f97ee50fb9a8461c47da4b1c2
I 2022-05-26 23:59:32.056065 [WebServer] {Backend:0} Listening on port 22885
D 2022-05-26 23:59:32.291904 [UI] {Main} Fixup allowed regions and locales. installedRegion=US allowedRegions= allowedLocales=
I 2022-05-26 23:59:32.292177 [ToastManager] {Main} Toasts are enabled in ClientSettings
D 2022-05-26 23:59:32.299690 [ProductState] {Main} Game product state created: uid=
D 2022-05-26 23:59:32.299717 [ProductState] {Main} InstallState (): currentOperation=Install currentOperationStatus=New
I 2022-05-26 23:59:32.308609 [Main] {Main} Application path is: C:\Program Files (x86)\Battle.net\Battle.net.exe
I 2022-05-26 23:59:32.366172 [ClientServiceAlertMonitor] {Main} Breaking News url has changed. url=https://nydus.battle.net/App/esES/client/App/alert?targetRegion=US
D 2022-05-26 23:59:32.366300 [RemoteContentCache] {Main} Found cached remote content. url=https://nydus.battle.net/App/esES/client/App/alert?targetRegion=US
I 2022-05-26 23:59:32.368438 [ClientServiceAlertMonitor] {Main} Maintenance url has changed. url=https://nydus.battle.net/App/esES/client/App/maintenance?targetRegion=US
D 2022-05-26 23:59:32.368529 [RemoteContentCache] {Main} Found cached remote content. url=https://nydus.battle.net/App/esES/client/App/maintenance?targetRegion=US
I 2022-05-26 23:59:32.371191 [Frontend] {Main} Public Computer state changed. is_public=false
D 2022-05-26 23:59:32.371224 [Frontend] {Main} Session id changed. session_id=12002500432555121463
D 2022-05-26 23:59:32.371266 [Frontend] {Main} Tracking info changed. client_id=1440039363.1625153260, user_agent=
I 2022-05-26 23:59:32.395727 [HighDpiManager] {Main} High dpi support available changed: 0
I 2022-05-26 23:59:32.395742 [Frontend] {Main} High dpi support: disabled
D 2022-05-26 23:59:32.396277 [Main] {WorkerPool:3} Checking permissions on path: C:\ProgramData\Battle.net\Setup depth=-1
D 2022-05-26 23:59:32.396998 [Main] {WorkerPool:3} Checking permissions on path: C:\ProgramData\Battle.net\Agent depth=1
D 2022-05-26 23:59:32.398641 [Main] {WorkerPool:3} Checking permissions on path: C:\ProgramData\Battle.net\Agent\Agent.7661 depth=1
D 2022-05-26 23:59:32.399180 [Main] {WorkerPool:3} Checking permissions on path: C:\ProgramData\Battle.net\Agent\Agent.7779 depth=1
D 2022-05-26 23:59:32.399441 [Main] {WorkerPool:3} Checking permissions on path: C:\ProgramData\Blizzard Entertainment depth=2
I 2022-05-26 23:59:32.487449 [FeatureManager] {Main} Feature changed: install_packages=true
I 2022-05-26 23:59:32.487466 [FeatureManager] {Main} Feature changed: modify_install=true
I 2022-05-26 23:59:32.487624 [Agent] {Main} AgentManager is now initialized
I 2022-05-26 23:59:32.487632 [InstallManager] {Main} Install manager is now initialized
D 2022-05-26 23:59:32.487637 [InstallManager] {Main} Selecting best game install data for game battle.net: savedUid=battle.net originalUid=<none> newUid=battle.net
D 2022-05-26 23:59:32.487649 [InstallInfo] {Main} InstallInfo agent association has been changed: uid=battle.net agentUid=battle.net
D 2022-05-26 23:59:32.487660 [InstallManager] {Main} Selecting best game install data for game odin: savedUid=odin originalUid=<none> newUid=odin
D 2022-05-26 23:59:32.487664 [InstallInfo] {Main} InstallInfo agent association has been changed: uid=odin agentUid=odin
D 2022-05-26 23:59:32.487707 [ProductState] {Main} Game product state created: uid=odin
D 2022-05-26 23:59:32.487741 [ProductState] {Main} InstallState (odin): currentOperation=Update currentOperationStatus=New installed=1 optionalPackageInstalled=1 installPath=C:/Program Files (x86)/Call of Duty Modern Warfare canCreateShortcut=1 selectedRegion=us activeConfigKey=e5a715efe23d4f4dfbd919e511e633c7 regionalVersions=(eu: {playable:false config_key:bac2b89e7596aebef37b724a056a8d3e}, kr: {playable:false config_key:bac2b89e7596aebef37b724a056a8d3e}, us: {playable:false config_key:bac2b89e7596aebef37b724a056a8d3e}) localVersion=1.39.2.9769220 latestVersion=1.1592e+07 progress=1
D 2022-05-26 23:59:32.487760 [Agent] {Main} Versioning is now enabled
D 2022-05-26 23:59:32.487773 [Agent] {Main} Triggering game versioning: battle.net
D 2022-05-26 23:59:32.487787 [Agent] {Main} Triggering game versioning: odin
D 2022-05-26 23:59:32.488077 [InstallManager] {Main} Sending a queued OnProcessPidsUpdated notification: agentUid=battle.net binaryType=game
D 2022-05-26 23:59:32.488096 [InstallManager] {Main} Sending a queued OnProcessRunning notification: agentUid=battle.net binaryType=game
I 2022-05-26 23:59:32.488103 [InstallManager] {Main} Setting Process Running: true uid=battle.net binaryType=game any=true
D 2022-05-26 23:59:32.488112 [InstallInfo] {Main} Operation status changed: opType=Execute oldStatus=Off newStatus=On agentUid=battle.net
I 2022-05-26 23:59:32.494850 [CatalogLoader] {Main} *** LOAD STARTED default: Context(LocalCAS: 4c02b91f97ee50fb9a8461c47da4b1c2 I) ***
I 2022-05-26 23:59:32.524522 [FeatureManager] {Main} Moving feature record from active to inactive: overwatch_league_tab
I 2022-05-26 23:59:32.524540 [FeatureManager] {Main} Moving feature record from active to inactive: blizzcon_tab
D 2022-05-26 23:59:32.535641 [CatalogVarStorage] {Main} Setting var from catalog Browser.DisableSiteIsolation=true
D 2022-05-26 23:59:32.535675 [CatalogVarStorage] {Main} Setting var from catalog Client.AccountHintRequiredProgramIds=ANBS
D 2022-05-26 23:59:32.535686 [CatalogVarStorage] {Main} Setting var from catalog Client.ActivisionAutoAccountCreation.Games=ODIN,ZEUS,FORE,AUKS
D 2022-05-26 23:59:32.535697 [CatalogVarStorage] {Main} Setting var from catalog Client.Shop.SaleNotificationEnabled=false
D 2022-05-26 23:59:32.535708 [CatalogVarStorage] {Main} Setting var from catalog Client.OwlScreen.LiveCheckIntervalMS=300000
D 2022-05-26 23:59:32.535728 [CatalogVarStorage] {Main} Setting var from catalog Client.Announcements.MaximumAnnouncements=20
D 2022-05-26 23:59:32.535744 [CatalogVarStorage] {Main} Setting var from catalog Client.NewProfileWindowLayout=true
D 2022-05-26 23:59:32.535755 [CatalogVarStorage] {Main} Setting var from catalog Client.PromotedScreenVersion=3
D 2022-05-26 23:59:32.535766 [CatalogVarStorage] {Main} Setting var from catalog Client.Shop.SaleNotificationVersion=6
D 2022-05-26 23:59:32.535780 [CatalogVarStorage] {Main} Setting var from catalog Client.Version.BetaAccessOverride=enabled
D 2022-05-26 23:59:32.535797 [CatalogVarStorage] {Main} Setting var from catalog Client.Version.BetaBranchOverride=beta
D 2022-05-26 23:59:32.535807 [CatalogVarStorage] {Main} Setting var from catalog Services.WhisperChannels.InactivityTimeoutMS=0
D 2022-05-26 23:59:32.535818 [CatalogVarStorage] {Main} Setting var from catalog Services.HTTPClient.ConnectionTimeoutMS=0
I 2022-05-26 23:59:32.539496 [CatalogLoader] {Main} *** LOAD COMPLETE default ***
I 2022-05-26 23:59:32.544358 [Registry] {Main} Failed to delete token from registry|error=ERROR_REGISTRY_OPEN_KEY_ERROR (12001)
I 2022-05-26 23:59:32.638857 [UnifiedAuth] {Main} UAuth: setting url: https://us.battle.net/login/es/logout?ref=https://us.battle.net/login/es/login.app?app=app reason: reset
D 2022-05-26 23:59:32.659166 [ClientServiceAlertMonitor] {Main} Service alert monitor force update requested
D 2022-05-26 23:59:32.659187 [ClientServiceAlertMonitor] {Main} Breaking News update requested
D 2022-05-26 23:59:32.659196 [ClientServiceAlertMonitor] {Main} Maintenance update requested
D 2022-05-26 23:59:32.812785 [InstallManager] {Main} Game finished versioning odin
I 2022-05-26 23:59:32.914331 [CacheManager] {Main} CacheManager is now initialized
I 2022-05-26 23:59:32.914356 [TactVersionWatcher] {Main} Fetched new tact metadata. productCode=catalogs region=us branch=PUB-29 version=2166 seq=230 buildConfig=5bc913acf4a13af6e8325bd5041ffb66
I 2022-05-26 23:59:32.925589 [DIAG_BuildConfig] {Main} no 'encoding' key in build configuration '5bc913acf4a13af6e8325bd5041ffb66', selecting plain-data mode
I 2022-05-26 23:59:32.925624 [CatalogLoader] {Main} *** LOAD STARTED default: Context(RemoteCAS: 25b0213778a890d3b5b1af9405d2eb2c|tpr/catalogs/data) ***
I 2022-05-26 23:59:33.144794 [FeatureManager] {Main} Feature changed: overwatch_trial_8df428bf=false
I 2022-05-26 23:59:33.144840 [FeatureManager] {Main} Removing inactive feature record: overwatch_trial_8df428bf
D 2022-05-26 23:59:33.150915 [ProductManager] {Main} Product modified: ANBS ProductChangeFlags(starter_items)
D 2022-05-26 23:59:33.150979 [ProductManager] {Main} Product modified: D3 ProductChangeFlags(quick_links,starter_items)
D 2022-05-26 23:59:33.150990 [ProductManager] {Main} Product modified: D3CN ProductChangeFlags(quick_links)
D 2022-05-26 23:59:33.150998 [ProductManager] {Main} Product modified: D3X0 ProductChangeFlags(quick_links,starter_items)
D 2022-05-26 23:59:33.151005 [ProductManager] {Main} Product modified: D3X1 ProductChangeFlags(quick_links,starter_items)
D 2022-05-26 23:59:33.151011 [ProductManager] {Main} Product modified: FORE ProductChangeFlags(quick_links,starter_items)
D 2022-05-26 23:59:33.151019 [ProductManager] {Main} Product modified: GRY ProductChangeFlags(quick_links,starter_items)
D 2022-05-26 23:59:33.151032 [ProductManager] {Main} Product modified: Hero ProductChangeFlags(quick_links,starter_items)
D 2022-05-26 23:59:33.151041 [ProductManager] {Main} Product modified: LAZR ProductChangeFlags(quick_links,starter_items)
D 2022-05-26 23:59:33.151049 [ProductManager] {Main} Product modified: ODIN ProductChangeFlags(quick_links,starter_items)
D 2022-05-26 23:59:33.151056 [ProductManager] {Main} Product modified: ODIN_MW ProductChangeFlags(quick_links,starter_items)
D 2022-05-26 23:59:33.151062 [ProductManager] {Main} Product modified: OSI ProductChangeFlags(quick_links,starter_items)
D 2022-05-26 23:59:33.151070 [ProductManager] {Main} Product modified: Pro ProductChangeFlags(quick_links,starter_items)
D 2022-05-26 23:59:33.151078 [ProductManager] {Main} Product modified: RTRO ProductChangeFlags(quick_links,starter_items)
D 2022-05-26 23:59:33.151085 [ProductManager] {Main} Product modified: S1 ProductChangeFlags(quick_links,starter_items)
D 2022-05-26 23:59:33.151092 [ProductManager] {Main} Product modified: S2 ProductChangeFlags(quick_links,starter_items)
D 2022-05-26 23:59:33.151099 [ProductManager] {Main} Product modified: VIPR ProductChangeFlags(quick_links,starter_items)
D 2022-05-26 23:59:33.151107 [ProductManager] {Main} Product modified: W3 ProductChangeFlags(quick_links,starter_items)
D 2022-05-26 23:59:33.151115 [ProductManager] {Main} Product modified: WLBY ProductChangeFlags(quick_links,starter_items)
D 2022-05-26 23:59:33.151122 [ProductManager] {Main} Product modified: WTCG ProductChangeFlags(quick_links,starter_items)
D 2022-05-26 23:59:33.151131 [ProductManager] {Main} Product modified: WoW ProductChangeFlags(quick_links,starter_items)
D 2022-05-26 23:59:33.151138 [ProductManager] {Main} Product modified: WoWC ProductChangeFlags(starter_items)
D 2022-05-26 23:59:33.151145 [ProductManager] {Main} Product modified: WoWX2 ProductChangeFlags(quick_links,starter_items)
D 2022-05-26 23:59:33.151152 [ProductManager] {Main} Product modified: WoWX7 ProductChangeFlags(quick_links,starter_items)
D 2022-05-26 23:59:33.151158 [ProductManager] {Main} Product modified: WoWX8 ProductChangeFlags(quick_links,starter_items)
D 2022-05-26 23:59:33.151164 [ProductManager] {Main} Product modified: ZEUS ProductChangeFlags(quick_links,starter_items)
D 2022-05-26 23:59:33.151200 [ProductManager] {Main} Products updated
D 2022-05-26 23:59:33.151945 [ProductManager] {Main} Product modified: ANBS ProductChangeFlags(starter_items)
D 2022-05-26 23:59:33.151954 [ProductManager] {Main} Product modified: D3 ProductChangeFlags(quick_links,starter_items)
D 2022-05-26 23:59:33.151961 [ProductManager] {Main} Product modified: D3CN ProductChangeFlags(quick_links)
D 2022-05-26 23:59:33.151966 [ProductManager] {Main} Product modified: D3X0 ProductChangeFlags(quick_links,starter_items)
D 2022-05-26 23:59:33.151971 [ProductManager] {Main} Product modified: D3X1 ProductChangeFlags(quick_links,starter_items)
D 2022-05-26 23:59:33.151979 [ProductManager] {Main} Product modified: FORE ProductChangeFlags(quick_links,starter_items)
D 2022-05-26 23:59:33.151985 [ProductManager] {Main} Product modified: GRY ProductChangeFlags(quick_links,starter_items)
D 2022-05-26 23:59:33.151992 [ProductManager] {Main} Product modified: Hero ProductChangeFlags(quick_links,starter_items)
D 2022-05-26 23:59:33.151998 [ProductManager] {Main} Product modified: LAZR ProductChangeFlags(quick_links,starter_items)
D 2022-05-26 23:59:33.152003 [ProductManager] {Main} Product modified: ODIN ProductChangeFlags(quick_links,starter_items)
D 2022-05-26 23:59:33.152009 [ProductManager] {Main} Product modified: ODIN_MW ProductChangeFlags(quick_links,starter_items)
D 2022-05-26 23:59:33.152014 [ProductManager] {Main} Product modified: OSI ProductChangeFlags(quick_links,starter_items)
D 2022-05-26 23:59:33.152019 [ProductManager] {Main} Product modified: Pro ProductChangeFlags(quick_links,starter_items)
D 2022-05-26 23:59:33.152026 [ProductManager] {Main} Product modified: RTRO ProductChangeFlags(quick_links,starter_items)
D 2022-05-26 23:59:33.152032 [ProductManager] {Main} Product modified: S1 ProductChangeFlags(quick_links,starter_items)
D 2022-05-26 23:59:33.152037 [ProductManager] {Main} Product modified: S2 ProductChangeFlags(quick_links,starter_items)
D 2022-05-26 23:59:33.152044 [ProductManager] {Main} Product modified: VIPR ProductChangeFlags(quick_links,starter_items)
D 2022-05-26 23:59:33.152050 [ProductManager] {Main} Product modified: W3 ProductChangeFlags(quick_links,starter_items)
D 2022-05-26 23:59:33.152056 [ProductManager] {Main} Product modified: WLBY ProductChangeFlags(quick_links,starter_items)
D 2022-05-26 23:59:33.152062 [ProductManager] {Main} Product modified: WTCG ProductChangeFlags(quick_links,starter_items)
D 2022-05-26 23:59:33.152068 [ProductManager] {Main} Product modified: WoW ProductChangeFlags(quick_links,starter_items)
D 2022-05-26 23:59:33.152074 [ProductManager] {Main} Product modified: WoWC ProductChangeFlags(starter_items)
D 2022-05-26 23:59:33.152081 [ProductManager] {Main} Product modified: WoWX2 ProductChangeFlags(quick_links,starter_items)
D 2022-05-26 23:59:33.152086 [ProductManager] {Main} Product modified: WoWX7 ProductChangeFlags(quick_links,starter_items)
D 2022-05-26 23:59:33.152091 [ProductManager] {Main} Product modified: WoWX8 ProductChangeFlags(quick_links,starter_items)
D 2022-05-26 23:59:33.152099 [ProductManager] {Main} Product modified: ZEUS ProductChangeFlags(quick_links,starter_items)
D 2022-05-26 23:59:33.152115 [ProductManager] {Main} Products updated
D 2022-05-26 23:59:33.163253 [ProductManager] {Main} Product modified: ANBS ProductChangeFlags(install_disabled_message,supports_language_selection,tab_order,install_background_v2,login_background,login_color,quick_links,starter_items,mobile_promo_text,mobile_stores,mobile_qr_code,mobile_qr_code_text)
D 2022-05-26 23:59:33.163288 [ProductManager] {Main} Product modified: D3 ProductChangeFlags(tab_order)
D 2022-05-26 23:59:33.163297 [ProductManager] {Main} Product modified: D3CN ProductChangeFlags(tab_order)
D 2022-05-26 23:59:33.163303 [ProductManager] {Main} Product modified: D3X0 ProductChangeFlags(tab_order)
D 2022-05-26 23:59:33.163307 [ProductManager] {Main} Product modified: D3X1 ProductChangeFlags(tab_order)
D 2022-05-26 23:59:33.163312 [ProductManager] {Main} Product modified: FORE ProductChangeFlags(tab_order)
D 2022-05-26 23:59:33.163317 [ProductManager] {Main} Product modified: GRY ProductChangeFlags(tab_order,quick_links,milestone)
D 2022-05-26 23:59:33.163324 [ProductManager] {Main} Product modified: Hero ProductChangeFlags(tab_order)
D 2022-05-26 23:59:33.163329 [ProductManager] {Main} Product modified: ODIN ProductChangeFlags(tab_order)
D 2022-05-26 23:59:33.163335 [ProductManager] {Main} Product modified: ODIN_MW ProductChangeFlags(tab_order)
D 2022-05-26 23:59:33.163339 [ProductManager] {Main} Product modified: Pro ProductChangeFlags(deprecated,tab_order,region_permission_flags,starter_items)
D 2022-05-26 23:59:33.163346 [ProductManager] {Main} Product modified: S1 ProductChangeFlags(tab_order)
D 2022-05-26 23:59:33.163351 [ProductManager] {Main} Product modified: S2 ProductChangeFlags(tab_order)
D 2022-05-26 23:59:33.163356 [ProductManager] {Main} Product modified: VIPR ProductChangeFlags(tab_order)
D 2022-05-26 23:59:33.163363 [ProductManager] {Main} Product modified: WTCG ProductChangeFlags(tab_order,starter_items,mobile_qr_code_text)
D 2022-05-26 23:59:33.163371 [ProductManager] {Main} Product modified: WoW ProductChangeFlags(tab_order)
D 2022-05-26 23:59:33.163376 [ProductManager] {Main} Product modified: WoWC ProductChangeFlags(tab_order)
D 2022-05-26 23:59:33.163382 [ProductManager] {Main} Product modified: WoWX2 ProductChangeFlags(tab_order)
D 2022-05-26 23:59:33.163387 [ProductManager] {Main} Product modified: WoWX7 ProductChangeFlags(tab_order)
D 2022-05-26 23:59:33.163392 [ProductManager] {Main} Product modified: WoWX8 ProductChangeFlags(tab_order)
D 2022-05-26 23:59:33.163396 [ProductManager] {Main} Product modified: ZEUS ProductChangeFlags(tab_order)
D 2022-05-26 23:59:33.163415 [ProductManager] {Main} Products updated
D 2022-05-26 23:59:33.164152 [CatalogVarStorage] {Main} Setting var from catalog Browser.DisableSiteIsolation=true
D 2022-05-26 23:59:33.164173 [CatalogVarStorage] {Main} Setting var from catalog Client.AccountHintRequiredProgramIds=ANBS
D 2022-05-26 23:59:33.164182 [CatalogVarStorage] {Main} Setting var from catalog Client.ActivisionAutoAccountCreation.Games=ODIN,ZEUS,FORE,AUKS
D 2022-05-26 23:59:33.164218 [CatalogVarStorage] {Main} Setting var from catalog Client.Shop.SaleNotificationEnabled=false
D 2022-05-26 23:59:33.164226 [CatalogVarStorage] {Main} Setting var from catalog Client.OwlScreen.LiveCheckIntervalMS=300000
D 2022-05-26 23:59:33.164240 [CatalogVarStorage] {Main} Setting var from catalog Client.Announcements.MaximumAnnouncements=20
D 2022-05-26 23:59:33.164250 [CatalogVarStorage] {Main} Setting var from catalog Client.NewProfileWindowLayout=true
D 2022-05-26 23:59:33.164258 [CatalogVarStorage] {Main} Setting var from catalog Client.PromotedScreenVersion=3
D 2022-05-26 23:59:33.164265 [CatalogVarStorage] {Main} Setting var from catalog Client.Shop.SaleNotificationVersion=6
D 2022-05-26 23:59:33.164274 [CatalogVarStorage] {Main} Setting var from catalog Client.Version.BetaAccessOverride=enabled
D 2022-05-26 23:59:33.164282 [CatalogVarStorage] {Main} Setting var from catalog Client.Version.BetaBranchOverride=beta
D 2022-05-26 23:59:33.164289 [CatalogVarStorage] {Main} Setting var from catalog Services.WhisperChannels.InactivityTimeoutMS=0
D 2022-05-26 23:59:33.164297 [CatalogVarStorage] {Main} Setting var from catalog Services.HTTPClient.ConnectionTimeoutMS=0
I 2022-05-26 23:59:33.197831 [CatalogLoader] {Main} *** LOAD COMPLETE default ***
D 2022-05-26 23:59:34.974511 [UnifiedAuth] {} UAuth: browser state changed: Login
D 2022-05-26 23:59:34.990385 [UnifiedAuth] {Main} UAuth: begin loading: https://us.battle.net/login/es/login.app?app=app
D 2022-05-26 23:59:34.990417 [UnifiedAuth] {Main} UAuth: set size from headers: 344x226 popup=0
D 2022-05-26 23:59:36.546043 [UnifiedAuth] {Main} UAuth: finished loading. statusCode=200 state=Login
I 2022-05-26 23:59:37.642624 [GameSessionList] {Agent} Reporting process: TrackingInfo(uid=battle.net, type=game, opStatus=On, reqId=0, running=4, oldRunning=1)
I 2022-05-26 23:59:37.644755 [InstallManager] {Main} Setting Process Running: true uid=battle.net binaryType=game any=true
D 2022-05-26 23:59:37.754793 [VersionManager] {Main} Branch change from Agent detected. activeBranch= branches={[0]=beta, [1]=cn, [2]=eu, [3]=kr, [4]=sg, [5]=tw, [6]=us}
D 2022-05-26 23:59:37.754841 [VersionManager] {Main} Beta branch is available: true
D 2022-05-26 23:59:37.754856 [InstallManager] {Main} Game finished versioning battle.net
D 2022-05-26 23:59:48.512079 [GameController] {Main} Shutting down GameController
D 2022-05-26 23:59:48.512121 [Main] {Main} Shutting down GameLaunchController
I 2022-05-26 23:59:48.512155 [GameController] {Main} Deleting GameFamily: , # of game accounts:0
D 2022-05-26 23:59:48.512238 [ProductState] {Main} Game product state destroyed: uid=odin
D 2022-05-26 23:59:48.512258 [ProductState] {Main} Game product state destroyed: uid=
I 2022-05-26 23:59:48.512520 [ToastManager] {Main} Clearing toast queue
D 2022-05-26 23:59:50.099429 [Main] {Main} Shutting down Backend
D 2022-05-26 23:59:50.099448 [Main] {Main} Closing IPC Service
D 2022-05-26 23:59:50.099452 [CommandQueue] {Main} IPCService is shutting down
D 2022-05-26 23:59:50.099596 [Main] {Main} Shutting down account manager
D 2022-05-26 23:59:50.099619 [Main] {Main} Shutting down CacheManager
D 2022-05-26 23:59:50.099624 [Main] {Main} Shutting down analytics processor
D 2022-05-26 23:59:50.099820 [Main] {Main} Shutting down worker pool
D 2022-05-26 23:59:50.100402 [Main] {Main} Shutting down backend processor
D 2022-05-26 23:59:50.103162 [Main] {Main} Shutting down data cache
D 2022-05-26 23:59:50.103293 [Main] {Main} Shutting down catalog manager
D 2022-05-26 23:59:50.103660 [Main] {Main} Shutting down environment manager
D 2022-05-26 23:59:50.103687 [Main] {Main} Shutting down battle.net api gateway
D 2022-05-26 23:59:50.103697 [Main] {Main} Shutting down suggested friends service
D 2022-05-26 23:59:50.103704 [Main] {Main} Shutting down voice service
D 2022-05-26 23:59:50.103709 [Main] {Main} Shutting down remote content manager
D 2022-05-26 23:59:50.103713 [Main] {Main} Shutting down analytics session
D 2022-05-26 23:59:50.103717 [Main] {Main} Shutting down agent manager
D 2022-05-26 23:59:50.103723 [Agent] {Main} PolicyHandler Thread STOPPING
D 2022-05-26 23:59:50.103766 [Agent] {Agent} PolicyHandlerThreadProc: The rest is silence.
D 2022-05-26 23:59:50.104030 [Agent] {Main} PolicyHandler Thread STOPPED
D 2022-05-26 23:59:50.104866 [Agent] {Main} Communicated shutdown to Agent
D 2022-05-26 23:59:50.104954 [Main] {Main} Shutting down game provider
D 2022-05-26 23:59:50.104967 [Main] {Main} Shutting down battle.net interface
D 2022-05-26 23:59:50.105164 [Main] {Main} Shutting down callback queue
D 2022-05-26 23:59:50.105186 [WebServer] {Main} Shutting down WebServerImpl
D 2022-05-26 23:59:50.105365 [WebServer] {Main} WebServerImpl is stopped
D 2022-05-26 23:59:50.221083 [DIAG_BNL_Voice] {Main} {20f0} debug: Notification client reference removed: 0
