D 2022-05-19 23:58:05.654508 [Main] {Main} Removing old/extra log file: battle.net-20220505T182336.465788.log
D 2022-05-19 23:58:05.654705 [Main] {Main} Removing old/extra log file: libcef-20220505T182342.242545.log
I 2022-05-19 23:58:05.654842 [Main] {Main} Logging started for Battle.net build 2.12.1.13458
I 2022-05-19 23:58:05.655037 [Configuration] {Main} SharedConfigRoot: C:\ProgramData\Battle.net
I 2022-05-19 23:58:05.655214 [Configuration] {Main} RoamingConfigRoot: C:\Users\sdean\AppData\Roaming\Battle.net
I 2022-05-19 23:58:05.655223 [Configuration] {Main} LocalConfigRoot: C:\Users\sdean\AppData\Local\Battle.net
D 2022-05-19 23:58:05.655448 [Configuration] {Main} Searching for config file: C:\Program Files (x86)\Battle.net\Battle.net.13458\Battle.net.config
D 2022-05-19 23:58:05.655493 [Configuration] {Main} Searching for config file: C:\Program Files (x86)\Battle.net\Battle.net.config
D 2022-05-19 23:58:05.659148 [Configuration] {Main} User Configuration File: C:\Users\sdean\AppData\Roaming\Battle.net\Battle.net.config
I 2022-05-19 23:58:05.661112 [Main] {Main} Command line arguments: {[0]=--autostarted}
I 2022-05-19 23:58:05.663914 [Main] {Main} Opening IPC shared memory. queueName=User:sdean:Battle.net IPC ShMem mode=server
I 2022-05-19 23:58:05.736678 [Frontend] {Main} Supplying list of renderers: d3d11,warp,desktop
I 2022-05-19 23:58:06.045226 [LocalizationData] {Main} 21 language(s) loaded from languages.xml, default=enUS
D 2022-05-19 23:58:06.300131 [Main] {Main} Adding application font: resources/fonts/BlizzardReg.ttf
D 2022-05-19 23:58:06.303294 [Main] {Main} Adding application font: resources/fonts/BlizzardLig.ttf
D 2022-05-19 23:58:06.304959 [Main] {Main} Adding application font: resources/fonts/BlizzardBol.ttf
D 2022-05-19 23:58:06.306238 [Main] {Main} Adding application font: resources/fonts/NotoSans-Bold.ttf
D 2022-05-19 23:58:06.311001 [Main] {Main} Adding application font: resources/fonts/NotoSans-BoldItalic.ttf
D 2022-05-19 23:58:06.314794 [Main] {Main} Adding application font: resources/fonts/NotoSans-Italic.ttf
D 2022-05-19 23:58:06.319068 [Main] {Main} Adding application font: resources/fonts/NotoSans-Regular.ttf
D 2022-05-19 23:58:06.323168 [Main] {Main} Adding application font: resources/fonts/ObjectSans-Bold.ttf
D 2022-05-19 23:58:06.324773 [Main] {Main} Adding application font: resources/fonts/ObjectSans-Medium.ttf
D 2022-05-19 23:58:07.450543 [Main] {Main} Setting font to: Blizzard
I 2022-05-19 23:58:07.451680 [CacheManager] {Main} Local storage cache at: C:\Users\sdean\AppData\Local\Battle.net\Cache
I 2022-05-19 23:58:07.458924 [Main] {Main} Opened database at: C:\Users\sdean\AppData\Local\Battle.net\CachedData.db
D 2022-05-19 23:58:07.461215 [Agent] {Main} PolicyHandler Thread STARTED
D 2022-05-19 23:58:07.461246 [Agent] {Agent} PolicyHandlerThreadProc: I shall in all my best obey you.
I 2022-05-19 23:58:07.592182 [DIAG_BNL_Voice] {Main} Audio device monitor using already-initialized COM
I 2022-05-19 23:58:07.594797 [VoiceSessionBroker] {Main} Global voice is on
I 2022-05-19 23:58:07.595235 [Main] {Main} Execution environment changed. environment=EE_STANDARD
I 2022-05-19 23:58:07.595953 [CatalogManager] {Main} Loaded catalog hash from the database cache. hash=c1176269e6881a771917af31a991ebc6
I 2022-05-19 23:58:07.596964 [CatalogManager] {Main} Built-in catalog hash (catalog/digesthash.txt): c319a16fec5b30d46e019fdbb76bc472
I 2022-05-19 23:58:07.597082 [CatalogManager] {Main} Built-in catalog hash (catalog/signaturehash.txt): b867c010407867bec877fedcc415a332
I 2022-05-19 23:58:07.597120 [CatalogLoader] {Main} *** LOAD STARTED default: Context(LocalCAS: c1176269e6881a771917af31a991ebc6 I) ***
E 2022-05-19 23:58:07.666485 [CatalogLoader] {Main} Fetch result for 8ccae4e454e5b63a2d276013ba47d69c failed with: 10
W 2022-05-19 23:58:07.666517 [CatalogLoader] {Main} LoadedFragmentData state change. id=auks_auks state=DoneWithError
W 2022-05-19 23:58:07.666529 [CatalogLoader] {Main} LoadedFragmentData state change. id=default state=DoneWithError
E 2022-05-19 23:58:07.666538 [CatalogLoader] {Main} An error occurred loading from fragment: default err=105
E 2022-05-19 23:58:07.667227 [CatalogLoader] {Main} *** LOAD FAILED default: 105 ***
E 2022-05-19 23:58:07.830616 [CatalogLoader] {Main} Fetch result for 94e9911c1d2df8fad2a5bc7f3563f0f3 failed with: 10
W 2022-05-19 23:58:07.830645 [CatalogLoader] {Main} LoadedFragmentData state change. id=fenris_fenris state=DoneWithError
I 2022-05-19 23:58:08.523925 [Agent] {Agent} Agent Version is now: 2.27.0.7779 (retail)
I 2022-05-19 23:58:08.527263 [GameSessionList] {Agent} Reporting process: TrackingInfo(uid=battle.net, type=game, opStatus=On, reqId=0, running=1, oldRunning=0)
D 2022-05-19 23:58:08.529622 [Agent] {Agent} GameResource created for uid: agent
D 2022-05-19 23:58:08.529719 [Agent] {Agent} GameResource created for uid: battle.net
D 2022-05-19 23:58:08.529760 [Agent] {Agent} GameResource created for uid: odin
W 2022-05-19 23:58:08.897202 [CatalogManager] {Main} Failed to load initial catalog: hash=c1176269e6881a771917af31a991ebc6 result=105
I 2022-05-19 23:58:08.899848 [CatalogLoader] {Main} *** LOAD STARTED default: Context(LocalCAS: c319a16fec5b30d46e019fdbb76bc472 I) ***
I 2022-05-19 23:58:09.008967 [CatalogLoader] {Main} Removing stale fragment: auks_auks
I 2022-05-19 23:58:09.008987 [CatalogLoader] {Main} Removing stale fragment: fenris_fenris
I 2022-05-19 23:58:09.008993 [CatalogLoader] {Main} Removing stale fragment: fore_enable_trial
I 2022-05-19 23:58:09.009008 [CatalogLoader] {Main} Removing stale fragment: gryphon
I 2022-05-19 23:58:09.009047 [CatalogLoader] {Main} Removing stale fragment: gryphon_mobile
I 2022-05-19 23:58:09.009059 [CatalogLoader] {Main} Removing stale fragment: gryphon_disable
I 2022-05-19 23:58:09.009067 [CatalogLoader] {Main} Removing stale fragment: hearthstone_limited_starter
W 2022-05-19 23:58:09.009206 [FeatureManager] {Main} Feature 'battle.net_http_request_0_c6caed0e' depends on missing feature 'http_test'
E 2022-05-19 23:58:09.009215 [FeatureManager] {Main} Feature 'battle.net_http_request_0_c6caed0e' has dependency errors and will not respond to dependency changes
I 2022-05-19 23:58:09.009235 [FeatureManager] {Main} Moving feature record from active to inactive: whisper_voice
I 2022-05-19 23:58:09.009239 [FeatureManager] {Main} Moving feature record from active to inactive: trace_route
I 2022-05-19 23:58:09.009243 [FeatureManager] {Main} Moving feature record from active to inactive: mapped_urls
I 2022-05-19 23:58:09.009248 [FeatureManager] {Main} Feature changed: fore_limited_alpha_f6824657=true
I 2022-05-19 23:58:09.009256 [FeatureManager] {Main} Feature changed: fore_buy_now_fore_fef83a73=true
I 2022-05-19 23:58:09.009262 [FeatureManager] {Main} Feature changed: zeus_refresh_without_license_b63211e4=true
I 2022-05-19 23:58:09.009269 [FeatureManager] {Main} Feature changed: hearthstone_limited_event_57b4aca6=true
I 2022-05-19 23:58:09.009275 [FeatureManager] {Main} Feature changed: lazarus_show_on_beta_5bbf784c=true
I 2022-05-19 23:58:09.009280 [FeatureManager] {Main} Feature changed: odin_deprecate_event_21bf1dc9=true
I 2022-05-19 23:58:09.009286 [FeatureManager] {Main} Feature changed: odin_show_on_beta_5bbf784c=true
I 2022-05-19 23:58:09.009293 [FeatureManager] {Main} Feature changed: odin_upgrade_from_odin_fef83a73=true
I 2022-05-19 23:58:09.009298 [FeatureManager] {Main} Feature changed: osi_limited_install_773b93da=true
I 2022-05-19 23:58:09.009304 [FeatureManager] {Main} Feature changed: osi_limited_product_d9fa6516=true
I 2022-05-19 23:58:09.009312 [FeatureManager] {Main} Feature changed: overwatch_trial_8df428bf=true
I 2022-05-19 23:58:09.009318 [FeatureManager] {Main} Feature changed: viper_show_on_beta_5bbf784c=true
I 2022-05-19 23:58:09.009323 [FeatureManager] {Main} Feature changed: warcraft_iii_upgrade_05e4b09b=true
I 2022-05-19 23:58:09.009328 [FeatureManager] {Main} Feature changed: wlby_show_on_beta_5bbf784c=true
I 2022-05-19 23:58:09.009337 [FeatureManager] {Main} Feature changed: zeus_show_on_beta_5bbf784c=true
I 2022-05-19 23:58:09.017443 [FeatureManager] {Main} Feature changed: cts_takeovers=true
I 2022-05-19 23:58:09.017459 [FeatureManager] {Main} Feature changed: clear_chat_history=true
I 2022-05-19 23:58:09.017464 [FeatureManager] {Main} Feature changed: mentions=true
I 2022-05-19 23:58:09.017472 [FeatureManager] {Main} Feature changed: shop_wish_list=true
I 2022-05-19 23:58:09.017478 [FeatureManager] {Main} Feature changed: activision_auto_account_creation=true
I 2022-05-19 23:58:09.017482 [FeatureManager] {Main} Feature changed: suggested_group_members=true
I 2022-05-19 23:58:09.017487 [FeatureManager] {Main} Feature changed: friend_request_management=true
I 2022-05-19 23:58:09.017491 [FeatureManager] {Main} Feature changed: link_previews=true
I 2022-05-19 23:58:09.017495 [FeatureManager] {Main} Feature changed: sms_protect_requirements=true
I 2022-05-19 23:58:09.017500 [FeatureManager] {Main} Feature changed: social_tab=true
I 2022-05-19 23:58:09.017504 [FeatureManager] {Main} Feature changed: auto_update_optimization=true
I 2022-05-19 23:58:09.017507 [FeatureManager] {Main} Feature changed: embedded_web_view=true
I 2022-05-19 23:58:09.017512 [FeatureManager] {Main} Feature changed: collapsible_social_panel=true
I 2022-05-19 23:58:09.017517 [FeatureManager] {Main} Feature changed: blizzard_profiles=true
I 2022-05-19 23:58:09.017523 [FeatureManager] {Main} Feature changed: group_privacy_settings=true
I 2022-05-19 23:58:09.017527 [FeatureManager] {Main} Feature changed: cn_age_alert=true
I 2022-05-19 23:58:09.017531 [FeatureManager] {Main} Feature changed: all_games_v2=true
I 2022-05-19 23:58:09.017535 [FeatureManager] {Main} Feature changed: all_games_new_badge=true
I 2022-05-19 23:58:09.017539 [FeatureManager] {Main} Feature changed: appear_offline=true
I 2022-05-19 23:58:09.017543 [FeatureManager] {Main} Feature changed: refresh_toast=true
I 2022-05-19 23:58:09.017547 [FeatureManager] {Main} Feature changed: app_feedback_dialog=true
I 2022-05-19 23:58:09.017551 [FeatureManager] {Main} Feature changed: browser_main_window=true
I 2022-05-19 23:58:09.017556 [FeatureManager] {Main} Feature changed: chat_giphy=true
I 2022-05-19 23:58:09.017566 [FeatureManager] {Main} Feature changed: content_ui=true
I 2022-05-19 23:58:09.017571 [FeatureManager] {Main} Feature changed: multichats=true
I 2022-05-19 23:58:09.018227 [FeatureManager] {Main} Feature changed: content_ui_web_view=true
I 2022-05-19 23:58:09.018242 [FeatureManager] {Main} Feature changed: first_time_experience=true
I 2022-05-19 23:58:09.018247 [FeatureManager] {Main} Feature changed: friends_list_popout=true
I 2022-05-19 23:58:09.018251 [FeatureManager] {Main} Feature changed: gift_inventory=true
I 2022-05-19 23:58:09.018255 [FeatureManager] {Main} Feature changed: global_legendary_promos=true
I 2022-05-19 23:58:09.018259 [FeatureManager] {Main} Feature changed: refresh_friend_tooltip=true
I 2022-05-19 23:58:09.018266 [FeatureManager] {Main} Feature changed: http_test=true tags=http_request_0
I 2022-05-19 23:58:09.018272 [FeatureManager] {Main} Feature changed: non_friend_whispers=true
I 2022-05-19 23:58:09.018276 [FeatureManager] {Main} Feature changed: notification_center=true
I 2022-05-19 23:58:09.018282 [FeatureManager] {Main} Feature changed: playscreen_migrate_cms=true
I 2022-05-19 23:58:09.018286 [FeatureManager] {Main} Feature changed: shared_container_installs=true
I 2022-05-19 23:58:09.018290 [FeatureManager] {Main} Feature changed: sc2_account_selection_dialog=true
I 2022-05-19 23:58:09.018294 [FeatureManager] {Main} Feature changed: suggested_facebook_friends=true
I 2022-05-19 23:58:09.018301 [FeatureManager] {Main} Feature changed: whisper_voice=true
I 2022-05-19 23:58:09.018307 [FeatureManager] {Main} Feature changed: battle.net_http_request_0_c6caed0e=true
D 2022-05-19 23:58:09.018407 [Configuration] {Main} Searching for config file: C:\Program Files (x86)\Battle.net\Battle.net.13458\Environments.yaml
D 2022-05-19 23:58:09.018465 [Configuration] {Main} Searching for config file: C:\Program Files (x86)\Battle.net\Environments.yaml
I 2022-05-19 23:58:09.018491 [EnvironmentManager] {Main} Login parameters changed: address=us.actual.battle.net:1119 region=US
D 2022-05-19 23:58:09.032471 [CatalogVarStorage] {Main} Setting var from catalog Browser.DisableSiteIsolation=true
D 2022-05-19 23:58:09.032495 [CatalogVarStorage] {Main} Setting var from catalog Client.AccountHintRequiredProgramIds=ANBS
D 2022-05-19 23:58:09.032504 [CatalogVarStorage] {Main} Setting var from catalog Client.ActivisionAutoAccountCreation.Games=ODIN,ZEUS,FORE,AUKS
D 2022-05-19 23:58:09.032510 [CatalogVarStorage] {Main} Setting var from catalog Client.Shop.SaleNotificationEnabled=false
D 2022-05-19 23:58:09.032515 [CatalogVarStorage] {Main} Setting var from catalog Client.OwlScreen.LiveCheckIntervalMS=300000
D 2022-05-19 23:58:09.032527 [CatalogVarStorage] {Main} Setting var from catalog Client.Announcements.MaximumAnnouncements=20
D 2022-05-19 23:58:09.032534 [CatalogVarStorage] {Main} Setting var from catalog Client.NewProfileWindowLayout=true
D 2022-05-19 23:58:09.032540 [CatalogVarStorage] {Main} Setting var from catalog Client.PromotedScreenVersion=3
D 2022-05-19 23:58:09.032546 [CatalogVarStorage] {Main} Setting var from catalog Client.Shop.SaleNotificationVersion=6
D 2022-05-19 23:58:09.032552 [CatalogVarStorage] {Main} Setting var from catalog Client.Version.BetaAccessOverride=enabled
I 2022-05-19 23:58:09.032557 [VersionManager] {Main} Beta Access: enabled
D 2022-05-19 23:58:09.032565 [CatalogVarStorage] {Main} Setting var from catalog Client.Version.BetaBranchOverride=beta
D 2022-05-19 23:58:09.032572 [CatalogVarStorage] {Main} Setting var from catalog Services.WhisperChannels.InactivityTimeoutMS=0
I 2022-05-19 23:58:09.035450 [CatalogLoader] {Main} *** LOAD COMPLETE default ***
I 2022-05-19 23:58:09.035464 [CatalogManager] {Main} Loaded initial catalog: hash=c319a16fec5b30d46e019fdbb76bc472
I 2022-05-19 23:58:09.115497 [WebServer] {Backend:0} Listening on port 22885
I 2022-05-19 23:58:09.340515 [Main] {Main} Attempting to fetch WidevineCDM: 1
D 2022-05-19 23:58:09.347933 [UI] {Main} Fixup allowed regions and locales. installedRegion=US allowedRegions= allowedLocales=
I 2022-05-19 23:58:09.348399 [ToastManager] {Main} Toasts are enabled in ClientSettings
D 2022-05-19 23:58:09.354088 [ProductState] {Main} Game product state created: uid=
D 2022-05-19 23:58:09.354134 [ProductState] {Main} InstallState (): currentOperation=Install currentOperationStatus=New
I 2022-05-19 23:58:09.368757 [Main] {Main} Application path is: C:\Program Files (x86)\Battle.net\Battle.net.exe
I 2022-05-19 23:58:09.469870 [ClientServiceAlertMonitor] {Main} Breaking News url has changed. url=https://nydus.battle.net/App/esES/client/App/alert?targetRegion=US
D 2022-05-19 23:58:09.470177 [RemoteContentCache] {Main} Found cached remote content. url=https://nydus.battle.net/App/esES/client/App/alert?targetRegion=US
I 2022-05-19 23:58:09.474248 [ClientServiceAlertMonitor] {Main} Maintenance url has changed. url=https://nydus.battle.net/App/esES/client/App/maintenance?targetRegion=US
D 2022-05-19 23:58:09.474482 [RemoteContentCache] {Main} Found cached remote content. url=https://nydus.battle.net/App/esES/client/App/maintenance?targetRegion=US
I 2022-05-19 23:58:09.477620 [Frontend] {Main} Public Computer state changed. is_public=false
D 2022-05-19 23:58:09.477677 [Frontend] {Main} Session id changed. session_id=8968445338390251755
D 2022-05-19 23:58:09.477813 [Frontend] {Main} Tracking info changed. client_id=1440039363.1625153260, user_agent=
I 2022-05-19 23:58:09.511340 [HighDpiManager] {Main} High dpi support available changed: 0
I 2022-05-19 23:58:09.511370 [Frontend] {Main} High dpi support: disabled
D 2022-05-19 23:58:09.512215 [Main] {WorkerPool:3} Checking permissions on path: C:\ProgramData\Battle.net\Setup depth=-1
D 2022-05-19 23:58:09.513023 [Main] {WorkerPool:3} Checking permissions on path: C:\ProgramData\Battle.net\Agent depth=1
D 2022-05-19 23:58:09.516010 [Main] {WorkerPool:3} Checking permissions on path: C:\ProgramData\Battle.net\Agent\Agent.7661 depth=1
D 2022-05-19 23:58:09.516813 [Main] {WorkerPool:3} Checking permissions on path: C:\ProgramData\Battle.net\Agent\Agent.7779 depth=1
D 2022-05-19 23:58:09.517374 [Main] {WorkerPool:3} Checking permissions on path: C:\ProgramData\Blizzard Entertainment depth=2
I 2022-05-19 23:58:09.628546 [FeatureManager] {Main} Feature changed: install_packages=true
I 2022-05-19 23:58:09.628568 [FeatureManager] {Main} Feature changed: modify_install=true
I 2022-05-19 23:58:09.628793 [Agent] {Main} AgentManager is now initialized
I 2022-05-19 23:58:09.628807 [InstallManager] {Main} Install manager is now initialized
D 2022-05-19 23:58:09.628824 [InstallManager] {Main} Selecting best game install data for game battle.net: savedUid=battle.net originalUid=<none> newUid=battle.net
D 2022-05-19 23:58:09.628873 [InstallInfo] {Main} InstallInfo agent association has been changed: uid=battle.net agentUid=battle.net
D 2022-05-19 23:58:09.628921 [InstallManager] {Main} Selecting best game install data for game odin: savedUid=odin originalUid=<none> newUid=odin
D 2022-05-19 23:58:09.628940 [InstallInfo] {Main} InstallInfo agent association has been changed: uid=odin agentUid=odin
D 2022-05-19 23:58:09.629024 [ProductState] {Main} Game product state created: uid=odin
D 2022-05-19 23:58:09.629130 [ProductState] {Main} InstallState (odin): currentOperation=Update currentOperationStatus=New installed=1 optionalPackageInstalled=1 installPath=C:/Program Files (x86)/Call of Duty Modern Warfare canCreateShortcut=1 selectedRegion=us activeConfigKey=e5a715efe23d4f4dfbd919e511e633c7 regionalVersions=(eu: {playable:false config_key:6a25d5d105beed705cc47b6de642d738}, kr: {playable:false config_key:6a25d5d105beed705cc47b6de642d738}, us: {playable:false config_key:6a25d5d105beed705cc47b6de642d738}) localVersion=1.39.2.9769220 latestVersion=1.15586e+07 progress=1
D 2022-05-19 23:58:09.629183 [Agent] {Main} Versioning is now enabled
D 2022-05-19 23:58:09.629216 [Agent] {Main} Triggering game versioning: battle.net
D 2022-05-19 23:58:09.629257 [Agent] {Main} Triggering game versioning: odin
D 2022-05-19 23:58:09.629642 [InstallManager] {Main} Sending a queued OnProcessPidsUpdated notification: agentUid=battle.net binaryType=game
D 2022-05-19 23:58:09.629689 [InstallManager] {Main} Sending a queued OnProcessRunning notification: agentUid=battle.net binaryType=game
I 2022-05-19 23:58:09.629719 [InstallManager] {Main} Setting Process Running: true uid=battle.net binaryType=game any=true
D 2022-05-19 23:58:09.629737 [InstallInfo] {Main} Operation status changed: opType=Execute oldStatus=Off newStatus=On agentUid=battle.net
I 2022-05-19 23:58:09.629792 [InstallManager] {Main} Starting [Auto] UPDATE operation for "battle.net".
D 2022-05-19 23:58:09.629808 [InstallInfo] {Main} Operation status changed: opType=Update oldStatus=Off newStatus=On agentUid=battle.net
I 2022-05-19 23:58:09.638761 [CatalogLoader] {Main} *** LOAD STARTED default: Context(LocalCAS: c319a16fec5b30d46e019fdbb76bc472 I) ***
I 2022-05-19 23:58:09.674844 [FeatureManager] {Main} Moving feature record from active to inactive: overwatch_league_tab
I 2022-05-19 23:58:09.674872 [FeatureManager] {Main} Moving feature record from active to inactive: blizzcon_tab
D 2022-05-19 23:58:09.691479 [CatalogVarStorage] {Main} Setting var from catalog Browser.DisableSiteIsolation=true
D 2022-05-19 23:58:09.691517 [CatalogVarStorage] {Main} Setting var from catalog Client.AccountHintRequiredProgramIds=ANBS
D 2022-05-19 23:58:09.691534 [CatalogVarStorage] {Main} Setting var from catalog Client.ActivisionAutoAccountCreation.Games=ODIN,ZEUS,FORE,AUKS
D 2022-05-19 23:58:09.691543 [CatalogVarStorage] {Main} Setting var from catalog Client.Shop.SaleNotificationEnabled=false
D 2022-05-19 23:58:09.691554 [CatalogVarStorage] {Main} Setting var from catalog Client.OwlScreen.LiveCheckIntervalMS=300000
D 2022-05-19 23:58:09.691577 [CatalogVarStorage] {Main} Setting var from catalog Client.Announcements.MaximumAnnouncements=20
D 2022-05-19 23:58:09.691594 [CatalogVarStorage] {Main} Setting var from catalog Client.NewProfileWindowLayout=true
D 2022-05-19 23:58:09.691607 [CatalogVarStorage] {Main} Setting var from catalog Client.PromotedScreenVersion=3
D 2022-05-19 23:58:09.691620 [CatalogVarStorage] {Main} Setting var from catalog Client.Shop.SaleNotificationVersion=6
D 2022-05-19 23:58:09.691633 [CatalogVarStorage] {Main} Setting var from catalog Client.Version.BetaAccessOverride=enabled
D 2022-05-19 23:58:09.691650 [CatalogVarStorage] {Main} Setting var from catalog Client.Version.BetaBranchOverride=beta
D 2022-05-19 23:58:09.691672 [CatalogVarStorage] {Main} Setting var from catalog Services.WhisperChannels.InactivityTimeoutMS=0
D 2022-05-19 23:58:09.691692 [CatalogVarStorage] {Main} Setting var from catalog Services.HTTPClient.ConnectionTimeoutMS=0
I 2022-05-19 23:58:09.695681 [CatalogLoader] {Main} *** LOAD COMPLETE default ***
I 2022-05-19 23:58:09.703542 [Main] {Main} Cached WidevineCDM is up-to-date: 4.10.2449.0
I 2022-05-19 23:58:09.703709 [Registry] {Main} Failed to delete token from registry|error=ERROR_REGISTRY_OPEN_KEY_ERROR (12001)
I 2022-05-19 23:58:09.815775 [UnifiedAuth] {Main} UAuth: setting url: https://us.battle.net/login/es/logout?ref=https://us.battle.net/login/es/login.app?app=app reason: reset
D 2022-05-19 23:58:09.841118 [ClientServiceAlertMonitor] {Main} Service alert monitor force update requested
D 2022-05-19 23:58:09.841159 [ClientServiceAlertMonitor] {Main} Breaking News update requested
D 2022-05-19 23:58:09.841170 [ClientServiceAlertMonitor] {Main} Maintenance update requested
D 2022-05-19 23:58:10.002634 [InstallManager] {Main} Game finished versioning odin
I 2022-05-19 23:58:10.073773 [CacheManager] {Main} CacheManager is now initialized
I 2022-05-19 23:58:10.073824 [TactVersionWatcher] {Main} Fetched new tact metadata. productCode=catalogs region=us branch=PUB-29 version=2158 seq=227 buildConfig=a663c640fc07bd4333cd3a7a18b48bcc
I 2022-05-19 23:58:10.101986 [DIAG_BuildConfig] {Main} no 'encoding' key in build configuration 'a663c640fc07bd4333cd3a7a18b48bcc', selecting plain-data mode
I 2022-05-19 23:58:10.102039 [CatalogLoader] {Main} *** LOAD STARTED default: Context(RemoteCAS: c1176269e6881a771917af31a991ebc6|tpr/catalogs/data) ***
I 2022-05-19 23:58:10.403660 [FeatureManager] {Main} Feature changed: overwatch_trial_8df428bf=false
I 2022-05-19 23:58:10.403736 [FeatureManager] {Main} Removing inactive feature record: overwatch_trial_8df428bf
I 2022-05-19 23:58:10.403814 [FeatureManager] {Main} Feature changed: fore_enable_trial_2714e770=true
I 2022-05-19 23:58:10.403849 [FeatureManager] {Main} Feature changed: gryphon_mobile_449148fc=true
D 2022-05-19 23:58:10.414840 [ProductManager] {Main} Product modified: ANBS ProductChangeFlags(starter_items)
D 2022-05-19 23:58:10.414929 [ProductManager] {Main} Product modified: D3 ProductChangeFlags(quick_links,starter_items)
D 2022-05-19 23:58:10.414960 [ProductManager] {Main} Product modified: D3CN ProductChangeFlags(quick_links)
D 2022-05-19 23:58:10.414981 [ProductManager] {Main} Product modified: D3X0 ProductChangeFlags(quick_links,starter_items)
D 2022-05-19 23:58:10.415002 [ProductManager] {Main} Product modified: D3X1 ProductChangeFlags(quick_links,starter_items)
D 2022-05-19 23:58:10.415019 [ProductManager] {Main} Product modified: FORE ProductChangeFlags(quick_links,starter_items)
D 2022-05-19 23:58:10.415041 [ProductManager] {Main} Product modified: Hero ProductChangeFlags(quick_links,starter_items)
D 2022-05-19 23:58:10.415059 [ProductManager] {Main} Product modified: LAZR ProductChangeFlags(quick_links,starter_items)
D 2022-05-19 23:58:10.415079 [ProductManager] {Main} Product modified: ODIN ProductChangeFlags(quick_links,starter_items)
D 2022-05-19 23:58:10.415098 [ProductManager] {Main} Product modified: ODIN_MW ProductChangeFlags(quick_links,starter_items)
D 2022-05-19 23:58:10.415114 [ProductManager] {Main} Product modified: OSI ProductChangeFlags(quick_links,starter_items)
D 2022-05-19 23:58:10.415129 [ProductManager] {Main} Product modified: Pro ProductChangeFlags(quick_links,starter_items)
D 2022-05-19 23:58:10.415146 [ProductManager] {Main} Product modified: RTRO ProductChangeFlags(quick_links,starter_items)
D 2022-05-19 23:58:10.415161 [ProductManager] {Main} Product modified: S1 ProductChangeFlags(quick_links,starter_items)
D 2022-05-19 23:58:10.415175 [ProductManager] {Main} Product modified: S2 ProductChangeFlags(quick_links,starter_items)
D 2022-05-19 23:58:10.415189 [ProductManager] {Main} Product modified: VIPR ProductChangeFlags(quick_links,starter_items)
D 2022-05-19 23:58:10.415207 [ProductManager] {Main} Product modified: W3 ProductChangeFlags(quick_links,starter_items)
D 2022-05-19 23:58:10.415224 [ProductManager] {Main} Product modified: WLBY ProductChangeFlags(quick_links,starter_items)
D 2022-05-19 23:58:10.415240 [ProductManager] {Main} Product modified: WTCG ProductChangeFlags(quick_links,starter_items)
D 2022-05-19 23:58:10.415272 [ProductManager] {Main} Product modified: WoW ProductChangeFlags(quick_links,starter_items)
D 2022-05-19 23:58:10.415295 [ProductManager] {Main} Product modified: WoWC ProductChangeFlags(starter_items)
D 2022-05-19 23:58:10.415312 [ProductManager] {Main} Product modified: WoWX7 ProductChangeFlags(quick_links,starter_items)
D 2022-05-19 23:58:10.415325 [ProductManager] {Main} Product modified: WoWX8 ProductChangeFlags(quick_links,starter_items)
D 2022-05-19 23:58:10.415338 [ProductManager] {Main} Product modified: ZEUS ProductChangeFlags(quick_links,starter_items)
D 2022-05-19 23:58:10.415383 [ProductManager] {Main} Products updated
D 2022-05-19 23:58:10.417092 [ProductManager] {Main} Product modified: ANBS ProductChangeFlags(starter_items)
D 2022-05-19 23:58:10.417131 [ProductManager] {Main} Product modified: D3 ProductChangeFlags(quick_links,starter_items)
D 2022-05-19 23:58:10.417151 [ProductManager] {Main} Product modified: D3CN ProductChangeFlags(quick_links)
D 2022-05-19 23:58:10.417169 [ProductManager] {Main} Product modified: D3X0 ProductChangeFlags(quick_links,starter_items)
D 2022-05-19 23:58:10.417188 [ProductManager] {Main} Product modified: D3X1 ProductChangeFlags(quick_links,starter_items)
D 2022-05-19 23:58:10.417202 [ProductManager] {Main} Product modified: FORE ProductChangeFlags(quick_links,starter_items)
D 2022-05-19 23:58:10.417220 [ProductManager] {Main} Product modified: Hero ProductChangeFlags(quick_links,starter_items)
D 2022-05-19 23:58:10.417240 [ProductManager] {Main} Product modified: LAZR ProductChangeFlags(quick_links,starter_items)
D 2022-05-19 23:58:10.417273 [ProductManager] {Main} Product modified: ODIN ProductChangeFlags(quick_links,starter_items)
D 2022-05-19 23:58:10.417298 [ProductManager] {Main} Product modified: ODIN_MW ProductChangeFlags(quick_links,starter_items)
D 2022-05-19 23:58:10.417315 [ProductManager] {Main} Product modified: OSI ProductChangeFlags(quick_links,starter_items)
D 2022-05-19 23:58:10.417332 [ProductManager] {Main} Product modified: Pro ProductChangeFlags(quick_links,starter_items)
D 2022-05-19 23:58:10.417355 [ProductManager] {Main} Product modified: RTRO ProductChangeFlags(quick_links,starter_items)
D 2022-05-19 23:58:10.417372 [ProductManager] {Main} Product modified: S1 ProductChangeFlags(quick_links,starter_items)
D 2022-05-19 23:58:10.417390 [ProductManager] {Main} Product modified: S2 ProductChangeFlags(quick_links,starter_items)
D 2022-05-19 23:58:10.417411 [ProductManager] {Main} Product modified: VIPR ProductChangeFlags(quick_links,starter_items)
D 2022-05-19 23:58:10.417429 [ProductManager] {Main} Product modified: W3 ProductChangeFlags(quick_links,starter_items)
D 2022-05-19 23:58:10.417446 [ProductManager] {Main} Product modified: WLBY ProductChangeFlags(quick_links,starter_items)
D 2022-05-19 23:58:10.417467 [ProductManager] {Main} Product modified: WTCG ProductChangeFlags(quick_links,starter_items)
D 2022-05-19 23:58:10.417483 [ProductManager] {Main} Product modified: WoW ProductChangeFlags(quick_links,starter_items)
D 2022-05-19 23:58:10.417500 [ProductManager] {Main} Product modified: WoWC ProductChangeFlags(starter_items)
D 2022-05-19 23:58:10.417521 [ProductManager] {Main} Product modified: WoWX7 ProductChangeFlags(quick_links,starter_items)
D 2022-05-19 23:58:10.417546 [ProductManager] {Main} Product modified: WoWX8 ProductChangeFlags(quick_links,starter_items)
D 2022-05-19 23:58:10.417563 [ProductManager] {Main} Product modified: ZEUS ProductChangeFlags(quick_links,starter_items)
D 2022-05-19 23:58:10.417605 [ProductManager] {Main} Products updated
D 2022-05-19 23:58:10.435498 [ProductManager] {Main} Product added: id=GRY
D 2022-05-19 23:58:10.435529 [GameProvider] {Main} Inserting new unbound entity because no suitable match was found. uniqueId=GRY_retail
D 2022-05-19 23:58:10.436360 [ProductManager] {Main} Product added: id=WoWX2
D 2022-05-19 23:58:10.438681 [ProductManager] {Main} Product modified: ANBS ProductChangeFlags(tab_order)
D 2022-05-19 23:58:10.438719 [ProductManager] {Main} Product modified: D3 ProductChangeFlags(tab_order)
D 2022-05-19 23:58:10.438737 [ProductManager] {Main} Product modified: D3CN ProductChangeFlags(tab_order)
D 2022-05-19 23:58:10.438770 [ProductManager] {Main} Product modified: D3X0 ProductChangeFlags(tab_order)
D 2022-05-19 23:58:10.438782 [ProductManager] {Main} Product modified: D3X1 ProductChangeFlags(tab_order)
D 2022-05-19 23:58:10.438793 [ProductManager] {Main} Product modified: FORE ProductChangeFlags(tab_order,region_permission_flags,starter_items)
D 2022-05-19 23:58:10.438811 [ProductManager] {Main} Product modified: Hero ProductChangeFlags(tab_order)
D 2022-05-19 23:58:10.438826 [ProductManager] {Main} Product modified: LAZR ProductChangeFlags(tab_order)
D 2022-05-19 23:58:10.438840 [ProductManager] {Main} Product modified: ODIN ProductChangeFlags(tab_order)
D 2022-05-19 23:58:10.438855 [ProductManager] {Main} Product modified: ODIN_MW ProductChangeFlags(tab_order)
D 2022-05-19 23:58:10.438868 [ProductManager] {Main} Product modified: OSI ProductChangeFlags(tab_order)
D 2022-05-19 23:58:10.438886 [ProductManager] {Main} Product modified: Pro ProductChangeFlags(deprecated,tab_order,region_permission_flags,quick_links,starter_items)
D 2022-05-19 23:58:10.438905 [ProductManager] {Main} Product modified: RTRO ProductChangeFlags(tab_order)
D 2022-05-19 23:58:10.438922 [ProductManager] {Main} Product modified: S1 ProductChangeFlags(tab_order)
D 2022-05-19 23:58:10.438945 [ProductManager] {Main} Product modified: S2 ProductChangeFlags(tab_order)
D 2022-05-19 23:58:10.438958 [ProductManager] {Main} Product modified: VIPR ProductChangeFlags(tab_order)
D 2022-05-19 23:58:10.438972 [ProductManager] {Main} Product modified: W3 ProductChangeFlags(tab_order)
D 2022-05-19 23:58:10.438984 [ProductManager] {Main} Product modified: WLBY ProductChangeFlags(tab_order)
D 2022-05-19 23:58:10.438998 [ProductManager] {Main} Product modified: WTCG ProductChangeFlags(tab_order,mobile_qr_code_text)
D 2022-05-19 23:58:10.439016 [ProductManager] {Main} Product modified: WoW ProductChangeFlags(tab_order)
D 2022-05-19 23:58:10.439031 [ProductManager] {Main} Product modified: WoWC ProductChangeFlags(tab_order)
D 2022-05-19 23:58:10.439048 [ProductManager] {Main} Product modified: WoWX2 ProductChangeFlags(name,type_name,selector_display_name,deprecated,tab_order,logo_v2,game_background,region_permission_flags,override_product_id)
D 2022-05-19 23:58:10.439067 [ProductManager] {Main} Product modified: WoWX7 ProductChangeFlags(tab_order)
D 2022-05-19 23:58:10.439080 [ProductManager] {Main} Product modified: WoWX8 ProductChangeFlags(tab_order)
D 2022-05-19 23:58:10.439092 [ProductManager] {Main} Product modified: ZEUS ProductChangeFlags(tab_order)
D 2022-05-19 23:58:10.439134 [ProductManager] {Main} Products updated
D 2022-05-19 23:58:10.440073 [CatalogVarStorage] {Main} Setting var from catalog Browser.DisableSiteIsolation=true
D 2022-05-19 23:58:10.440095 [CatalogVarStorage] {Main} Setting var from catalog Client.AccountHintRequiredProgramIds=ANBS
D 2022-05-19 23:58:10.440105 [CatalogVarStorage] {Main} Setting var from catalog Client.ActivisionAutoAccountCreation.Games=ODIN,ZEUS,FORE,AUKS
D 2022-05-19 23:58:10.440114 [CatalogVarStorage] {Main} Setting var from catalog Client.Shop.SaleNotificationEnabled=false
D 2022-05-19 23:58:10.440125 [CatalogVarStorage] {Main} Setting var from catalog Client.OwlScreen.LiveCheckIntervalMS=300000
D 2022-05-19 23:58:10.440143 [CatalogVarStorage] {Main} Setting var from catalog Client.Announcements.MaximumAnnouncements=20
D 2022-05-19 23:58:10.440152 [CatalogVarStorage] {Main} Setting var from catalog Client.NewProfileWindowLayout=true
D 2022-05-19 23:58:10.440161 [CatalogVarStorage] {Main} Setting var from catalog Client.PromotedScreenVersion=3
D 2022-05-19 23:58:10.440172 [CatalogVarStorage] {Main} Setting var from catalog Client.Shop.SaleNotificationVersion=6
D 2022-05-19 23:58:10.440181 [CatalogVarStorage] {Main} Setting var from catalog Client.Version.BetaAccessOverride=enabled
D 2022-05-19 23:58:10.440188 [CatalogVarStorage] {Main} Setting var from catalog Client.Version.BetaBranchOverride=beta
D 2022-05-19 23:58:10.440198 [CatalogVarStorage] {Main} Setting var from catalog Services.WhisperChannels.InactivityTimeoutMS=0
D 2022-05-19 23:58:10.440209 [CatalogVarStorage] {Main} Setting var from catalog Services.HTTPClient.ConnectionTimeoutMS=0
I 2022-05-19 23:58:10.447095 [CatalogLoader] {Main} *** LOAD COMPLETE default ***
I 2022-05-19 23:58:10.448262 [CatalogLoader] {Main} *** LOAD STARTED default: Context(RemoteCAS: c1176269e6881a771917af31a991ebc6|tpr/catalogs/data) ***
D 2022-05-19 23:58:10.503529 [ProductNode] {Main} ProductInfo modified: GRY_retail
D 2022-05-19 23:58:10.503555 [ProductManager] {Main} Product modified: GRY ProductChangeFlags(name,uid,title_id,default_product_type,install_disabled_message,play_disabled_message,supports_starter_mode,starter_mode_when_offline,tab_order,logo_v2,game_icon_svg,icon_medium,icon_small,icon_tiny,game_background,supported_regions,region_permission_flags,program_id,quick_links,starter_items,supported_platforms,unsupported_platform_behavior,key_art,content_id,genre,mobile_promo_text,mobile_stores,mobile_qr_code,mobile_qr_code_text,milestone,heading_text)
D 2022-05-19 23:58:10.503590 [ProductManager] {Main} Product modified: WoWX2 ProductChangeFlags(name,type_name,selector_display_name,deprecated,logo_v2,game_background,region_permission_flags,override_product_id)
D 2022-05-19 23:58:10.503605 [ProductManager] {Main} Products updated
D 2022-05-19 23:58:10.503658 [CatalogVarStorage] {Main} Setting var from catalog Browser.DisableSiteIsolation=true
D 2022-05-19 23:58:10.503677 [CatalogVarStorage] {Main} Setting var from catalog Client.AccountHintRequiredProgramIds=ANBS
D 2022-05-19 23:58:10.503685 [CatalogVarStorage] {Main} Setting var from catalog Client.ActivisionAutoAccountCreation.Games=ODIN,ZEUS,FORE,AUKS
D 2022-05-19 23:58:10.503693 [CatalogVarStorage] {Main} Setting var from catalog Client.Shop.SaleNotificationEnabled=false
D 2022-05-19 23:58:10.503701 [CatalogVarStorage] {Main} Setting var from catalog Client.OwlScreen.LiveCheckIntervalMS=300000
D 2022-05-19 23:58:10.503717 [CatalogVarStorage] {Main} Setting var from catalog Client.Announcements.MaximumAnnouncements=20
D 2022-05-19 23:58:10.503743 [CatalogVarStorage] {Main} Setting var from catalog Client.NewProfileWindowLayout=true
D 2022-05-19 23:58:10.503751 [CatalogVarStorage] {Main} Setting var from catalog Client.PromotedScreenVersion=3
D 2022-05-19 23:58:10.503758 [CatalogVarStorage] {Main} Setting var from catalog Client.Shop.SaleNotificationVersion=6
D 2022-05-19 23:58:10.503766 [CatalogVarStorage] {Main} Setting var from catalog Client.Version.BetaAccessOverride=enabled
D 2022-05-19 23:58:10.503776 [CatalogVarStorage] {Main} Setting var from catalog Client.Version.BetaBranchOverride=beta
D 2022-05-19 23:58:10.503785 [CatalogVarStorage] {Main} Setting var from catalog Services.WhisperChannels.InactivityTimeoutMS=0
D 2022-05-19 23:58:10.503794 [CatalogVarStorage] {Main} Setting var from catalog Services.HTTPClient.ConnectionTimeoutMS=0
I 2022-05-19 23:58:10.507602 [CatalogLoader] {Main} *** LOAD COMPLETE default ***
D 2022-05-19 23:58:10.753956 [VersionManager] {Main} Branch change from Agent detected. activeBranch= branches={[0]=beta, [1]=cn, [2]=eu, [3]=kr, [4]=sg, [5]=tw, [6]=us}
D 2022-05-19 23:58:10.753987 [VersionManager] {Main} Beta branch is available: true
D 2022-05-19 23:58:12.166084 [UnifiedAuth] {} UAuth: browser state changed: Login
D 2022-05-19 23:58:12.194508 [UnifiedAuth] {Main} UAuth: begin loading: https://us.battle.net/login/es/login.app?app=app
D 2022-05-19 23:58:12.194548 [UnifiedAuth] {Main} UAuth: set size from headers: 344x226 popup=0
D 2022-05-19 23:58:12.683418 [InstallManager] {Main} Game finished versioning battle.net
D 2022-05-19 23:58:13.477374 [UnifiedAuth] {Main} UAuth: finished loading. statusCode=200 state=Login
D 2022-05-19 23:58:14.294223 [InstallManager] {Main} Update started: battle.net
I 2022-05-19 23:58:14.539542 [GameSessionList] {Agent} Reporting process: TrackingInfo(uid=battle.net, type=game, opStatus=On, reqId=0, running=4, oldRunning=1)
I 2022-05-19 23:58:14.543496 [InstallManager] {Main} Setting Process Running: true uid=battle.net binaryType=game any=true
I 2022-05-19 23:58:46.513770 [InstallManager] {Main} Self-update patch applied: seqn 11 -> 11
D 2022-05-19 23:58:46.513820 [Main] {Main} SelfUpdate received by SelfUpdateEventProxy. isCriticalUpdate=false applyUpdateNow=true
D 2022-05-19 23:58:46.513840 [InstallManager] {Main} Update completed: battle.net
D 2022-05-19 23:58:46.514469 [InstallInfo] {Main} Operation status changed: opType=Update oldStatus=On newStatus=Off agentUid=battle.net
D 2022-05-19 23:58:49.672495 [GameController] {Main} Shutting down GameController
D 2022-05-19 23:58:49.672543 [Main] {Main} Shutting down GameLaunchController
I 2022-05-19 23:58:49.672594 [GameController] {Main} Deleting GameFamily: , # of game accounts:0
D 2022-05-19 23:58:49.672683 [ProductState] {Main} Game product state destroyed: uid=odin
D 2022-05-19 23:58:49.672730 [ProductState] {Main} Game product state destroyed: uid=
I 2022-05-19 23:58:49.673135 [ToastManager] {Main} Clearing toast queue
D 2022-05-19 23:58:51.226779 [Main] {Main} Shutting down Backend
D 2022-05-19 23:58:51.226817 [Main] {Main} Closing IPC Service
D 2022-05-19 23:58:51.226823 [CommandQueue] {Main} IPCService is shutting down
D 2022-05-19 23:58:51.226990 [Main] {Main} Shutting down account manager
D 2022-05-19 23:58:51.227004 [Main] {Main} Shutting down CacheManager
D 2022-05-19 23:58:51.227009 [Main] {Main} Shutting down analytics processor
D 2022-05-19 23:58:51.227202 [Main] {Main} Shutting down worker pool
D 2022-05-19 23:58:51.227841 [Main] {Main} Shutting down backend processor
D 2022-05-19 23:58:51.229958 [Main] {Main} Shutting down data cache
D 2022-05-19 23:58:51.230116 [Main] {Main} Shutting down catalog manager
D 2022-05-19 23:58:51.230550 [Main] {Main} Shutting down environment manager
D 2022-05-19 23:58:51.230574 [Main] {Main} Shutting down battle.net api gateway
D 2022-05-19 23:58:51.230579 [Main] {Main} Shutting down suggested friends service
D 2022-05-19 23:58:51.230590 [Main] {Main} Shutting down voice service
D 2022-05-19 23:58:51.230594 [Main] {Main} Shutting down remote content manager
D 2022-05-19 23:58:51.230599 [Main] {Main} Shutting down analytics session
D 2022-05-19 23:58:51.230603 [Main] {Main} Shutting down agent manager
D 2022-05-19 23:58:51.230610 [Agent] {Main} PolicyHandler Thread STOPPING
D 2022-05-19 23:58:51.230620 [Agent] {Agent} PolicyHandlerThreadProc: The rest is silence.
D 2022-05-19 23:58:51.230877 [Agent] {Main} PolicyHandler Thread STOPPED
D 2022-05-19 23:58:51.231731 [Agent] {Main} Communicated shutdown to Agent
D 2022-05-19 23:58:51.231834 [Main] {Main} Shutting down game provider
D 2022-05-19 23:58:51.231853 [Main] {Main} Shutting down battle.net interface
D 2022-05-19 23:58:51.232077 [Main] {Main} Shutting down callback queue
D 2022-05-19 23:58:51.232099 [WebServer] {Main} Shutting down WebServerImpl
D 2022-05-19 23:58:51.232265 [WebServer] {Main} WebServerImpl is stopped
D 2022-05-19 23:58:51.339686 [DIAG_BNL_Voice] {Main} {3564} debug: Notification client reference removed: 0
