I 2022-05-16 17:40:43.808458 [Main] {Main} Logging started for Battle.net build 2.12.1.13458
I 2022-05-16 17:40:43.808932 [Configuration] {Main} SharedConfigRoot: C:\ProgramData\Battle.net
I 2022-05-16 17:40:43.809356 [Configuration] {Main} RoamingConfigRoot: C:\Users\sdean\AppData\Roaming\Battle.net
I 2022-05-16 17:40:43.809377 [Configuration] {Main} LocalConfigRoot: C:\Users\sdean\AppData\Local\Battle.net
D 2022-05-16 17:40:43.809564 [Configuration] {Main} Searching for config file: C:\Program Files (x86)\Battle.net\Battle.net.13458\Battle.net.config
D 2022-05-16 17:40:43.809637 [Configuration] {Main} Searching for config file: C:\Program Files (x86)\Battle.net\Battle.net.config
D 2022-05-16 17:40:43.816196 [Configuration] {Main} User Configuration File: C:\Users\sdean\AppData\Roaming\Battle.net\Battle.net.config
I 2022-05-16 17:40:43.818876 [Main] {Main} Command line arguments: {[0]=--autostarted}
I 2022-05-16 17:40:43.822538 [Main] {Main} Opening IPC shared memory. queueName=User:sdean:Battle.net IPC ShMem mode=server
I 2022-05-16 17:40:43.997380 [Frontend] {Main} Supplying list of renderers: d3d11,warp,desktop
I 2022-05-16 17:40:44.662629 [LocalizationData] {Main} 21 language(s) loaded from languages.xml, default=enUS
D 2022-05-16 17:40:44.936650 [Main] {Main} Adding application font: resources/fonts/BlizzardReg.ttf
D 2022-05-16 17:40:44.939310 [Main] {Main} Adding application font: resources/fonts/BlizzardLig.ttf
D 2022-05-16 17:40:44.940653 [Main] {Main} Adding application font: resources/fonts/BlizzardBol.ttf
D 2022-05-16 17:40:44.941811 [Main] {Main} Adding application font: resources/fonts/NotoSans-Bold.ttf
D 2022-05-16 17:40:44.947995 [Main] {Main} Adding application font: resources/fonts/NotoSans-BoldItalic.ttf
D 2022-05-16 17:40:44.952539 [Main] {Main} Adding application font: resources/fonts/NotoSans-Italic.ttf
D 2022-05-16 17:40:44.957261 [Main] {Main} Adding application font: resources/fonts/NotoSans-Regular.ttf
D 2022-05-16 17:40:44.961696 [Main] {Main} Adding application font: resources/fonts/ObjectSans-Bold.ttf
D 2022-05-16 17:40:44.963462 [Main] {Main} Adding application font: resources/fonts/ObjectSans-Medium.ttf
D 2022-05-16 17:40:46.959726 [Main] {Main} Setting font to: Blizzard
I 2022-05-16 17:40:46.960543 [CacheManager] {Main} Local storage cache at: C:\Users\sdean\AppData\Local\Battle.net\Cache
I 2022-05-16 17:40:46.966047 [Main] {Main} Opened database at: C:\Users\sdean\AppData\Local\Battle.net\CachedData.db
D 2022-05-16 17:40:46.970328 [Agent] {Main} PolicyHandler Thread STARTED
D 2022-05-16 17:40:46.970338 [Agent] {Agent} PolicyHandlerThreadProc: I shall in all my best obey you.
I 2022-05-16 17:40:47.106427 [DIAG_BNL_Voice] {Main} Audio device monitor using already-initialized COM
I 2022-05-16 17:40:47.108478 [VoiceSessionBroker] {Main} Global voice is on
I 2022-05-16 17:40:47.109173 [Main] {Main} Execution environment changed. environment=EE_STANDARD
I 2022-05-16 17:40:47.110209 [CatalogManager] {Main} Loaded catalog hash from the database cache. hash=52620718d7cbb2e2483d7c76a28b093c
I 2022-05-16 17:40:47.111243 [CatalogManager] {Main} Built-in catalog hash (catalog/digesthash.txt): c319a16fec5b30d46e019fdbb76bc472
I 2022-05-16 17:40:47.111434 [CatalogManager] {Main} Built-in catalog hash (catalog/signaturehash.txt): b867c010407867bec877fedcc415a332
I 2022-05-16 17:40:47.111493 [CatalogLoader] {Main} *** LOAD STARTED default: Context(LocalCAS: 52620718d7cbb2e2483d7c76a28b093c I) ***
E 2022-05-16 17:40:47.282215 [CatalogLoader] {Main} Fetch result for 8ccae4e454e5b63a2d276013ba47d69c failed with: 10
W 2022-05-16 17:40:47.282257 [CatalogLoader] {Main} LoadedFragmentData state change. id=auks_auks state=DoneWithError
W 2022-05-16 17:40:47.282272 [CatalogLoader] {Main} LoadedFragmentData state change. id=default state=DoneWithError
E 2022-05-16 17:40:47.282282 [CatalogLoader] {Main} An error occurred loading from fragment: default err=105
E 2022-05-16 17:40:47.283347 [CatalogLoader] {Main} *** LOAD FAILED default: 105 ***
E 2022-05-16 17:40:47.969542 [CatalogLoader] {Main} Fetch result for 94e9911c1d2df8fad2a5bc7f3563f0f3 failed with: 10
W 2022-05-16 17:40:47.969570 [CatalogLoader] {Main} LoadedFragmentData state change. id=fenris_fenris state=DoneWithError
I 2022-05-16 17:40:49.757457 [Agent] {Agent} Agent Version is now: 2.27.0.7779 (retail)
I 2022-05-16 17:40:49.760275 [GameSessionList] {Agent} Reporting process: TrackingInfo(uid=battle.net, type=game, opStatus=On, reqId=0, running=1, oldRunning=0)
D 2022-05-16 17:40:49.762931 [Agent] {Agent} GameResource created for uid: agent
D 2022-05-16 17:40:49.763032 [Agent] {Agent} GameResource created for uid: battle.net
D 2022-05-16 17:40:49.763092 [Agent] {Agent} GameResource created for uid: odin
W 2022-05-16 17:40:49.786455 [CatalogManager] {Main} Failed to load initial catalog: hash=52620718d7cbb2e2483d7c76a28b093c result=105
I 2022-05-16 17:40:49.810347 [CatalogLoader] {Main} *** LOAD STARTED default: Context(LocalCAS: c319a16fec5b30d46e019fdbb76bc472 I) ***
I 2022-05-16 17:40:50.026326 [CatalogLoader] {Main} Removing stale fragment: auks_auks
I 2022-05-16 17:40:50.026366 [CatalogLoader] {Main} Removing stale fragment: fenris_fenris
I 2022-05-16 17:40:50.026383 [CatalogLoader] {Main} Removing stale fragment: gryphon
I 2022-05-16 17:40:50.026480 [CatalogLoader] {Main} Removing stale fragment: gryphon_mobile
I 2022-05-16 17:40:50.026503 [CatalogLoader] {Main} Removing stale fragment: gryphon_disable
W 2022-05-16 17:40:50.026808 [FeatureManager] {Main} Feature 'battle.net_http_request_0_c6caed0e' depends on missing feature 'http_test'
E 2022-05-16 17:40:50.026826 [FeatureManager] {Main} Feature 'battle.net_http_request_0_c6caed0e' has dependency errors and will not respond to dependency changes
I 2022-05-16 17:40:50.026873 [FeatureManager] {Main} Moving feature record from active to inactive: whisper_voice
I 2022-05-16 17:40:50.026888 [FeatureManager] {Main} Moving feature record from active to inactive: trace_route
I 2022-05-16 17:40:50.026899 [FeatureManager] {Main} Moving feature record from active to inactive: mapped_urls
I 2022-05-16 17:40:50.026914 [FeatureManager] {Main} Feature changed: fore_limited_alpha_f6824657=true
I 2022-05-16 17:40:50.026939 [FeatureManager] {Main} Feature changed: fore_buy_now_fore_fef83a73=true
I 2022-05-16 17:40:50.026958 [FeatureManager] {Main} Feature changed: zeus_refresh_without_license_b63211e4=true
I 2022-05-16 17:40:50.026980 [FeatureManager] {Main} Feature changed: hearthstone_limited_event_57b4aca6=true
I 2022-05-16 17:40:50.026997 [FeatureManager] {Main} Feature changed: lazarus_show_on_beta_5bbf784c=true
I 2022-05-16 17:40:50.027015 [FeatureManager] {Main} Feature changed: odin_deprecate_event_21bf1dc9=true
I 2022-05-16 17:40:50.027029 [FeatureManager] {Main} Feature changed: odin_show_on_beta_5bbf784c=true
I 2022-05-16 17:40:50.027047 [FeatureManager] {Main} Feature changed: odin_upgrade_from_odin_fef83a73=true
I 2022-05-16 17:40:50.027065 [FeatureManager] {Main} Feature changed: osi_limited_install_773b93da=true
I 2022-05-16 17:40:50.027078 [FeatureManager] {Main} Feature changed: osi_limited_product_d9fa6516=true
I 2022-05-16 17:40:50.027097 [FeatureManager] {Main} Feature changed: overwatch_trial_8df428bf=true
I 2022-05-16 17:40:50.027112 [FeatureManager] {Main} Feature changed: viper_show_on_beta_5bbf784c=true
I 2022-05-16 17:40:50.027128 [FeatureManager] {Main} Feature changed: warcraft_iii_upgrade_05e4b09b=true
I 2022-05-16 17:40:50.027141 [FeatureManager] {Main} Feature changed: wlby_show_on_beta_5bbf784c=true
I 2022-05-16 17:40:50.027163 [FeatureManager] {Main} Feature changed: zeus_show_on_beta_5bbf784c=true
I 2022-05-16 17:40:50.040120 [FeatureManager] {Main} Feature changed: cts_takeovers=true
I 2022-05-16 17:40:50.040152 [FeatureManager] {Main} Feature changed: clear_chat_history=true
I 2022-05-16 17:40:50.040160 [FeatureManager] {Main} Feature changed: mentions=true
I 2022-05-16 17:40:50.040172 [FeatureManager] {Main} Feature changed: shop_wish_list=true
I 2022-05-16 17:40:50.040182 [FeatureManager] {Main} Feature changed: activision_auto_account_creation=true
I 2022-05-16 17:40:50.040189 [FeatureManager] {Main} Feature changed: suggested_group_members=true
I 2022-05-16 17:40:50.040201 [FeatureManager] {Main} Feature changed: friend_request_management=true
I 2022-05-16 17:40:50.040207 [FeatureManager] {Main} Feature changed: link_previews=true
I 2022-05-16 17:40:50.040213 [FeatureManager] {Main} Feature changed: sms_protect_requirements=true
I 2022-05-16 17:40:50.040229 [FeatureManager] {Main} Feature changed: social_tab=true
I 2022-05-16 17:40:50.040236 [FeatureManager] {Main} Feature changed: auto_update_optimization=true
I 2022-05-16 17:40:50.040241 [FeatureManager] {Main} Feature changed: embedded_web_view=true
I 2022-05-16 17:40:50.040247 [FeatureManager] {Main} Feature changed: collapsible_social_panel=true
I 2022-05-16 17:40:50.040253 [FeatureManager] {Main} Feature changed: blizzard_profiles=true
I 2022-05-16 17:40:50.040262 [FeatureManager] {Main} Feature changed: group_privacy_settings=true
I 2022-05-16 17:40:50.040269 [FeatureManager] {Main} Feature changed: cn_age_alert=true
I 2022-05-16 17:40:50.040276 [FeatureManager] {Main} Feature changed: all_games_v2=true
I 2022-05-16 17:40:50.040281 [FeatureManager] {Main} Feature changed: all_games_new_badge=true
I 2022-05-16 17:40:50.040287 [FeatureManager] {Main} Feature changed: appear_offline=true
I 2022-05-16 17:40:50.040293 [FeatureManager] {Main} Feature changed: refresh_toast=true
I 2022-05-16 17:40:50.040299 [FeatureManager] {Main} Feature changed: app_feedback_dialog=true
I 2022-05-16 17:40:50.040305 [FeatureManager] {Main} Feature changed: browser_main_window=true
I 2022-05-16 17:40:50.040317 [FeatureManager] {Main} Feature changed: chat_giphy=true
I 2022-05-16 17:40:50.040326 [FeatureManager] {Main} Feature changed: content_ui=true
I 2022-05-16 17:40:50.040332 [FeatureManager] {Main} Feature changed: multichats=true
I 2022-05-16 17:40:50.041109 [FeatureManager] {Main} Feature changed: content_ui_web_view=true
I 2022-05-16 17:40:50.041132 [FeatureManager] {Main} Feature changed: first_time_experience=true
I 2022-05-16 17:40:50.041140 [FeatureManager] {Main} Feature changed: friends_list_popout=true
I 2022-05-16 17:40:50.041146 [FeatureManager] {Main} Feature changed: gift_inventory=true
I 2022-05-16 17:40:50.041152 [FeatureManager] {Main} Feature changed: global_legendary_promos=true
I 2022-05-16 17:40:50.041159 [FeatureManager] {Main} Feature changed: refresh_friend_tooltip=true
I 2022-05-16 17:40:50.041170 [FeatureManager] {Main} Feature changed: http_test=true tags=http_request_0
I 2022-05-16 17:40:50.041180 [FeatureManager] {Main} Feature changed: non_friend_whispers=true
I 2022-05-16 17:40:50.041187 [FeatureManager] {Main} Feature changed: notification_center=true
I 2022-05-16 17:40:50.041193 [FeatureManager] {Main} Feature changed: playscreen_migrate_cms=true
I 2022-05-16 17:40:50.041199 [FeatureManager] {Main} Feature changed: shared_container_installs=true
I 2022-05-16 17:40:50.041205 [FeatureManager] {Main} Feature changed: sc2_account_selection_dialog=true
I 2022-05-16 17:40:50.041212 [FeatureManager] {Main} Feature changed: suggested_facebook_friends=true
I 2022-05-16 17:40:50.041224 [FeatureManager] {Main} Feature changed: whisper_voice=true
I 2022-05-16 17:40:50.041236 [FeatureManager] {Main} Feature changed: battle.net_http_request_0_c6caed0e=true
D 2022-05-16 17:40:50.041382 [Configuration] {Main} Searching for config file: C:\Program Files (x86)\Battle.net\Battle.net.13458\Environments.yaml
D 2022-05-16 17:40:50.041469 [Configuration] {Main} Searching for config file: C:\Program Files (x86)\Battle.net\Environments.yaml
I 2022-05-16 17:40:50.041512 [EnvironmentManager] {Main} Login parameters changed: address=us.actual.battle.net:1119 region=US
D 2022-05-16 17:40:50.063110 [CatalogVarStorage] {Main} Setting var from catalog Browser.DisableSiteIsolation=true
D 2022-05-16 17:40:50.063150 [CatalogVarStorage] {Main} Setting var from catalog Client.AccountHintRequiredProgramIds=ANBS
D 2022-05-16 17:40:50.063162 [CatalogVarStorage] {Main} Setting var from catalog Client.ActivisionAutoAccountCreation.Games=ODIN,ZEUS,FORE,AUKS
D 2022-05-16 17:40:50.063172 [CatalogVarStorage] {Main} Setting var from catalog Client.Shop.SaleNotificationEnabled=false
D 2022-05-16 17:40:50.063181 [CatalogVarStorage] {Main} Setting var from catalog Client.OwlScreen.LiveCheckIntervalMS=300000
D 2022-05-16 17:40:50.063207 [CatalogVarStorage] {Main} Setting var from catalog Client.Announcements.MaximumAnnouncements=20
D 2022-05-16 17:40:50.063220 [CatalogVarStorage] {Main} Setting var from catalog Client.NewProfileWindowLayout=true
D 2022-05-16 17:40:50.063230 [CatalogVarStorage] {Main} Setting var from catalog Client.PromotedScreenVersion=3
D 2022-05-16 17:40:50.063238 [CatalogVarStorage] {Main} Setting var from catalog Client.Shop.SaleNotificationVersion=6
D 2022-05-16 17:40:50.063251 [CatalogVarStorage] {Main} Setting var from catalog Client.Version.BetaAccessOverride=enabled
I 2022-05-16 17:40:50.063261 [VersionManager] {Main} Beta Access: enabled
D 2022-05-16 17:40:50.063269 [CatalogVarStorage] {Main} Setting var from catalog Client.Version.BetaBranchOverride=beta
D 2022-05-16 17:40:50.063282 [CatalogVarStorage] {Main} Setting var from catalog Services.WhisperChannels.InactivityTimeoutMS=0
I 2022-05-16 17:40:50.069387 [CatalogLoader] {Main} *** LOAD COMPLETE default ***
I 2022-05-16 17:40:50.069433 [CatalogManager] {Main} Loaded initial catalog: hash=c319a16fec5b30d46e019fdbb76bc472
I 2022-05-16 17:40:50.239939 [WebServer] {Backend:0} Listening on port 22885
I 2022-05-16 17:40:50.483270 [Main] {Main} Attempting to fetch WidevineCDM: 1
D 2022-05-16 17:40:50.496046 [UI] {Main} Fixup allowed regions and locales. installedRegion=US allowedRegions= allowedLocales=
I 2022-05-16 17:40:50.496677 [ToastManager] {Main} Toasts are enabled in ClientSettings
D 2022-05-16 17:40:50.503216 [ProductState] {Main} Game product state created: uid=
D 2022-05-16 17:40:50.503308 [ProductState] {Main} InstallState (): currentOperation=Install currentOperationStatus=New
I 2022-05-16 17:40:50.526395 [Main] {Main} Application path is: C:\Program Files (x86)\Battle.net\Battle.net.exe
I 2022-05-16 17:40:50.752227 [ClientServiceAlertMonitor] {Main} Breaking News url has changed. url=https://nydus.battle.net/App/esES/client/App/alert?targetRegion=US
D 2022-05-16 17:40:50.752430 [RemoteContentCache] {Main} Found cached remote content. url=https://nydus.battle.net/App/esES/client/App/alert?targetRegion=US
I 2022-05-16 17:40:50.756058 [ClientServiceAlertMonitor] {Main} Maintenance url has changed. url=https://nydus.battle.net/App/esES/client/App/maintenance?targetRegion=US
D 2022-05-16 17:40:50.756254 [RemoteContentCache] {Main} Found cached remote content. url=https://nydus.battle.net/App/esES/client/App/maintenance?targetRegion=US
I 2022-05-16 17:40:50.758820 [Frontend] {Main} Public Computer state changed. is_public=false
D 2022-05-16 17:40:50.758847 [Frontend] {Main} Session id changed. session_id=12077517800864704088
D 2022-05-16 17:40:50.758914 [Frontend] {Main} Tracking info changed. client_id=1440039363.1625153260, user_agent=
I 2022-05-16 17:40:50.793374 [HighDpiManager] {Main} High dpi support available changed: 0
I 2022-05-16 17:40:50.793393 [Frontend] {Main} High dpi support: disabled
D 2022-05-16 17:40:50.793949 [Main] {WorkerPool:0} Checking permissions on path: C:\ProgramData\Battle.net\Setup depth=-1
D 2022-05-16 17:40:50.794932 [Main] {WorkerPool:0} Checking permissions on path: C:\ProgramData\Battle.net\Agent depth=1
D 2022-05-16 17:40:50.797675 [Main] {WorkerPool:0} Checking permissions on path: C:\ProgramData\Battle.net\Agent\Agent.7661 depth=1
D 2022-05-16 17:40:50.798289 [Main] {WorkerPool:0} Checking permissions on path: C:\ProgramData\Battle.net\Agent\Agent.7779 depth=1
D 2022-05-16 17:40:50.798779 [Main] {WorkerPool:0} Checking permissions on path: C:\ProgramData\Blizzard Entertainment depth=2
I 2022-05-16 17:40:51.585974 [FeatureManager] {Main} Feature changed: install_packages=true
I 2022-05-16 17:40:51.586018 [FeatureManager] {Main} Feature changed: modify_install=true
I 2022-05-16 17:40:51.586499 [Agent] {Main} AgentManager is now initialized
I 2022-05-16 17:40:51.586523 [InstallManager] {Main} Install manager is now initialized
D 2022-05-16 17:40:51.586559 [InstallManager] {Main} Selecting best game install data for game battle.net: savedUid=battle.net originalUid=<none> newUid=battle.net
D 2022-05-16 17:40:51.586592 [InstallInfo] {Main} InstallInfo agent association has been changed: uid=battle.net agentUid=battle.net
D 2022-05-16 17:40:51.586631 [InstallManager] {Main} Selecting best game install data for game odin: savedUid=odin originalUid=<none> newUid=odin
D 2022-05-16 17:40:51.586648 [InstallInfo] {Main} InstallInfo agent association has been changed: uid=odin agentUid=odin
D 2022-05-16 17:40:51.586754 [ProductState] {Main} Game product state created: uid=odin
D 2022-05-16 17:40:51.586966 [ProductState] {Main} InstallState (odin): currentOperation=Update currentOperationStatus=New installed=1 optionalPackageInstalled=1 installPath=C:/Program Files (x86)/Call of Duty Modern Warfare canCreateShortcut=1 selectedRegion=us activeConfigKey=e5a715efe23d4f4dfbd919e511e633c7 regionalVersions=(eu: {playable:false config_key:c5dcafb637755b8f7398230f6e677303}, kr: {playable:false config_key:c5dcafb637755b8f7398230f6e677303}, us: {playable:false config_key:c5dcafb637755b8f7398230f6e677303}) localVersion=1.39.2.9769220 latestVersion=1.15315e+07 progress=1
D 2022-05-16 17:40:51.587024 [Agent] {Main} Versioning is now enabled
D 2022-05-16 17:40:51.587064 [Agent] {Main} Triggering game versioning: battle.net
D 2022-05-16 17:40:51.587110 [Agent] {Main} Triggering game versioning: odin
D 2022-05-16 17:40:51.588658 [InstallManager] {Main} Sending a queued OnProcessPidsUpdated notification: agentUid=battle.net binaryType=game
D 2022-05-16 17:40:51.588715 [InstallManager] {Main} Sending a queued OnProcessRunning notification: agentUid=battle.net binaryType=game
I 2022-05-16 17:40:51.588738 [InstallManager] {Main} Setting Process Running: true uid=battle.net binaryType=game any=true
D 2022-05-16 17:40:51.588767 [InstallInfo] {Main} Operation status changed: opType=Execute oldStatus=Off newStatus=On agentUid=battle.net
I 2022-05-16 17:40:51.610486 [CatalogLoader] {Main} *** LOAD STARTED default: Context(LocalCAS: c319a16fec5b30d46e019fdbb76bc472 I) ***
I 2022-05-16 17:40:51.702114 [FeatureManager] {Main} Moving feature record from active to inactive: overwatch_league_tab
I 2022-05-16 17:40:51.702167 [FeatureManager] {Main} Moving feature record from active to inactive: blizzcon_tab
D 2022-05-16 17:40:51.750066 [CatalogVarStorage] {Main} Setting var from catalog Browser.DisableSiteIsolation=true
D 2022-05-16 17:40:51.750126 [CatalogVarStorage] {Main} Setting var from catalog Client.AccountHintRequiredProgramIds=ANBS
D 2022-05-16 17:40:51.750192 [CatalogVarStorage] {Main} Setting var from catalog Client.ActivisionAutoAccountCreation.Games=ODIN,ZEUS,FORE,AUKS
D 2022-05-16 17:40:51.750242 [CatalogVarStorage] {Main} Setting var from catalog Client.Shop.SaleNotificationEnabled=false
D 2022-05-16 17:40:51.750266 [CatalogVarStorage] {Main} Setting var from catalog Client.OwlScreen.LiveCheckIntervalMS=300000
D 2022-05-16 17:40:51.750394 [CatalogVarStorage] {Main} Setting var from catalog Client.Announcements.MaximumAnnouncements=20
D 2022-05-16 17:40:51.750448 [CatalogVarStorage] {Main} Setting var from catalog Client.NewProfileWindowLayout=true
D 2022-05-16 17:40:51.750514 [CatalogVarStorage] {Main} Setting var from catalog Client.PromotedScreenVersion=3
D 2022-05-16 17:40:51.750909 [CatalogVarStorage] {Main} Setting var from catalog Client.Shop.SaleNotificationVersion=6
D 2022-05-16 17:40:51.750970 [CatalogVarStorage] {Main} Setting var from catalog Client.Version.BetaAccessOverride=enabled
D 2022-05-16 17:40:51.750995 [CatalogVarStorage] {Main} Setting var from catalog Client.Version.BetaBranchOverride=beta
D 2022-05-16 17:40:51.751015 [CatalogVarStorage] {Main} Setting var from catalog Services.WhisperChannels.InactivityTimeoutMS=0
D 2022-05-16 17:40:51.751039 [CatalogVarStorage] {Main} Setting var from catalog Services.HTTPClient.ConnectionTimeoutMS=0
I 2022-05-16 17:40:51.764012 [CatalogLoader] {Main} *** LOAD COMPLETE default ***
I 2022-05-16 17:40:51.788209 [Main] {Main} Cached WidevineCDM is up-to-date: 4.10.2449.0
I 2022-05-16 17:40:51.788417 [Registry] {Main} Failed to delete token from registry|error=ERROR_REGISTRY_OPEN_KEY_ERROR (12001)
I 2022-05-16 17:40:52.107291 [UnifiedAuth] {Main} UAuth: setting url: https://us.battle.net/login/es/logout?ref=https://us.battle.net/login/es/login.app?app=app reason: reset
D 2022-05-16 17:40:52.173381 [ClientServiceAlertMonitor] {Main} Service alert monitor force update requested
D 2022-05-16 17:40:52.173423 [ClientServiceAlertMonitor] {Main} Breaking News update requested
D 2022-05-16 17:40:52.173441 [ClientServiceAlertMonitor] {Main} Maintenance update requested
D 2022-05-16 17:40:52.393695 [InstallManager] {Main} Game finished versioning odin
I 2022-05-16 17:40:52.394736 [CacheManager] {Main} CacheManager is now initialized
I 2022-05-16 17:40:52.394773 [TactVersionWatcher] {Main} Fetched new tact metadata. productCode=catalogs region=us branch=PUB-29 version=2154 seq=225 buildConfig=609dffe59fc00cf370fbe3583129fc25
I 2022-05-16 17:40:52.658617 [DIAG_BuildConfig] {Main} no 'encoding' key in build configuration '609dffe59fc00cf370fbe3583129fc25', selecting plain-data mode
I 2022-05-16 17:40:52.658656 [CatalogLoader] {Main} *** LOAD STARTED default: Context(RemoteCAS: 3ec9ee5b1179fdfe0ef896c317858c69|tpr/catalogs/data) ***
I 2022-05-16 17:40:53.418450 [FeatureManager] {Main} Feature changed: gryphon_mobile_449148fc=true
D 2022-05-16 17:40:53.427341 [ProductManager] {Main} Product modified: ANBS ProductChangeFlags(starter_items)
D 2022-05-16 17:40:53.427411 [ProductManager] {Main} Product modified: D3 ProductChangeFlags(quick_links,starter_items)
D 2022-05-16 17:40:53.427426 [ProductManager] {Main} Product modified: D3CN ProductChangeFlags(quick_links)
D 2022-05-16 17:40:53.427436 [ProductManager] {Main} Product modified: D3X0 ProductChangeFlags(quick_links,starter_items)
D 2022-05-16 17:40:53.427444 [ProductManager] {Main} Product modified: D3X1 ProductChangeFlags(quick_links,starter_items)
D 2022-05-16 17:40:53.427451 [ProductManager] {Main} Product modified: FORE ProductChangeFlags(quick_links,starter_items)
D 2022-05-16 17:40:53.427460 [ProductManager] {Main} Product modified: Hero ProductChangeFlags(quick_links,starter_items)
D 2022-05-16 17:40:53.427468 [ProductManager] {Main} Product modified: LAZR ProductChangeFlags(quick_links,starter_items)
D 2022-05-16 17:40:53.427478 [ProductManager] {Main} Product modified: ODIN ProductChangeFlags(quick_links,starter_items)
D 2022-05-16 17:40:53.427486 [ProductManager] {Main} Product modified: ODIN_MW ProductChangeFlags(quick_links,starter_items)
D 2022-05-16 17:40:53.427495 [ProductManager] {Main} Product modified: OSI ProductChangeFlags(quick_links,starter_items)
D 2022-05-16 17:40:53.427503 [ProductManager] {Main} Product modified: Pro ProductChangeFlags(quick_links,starter_items)
D 2022-05-16 17:40:53.427514 [ProductManager] {Main} Product modified: RTRO ProductChangeFlags(quick_links,starter_items)
D 2022-05-16 17:40:53.427523 [ProductManager] {Main} Product modified: S1 ProductChangeFlags(quick_links,starter_items)
D 2022-05-16 17:40:53.427531 [ProductManager] {Main} Product modified: S2 ProductChangeFlags(quick_links,starter_items)
D 2022-05-16 17:40:53.427538 [ProductManager] {Main} Product modified: VIPR ProductChangeFlags(quick_links,starter_items)
D 2022-05-16 17:40:53.427548 [ProductManager] {Main} Product modified: W3 ProductChangeFlags(quick_links,starter_items)
D 2022-05-16 17:40:53.427555 [ProductManager] {Main} Product modified: WLBY ProductChangeFlags(quick_links,starter_items)
D 2022-05-16 17:40:53.427563 [ProductManager] {Main} Product modified: WTCG ProductChangeFlags(quick_links,starter_items)
D 2022-05-16 17:40:53.427572 [ProductManager] {Main} Product modified: WoW ProductChangeFlags(quick_links,starter_items)
D 2022-05-16 17:40:53.427580 [ProductManager] {Main} Product modified: WoWC ProductChangeFlags(starter_items)
D 2022-05-16 17:40:53.427588 [ProductManager] {Main} Product modified: WoWX7 ProductChangeFlags(quick_links,starter_items)
D 2022-05-16 17:40:53.427595 [ProductManager] {Main} Product modified: WoWX8 ProductChangeFlags(quick_links,starter_items)
D 2022-05-16 17:40:53.427604 [ProductManager] {Main} Product modified: ZEUS ProductChangeFlags(quick_links,starter_items)
D 2022-05-16 17:40:53.427635 [ProductManager] {Main} Products updated
D 2022-05-16 17:40:53.428648 [ProductManager] {Main} Product modified: ANBS ProductChangeFlags(starter_items)
D 2022-05-16 17:40:53.428665 [ProductManager] {Main} Product modified: D3 ProductChangeFlags(quick_links,starter_items)
D 2022-05-16 17:40:53.428674 [ProductManager] {Main} Product modified: D3CN ProductChangeFlags(quick_links)
D 2022-05-16 17:40:53.428682 [ProductManager] {Main} Product modified: D3X0 ProductChangeFlags(quick_links,starter_items)
D 2022-05-16 17:40:53.428691 [ProductManager] {Main} Product modified: D3X1 ProductChangeFlags(quick_links,starter_items)
D 2022-05-16 17:40:53.428700 [ProductManager] {Main} Product modified: FORE ProductChangeFlags(quick_links,starter_items)
D 2022-05-16 17:40:53.428708 [ProductManager] {Main} Product modified: Hero ProductChangeFlags(quick_links,starter_items)
D 2022-05-16 17:40:53.428717 [ProductManager] {Main} Product modified: LAZR ProductChangeFlags(quick_links,starter_items)
D 2022-05-16 17:40:53.428726 [ProductManager] {Main} Product modified: ODIN ProductChangeFlags(quick_links,starter_items)
D 2022-05-16 17:40:53.428734 [ProductManager] {Main} Product modified: ODIN_MW ProductChangeFlags(quick_links,starter_items)
D 2022-05-16 17:40:53.428742 [ProductManager] {Main} Product modified: OSI ProductChangeFlags(quick_links,starter_items)
D 2022-05-16 17:40:53.428751 [ProductManager] {Main} Product modified: Pro ProductChangeFlags(quick_links,starter_items)
D 2022-05-16 17:40:53.428758 [ProductManager] {Main} Product modified: RTRO ProductChangeFlags(quick_links,starter_items)
D 2022-05-16 17:40:53.428767 [ProductManager] {Main} Product modified: S1 ProductChangeFlags(quick_links,starter_items)
D 2022-05-16 17:40:53.428776 [ProductManager] {Main} Product modified: S2 ProductChangeFlags(quick_links,starter_items)
D 2022-05-16 17:40:53.428784 [ProductManager] {Main} Product modified: VIPR ProductChangeFlags(quick_links,starter_items)
D 2022-05-16 17:40:53.428794 [ProductManager] {Main} Product modified: W3 ProductChangeFlags(quick_links,starter_items)
D 2022-05-16 17:40:53.428802 [ProductManager] {Main} Product modified: WLBY ProductChangeFlags(quick_links,starter_items)
D 2022-05-16 17:40:53.428811 [ProductManager] {Main} Product modified: WTCG ProductChangeFlags(quick_links,starter_items)
D 2022-05-16 17:40:53.428820 [ProductManager] {Main} Product modified: WoW ProductChangeFlags(quick_links,starter_items)
D 2022-05-16 17:40:53.428828 [ProductManager] {Main} Product modified: WoWC ProductChangeFlags(starter_items)
D 2022-05-16 17:40:53.428836 [ProductManager] {Main} Product modified: WoWX7 ProductChangeFlags(quick_links,starter_items)
D 2022-05-16 17:40:53.428844 [ProductManager] {Main} Product modified: WoWX8 ProductChangeFlags(quick_links,starter_items)
D 2022-05-16 17:40:53.428852 [ProductManager] {Main} Product modified: ZEUS ProductChangeFlags(quick_links,starter_items)
D 2022-05-16 17:40:53.428875 [ProductManager] {Main} Products updated
D 2022-05-16 17:40:53.449678 [ProductManager] {Main} Product added: id=GRY
D 2022-05-16 17:40:53.449718 [GameProvider] {Main} Inserting new unbound entity because no suitable match was found. uniqueId=GRY_retail
D 2022-05-16 17:40:53.451096 [ProductManager] {Main} Product added: id=WoWX2
D 2022-05-16 17:40:53.453979 [ProductManager] {Main} Product modified: ANBS ProductChangeFlags(tab_order)
D 2022-05-16 17:40:53.454022 [ProductManager] {Main} Product modified: D3 ProductChangeFlags(tab_order)
D 2022-05-16 17:40:53.454039 [ProductManager] {Main} Product modified: D3CN ProductChangeFlags(tab_order)
D 2022-05-16 17:40:53.454058 [ProductManager] {Main} Product modified: D3X0 ProductChangeFlags(tab_order)
D 2022-05-16 17:40:53.454072 [ProductManager] {Main} Product modified: D3X1 ProductChangeFlags(tab_order)
D 2022-05-16 17:40:53.454084 [ProductManager] {Main} Product modified: FORE ProductChangeFlags(tab_order)
D 2022-05-16 17:40:53.454102 [ProductManager] {Main} Product modified: Hero ProductChangeFlags(tab_order)
D 2022-05-16 17:40:53.454120 [ProductManager] {Main} Product modified: LAZR ProductChangeFlags(tab_order)
D 2022-05-16 17:40:53.454135 [ProductManager] {Main} Product modified: ODIN ProductChangeFlags(tab_order)
D 2022-05-16 17:40:53.454151 [ProductManager] {Main} Product modified: ODIN_MW ProductChangeFlags(tab_order)
D 2022-05-16 17:40:53.454167 [ProductManager] {Main} Product modified: OSI ProductChangeFlags(tab_order)
D 2022-05-16 17:40:53.454183 [ProductManager] {Main} Product modified: Pro ProductChangeFlags(tab_order,quick_links)
D 2022-05-16 17:40:53.454203 [ProductManager] {Main} Product modified: RTRO ProductChangeFlags(tab_order)
D 2022-05-16 17:40:53.454221 [ProductManager] {Main} Product modified: S1 ProductChangeFlags(tab_order)
D 2022-05-16 17:40:53.454238 [ProductManager] {Main} Product modified: S2 ProductChangeFlags(tab_order)
D 2022-05-16 17:40:53.454252 [ProductManager] {Main} Product modified: VIPR ProductChangeFlags(tab_order)
D 2022-05-16 17:40:53.454267 [ProductManager] {Main} Product modified: W3 ProductChangeFlags(tab_order)
D 2022-05-16 17:40:53.454284 [ProductManager] {Main} Product modified: WLBY ProductChangeFlags(tab_order)
D 2022-05-16 17:40:53.454298 [ProductManager] {Main} Product modified: WTCG ProductChangeFlags(tab_order,mobile_qr_code_text)
D 2022-05-16 17:40:53.454316 [ProductManager] {Main} Product modified: WoW ProductChangeFlags(tab_order)
D 2022-05-16 17:40:53.454336 [ProductManager] {Main} Product modified: WoWC ProductChangeFlags(tab_order)
D 2022-05-16 17:40:53.454352 [ProductManager] {Main} Product modified: WoWX2 ProductChangeFlags(name,type_name,selector_display_name,deprecated,tab_order,logo_v2,game_background,region_permission_flags,override_product_id)
D 2022-05-16 17:40:53.454375 [ProductManager] {Main} Product modified: WoWX7 ProductChangeFlags(tab_order)
D 2022-05-16 17:40:53.454388 [ProductManager] {Main} Product modified: WoWX8 ProductChangeFlags(tab_order)
D 2022-05-16 17:40:53.454401 [ProductManager] {Main} Product modified: ZEUS ProductChangeFlags(tab_order)
D 2022-05-16 17:40:53.454434 [ProductManager] {Main} Products updated
D 2022-05-16 17:40:53.455655 [CatalogVarStorage] {Main} Setting var from catalog Browser.DisableSiteIsolation=true
D 2022-05-16 17:40:53.455686 [CatalogVarStorage] {Main} Setting var from catalog Client.AccountHintRequiredProgramIds=ANBS
D 2022-05-16 17:40:53.455698 [CatalogVarStorage] {Main} Setting var from catalog Client.ActivisionAutoAccountCreation.Games=ODIN,ZEUS,FORE,AUKS
D 2022-05-16 17:40:53.455707 [CatalogVarStorage] {Main} Setting var from catalog Client.Shop.SaleNotificationEnabled=false
D 2022-05-16 17:40:53.455718 [CatalogVarStorage] {Main} Setting var from catalog Client.OwlScreen.LiveCheckIntervalMS=300000
D 2022-05-16 17:40:53.455737 [CatalogVarStorage] {Main} Setting var from catalog Client.Announcements.MaximumAnnouncements=20
D 2022-05-16 17:40:53.455748 [CatalogVarStorage] {Main} Setting var from catalog Client.NewProfileWindowLayout=true
D 2022-05-16 17:40:53.455759 [CatalogVarStorage] {Main} Setting var from catalog Client.PromotedScreenVersion=3
D 2022-05-16 17:40:53.455767 [CatalogVarStorage] {Main} Setting var from catalog Client.Shop.SaleNotificationVersion=6
D 2022-05-16 17:40:53.455777 [CatalogVarStorage] {Main} Setting var from catalog Client.Version.BetaAccessOverride=enabled
D 2022-05-16 17:40:53.455785 [CatalogVarStorage] {Main} Setting var from catalog Client.Version.BetaBranchOverride=beta
D 2022-05-16 17:40:53.455796 [CatalogVarStorage] {Main} Setting var from catalog Services.WhisperChannels.InactivityTimeoutMS=0
D 2022-05-16 17:40:53.455806 [CatalogVarStorage] {Main} Setting var from catalog Services.HTTPClient.ConnectionTimeoutMS=0
I 2022-05-16 17:40:53.462855 [CatalogLoader] {Main} *** LOAD COMPLETE default ***
I 2022-05-16 17:40:53.469788 [CatalogLoader] {Main} *** LOAD STARTED default: Context(RemoteCAS: 3ec9ee5b1179fdfe0ef896c317858c69|tpr/catalogs/data) ***
D 2022-05-16 17:40:53.608383 [ProductNode] {Main} ProductInfo modified: GRY_retail
D 2022-05-16 17:40:53.608434 [ProductManager] {Main} Product modified: GRY ProductChangeFlags(name,uid,title_id,default_product_type,install_disabled_message,play_disabled_message,supports_starter_mode,starter_mode_when_offline,tab_order,logo_v2,game_icon_svg,icon_medium,icon_small,icon_tiny,game_background,supported_regions,region_permission_flags,program_id,quick_links,starter_items,supported_platforms,unsupported_platform_behavior,key_art,content_id,genre,mobile_promo_text,mobile_stores,mobile_qr_code,mobile_qr_code_text,milestone,heading_text)
D 2022-05-16 17:40:53.608502 [ProductManager] {Main} Product modified: WoWX2 ProductChangeFlags(name,type_name,selector_display_name,deprecated,logo_v2,game_background,region_permission_flags,override_product_id)
D 2022-05-16 17:40:53.608541 [ProductManager] {Main} Products updated
D 2022-05-16 17:40:53.608649 [CatalogVarStorage] {Main} Setting var from catalog Browser.DisableSiteIsolation=true
D 2022-05-16 17:40:53.608683 [CatalogVarStorage] {Main} Setting var from catalog Client.AccountHintRequiredProgramIds=ANBS
D 2022-05-16 17:40:53.608701 [CatalogVarStorage] {Main} Setting var from catalog Client.ActivisionAutoAccountCreation.Games=ODIN,ZEUS,FORE,AUKS
D 2022-05-16 17:40:53.608718 [CatalogVarStorage] {Main} Setting var from catalog Client.Shop.SaleNotificationEnabled=false
D 2022-05-16 17:40:53.608735 [CatalogVarStorage] {Main} Setting var from catalog Client.OwlScreen.LiveCheckIntervalMS=300000
D 2022-05-16 17:40:53.608765 [CatalogVarStorage] {Main} Setting var from catalog Client.Announcements.MaximumAnnouncements=20
D 2022-05-16 17:40:53.608788 [CatalogVarStorage] {Main} Setting var from catalog Client.NewProfileWindowLayout=true
D 2022-05-16 17:40:53.608806 [CatalogVarStorage] {Main} Setting var from catalog Client.PromotedScreenVersion=3
D 2022-05-16 17:40:53.608822 [CatalogVarStorage] {Main} Setting var from catalog Client.Shop.SaleNotificationVersion=6
D 2022-05-16 17:40:53.608840 [CatalogVarStorage] {Main} Setting var from catalog Client.Version.BetaAccessOverride=enabled
D 2022-05-16 17:40:53.608861 [CatalogVarStorage] {Main} Setting var from catalog Client.Version.BetaBranchOverride=beta
D 2022-05-16 17:40:53.608878 [CatalogVarStorage] {Main} Setting var from catalog Services.WhisperChannels.InactivityTimeoutMS=0
D 2022-05-16 17:40:53.608898 [CatalogVarStorage] {Main} Setting var from catalog Services.HTTPClient.ConnectionTimeoutMS=0
I 2022-05-16 17:40:53.613700 [CatalogLoader] {Main} *** LOAD COMPLETE default ***
I 2022-05-16 17:40:55.068027 [InstallManager] {Main} Starting [Auto] UPDATE operation for "battle.net".
D 2022-05-16 17:40:55.068086 [InstallInfo] {Main} Operation status changed: opType=Update oldStatus=Off newStatus=On agentUid=battle.net
D 2022-05-16 17:40:55.068134 [VersionManager] {Main} Branch change from Agent detected. activeBranch= branches={[0]=beta, [1]=cn, [2]=eu, [3]=kr, [4]=sg, [5]=tw, [6]=us}
D 2022-05-16 17:40:55.068181 [VersionManager] {Main} Beta branch is available: true
D 2022-05-16 17:40:55.068330 [InstallManager] {Main} Game finished versioning battle.net
I 2022-05-16 17:40:55.772039 [GameSessionList] {Agent} Reporting process: TrackingInfo(uid=battle.net, type=game, opStatus=On, reqId=0, running=4, oldRunning=1)
I 2022-05-16 17:40:55.777996 [InstallManager] {Main} Setting Process Running: true uid=battle.net binaryType=game any=true
D 2022-05-16 17:40:56.997935 [UnifiedAuth] {} UAuth: browser state changed: Login
D 2022-05-16 17:40:57.015492 [UnifiedAuth] {Main} UAuth: begin loading: https://us.battle.net/login/es/login.app?app=app
D 2022-05-16 17:40:57.015543 [UnifiedAuth] {Main} UAuth: set size from headers: 344x226 popup=0
E 2022-05-16 17:40:57.556773 [BrowserAppImpl] {Main} Uncaught JS Exception: |name=Login|url=https://us.battle.net/login/es/login.app?app=app|frameURL=https://us.battle.net/login/es/login.app?app=app|msg=Uncaught TypeError: Cannot read property 'stack' of null|stackTrace=
	e (https://us.battle.net/login/es/login.app?app=app:74:747)
E 2022-05-16 17:40:57.561213 [BrowserAppImpl] {Main} Uncaught JS Exception: |name=Login|url=https://us.battle.net/login/es/login.app?app=app|frameURL=https://us.battle.net/login/es/login.app?app=app|msg=Uncaught TypeError: Cannot set property 'value' of null|stackTrace=
	fillAccountName (https://bnetaccount.akamaized.net/login/static/js/login/login.3Tqx9.js:520:32)
	 (resources://client/js/phoenix-client.min.js?hBYo3:19:89786)
	a.emit (resources://client/js/phoenix-client.min.js?hBYo3:1:6377)
	value (resources://client/js/phoenix-client.min.js?hBYo3:19:80253)
	value (resources://client/js/phoenix-client.min.js?hBYo3:19:81020)
	handleListenerEvent (resources://client/js/phoenix-client.min.js?hBYo3:19:137802)
	a (resources://client/js/phoenix-client.min.js?hBYo3:19:29352)
	value (resources://client/js/phoenix-client.min.js?hBYo3:19:32170)
D 2022-05-16 17:40:58.248351 [InstallManager] {Main} Update started: battle.net
D 2022-05-16 17:40:58.645157 [UnifiedAuth] {Main} UAuth: finished loading. statusCode=200 state=Login
D 2022-05-16 17:41:16.511369 [GameController] {Main} Shutting down GameController
D 2022-05-16 17:41:16.511422 [Main] {Main} Shutting down GameLaunchController
I 2022-05-16 17:41:16.511466 [GameController] {Main} Deleting GameFamily: , # of game accounts:0
D 2022-05-16 17:41:16.511555 [ProductState] {Main} Game product state destroyed: uid=odin
D 2022-05-16 17:41:16.511587 [ProductState] {Main} Game product state destroyed: uid=
I 2022-05-16 17:41:16.511980 [ToastManager] {Main} Clearing toast queue
D 2022-05-16 17:41:18.281003 [Main] {Main} Shutting down Backend
D 2022-05-16 17:41:18.281056 [Main] {Main} Closing IPC Service
D 2022-05-16 17:41:18.281061 [CommandQueue] {Main} IPCService is shutting down
D 2022-05-16 17:41:18.281203 [Main] {Main} Shutting down account manager
D 2022-05-16 17:41:18.281216 [Main] {Main} Shutting down CacheManager
D 2022-05-16 17:41:18.281221 [Main] {Main} Shutting down analytics processor
D 2022-05-16 17:41:18.281437 [Main] {Main} Shutting down worker pool
D 2022-05-16 17:41:18.282178 [Main] {Main} Shutting down backend processor
D 2022-05-16 17:41:18.284879 [Main] {Main} Shutting down data cache
D 2022-05-16 17:41:18.285062 [Main] {Main} Shutting down catalog manager
D 2022-05-16 17:41:18.285488 [Main] {Main} Shutting down environment manager
D 2022-05-16 17:41:18.285511 [Main] {Main} Shutting down battle.net api gateway
D 2022-05-16 17:41:18.285517 [Main] {Main} Shutting down suggested friends service
D 2022-05-16 17:41:18.285525 [Main] {Main} Shutting down voice service
D 2022-05-16 17:41:18.285529 [Main] {Main} Shutting down remote content manager
D 2022-05-16 17:41:18.285535 [Main] {Main} Shutting down analytics session
D 2022-05-16 17:41:18.285539 [Main] {Main} Shutting down agent manager
D 2022-05-16 17:41:18.285546 [Agent] {Main} PolicyHandler Thread STOPPING
D 2022-05-16 17:41:18.285555 [Agent] {Agent} PolicyHandlerThreadProc: The rest is silence.
D 2022-05-16 17:41:18.285817 [Agent] {Main} PolicyHandler Thread STOPPED
D 2022-05-16 17:41:18.286757 [Agent] {Main} Communicated shutdown to Agent
D 2022-05-16 17:41:18.286839 [Main] {Main} Shutting down game provider
D 2022-05-16 17:41:18.286859 [Main] {Main} Shutting down battle.net interface
D 2022-05-16 17:41:18.287152 [Main] {Main} Shutting down callback queue
D 2022-05-16 17:41:18.287172 [WebServer] {Main} Shutting down WebServerImpl
D 2022-05-16 17:41:18.287343 [WebServer] {Main} WebServerImpl is stopped
D 2022-05-16 17:41:18.394516 [DIAG_BNL_Voice] {Main} {21e4} debug: Notification client reference removed: 0
