I 2022-05-17 15:32:50.402904 [Main] {Main} Logging started for Battle.net build 2.12.1.13458
I 2022-05-17 15:32:50.403192 [Configuration] {Main} SharedConfigRoot: C:\ProgramData\Battle.net
I 2022-05-17 15:32:50.403450 [Configuration] {Main} RoamingConfigRoot: C:\Users\sdean\AppData\Roaming\Battle.net
I 2022-05-17 15:32:50.403463 [Configuration] {Main} LocalConfigRoot: C:\Users\sdean\AppData\Local\Battle.net
D 2022-05-17 15:32:50.403595 [Configuration] {Main} Searching for config file: C:\Program Files (x86)\Battle.net\Battle.net.13458\Battle.net.config
D 2022-05-17 15:32:50.403649 [Configuration] {Main} Searching for config file: C:\Program Files (x86)\Battle.net\Battle.net.config
D 2022-05-17 15:32:50.408385 [Configuration] {Main} User Configuration File: C:\Users\sdean\AppData\Roaming\Battle.net\Battle.net.config
I 2022-05-17 15:32:50.410697 [Main] {Main} Command line arguments: {[0]=--autostarted}
I 2022-05-17 15:32:50.413618 [Main] {Main} Opening IPC shared memory. queueName=User:sdean:Battle.net IPC ShMem mode=server
I 2022-05-17 15:32:50.605685 [Frontend] {Main} Supplying list of renderers: d3d11,warp,desktop
I 2022-05-17 15:32:51.331149 [LocalizationData] {Main} 21 language(s) loaded from languages.xml, default=enUS
D 2022-05-17 15:32:51.994232 [Main] {Main} Adding application font: resources/fonts/BlizzardReg.ttf
D 2022-05-17 15:32:51.998817 [Main] {Main} Adding application font: resources/fonts/BlizzardLig.ttf
D 2022-05-17 15:32:52.001702 [Main] {Main} Adding application font: resources/fonts/BlizzardBol.ttf
D 2022-05-17 15:32:52.016255 [Main] {Main} Adding application font: resources/fonts/NotoSans-Bold.ttf
D 2022-05-17 15:32:52.026811 [Main] {Main} Adding application font: resources/fonts/NotoSans-BoldItalic.ttf
D 2022-05-17 15:32:52.035750 [Main] {Main} Adding application font: resources/fonts/NotoSans-Italic.ttf
D 2022-05-17 15:32:52.047712 [Main] {Main} Adding application font: resources/fonts/NotoSans-Regular.ttf
D 2022-05-17 15:32:52.061221 [Main] {Main} Adding application font: resources/fonts/ObjectSans-Bold.ttf
D 2022-05-17 15:32:52.065493 [Main] {Main} Adding application font: resources/fonts/ObjectSans-Medium.ttf
D 2022-05-17 15:32:53.690671 [Main] {Main} Setting font to: Blizzard
I 2022-05-17 15:32:53.692055 [CacheManager] {Main} Local storage cache at: C:\Users\sdean\AppData\Local\Battle.net\Cache
I 2022-05-17 15:32:53.703453 [Main] {Main} Opened database at: C:\Users\sdean\AppData\Local\Battle.net\CachedData.db
D 2022-05-17 15:32:53.707467 [Agent] {Main} PolicyHandler Thread STARTED
D 2022-05-17 15:32:53.707479 [Agent] {Agent} PolicyHandlerThreadProc: I shall in all my best obey you.
I 2022-05-17 15:32:53.799093 [DIAG_BNL_Voice] {Main} Audio device monitor using already-initialized COM
I 2022-05-17 15:32:53.802380 [VoiceSessionBroker] {Main} Global voice is on
I 2022-05-17 15:32:53.803051 [Main] {Main} Execution environment changed. environment=EE_STANDARD
I 2022-05-17 15:32:53.803996 [CatalogManager] {Main} Loaded catalog hash from the database cache. hash=3ec9ee5b1179fdfe0ef896c317858c69
I 2022-05-17 15:32:53.805442 [CatalogManager] {Main} Built-in catalog hash (catalog/digesthash.txt): c319a16fec5b30d46e019fdbb76bc472
I 2022-05-17 15:32:53.805704 [CatalogManager] {Main} Built-in catalog hash (catalog/signaturehash.txt): b867c010407867bec877fedcc415a332
I 2022-05-17 15:32:53.805787 [CatalogLoader] {Main} *** LOAD STARTED default: Context(LocalCAS: 3ec9ee5b1179fdfe0ef896c317858c69 I) ***
E 2022-05-17 15:32:53.903305 [CatalogLoader] {Main} Fetch result for 8ccae4e454e5b63a2d276013ba47d69c failed with: 10
W 2022-05-17 15:32:53.903353 [CatalogLoader] {Main} LoadedFragmentData state change. id=auks_auks state=DoneWithError
W 2022-05-17 15:32:53.903372 [CatalogLoader] {Main} LoadedFragmentData state change. id=default state=DoneWithError
E 2022-05-17 15:32:53.903384 [CatalogLoader] {Main} An error occurred loading from fragment: default err=105
E 2022-05-17 15:32:53.904611 [CatalogLoader] {Main} *** LOAD FAILED default: 105 ***
E 2022-05-17 15:32:54.139057 [CatalogLoader] {Main} Fetch result for 94e9911c1d2df8fad2a5bc7f3563f0f3 failed with: 10
W 2022-05-17 15:32:54.139112 [CatalogLoader] {Main} LoadedFragmentData state change. id=fenris_fenris state=DoneWithError
I 2022-05-17 15:32:55.331599 [Agent] {Agent} Agent Version is now: 2.27.0.7779 (retail)
I 2022-05-17 15:32:55.334325 [GameSessionList] {Agent} Reporting process: TrackingInfo(uid=battle.net, type=game, opStatus=On, reqId=0, running=1, oldRunning=0)
D 2022-05-17 15:32:55.336549 [Agent] {Agent} GameResource created for uid: agent
D 2022-05-17 15:32:55.336660 [Agent] {Agent} GameResource created for uid: battle.net
D 2022-05-17 15:32:55.336691 [Agent] {Agent} GameResource created for uid: odin
W 2022-05-17 15:32:56.657853 [CatalogManager] {Main} Failed to load initial catalog: hash=3ec9ee5b1179fdfe0ef896c317858c69 result=105
I 2022-05-17 15:32:56.661175 [CatalogLoader] {Main} *** LOAD STARTED default: Context(LocalCAS: c319a16fec5b30d46e019fdbb76bc472 I) ***
I 2022-05-17 15:32:56.849383 [CatalogLoader] {Main} Removing stale fragment: auks_auks
I 2022-05-17 15:32:56.849418 [CatalogLoader] {Main} Removing stale fragment: fenris_fenris
I 2022-05-17 15:32:56.849434 [CatalogLoader] {Main} Removing stale fragment: gryphon
I 2022-05-17 15:32:56.849507 [CatalogLoader] {Main} Removing stale fragment: gryphon_mobile
I 2022-05-17 15:32:56.849522 [CatalogLoader] {Main} Removing stale fragment: gryphon_disable
I 2022-05-17 15:32:56.849533 [CatalogLoader] {Main} Removing stale fragment: hearthstone_limited_starter
W 2022-05-17 15:32:56.849752 [FeatureManager] {Main} Feature 'battle.net_http_request_0_c6caed0e' depends on missing feature 'http_test'
E 2022-05-17 15:32:56.849765 [FeatureManager] {Main} Feature 'battle.net_http_request_0_c6caed0e' has dependency errors and will not respond to dependency changes
I 2022-05-17 15:32:56.849800 [FeatureManager] {Main} Moving feature record from active to inactive: whisper_voice
I 2022-05-17 15:32:56.849813 [FeatureManager] {Main} Moving feature record from active to inactive: trace_route
I 2022-05-17 15:32:56.849824 [FeatureManager] {Main} Moving feature record from active to inactive: mapped_urls
I 2022-05-17 15:32:56.849834 [FeatureManager] {Main} Feature changed: fore_limited_alpha_f6824657=true
I 2022-05-17 15:32:56.849848 [FeatureManager] {Main} Feature changed: fore_buy_now_fore_fef83a73=true
I 2022-05-17 15:32:56.849867 [FeatureManager] {Main} Feature changed: zeus_refresh_without_license_b63211e4=true
I 2022-05-17 15:32:56.849893 [FeatureManager] {Main} Feature changed: hearthstone_limited_event_57b4aca6=true
I 2022-05-17 15:32:56.849903 [FeatureManager] {Main} Feature changed: lazarus_show_on_beta_5bbf784c=true
I 2022-05-17 15:32:56.849918 [FeatureManager] {Main} Feature changed: odin_deprecate_event_21bf1dc9=true
I 2022-05-17 15:32:56.849926 [FeatureManager] {Main} Feature changed: odin_show_on_beta_5bbf784c=true
I 2022-05-17 15:32:56.849937 [FeatureManager] {Main} Feature changed: odin_upgrade_from_odin_fef83a73=true
I 2022-05-17 15:32:56.849947 [FeatureManager] {Main} Feature changed: osi_limited_install_773b93da=true
I 2022-05-17 15:32:56.849955 [FeatureManager] {Main} Feature changed: osi_limited_product_d9fa6516=true
I 2022-05-17 15:32:56.849968 [FeatureManager] {Main} Feature changed: overwatch_trial_8df428bf=true
I 2022-05-17 15:32:56.849977 [FeatureManager] {Main} Feature changed: viper_show_on_beta_5bbf784c=true
I 2022-05-17 15:32:56.849986 [FeatureManager] {Main} Feature changed: warcraft_iii_upgrade_05e4b09b=true
I 2022-05-17 15:32:56.849998 [FeatureManager] {Main} Feature changed: wlby_show_on_beta_5bbf784c=true
I 2022-05-17 15:32:56.850015 [FeatureManager] {Main} Feature changed: zeus_show_on_beta_5bbf784c=true
I 2022-05-17 15:32:56.867983 [FeatureManager] {Main} Feature changed: cts_takeovers=true
I 2022-05-17 15:32:56.868028 [FeatureManager] {Main} Feature changed: clear_chat_history=true
I 2022-05-17 15:32:56.868042 [FeatureManager] {Main} Feature changed: mentions=true
I 2022-05-17 15:32:56.868060 [FeatureManager] {Main} Feature changed: shop_wish_list=true
I 2022-05-17 15:32:56.868080 [FeatureManager] {Main} Feature changed: activision_auto_account_creation=true
I 2022-05-17 15:32:56.868092 [FeatureManager] {Main} Feature changed: suggested_group_members=true
I 2022-05-17 15:32:56.868102 [FeatureManager] {Main} Feature changed: friend_request_management=true
I 2022-05-17 15:32:56.868113 [FeatureManager] {Main} Feature changed: link_previews=true
I 2022-05-17 15:32:56.868122 [FeatureManager] {Main} Feature changed: sms_protect_requirements=true
I 2022-05-17 15:32:56.868134 [FeatureManager] {Main} Feature changed: social_tab=true
I 2022-05-17 15:32:56.868146 [FeatureManager] {Main} Feature changed: auto_update_optimization=true
I 2022-05-17 15:32:56.868157 [FeatureManager] {Main} Feature changed: embedded_web_view=true
I 2022-05-17 15:32:56.868167 [FeatureManager] {Main} Feature changed: collapsible_social_panel=true
I 2022-05-17 15:32:56.868177 [FeatureManager] {Main} Feature changed: blizzard_profiles=true
I 2022-05-17 15:32:56.868190 [FeatureManager] {Main} Feature changed: group_privacy_settings=true
I 2022-05-17 15:32:56.868200 [FeatureManager] {Main} Feature changed: cn_age_alert=true
I 2022-05-17 15:32:56.868213 [FeatureManager] {Main} Feature changed: all_games_v2=true
I 2022-05-17 15:32:56.868223 [FeatureManager] {Main} Feature changed: all_games_new_badge=true
I 2022-05-17 15:32:56.868232 [FeatureManager] {Main} Feature changed: appear_offline=true
I 2022-05-17 15:32:56.868241 [FeatureManager] {Main} Feature changed: refresh_toast=true
I 2022-05-17 15:32:56.868255 [FeatureManager] {Main} Feature changed: app_feedback_dialog=true
I 2022-05-17 15:32:56.868265 [FeatureManager] {Main} Feature changed: browser_main_window=true
I 2022-05-17 15:32:56.868277 [FeatureManager] {Main} Feature changed: chat_giphy=true
I 2022-05-17 15:32:56.868288 [FeatureManager] {Main} Feature changed: content_ui=true
I 2022-05-17 15:32:56.868297 [FeatureManager] {Main} Feature changed: multichats=true
I 2022-05-17 15:32:56.868947 [FeatureManager] {Main} Feature changed: content_ui_web_view=true
I 2022-05-17 15:32:56.868981 [FeatureManager] {Main} Feature changed: first_time_experience=true
I 2022-05-17 15:32:56.869018 [FeatureManager] {Main} Feature changed: friends_list_popout=true
I 2022-05-17 15:32:56.869037 [FeatureManager] {Main} Feature changed: gift_inventory=true
I 2022-05-17 15:32:56.869051 [FeatureManager] {Main} Feature changed: global_legendary_promos=true
I 2022-05-17 15:32:56.869066 [FeatureManager] {Main} Feature changed: refresh_friend_tooltip=true
I 2022-05-17 15:32:56.869086 [FeatureManager] {Main} Feature changed: http_test=true tags=http_request_0
I 2022-05-17 15:32:56.869106 [FeatureManager] {Main} Feature changed: non_friend_whispers=true
I 2022-05-17 15:32:56.869121 [FeatureManager] {Main} Feature changed: notification_center=true
I 2022-05-17 15:32:56.869134 [FeatureManager] {Main} Feature changed: playscreen_migrate_cms=true
I 2022-05-17 15:32:56.869151 [FeatureManager] {Main} Feature changed: shared_container_installs=true
I 2022-05-17 15:32:56.869164 [FeatureManager] {Main} Feature changed: sc2_account_selection_dialog=true
I 2022-05-17 15:32:56.869177 [FeatureManager] {Main} Feature changed: suggested_facebook_friends=true
I 2022-05-17 15:32:56.869201 [FeatureManager] {Main} Feature changed: whisper_voice=true
I 2022-05-17 15:32:56.869225 [FeatureManager] {Main} Feature changed: battle.net_http_request_0_c6caed0e=true
D 2022-05-17 15:32:56.869455 [Configuration] {Main} Searching for config file: C:\Program Files (x86)\Battle.net\Battle.net.13458\Environments.yaml
D 2022-05-17 15:32:56.869546 [Configuration] {Main} Searching for config file: C:\Program Files (x86)\Battle.net\Environments.yaml
I 2022-05-17 15:32:56.869611 [EnvironmentManager] {Main} Login parameters changed: address=us.actual.battle.net:1119 region=US
D 2022-05-17 15:32:56.899912 [CatalogVarStorage] {Main} Setting var from catalog Browser.DisableSiteIsolation=true
D 2022-05-17 15:32:56.899970 [CatalogVarStorage] {Main} Setting var from catalog Client.AccountHintRequiredProgramIds=ANBS
D 2022-05-17 15:32:56.899989 [CatalogVarStorage] {Main} Setting var from catalog Client.ActivisionAutoAccountCreation.Games=ODIN,ZEUS,FORE,AUKS
D 2022-05-17 15:32:56.900009 [CatalogVarStorage] {Main} Setting var from catalog Client.Shop.SaleNotificationEnabled=false
D 2022-05-17 15:32:56.900024 [CatalogVarStorage] {Main} Setting var from catalog Client.OwlScreen.LiveCheckIntervalMS=300000
D 2022-05-17 15:32:56.900052 [CatalogVarStorage] {Main} Setting var from catalog Client.Announcements.MaximumAnnouncements=20
D 2022-05-17 15:32:56.900072 [CatalogVarStorage] {Main} Setting var from catalog Client.NewProfileWindowLayout=true
D 2022-05-17 15:32:56.900088 [CatalogVarStorage] {Main} Setting var from catalog Client.PromotedScreenVersion=3
D 2022-05-17 15:32:56.900104 [CatalogVarStorage] {Main} Setting var from catalog Client.Shop.SaleNotificationVersion=6
D 2022-05-17 15:32:56.900121 [CatalogVarStorage] {Main} Setting var from catalog Client.Version.BetaAccessOverride=enabled
I 2022-05-17 15:32:56.900136 [VersionManager] {Main} Beta Access: enabled
D 2022-05-17 15:32:56.900150 [CatalogVarStorage] {Main} Setting var from catalog Client.Version.BetaBranchOverride=beta
D 2022-05-17 15:32:56.900168 [CatalogVarStorage] {Main} Setting var from catalog Services.WhisperChannels.InactivityTimeoutMS=0
I 2022-05-17 15:32:56.915527 [CatalogLoader] {Main} *** LOAD COMPLETE default ***
I 2022-05-17 15:32:56.915594 [CatalogManager] {Main} Loaded initial catalog: hash=c319a16fec5b30d46e019fdbb76bc472
I 2022-05-17 15:32:57.058585 [WebServer] {Backend:0} Listening on port 22885
I 2022-05-17 15:32:57.266249 [Main] {Main} Attempting to fetch WidevineCDM: 1
D 2022-05-17 15:32:57.273131 [UI] {Main} Fixup allowed regions and locales. installedRegion=US allowedRegions= allowedLocales=
I 2022-05-17 15:32:57.273782 [ToastManager] {Main} Toasts are enabled in ClientSettings
D 2022-05-17 15:32:57.279512 [ProductState] {Main} Game product state created: uid=
D 2022-05-17 15:32:57.279574 [ProductState] {Main} InstallState (): currentOperation=Install currentOperationStatus=New
I 2022-05-17 15:32:57.297317 [Main] {Main} Application path is: C:\Program Files (x86)\Battle.net\Battle.net.exe
I 2022-05-17 15:32:57.392290 [ClientServiceAlertMonitor] {Main} Breaking News url has changed. url=https://nydus.battle.net/App/esES/client/App/alert?targetRegion=US
D 2022-05-17 15:32:57.392712 [RemoteContentCache] {Main} Found cached remote content. url=https://nydus.battle.net/App/esES/client/App/alert?targetRegion=US
I 2022-05-17 15:32:57.396714 [ClientServiceAlertMonitor] {Main} Maintenance url has changed. url=https://nydus.battle.net/App/esES/client/App/maintenance?targetRegion=US
D 2022-05-17 15:32:57.396996 [RemoteContentCache] {Main} Found cached remote content. url=https://nydus.battle.net/App/esES/client/App/maintenance?targetRegion=US
I 2022-05-17 15:32:57.400911 [Frontend] {Main} Public Computer state changed. is_public=false
D 2022-05-17 15:32:57.400955 [Frontend] {Main} Session id changed. session_id=10761351406901932787
D 2022-05-17 15:32:57.401067 [Frontend] {Main} Tracking info changed. client_id=1440039363.1625153260, user_agent=
I 2022-05-17 15:32:57.453420 [HighDpiManager] {Main} High dpi support available changed: 0
I 2022-05-17 15:32:57.453443 [Frontend] {Main} High dpi support: disabled
D 2022-05-17 15:32:57.454259 [Main] {WorkerPool:0} Checking permissions on path: C:\ProgramData\Battle.net\Setup depth=-1
D 2022-05-17 15:32:57.455338 [Main] {WorkerPool:0} Checking permissions on path: C:\ProgramData\Battle.net\Agent depth=1
D 2022-05-17 15:32:57.458227 [Main] {WorkerPool:0} Checking permissions on path: C:\ProgramData\Battle.net\Agent\Agent.7661 depth=1
D 2022-05-17 15:32:57.459297 [Main] {WorkerPool:0} Checking permissions on path: C:\ProgramData\Battle.net\Agent\Agent.7779 depth=1
D 2022-05-17 15:32:57.459921 [Main] {WorkerPool:0} Checking permissions on path: C:\ProgramData\Blizzard Entertainment depth=2
I 2022-05-17 15:32:57.629171 [FeatureManager] {Main} Feature changed: install_packages=true
I 2022-05-17 15:32:57.629194 [FeatureManager] {Main} Feature changed: modify_install=true
I 2022-05-17 15:32:57.629501 [Agent] {Main} AgentManager is now initialized
I 2022-05-17 15:32:57.629521 [InstallManager] {Main} Install manager is now initialized
D 2022-05-17 15:32:57.629541 [InstallManager] {Main} Selecting best game install data for game battle.net: savedUid=battle.net originalUid=<none> newUid=battle.net
D 2022-05-17 15:32:57.629564 [InstallInfo] {Main} InstallInfo agent association has been changed: uid=battle.net agentUid=battle.net
D 2022-05-17 15:32:57.629586 [InstallManager] {Main} Selecting best game install data for game odin: savedUid=odin originalUid=<none> newUid=odin
D 2022-05-17 15:32:57.629596 [InstallInfo] {Main} InstallInfo agent association has been changed: uid=odin agentUid=odin
D 2022-05-17 15:32:57.629667 [ProductState] {Main} Game product state created: uid=odin
D 2022-05-17 15:32:57.629720 [ProductState] {Main} InstallState (odin): currentOperation=Update currentOperationStatus=New installed=1 optionalPackageInstalled=1 installPath=C:/Program Files (x86)/Call of Duty Modern Warfare canCreateShortcut=1 selectedRegion=us activeConfigKey=e5a715efe23d4f4dfbd919e511e633c7 regionalVersions=(eu: {playable:false config_key:c5dcafb637755b8f7398230f6e677303}, kr: {playable:false config_key:c5dcafb637755b8f7398230f6e677303}, us: {playable:false config_key:c5dcafb637755b8f7398230f6e677303}) localVersion=1.39.2.9769220 latestVersion=1.15315e+07 progress=1
D 2022-05-17 15:32:57.629748 [Agent] {Main} Versioning is now enabled
D 2022-05-17 15:32:57.629766 [Agent] {Main} Triggering game versioning: battle.net
D 2022-05-17 15:32:57.629790 [Agent] {Main} Triggering game versioning: odin
D 2022-05-17 15:32:57.648058 [InstallManager] {Main} Sending a queued OnProcessPidsUpdated notification: agentUid=battle.net binaryType=game
D 2022-05-17 15:32:57.648098 [InstallManager] {Main} Sending a queued OnProcessRunning notification: agentUid=battle.net binaryType=game
I 2022-05-17 15:32:57.648109 [InstallManager] {Main} Setting Process Running: true uid=battle.net binaryType=game any=true
D 2022-05-17 15:32:57.648124 [InstallInfo] {Main} Operation status changed: opType=Execute oldStatus=Off newStatus=On agentUid=battle.net
I 2022-05-17 15:32:57.648174 [InstallManager] {Main} Starting [Auto] UPDATE operation for "battle.net".
D 2022-05-17 15:32:57.648186 [InstallInfo] {Main} Operation status changed: opType=Update oldStatus=Off newStatus=On agentUid=battle.net
I 2022-05-17 15:32:57.658076 [CatalogLoader] {Main} *** LOAD STARTED default: Context(LocalCAS: c319a16fec5b30d46e019fdbb76bc472 I) ***
I 2022-05-17 15:32:57.711887 [FeatureManager] {Main} Moving feature record from active to inactive: overwatch_league_tab
I 2022-05-17 15:32:57.711920 [FeatureManager] {Main} Moving feature record from active to inactive: blizzcon_tab
D 2022-05-17 15:32:57.734805 [CatalogVarStorage] {Main} Setting var from catalog Browser.DisableSiteIsolation=true
D 2022-05-17 15:32:57.734840 [CatalogVarStorage] {Main} Setting var from catalog Client.AccountHintRequiredProgramIds=ANBS
D 2022-05-17 15:32:57.734851 [CatalogVarStorage] {Main} Setting var from catalog Client.ActivisionAutoAccountCreation.Games=ODIN,ZEUS,FORE,AUKS
D 2022-05-17 15:32:57.734859 [CatalogVarStorage] {Main} Setting var from catalog Client.Shop.SaleNotificationEnabled=false
D 2022-05-17 15:32:57.734867 [CatalogVarStorage] {Main} Setting var from catalog Client.OwlScreen.LiveCheckIntervalMS=300000
D 2022-05-17 15:32:57.734889 [CatalogVarStorage] {Main} Setting var from catalog Client.Announcements.MaximumAnnouncements=20
D 2022-05-17 15:32:57.734900 [CatalogVarStorage] {Main} Setting var from catalog Client.NewProfileWindowLayout=true
D 2022-05-17 15:32:57.734909 [CatalogVarStorage] {Main} Setting var from catalog Client.PromotedScreenVersion=3
D 2022-05-17 15:32:57.734918 [CatalogVarStorage] {Main} Setting var from catalog Client.Shop.SaleNotificationVersion=6
D 2022-05-17 15:32:57.734928 [CatalogVarStorage] {Main} Setting var from catalog Client.Version.BetaAccessOverride=enabled
D 2022-05-17 15:32:57.734935 [CatalogVarStorage] {Main} Setting var from catalog Client.Version.BetaBranchOverride=beta
D 2022-05-17 15:32:57.734947 [CatalogVarStorage] {Main} Setting var from catalog Services.WhisperChannels.InactivityTimeoutMS=0
D 2022-05-17 15:32:57.734956 [CatalogVarStorage] {Main} Setting var from catalog Services.HTTPClient.ConnectionTimeoutMS=0
I 2022-05-17 15:32:57.739148 [CatalogLoader] {Main} *** LOAD COMPLETE default ***
I 2022-05-17 15:32:57.746568 [Main] {Main} Cached WidevineCDM is up-to-date: 4.10.2449.0
I 2022-05-17 15:32:57.746770 [Registry] {Main} Failed to delete token from registry|error=ERROR_REGISTRY_OPEN_KEY_ERROR (12001)
I 2022-05-17 15:32:57.895618 [UnifiedAuth] {Main} UAuth: setting url: https://us.battle.net/login/es/logout?ref=https://us.battle.net/login/es/login.app?app=app reason: reset
D 2022-05-17 15:32:57.918575 [ClientServiceAlertMonitor] {Main} Service alert monitor force update requested
D 2022-05-17 15:32:57.918608 [ClientServiceAlertMonitor] {Main} Breaking News update requested
D 2022-05-17 15:32:57.918618 [ClientServiceAlertMonitor] {Main} Maintenance update requested
D 2022-05-17 15:32:58.102011 [InstallManager] {Main} Game finished versioning odin
D 2022-05-17 15:32:58.159109 [VersionManager] {Main} Branch change from Agent detected. activeBranch= branches={[0]=beta, [1]=cn, [2]=eu, [3]=kr, [4]=sg, [5]=tw, [6]=us}
D 2022-05-17 15:32:58.159194 [VersionManager] {Main} Beta branch is available: true
I 2022-05-17 15:32:58.188825 [CacheManager] {Main} CacheManager is now initialized
I 2022-05-17 15:32:58.188862 [TactVersionWatcher] {Main} Fetched new tact metadata. productCode=catalogs region=us branch=PUB-29 version=2154 seq=225 buildConfig=609dffe59fc00cf370fbe3583129fc25
I 2022-05-17 15:32:58.207721 [DIAG_BuildConfig] {Main} no 'encoding' key in build configuration '609dffe59fc00cf370fbe3583129fc25', selecting plain-data mode
I 2022-05-17 15:32:58.207757 [CatalogLoader] {Main} *** LOAD STARTED default: Context(RemoteCAS: 3ec9ee5b1179fdfe0ef896c317858c69|tpr/catalogs/data) ***
I 2022-05-17 15:32:58.508590 [FeatureManager] {Main} Feature changed: gryphon_mobile_449148fc=true
D 2022-05-17 15:32:58.520528 [ProductManager] {Main} Product modified: ANBS ProductChangeFlags(starter_items)
D 2022-05-17 15:32:58.520650 [ProductManager] {Main} Product modified: D3 ProductChangeFlags(quick_links,starter_items)
D 2022-05-17 15:32:58.520687 [ProductManager] {Main} Product modified: D3CN ProductChangeFlags(quick_links)
D 2022-05-17 15:32:58.520705 [ProductManager] {Main} Product modified: D3X0 ProductChangeFlags(quick_links,starter_items)
D 2022-05-17 15:32:58.520720 [ProductManager] {Main} Product modified: D3X1 ProductChangeFlags(quick_links,starter_items)
D 2022-05-17 15:32:58.520735 [ProductManager] {Main} Product modified: FORE ProductChangeFlags(quick_links,starter_items)
D 2022-05-17 15:32:58.520752 [ProductManager] {Main} Product modified: Hero ProductChangeFlags(quick_links,starter_items)
D 2022-05-17 15:32:58.520771 [ProductManager] {Main} Product modified: LAZR ProductChangeFlags(quick_links,starter_items)
D 2022-05-17 15:32:58.520798 [ProductManager] {Main} Product modified: ODIN ProductChangeFlags(quick_links,starter_items)
D 2022-05-17 15:32:58.520819 [ProductManager] {Main} Product modified: ODIN_MW ProductChangeFlags(quick_links,starter_items)
D 2022-05-17 15:32:58.520836 [ProductManager] {Main} Product modified: OSI ProductChangeFlags(quick_links,starter_items)
D 2022-05-17 15:32:58.520854 [ProductManager] {Main} Product modified: Pro ProductChangeFlags(quick_links,starter_items)
D 2022-05-17 15:32:58.520870 [ProductManager] {Main} Product modified: RTRO ProductChangeFlags(quick_links,starter_items)
D 2022-05-17 15:32:58.520886 [ProductManager] {Main} Product modified: S1 ProductChangeFlags(quick_links,starter_items)
D 2022-05-17 15:32:58.520902 [ProductManager] {Main} Product modified: S2 ProductChangeFlags(quick_links,starter_items)
D 2022-05-17 15:32:58.520918 [ProductManager] {Main} Product modified: VIPR ProductChangeFlags(quick_links,starter_items)
D 2022-05-17 15:32:58.520936 [ProductManager] {Main} Product modified: W3 ProductChangeFlags(quick_links,starter_items)
D 2022-05-17 15:32:58.520952 [ProductManager] {Main} Product modified: WLBY ProductChangeFlags(quick_links,starter_items)
D 2022-05-17 15:32:58.520970 [ProductManager] {Main} Product modified: WTCG ProductChangeFlags(quick_links,starter_items)
D 2022-05-17 15:32:58.520986 [ProductManager] {Main} Product modified: WoW ProductChangeFlags(quick_links,starter_items)
D 2022-05-17 15:32:58.521010 [ProductManager] {Main} Product modified: WoWC ProductChangeFlags(starter_items)
D 2022-05-17 15:32:58.521026 [ProductManager] {Main} Product modified: WoWX7 ProductChangeFlags(quick_links,starter_items)
D 2022-05-17 15:32:58.521039 [ProductManager] {Main} Product modified: WoWX8 ProductChangeFlags(quick_links,starter_items)
D 2022-05-17 15:32:58.521055 [ProductManager] {Main} Product modified: ZEUS ProductChangeFlags(quick_links,starter_items)
D 2022-05-17 15:32:58.521113 [ProductManager] {Main} Products updated
D 2022-05-17 15:32:58.522988 [ProductManager] {Main} Product modified: ANBS ProductChangeFlags(starter_items)
D 2022-05-17 15:32:58.523029 [ProductManager] {Main} Product modified: D3 ProductChangeFlags(quick_links,starter_items)
D 2022-05-17 15:32:58.523050 [ProductManager] {Main} Product modified: D3CN ProductChangeFlags(quick_links)
D 2022-05-17 15:32:58.523070 [ProductManager] {Main} Product modified: D3X0 ProductChangeFlags(quick_links,starter_items)
D 2022-05-17 15:32:58.523088 [ProductManager] {Main} Product modified: D3X1 ProductChangeFlags(quick_links,starter_items)
D 2022-05-17 15:32:58.523102 [ProductManager] {Main} Product modified: FORE ProductChangeFlags(quick_links,starter_items)
D 2022-05-17 15:32:58.523122 [ProductManager] {Main} Product modified: Hero ProductChangeFlags(quick_links,starter_items)
D 2022-05-17 15:32:58.523141 [ProductManager] {Main} Product modified: LAZR ProductChangeFlags(quick_links,starter_items)
D 2022-05-17 15:32:58.523160 [ProductManager] {Main} Product modified: ODIN ProductChangeFlags(quick_links,starter_items)
D 2022-05-17 15:32:58.523181 [ProductManager] {Main} Product modified: ODIN_MW ProductChangeFlags(quick_links,starter_items)
D 2022-05-17 15:32:58.523195 [ProductManager] {Main} Product modified: OSI ProductChangeFlags(quick_links,starter_items)
D 2022-05-17 15:32:58.523213 [ProductManager] {Main} Product modified: Pro ProductChangeFlags(quick_links,starter_items)
D 2022-05-17 15:32:58.523236 [ProductManager] {Main} Product modified: RTRO ProductChangeFlags(quick_links,starter_items)
D 2022-05-17 15:32:58.523254 [ProductManager] {Main} Product modified: S1 ProductChangeFlags(quick_links,starter_items)
D 2022-05-17 15:32:58.523273 [ProductManager] {Main} Product modified: S2 ProductChangeFlags(quick_links,starter_items)
D 2022-05-17 15:32:58.523289 [ProductManager] {Main} Product modified: VIPR ProductChangeFlags(quick_links,starter_items)
D 2022-05-17 15:32:58.523306 [ProductManager] {Main} Product modified: W3 ProductChangeFlags(quick_links,starter_items)
D 2022-05-17 15:32:58.523325 [ProductManager] {Main} Product modified: WLBY ProductChangeFlags(quick_links,starter_items)
D 2022-05-17 15:32:58.523343 [ProductManager] {Main} Product modified: WTCG ProductChangeFlags(quick_links,starter_items)
D 2022-05-17 15:32:58.523362 [ProductManager] {Main} Product modified: WoW ProductChangeFlags(quick_links,starter_items)
D 2022-05-17 15:32:58.523382 [ProductManager] {Main} Product modified: WoWC ProductChangeFlags(starter_items)
D 2022-05-17 15:32:58.523398 [ProductManager] {Main} Product modified: WoWX7 ProductChangeFlags(quick_links,starter_items)
D 2022-05-17 15:32:58.523414 [ProductManager] {Main} Product modified: WoWX8 ProductChangeFlags(quick_links,starter_items)
D 2022-05-17 15:32:58.523438 [ProductManager] {Main} Product modified: ZEUS ProductChangeFlags(quick_links,starter_items)
D 2022-05-17 15:32:58.523525 [ProductManager] {Main} Products updated
D 2022-05-17 15:32:58.543951 [ProductManager] {Main} Product added: id=GRY
D 2022-05-17 15:32:58.543988 [GameProvider] {Main} Inserting new unbound entity because no suitable match was found. uniqueId=GRY_retail
D 2022-05-17 15:32:58.545544 [ProductManager] {Main} Product added: id=WoWX2
D 2022-05-17 15:32:58.547875 [ProductManager] {Main} Product modified: ANBS ProductChangeFlags(tab_order)
D 2022-05-17 15:32:58.547907 [ProductManager] {Main} Product modified: D3 ProductChangeFlags(tab_order)
D 2022-05-17 15:32:58.547917 [ProductManager] {Main} Product modified: D3CN ProductChangeFlags(tab_order)
D 2022-05-17 15:32:58.547927 [ProductManager] {Main} Product modified: D3X0 ProductChangeFlags(tab_order)
D 2022-05-17 15:32:58.547935 [ProductManager] {Main} Product modified: D3X1 ProductChangeFlags(tab_order)
D 2022-05-17 15:32:58.547943 [ProductManager] {Main} Product modified: FORE ProductChangeFlags(tab_order)
D 2022-05-17 15:32:58.547951 [ProductManager] {Main} Product modified: Hero ProductChangeFlags(tab_order)
D 2022-05-17 15:32:58.547960 [ProductManager] {Main} Product modified: LAZR ProductChangeFlags(tab_order)
D 2022-05-17 15:32:58.547970 [ProductManager] {Main} Product modified: ODIN ProductChangeFlags(tab_order)
D 2022-05-17 15:32:58.547980 [ProductManager] {Main} Product modified: ODIN_MW ProductChangeFlags(tab_order)
D 2022-05-17 15:32:58.547988 [ProductManager] {Main} Product modified: OSI ProductChangeFlags(tab_order)
D 2022-05-17 15:32:58.547998 [ProductManager] {Main} Product modified: Pro ProductChangeFlags(tab_order,quick_links)
D 2022-05-17 15:32:58.548013 [ProductManager] {Main} Product modified: RTRO ProductChangeFlags(tab_order)
D 2022-05-17 15:32:58.548023 [ProductManager] {Main} Product modified: S1 ProductChangeFlags(tab_order)
D 2022-05-17 15:32:58.548033 [ProductManager] {Main} Product modified: S2 ProductChangeFlags(tab_order)
D 2022-05-17 15:32:58.548042 [ProductManager] {Main} Product modified: VIPR ProductChangeFlags(tab_order)
D 2022-05-17 15:32:58.548052 [ProductManager] {Main} Product modified: W3 ProductChangeFlags(tab_order)
D 2022-05-17 15:32:58.548060 [ProductManager] {Main} Product modified: WLBY ProductChangeFlags(tab_order)
D 2022-05-17 15:32:58.548069 [ProductManager] {Main} Product modified: WTCG ProductChangeFlags(tab_order,mobile_qr_code_text)
D 2022-05-17 15:32:58.548080 [ProductManager] {Main} Product modified: WoW ProductChangeFlags(tab_order)
D 2022-05-17 15:32:58.548090 [ProductManager] {Main} Product modified: WoWC ProductChangeFlags(tab_order)
D 2022-05-17 15:32:58.548100 [ProductManager] {Main} Product modified: WoWX2 ProductChangeFlags(name,type_name,selector_display_name,deprecated,tab_order,logo_v2,game_background,region_permission_flags,override_product_id)
D 2022-05-17 15:32:58.548115 [ProductManager] {Main} Product modified: WoWX7 ProductChangeFlags(tab_order)
D 2022-05-17 15:32:58.548124 [ProductManager] {Main} Product modified: WoWX8 ProductChangeFlags(tab_order)
D 2022-05-17 15:32:58.548132 [ProductManager] {Main} Product modified: ZEUS ProductChangeFlags(tab_order)
D 2022-05-17 15:32:58.548158 [ProductManager] {Main} Products updated
D 2022-05-17 15:32:58.549097 [CatalogVarStorage] {Main} Setting var from catalog Browser.DisableSiteIsolation=true
D 2022-05-17 15:32:58.549117 [CatalogVarStorage] {Main} Setting var from catalog Client.AccountHintRequiredProgramIds=ANBS
D 2022-05-17 15:32:58.549127 [CatalogVarStorage] {Main} Setting var from catalog Client.ActivisionAutoAccountCreation.Games=ODIN,ZEUS,FORE,AUKS
D 2022-05-17 15:32:58.549137 [CatalogVarStorage] {Main} Setting var from catalog Client.Shop.SaleNotificationEnabled=false
D 2022-05-17 15:32:58.549145 [CatalogVarStorage] {Main} Setting var from catalog Client.OwlScreen.LiveCheckIntervalMS=300000
D 2022-05-17 15:32:58.549163 [CatalogVarStorage] {Main} Setting var from catalog Client.Announcements.MaximumAnnouncements=20
D 2022-05-17 15:32:58.549175 [CatalogVarStorage] {Main} Setting var from catalog Client.NewProfileWindowLayout=true
D 2022-05-17 15:32:58.549187 [CatalogVarStorage] {Main} Setting var from catalog Client.PromotedScreenVersion=3
D 2022-05-17 15:32:58.549195 [CatalogVarStorage] {Main} Setting var from catalog Client.Shop.SaleNotificationVersion=6
D 2022-05-17 15:32:58.549204 [CatalogVarStorage] {Main} Setting var from catalog Client.Version.BetaAccessOverride=enabled
D 2022-05-17 15:32:58.549210 [CatalogVarStorage] {Main} Setting var from catalog Client.Version.BetaBranchOverride=beta
D 2022-05-17 15:32:58.549224 [CatalogVarStorage] {Main} Setting var from catalog Services.WhisperChannels.InactivityTimeoutMS=0
D 2022-05-17 15:32:58.549235 [CatalogVarStorage] {Main} Setting var from catalog Services.HTTPClient.ConnectionTimeoutMS=0
I 2022-05-17 15:32:58.556340 [CatalogLoader] {Main} *** LOAD COMPLETE default ***
I 2022-05-17 15:32:58.560887 [CatalogLoader] {Main} *** LOAD STARTED default: Context(RemoteCAS: 3ec9ee5b1179fdfe0ef896c317858c69|tpr/catalogs/data) ***
D 2022-05-17 15:32:58.632254 [ProductNode] {Main} ProductInfo modified: GRY_retail
D 2022-05-17 15:32:58.632296 [ProductManager] {Main} Product modified: GRY ProductChangeFlags(name,uid,title_id,default_product_type,install_disabled_message,play_disabled_message,supports_starter_mode,starter_mode_when_offline,tab_order,logo_v2,game_icon_svg,icon_medium,icon_small,icon_tiny,game_background,supported_regions,region_permission_flags,program_id,quick_links,starter_items,supported_platforms,unsupported_platform_behavior,key_art,content_id,genre,mobile_promo_text,mobile_stores,mobile_qr_code,mobile_qr_code_text,milestone,heading_text)
D 2022-05-17 15:32:58.632335 [ProductManager] {Main} Product modified: WoWX2 ProductChangeFlags(name,type_name,selector_display_name,deprecated,logo_v2,game_background,region_permission_flags,override_product_id)
D 2022-05-17 15:32:58.632354 [ProductManager] {Main} Products updated
D 2022-05-17 15:32:58.632421 [CatalogVarStorage] {Main} Setting var from catalog Browser.DisableSiteIsolation=true
D 2022-05-17 15:32:58.632440 [CatalogVarStorage] {Main} Setting var from catalog Client.AccountHintRequiredProgramIds=ANBS
D 2022-05-17 15:32:58.632449 [CatalogVarStorage] {Main} Setting var from catalog Client.ActivisionAutoAccountCreation.Games=ODIN,ZEUS,FORE,AUKS
D 2022-05-17 15:32:58.632463 [CatalogVarStorage] {Main} Setting var from catalog Client.Shop.SaleNotificationEnabled=false
D 2022-05-17 15:32:58.632472 [CatalogVarStorage] {Main} Setting var from catalog Client.OwlScreen.LiveCheckIntervalMS=300000
D 2022-05-17 15:32:58.632503 [CatalogVarStorage] {Main} Setting var from catalog Client.Announcements.MaximumAnnouncements=20
D 2022-05-17 15:32:58.632516 [CatalogVarStorage] {Main} Setting var from catalog Client.NewProfileWindowLayout=true
D 2022-05-17 15:32:58.632526 [CatalogVarStorage] {Main} Setting var from catalog Client.PromotedScreenVersion=3
D 2022-05-17 15:32:58.632534 [CatalogVarStorage] {Main} Setting var from catalog Client.Shop.SaleNotificationVersion=6
D 2022-05-17 15:32:58.632544 [CatalogVarStorage] {Main} Setting var from catalog Client.Version.BetaAccessOverride=enabled
D 2022-05-17 15:32:58.632553 [CatalogVarStorage] {Main} Setting var from catalog Client.Version.BetaBranchOverride=beta
D 2022-05-17 15:32:58.632563 [CatalogVarStorage] {Main} Setting var from catalog Services.WhisperChannels.InactivityTimeoutMS=0
D 2022-05-17 15:32:58.632592 [CatalogVarStorage] {Main} Setting var from catalog Services.HTTPClient.ConnectionTimeoutMS=0
I 2022-05-17 15:32:58.636492 [CatalogLoader] {Main} *** LOAD COMPLETE default ***
D 2022-05-17 15:32:59.556854 [InstallManager] {Main} Game finished versioning battle.net
D 2022-05-17 15:33:01.100515 [UnifiedAuth] {} UAuth: browser state changed: Login
D 2022-05-17 15:33:01.110352 [UnifiedAuth] {Main} UAuth: begin loading: https://us.battle.net/login/es/login.app?app=app
D 2022-05-17 15:33:01.110380 [UnifiedAuth] {Main} UAuth: set size from headers: 344x226 popup=0
D 2022-05-17 15:33:01.297178 [InstallManager] {Main} Update started: battle.net
I 2022-05-17 15:33:01.397810 [GameSessionList] {Agent} Reporting process: TrackingInfo(uid=battle.net, type=game, opStatus=On, reqId=0, running=4, oldRunning=1)
I 2022-05-17 15:33:01.406905 [InstallManager] {Main} Setting Process Running: true uid=battle.net binaryType=game any=true
D 2022-05-17 15:33:01.647795 [GameController] {Main} Shutting down GameController
D 2022-05-17 15:33:01.647853 [Main] {Main} Shutting down GameLaunchController
I 2022-05-17 15:33:01.647908 [GameController] {Main} Deleting GameFamily: , # of game accounts:0
D 2022-05-17 15:33:01.647995 [ProductState] {Main} Game product state destroyed: uid=odin
D 2022-05-17 15:33:01.648031 [ProductState] {Main} Game product state destroyed: uid=
I 2022-05-17 15:33:01.648483 [ToastManager] {Main} Clearing toast queue
D 2022-05-17 15:33:03.237637 [Main] {Main} Shutting down Backend
D 2022-05-17 15:33:03.237687 [Main] {Main} Closing IPC Service
D 2022-05-17 15:33:03.237692 [CommandQueue] {Main} IPCService is shutting down
D 2022-05-17 15:33:03.237834 [Main] {Main} Shutting down account manager
D 2022-05-17 15:33:03.237846 [Main] {Main} Shutting down CacheManager
D 2022-05-17 15:33:03.237850 [Main] {Main} Shutting down analytics processor
D 2022-05-17 15:33:03.238051 [Main] {Main} Shutting down worker pool
D 2022-05-17 15:33:03.238656 [Main] {Main} Shutting down backend processor
D 2022-05-17 15:33:03.242567 [Main] {Main} Shutting down data cache
D 2022-05-17 15:33:03.242749 [Main] {Main} Shutting down catalog manager
D 2022-05-17 15:33:03.243189 [Main] {Main} Shutting down environment manager
D 2022-05-17 15:33:03.243217 [Main] {Main} Shutting down battle.net api gateway
D 2022-05-17 15:33:03.243222 [Main] {Main} Shutting down suggested friends service
D 2022-05-17 15:33:03.243230 [Main] {Main} Shutting down voice service
D 2022-05-17 15:33:03.243234 [Main] {Main} Shutting down remote content manager
D 2022-05-17 15:33:03.243238 [Main] {Main} Shutting down analytics session
D 2022-05-17 15:33:03.243243 [Main] {Main} Shutting down agent manager
D 2022-05-17 15:33:03.243250 [Agent] {Main} PolicyHandler Thread STOPPING
D 2022-05-17 15:33:03.243260 [Agent] {Agent} PolicyHandlerThreadProc: The rest is silence.
D 2022-05-17 15:33:03.243571 [Agent] {Main} PolicyHandler Thread STOPPED
D 2022-05-17 15:33:03.244603 [Agent] {Main} Communicated shutdown to Agent
D 2022-05-17 15:33:03.244688 [Main] {Main} Shutting down game provider
D 2022-05-17 15:33:03.244707 [Main] {Main} Shutting down battle.net interface
D 2022-05-17 15:33:03.245003 [Main] {Main} Shutting down callback queue
D 2022-05-17 15:33:03.245028 [WebServer] {Main} Shutting down WebServerImpl
D 2022-05-17 15:33:03.245219 [WebServer] {Main} WebServerImpl is stopped
D 2022-05-17 15:33:03.357810 [DIAG_BNL_Voice] {Main} {30f0} debug: Notification client reference removed: 0
