D 2022-05-26 19:54:00.180215 [Main] {Main} Removing old/extra log file: battle.net-20220511T231335.911482.log
D 2022-05-26 19:54:00.180459 [Main] {Main} Removing old/extra log file: battle.net-20220512T041702.505625.log
D 2022-05-26 19:54:00.180731 [Main] {Main} Removing old/extra log file: libcef-20220511T231339.872980.log
D 2022-05-26 19:54:00.180911 [Main] {Main} Removing old/extra log file: libcef-20220512T041705.159364.log
I 2022-05-26 19:54:00.181079 [Main] {Main} Logging started for Battle.net build 2.13.0.13500
I 2022-05-26 19:54:00.181371 [Configuration] {Main} SharedConfigRoot: C:\ProgramData\Battle.net
I 2022-05-26 19:54:00.181654 [Configuration] {Main} RoamingConfigRoot: C:\Users\sdean\AppData\Roaming\Battle.net
I 2022-05-26 19:54:00.181670 [Configuration] {Main} LocalConfigRoot: C:\Users\sdean\AppData\Local\Battle.net
D 2022-05-26 19:54:00.181796 [Configuration] {Main} Searching for config file: C:\Program Files (x86)\Battle.net\Battle.net.13500\Battle.net.config
D 2022-05-26 19:54:00.181846 [Configuration] {Main} Searching for config file: C:\Program Files (x86)\Battle.net\Battle.net.config
D 2022-05-26 19:54:00.188174 [Configuration] {Main} User Configuration File: C:\Users\sdean\AppData\Roaming\Battle.net\Battle.net.config
I 2022-05-26 19:54:00.190571 [Main] {Main} Command line arguments: {[0]=--autostarted}
I 2022-05-26 19:54:00.192610 [Main] {Main} Opening IPC shared memory. queueName=User:sdean:Battle.net IPC ShMem mode=server
I 2022-05-26 19:54:00.259512 [Frontend] {Main} Supplying list of renderers: d3d11,warp,desktop
I 2022-05-26 19:54:00.609303 [LocalizationData] {Main} 21 language(s) loaded from languages.xml, default=enUS
D 2022-05-26 19:54:00.966037 [Main] {Main} Adding application font: resources/fonts/BlizzardReg.ttf
D 2022-05-26 19:54:00.969927 [Main] {Main} Adding application font: resources/fonts/BlizzardLig.ttf
D 2022-05-26 19:54:00.971699 [Main] {Main} Adding application font: resources/fonts/BlizzardBol.ttf
D 2022-05-26 19:54:00.973113 [Main] {Main} Adding application font: resources/fonts/NotoSans-Bold.ttf
D 2022-05-26 19:54:00.981513 [Main] {Main} Adding application font: resources/fonts/NotoSans-BoldItalic.ttf
D 2022-05-26 19:54:00.987844 [Main] {Main} Adding application font: resources/fonts/NotoSans-Italic.ttf
D 2022-05-26 19:54:00.995276 [Main] {Main} Adding application font: resources/fonts/NotoSans-Regular.ttf
D 2022-05-26 19:54:01.001592 [Main] {Main} Adding application font: resources/fonts/ObjectSans-Bold.ttf
D 2022-05-26 19:54:01.003747 [Main] {Main} Adding application font: resources/fonts/ObjectSans-Medium.ttf
D 2022-05-26 19:54:02.301742 [Main] {Main} Setting font to: Blizzard
I 2022-05-26 19:54:02.302739 [CacheManager] {Main} Local storage cache at: C:\Users\sdean\AppData\Local\Battle.net\Cache
I 2022-05-26 19:54:02.311639 [Main] {Main} Opened database at: C:\Users\sdean\AppData\Local\Battle.net\CachedData.db
D 2022-05-26 19:54:02.313714 [Agent] {Agent} PolicyHandlerThreadProc: I shall in all my best obey you.
D 2022-05-26 19:54:02.313744 [Agent] {Main} PolicyHandler Thread STARTED
I 2022-05-26 19:54:02.447035 [DIAG_BNL_Voice] {Main} Audio device monitor using already-initialized COM
I 2022-05-26 19:54:02.449129 [VoiceSessionBroker] {Main} Global voice is on
I 2022-05-26 19:54:02.449587 [Main] {Main} Execution environment changed. environment=EE_STANDARD
I 2022-05-26 19:54:02.450100 [CatalogManager] {Main} Loaded catalog hash from the database cache. hash=fdf45a2d5bbec6fad161a9dc5ca62a27
I 2022-05-26 19:54:02.451127 [CatalogManager] {Main} Built-in catalog hash (catalog/digesthash.txt): 4c02b91f97ee50fb9a8461c47da4b1c2
I 2022-05-26 19:54:02.451244 [CatalogManager] {Main} Built-in catalog hash (catalog/signaturehash.txt): 6436bc147579230deab607afa797cc01
I 2022-05-26 19:54:02.451285 [CatalogLoader] {Main} *** LOAD STARTED default: Context(LocalCAS: fdf45a2d5bbec6fad161a9dc5ca62a27 I) ***
E 2022-05-26 19:54:02.545667 [CatalogLoader] {Main} Fetch result for 8ccae4e454e5b63a2d276013ba47d69c failed with: 10
W 2022-05-26 19:54:02.545710 [CatalogLoader] {Main} LoadedFragmentData state change. id=auks_auks state=DoneWithError
W 2022-05-26 19:54:02.545723 [CatalogLoader] {Main} LoadedFragmentData state change. id=default state=DoneWithError
E 2022-05-26 19:54:02.545733 [CatalogLoader] {Main} An error occurred loading from fragment: default err=105
E 2022-05-26 19:54:02.547000 [CatalogLoader] {Main} *** LOAD FAILED default: 105 ***
E 2022-05-26 19:54:02.737368 [CatalogLoader] {Main} Fetch result for 94e9911c1d2df8fad2a5bc7f3563f0f3 failed with: 10
W 2022-05-26 19:54:02.737410 [CatalogLoader] {Main} LoadedFragmentData state change. id=fenris_fenris state=DoneWithError
I 2022-05-26 19:54:04.263364 [Agent] {Agent} Agent Version is now: 2.27.0.7779 (retail)
I 2022-05-26 19:54:04.266463 [GameSessionList] {Agent} Reporting process: TrackingInfo(uid=battle.net, type=game, opStatus=On, reqId=0, running=1, oldRunning=0)
D 2022-05-26 19:54:04.269160 [Agent] {Agent} GameResource created for uid: agent
D 2022-05-26 19:54:04.269245 [Agent] {Agent} GameResource created for uid: battle.net
D 2022-05-26 19:54:04.269281 [Agent] {Agent} GameResource created for uid: odin
W 2022-05-26 19:54:05.035152 [CatalogManager] {Main} Failed to load initial catalog: hash=fdf45a2d5bbec6fad161a9dc5ca62a27 result=105
I 2022-05-26 19:54:05.038599 [CatalogLoader] {Main} *** LOAD STARTED default: Context(LocalCAS: 4c02b91f97ee50fb9a8461c47da4b1c2 I) ***
I 2022-05-26 19:54:05.125760 [CatalogLoader] {Main} Removing stale fragment: anbs_limitedcn
I 2022-05-26 19:54:05.125803 [CatalogLoader] {Main} Removing stale fragment: auks_auks
I 2022-05-26 19:54:05.125820 [CatalogLoader] {Main} Removing stale fragment: fenris_fenris
I 2022-05-26 19:54:05.125835 [CatalogLoader] {Main} Removing stale fragment: hearthstone_limited_starter
W 2022-05-26 19:54:05.126200 [FeatureManager] {Main} Feature 'battle.net_http_request_0_c6caed0e' depends on missing feature 'http_test'
E 2022-05-26 19:54:05.126221 [FeatureManager] {Main} Feature 'battle.net_http_request_0_c6caed0e' has dependency errors and will not respond to dependency changes
I 2022-05-26 19:54:05.126273 [FeatureManager] {Main} Moving feature record from active to inactive: whisper_voice
I 2022-05-26 19:54:05.126290 [FeatureManager] {Main} Moving feature record from active to inactive: trace_route
I 2022-05-26 19:54:05.126302 [FeatureManager] {Main} Moving feature record from active to inactive: mapped_urls
I 2022-05-26 19:54:05.126316 [FeatureManager] {Main} Feature changed: fore_limited_alpha_f6824657=true
I 2022-05-26 19:54:05.126339 [FeatureManager] {Main} Feature changed: fore_buy_now_fore_fef83a73=true
I 2022-05-26 19:54:05.126360 [FeatureManager] {Main} Feature changed: zeus_refresh_without_license_b63211e4=true
I 2022-05-26 19:54:05.126385 [FeatureManager] {Main} Feature changed: hearthstone_limited_event_57b4aca6=true
I 2022-05-26 19:54:05.126412 [FeatureManager] {Main} Feature changed: gryphon_mobile_449148fc=true
I 2022-05-26 19:54:05.126434 [FeatureManager] {Main} Feature changed: lazarus_show_on_beta_5bbf784c=true
I 2022-05-26 19:54:05.126449 [FeatureManager] {Main} Feature changed: odin_deprecate_event_21bf1dc9=true
I 2022-05-26 19:54:05.126467 [FeatureManager] {Main} Feature changed: odin_show_on_beta_5bbf784c=true
I 2022-05-26 19:54:05.126483 [FeatureManager] {Main} Feature changed: odin_upgrade_from_odin_fef83a73=true
I 2022-05-26 19:54:05.126500 [FeatureManager] {Main} Feature changed: osi_limited_install_773b93da=true
I 2022-05-26 19:54:05.126519 [FeatureManager] {Main} Feature changed: osi_limited_product_d9fa6516=true
I 2022-05-26 19:54:05.126540 [FeatureManager] {Main} Feature changed: overwatch_trial_8df428bf=true
I 2022-05-26 19:54:05.126558 [FeatureManager] {Main} Feature changed: viper_show_on_beta_5bbf784c=true
I 2022-05-26 19:54:05.126577 [FeatureManager] {Main} Feature changed: warcraft_iii_upgrade_05e4b09b=true
I 2022-05-26 19:54:05.126599 [FeatureManager] {Main} Feature changed: wlby_show_on_beta_5bbf784c=true
I 2022-05-26 19:54:05.126616 [FeatureManager] {Main} Feature changed: zeus_show_on_beta_5bbf784c=true
I 2022-05-26 19:54:05.145995 [FeatureManager] {Main} Feature changed: cts_takeovers=true
I 2022-05-26 19:54:05.146024 [FeatureManager] {Main} Feature changed: clear_chat_history=true
I 2022-05-26 19:54:05.146031 [FeatureManager] {Main} Feature changed: mentions=true
I 2022-05-26 19:54:05.146048 [FeatureManager] {Main} Feature changed: activision_auto_account_creation=true
I 2022-05-26 19:54:05.146053 [FeatureManager] {Main} Feature changed: suggested_group_members=true
I 2022-05-26 19:54:05.146059 [FeatureManager] {Main} Feature changed: friend_request_management=true
I 2022-05-26 19:54:05.146066 [FeatureManager] {Main} Feature changed: link_previews=true
I 2022-05-26 19:54:05.146071 [FeatureManager] {Main} Feature changed: sms_protect_requirements=true
I 2022-05-26 19:54:05.146078 [FeatureManager] {Main} Feature changed: social_tab=true
I 2022-05-26 19:54:05.146083 [FeatureManager] {Main} Feature changed: auto_update_optimization=true
I 2022-05-26 19:54:05.146089 [FeatureManager] {Main} Feature changed: embedded_web_view=true
I 2022-05-26 19:54:05.146096 [FeatureManager] {Main} Feature changed: collapsible_social_panel=true
I 2022-05-26 19:54:05.146102 [FeatureManager] {Main} Feature changed: blizzard_profiles=true
I 2022-05-26 19:54:05.146110 [FeatureManager] {Main} Feature changed: group_privacy_settings=true
I 2022-05-26 19:54:05.146115 [FeatureManager] {Main} Feature changed: cn_age_alert=true
I 2022-05-26 19:54:05.146124 [FeatureManager] {Main} Feature changed: all_games_v2=true
I 2022-05-26 19:54:05.146129 [FeatureManager] {Main} Feature changed: all_games_new_badge=true
I 2022-05-26 19:54:05.146134 [FeatureManager] {Main} Feature changed: appear_offline=true
I 2022-05-26 19:54:05.146140 [FeatureManager] {Main} Feature changed: refresh_toast=true
I 2022-05-26 19:54:05.146145 [FeatureManager] {Main} Feature changed: app_feedback_dialog=true
I 2022-05-26 19:54:05.146152 [FeatureManager] {Main} Feature changed: browser_main_window=true
I 2022-05-26 19:54:05.146159 [FeatureManager] {Main} Feature changed: chat_giphy=true
I 2022-05-26 19:54:05.146164 [FeatureManager] {Main} Feature changed: content_ui=true
I 2022-05-26 19:54:05.146169 [FeatureManager] {Main} Feature changed: multichats=true
I 2022-05-26 19:54:05.147065 [FeatureManager] {Main} Feature changed: content_ui_web_view=true
I 2022-05-26 19:54:05.147094 [FeatureManager] {Main} Feature changed: first_time_experience=true
I 2022-05-26 19:54:05.147105 [FeatureManager] {Main} Feature changed: friends_list_popout=true
I 2022-05-26 19:54:05.147112 [FeatureManager] {Main} Feature changed: gift_inventory=true
I 2022-05-26 19:54:05.147121 [FeatureManager] {Main} Feature changed: refresh_friend_tooltip=true
I 2022-05-26 19:54:05.147129 [FeatureManager] {Main} Feature changed: global_legendary_promos=true
I 2022-05-26 19:54:05.147135 [FeatureManager] {Main} Feature changed: shop_wish_list=true
I 2022-05-26 19:54:05.147146 [FeatureManager] {Main} Feature changed: http_test=true tags=http_request_0
I 2022-05-26 19:54:05.147155 [FeatureManager] {Main} Feature changed: non_friend_whispers=true
I 2022-05-26 19:54:05.147164 [FeatureManager] {Main} Feature changed: notification_center=true
I 2022-05-26 19:54:05.147170 [FeatureManager] {Main} Feature changed: playscreen_migrate_cms=true
I 2022-05-26 19:54:05.147177 [FeatureManager] {Main} Feature changed: shared_container_installs=true
I 2022-05-26 19:54:05.147183 [FeatureManager] {Main} Feature changed: sc2_account_selection_dialog=true
I 2022-05-26 19:54:05.147189 [FeatureManager] {Main} Feature changed: suggested_facebook_friends=true
I 2022-05-26 19:54:05.147201 [FeatureManager] {Main} Feature changed: whisper_voice=true
I 2022-05-26 19:54:05.147211 [FeatureManager] {Main} Feature changed: battle.net_http_request_0_c6caed0e=true
D 2022-05-26 19:54:05.147352 [Configuration] {Main} Searching for config file: C:\Program Files (x86)\Battle.net\Battle.net.13500\Environments.yaml
D 2022-05-26 19:54:05.147425 [Configuration] {Main} Searching for config file: C:\Program Files (x86)\Battle.net\Environments.yaml
I 2022-05-26 19:54:05.147466 [EnvironmentManager] {Main} Login parameters changed: address=us.actual.battle.net:1119 region=US
D 2022-05-26 19:54:05.171032 [CatalogVarStorage] {Main} Setting var from catalog Browser.DisableSiteIsolation=true
D 2022-05-26 19:54:05.171080 [CatalogVarStorage] {Main} Setting var from catalog Client.AccountHintRequiredProgramIds=ANBS
D 2022-05-26 19:54:05.171098 [CatalogVarStorage] {Main} Setting var from catalog Client.ActivisionAutoAccountCreation.Games=ODIN,ZEUS,FORE,AUKS
D 2022-05-26 19:54:05.171115 [CatalogVarStorage] {Main} Setting var from catalog Client.Shop.SaleNotificationEnabled=false
D 2022-05-26 19:54:05.171129 [CatalogVarStorage] {Main} Setting var from catalog Client.OwlScreen.LiveCheckIntervalMS=300000
D 2022-05-26 19:54:05.171153 [CatalogVarStorage] {Main} Setting var from catalog Client.Announcements.MaximumAnnouncements=20
D 2022-05-26 19:54:05.171167 [CatalogVarStorage] {Main} Setting var from catalog Client.NewProfileWindowLayout=true
D 2022-05-26 19:54:05.171178 [CatalogVarStorage] {Main} Setting var from catalog Client.PromotedScreenVersion=3
D 2022-05-26 19:54:05.171189 [CatalogVarStorage] {Main} Setting var from catalog Client.Shop.SaleNotificationVersion=6
D 2022-05-26 19:54:05.171201 [CatalogVarStorage] {Main} Setting var from catalog Client.Version.BetaAccessOverride=enabled
I 2022-05-26 19:54:05.171210 [VersionManager] {Main} Beta Access: enabled
D 2022-05-26 19:54:05.171220 [CatalogVarStorage] {Main} Setting var from catalog Client.Version.BetaBranchOverride=beta
D 2022-05-26 19:54:05.171235 [CatalogVarStorage] {Main} Setting var from catalog Services.WhisperChannels.InactivityTimeoutMS=0
I 2022-05-26 19:54:05.176417 [CatalogLoader] {Main} *** LOAD COMPLETE default ***
I 2022-05-26 19:54:05.176462 [CatalogManager] {Main} Loaded initial catalog: hash=4c02b91f97ee50fb9a8461c47da4b1c2
I 2022-05-26 19:54:05.362670 [WebServer] {Backend:0} Listening on port 22885
D 2022-05-26 19:54:05.610839 [UI] {Main} Fixup allowed regions and locales. installedRegion=US allowedRegions= allowedLocales=
I 2022-05-26 19:54:05.611485 [ToastManager] {Main} Toasts are enabled in ClientSettings
D 2022-05-26 19:54:05.620381 [ProductState] {Main} Game product state created: uid=
D 2022-05-26 19:54:05.620461 [ProductState] {Main} InstallState (): currentOperation=Install currentOperationStatus=New
I 2022-05-26 19:54:05.644401 [Main] {Main} Application path is: C:\Program Files (x86)\Battle.net\Battle.net.exe
I 2022-05-26 19:54:05.767484 [ClientServiceAlertMonitor] {Main} Breaking News url has changed. url=https://nydus.battle.net/App/esES/client/App/alert?targetRegion=US
D 2022-05-26 19:54:05.767739 [RemoteContentCache] {Main} Found cached remote content. url=https://nydus.battle.net/App/esES/client/App/alert?targetRegion=US
I 2022-05-26 19:54:05.772119 [ClientServiceAlertMonitor] {Main} Maintenance url has changed. url=https://nydus.battle.net/App/esES/client/App/maintenance?targetRegion=US
D 2022-05-26 19:54:05.772358 [RemoteContentCache] {Main} Found cached remote content. url=https://nydus.battle.net/App/esES/client/App/maintenance?targetRegion=US
I 2022-05-26 19:54:05.777038 [Frontend] {Main} Public Computer state changed. is_public=false
D 2022-05-26 19:54:05.777078 [Frontend] {Main} Session id changed. session_id=6039821674584752049
D 2022-05-26 19:54:05.777188 [Frontend] {Main} Tracking info changed. client_id=1440039363.1625153260, user_agent=
I 2022-05-26 19:54:05.815951 [HighDpiManager] {Main} High dpi support available changed: 0
I 2022-05-26 19:54:05.816001 [Frontend] {Main} High dpi support: disabled
D 2022-05-26 19:54:05.817739 [Main] {WorkerPool:0} Checking permissions on path: C:\ProgramData\Battle.net\Setup depth=-1
D 2022-05-26 19:54:05.820843 [Main] {WorkerPool:0} Checking permissions on path: C:\ProgramData\Battle.net\Agent depth=1
D 2022-05-26 19:54:05.824185 [Main] {WorkerPool:0} Checking permissions on path: C:\ProgramData\Battle.net\Agent\Agent.7661 depth=1
D 2022-05-26 19:54:05.825173 [Main] {WorkerPool:0} Checking permissions on path: C:\ProgramData\Battle.net\Agent\Agent.7779 depth=1
D 2022-05-26 19:54:05.825916 [Main] {WorkerPool:0} Checking permissions on path: C:\ProgramData\Blizzard Entertainment depth=2
I 2022-05-26 19:54:06.006039 [FeatureManager] {Main} Feature changed: install_packages=true
I 2022-05-26 19:54:06.006069 [FeatureManager] {Main} Feature changed: modify_install=true
I 2022-05-26 19:54:06.006447 [Agent] {Main} AgentManager is now initialized
I 2022-05-26 19:54:06.006465 [InstallManager] {Main} Install manager is now initialized
D 2022-05-26 19:54:06.006473 [InstallManager] {Main} Selecting best game install data for game battle.net: savedUid=battle.net originalUid=<none> newUid=battle.net
D 2022-05-26 19:54:06.006499 [InstallInfo] {Main} InstallInfo agent association has been changed: uid=battle.net agentUid=battle.net
D 2022-05-26 19:54:06.006515 [InstallManager] {Main} Selecting best game install data for game odin: savedUid=odin originalUid=<none> newUid=odin
D 2022-05-26 19:54:06.006525 [InstallInfo] {Main} InstallInfo agent association has been changed: uid=odin agentUid=odin
D 2022-05-26 19:54:06.006586 [ProductState] {Main} Game product state created: uid=odin
D 2022-05-26 19:54:06.006637 [ProductState] {Main} InstallState (odin): currentOperation=Update currentOperationStatus=New installed=1 optionalPackageInstalled=1 installPath=C:/Program Files (x86)/Call of Duty Modern Warfare canCreateShortcut=1 selectedRegion=us activeConfigKey=e5a715efe23d4f4dfbd919e511e633c7 regionalVersions=(eu: {playable:false config_key:bac2b89e7596aebef37b724a056a8d3e}, kr: {playable:false config_key:bac2b89e7596aebef37b724a056a8d3e}, us: {playable:false config_key:bac2b89e7596aebef37b724a056a8d3e}) localVersion=1.39.2.9769220 latestVersion=1.1592e+07 progress=1
D 2022-05-26 19:54:06.006669 [Agent] {Main} Versioning is now enabled
D 2022-05-26 19:54:06.006696 [Agent] {Main} Triggering game versioning: battle.net
D 2022-05-26 19:54:06.006723 [Agent] {Main} Triggering game versioning: odin
D 2022-05-26 19:54:06.007132 [InstallManager] {Main} Sending a queued OnProcessPidsUpdated notification: agentUid=battle.net binaryType=game
D 2022-05-26 19:54:06.007158 [InstallManager] {Main} Sending a queued OnProcessRunning notification: agentUid=battle.net binaryType=game
I 2022-05-26 19:54:06.007171 [InstallManager] {Main} Setting Process Running: true uid=battle.net binaryType=game any=true
D 2022-05-26 19:54:06.007186 [InstallInfo] {Main} Operation status changed: opType=Execute oldStatus=Off newStatus=On agentUid=battle.net
I 2022-05-26 19:54:06.019325 [CatalogLoader] {Main} *** LOAD STARTED default: Context(LocalCAS: 4c02b91f97ee50fb9a8461c47da4b1c2 I) ***
I 2022-05-26 19:54:06.081256 [FeatureManager] {Main} Moving feature record from active to inactive: overwatch_league_tab
I 2022-05-26 19:54:06.081293 [FeatureManager] {Main} Moving feature record from active to inactive: blizzcon_tab
D 2022-05-26 19:54:06.104535 [CatalogVarStorage] {Main} Setting var from catalog Browser.DisableSiteIsolation=true
D 2022-05-26 19:54:06.104584 [CatalogVarStorage] {Main} Setting var from catalog Client.AccountHintRequiredProgramIds=ANBS
D 2022-05-26 19:54:06.104604 [CatalogVarStorage] {Main} Setting var from catalog Client.ActivisionAutoAccountCreation.Games=ODIN,ZEUS,FORE,AUKS
D 2022-05-26 19:54:06.104620 [CatalogVarStorage] {Main} Setting var from catalog Client.Shop.SaleNotificationEnabled=false
D 2022-05-26 19:54:06.104640 [CatalogVarStorage] {Main} Setting var from catalog Client.OwlScreen.LiveCheckIntervalMS=300000
D 2022-05-26 19:54:06.104671 [CatalogVarStorage] {Main} Setting var from catalog Client.Announcements.MaximumAnnouncements=20
D 2022-05-26 19:54:06.104691 [CatalogVarStorage] {Main} Setting var from catalog Client.NewProfileWindowLayout=true
D 2022-05-26 19:54:06.104708 [CatalogVarStorage] {Main} Setting var from catalog Client.PromotedScreenVersion=3
D 2022-05-26 19:54:06.104729 [CatalogVarStorage] {Main} Setting var from catalog Client.Shop.SaleNotificationVersion=6
D 2022-05-26 19:54:06.104747 [CatalogVarStorage] {Main} Setting var from catalog Client.Version.BetaAccessOverride=enabled
D 2022-05-26 19:54:06.104767 [CatalogVarStorage] {Main} Setting var from catalog Client.Version.BetaBranchOverride=beta
D 2022-05-26 19:54:06.104783 [CatalogVarStorage] {Main} Setting var from catalog Services.WhisperChannels.InactivityTimeoutMS=0
D 2022-05-26 19:54:06.104802 [CatalogVarStorage] {Main} Setting var from catalog Services.HTTPClient.ConnectionTimeoutMS=0
I 2022-05-26 19:54:06.111343 [CatalogLoader] {Main} *** LOAD COMPLETE default ***
I 2022-05-26 19:54:06.120202 [Registry] {Main} Failed to delete token from registry|error=ERROR_REGISTRY_OPEN_KEY_ERROR (12001)
I 2022-05-26 19:54:06.292241 [UnifiedAuth] {Main} UAuth: setting url: https://us.battle.net/login/es/logout?ref=https://us.battle.net/login/es/login.app?app=app reason: reset
D 2022-05-26 19:54:06.334836 [ClientServiceAlertMonitor] {Main} Service alert monitor force update requested
D 2022-05-26 19:54:06.334868 [ClientServiceAlertMonitor] {Main} Breaking News update requested
D 2022-05-26 19:54:06.334879 [ClientServiceAlertMonitor] {Main} Maintenance update requested
D 2022-05-26 19:54:06.507722 [InstallManager] {Main} Game finished versioning odin
I 2022-05-26 19:54:06.508454 [CacheManager] {Main} CacheManager is now initialized
I 2022-05-26 19:54:06.508495 [TactVersionWatcher] {Main} Fetched new tact metadata. productCode=catalogs region=us branch=PUB-29 version=2166 seq=230 buildConfig=5bc913acf4a13af6e8325bd5041ffb66
I 2022-05-26 19:54:06.616405 [DIAG_BuildConfig] {Main} no 'encoding' key in build configuration '5bc913acf4a13af6e8325bd5041ffb66', selecting plain-data mode
I 2022-05-26 19:54:06.616447 [CatalogLoader] {Main} *** LOAD STARTED default: Context(RemoteCAS: 25b0213778a890d3b5b1af9405d2eb2c|tpr/catalogs/data) ***
I 2022-05-26 19:54:07.400944 [FeatureManager] {Main} Feature changed: overwatch_trial_8df428bf=false
I 2022-05-26 19:54:07.401027 [FeatureManager] {Main} Removing inactive feature record: overwatch_trial_8df428bf
D 2022-05-26 19:54:07.414028 [ProductManager] {Main} Product modified: ANBS ProductChangeFlags(starter_items)
D 2022-05-26 19:54:07.414169 [ProductManager] {Main} Product modified: D3 ProductChangeFlags(quick_links,starter_items)
D 2022-05-26 19:54:07.414200 [ProductManager] {Main} Product modified: D3CN ProductChangeFlags(quick_links)
D 2022-05-26 19:54:07.414220 [ProductManager] {Main} Product modified: D3X0 ProductChangeFlags(quick_links,starter_items)
D 2022-05-26 19:54:07.414236 [ProductManager] {Main} Product modified: D3X1 ProductChangeFlags(quick_links,starter_items)
D 2022-05-26 19:54:07.414254 [ProductManager] {Main} Product modified: FORE ProductChangeFlags(quick_links,starter_items)
D 2022-05-26 19:54:07.414272 [ProductManager] {Main} Product modified: GRY ProductChangeFlags(quick_links,starter_items)
D 2022-05-26 19:54:07.414294 [ProductManager] {Main} Product modified: Hero ProductChangeFlags(quick_links,starter_items)
D 2022-05-26 19:54:07.414313 [ProductManager] {Main} Product modified: LAZR ProductChangeFlags(quick_links,starter_items)
D 2022-05-26 19:54:07.414331 [ProductManager] {Main} Product modified: ODIN ProductChangeFlags(quick_links,starter_items)
D 2022-05-26 19:54:07.414352 [ProductManager] {Main} Product modified: ODIN_MW ProductChangeFlags(quick_links,starter_items)
D 2022-05-26 19:54:07.414372 [ProductManager] {Main} Product modified: OSI ProductChangeFlags(quick_links,starter_items)
D 2022-05-26 19:54:07.414393 [ProductManager] {Main} Product modified: Pro ProductChangeFlags(quick_links,starter_items)
D 2022-05-26 19:54:07.414413 [ProductManager] {Main} Product modified: RTRO ProductChangeFlags(quick_links,starter_items)
D 2022-05-26 19:54:07.414438 [ProductManager] {Main} Product modified: S1 ProductChangeFlags(quick_links,starter_items)
D 2022-05-26 19:54:07.414459 [ProductManager] {Main} Product modified: S2 ProductChangeFlags(quick_links,starter_items)
D 2022-05-26 19:54:07.414477 [ProductManager] {Main} Product modified: VIPR ProductChangeFlags(quick_links,starter_items)
D 2022-05-26 19:54:07.414497 [ProductManager] {Main} Product modified: W3 ProductChangeFlags(quick_links,starter_items)
D 2022-05-26 19:54:07.414516 [ProductManager] {Main} Product modified: WLBY ProductChangeFlags(quick_links,starter_items)
D 2022-05-26 19:54:07.414535 [ProductManager] {Main} Product modified: WTCG ProductChangeFlags(quick_links,starter_items)
D 2022-05-26 19:54:07.414625 [ProductManager] {Main} Product modified: WoW ProductChangeFlags(quick_links,starter_items)
D 2022-05-26 19:54:07.414648 [ProductManager] {Main} Product modified: WoWC ProductChangeFlags(starter_items)
D 2022-05-26 19:54:07.414666 [ProductManager] {Main} Product modified: WoWX2 ProductChangeFlags(quick_links,starter_items)
D 2022-05-26 19:54:07.414686 [ProductManager] {Main} Product modified: WoWX7 ProductChangeFlags(quick_links,starter_items)
D 2022-05-26 19:54:07.414701 [ProductManager] {Main} Product modified: WoWX8 ProductChangeFlags(quick_links,starter_items)
D 2022-05-26 19:54:07.414715 [ProductManager] {Main} Product modified: ZEUS ProductChangeFlags(quick_links,starter_items)
D 2022-05-26 19:54:07.414773 [ProductManager] {Main} Products updated
D 2022-05-26 19:54:07.416804 [ProductManager] {Main} Product modified: ANBS ProductChangeFlags(starter_items)
D 2022-05-26 19:54:07.416853 [ProductManager] {Main} Product modified: D3 ProductChangeFlags(quick_links,starter_items)
D 2022-05-26 19:54:07.416877 [ProductManager] {Main} Product modified: D3CN ProductChangeFlags(quick_links)
D 2022-05-26 19:54:07.416903 [ProductManager] {Main} Product modified: D3X0 ProductChangeFlags(quick_links,starter_items)
D 2022-05-26 19:54:07.416924 [ProductManager] {Main} Product modified: D3X1 ProductChangeFlags(quick_links,starter_items)
D 2022-05-26 19:54:07.416939 [ProductManager] {Main} Product modified: FORE ProductChangeFlags(quick_links,starter_items)
D 2022-05-26 19:54:07.416957 [ProductManager] {Main} Product modified: GRY ProductChangeFlags(quick_links,starter_items)
D 2022-05-26 19:54:07.416977 [ProductManager] {Main} Product modified: Hero ProductChangeFlags(quick_links,starter_items)
D 2022-05-26 19:54:07.416996 [ProductManager] {Main} Product modified: LAZR ProductChangeFlags(quick_links,starter_items)
D 2022-05-26 19:54:07.417019 [ProductManager] {Main} Product modified: ODIN ProductChangeFlags(quick_links,starter_items)
D 2022-05-26 19:54:07.417037 [ProductManager] {Main} Product modified: ODIN_MW ProductChangeFlags(quick_links,starter_items)
D 2022-05-26 19:54:07.417054 [ProductManager] {Main} Product modified: OSI ProductChangeFlags(quick_links,starter_items)
D 2022-05-26 19:54:07.417073 [ProductManager] {Main} Product modified: Pro ProductChangeFlags(quick_links,starter_items)
D 2022-05-26 19:54:07.417094 [ProductManager] {Main} Product modified: RTRO ProductChangeFlags(quick_links,starter_items)
D 2022-05-26 19:54:07.417112 [ProductManager] {Main} Product modified: S1 ProductChangeFlags(quick_links,starter_items)
D 2022-05-26 19:54:07.417129 [ProductManager] {Main} Product modified: S2 ProductChangeFlags(quick_links,starter_items)
D 2022-05-26 19:54:07.417147 [ProductManager] {Main} Product modified: VIPR ProductChangeFlags(quick_links,starter_items)
D 2022-05-26 19:54:07.417164 [ProductManager] {Main} Product modified: W3 ProductChangeFlags(quick_links,starter_items)
D 2022-05-26 19:54:07.417184 [ProductManager] {Main} Product modified: WLBY ProductChangeFlags(quick_links,starter_items)
D 2022-05-26 19:54:07.417204 [ProductManager] {Main} Product modified: WTCG ProductChangeFlags(quick_links,starter_items)
D 2022-05-26 19:54:07.417225 [ProductManager] {Main} Product modified: WoW ProductChangeFlags(quick_links,starter_items)
D 2022-05-26 19:54:07.417246 [ProductManager] {Main} Product modified: WoWC ProductChangeFlags(starter_items)
D 2022-05-26 19:54:07.417265 [ProductManager] {Main} Product modified: WoWX2 ProductChangeFlags(quick_links,starter_items)
D 2022-05-26 19:54:07.417280 [ProductManager] {Main} Product modified: WoWX7 ProductChangeFlags(quick_links,starter_items)
D 2022-05-26 19:54:07.417295 [ProductManager] {Main} Product modified: WoWX8 ProductChangeFlags(quick_links,starter_items)
D 2022-05-26 19:54:07.417310 [ProductManager] {Main} Product modified: ZEUS ProductChangeFlags(quick_links,starter_items)
D 2022-05-26 19:54:07.417363 [ProductManager] {Main} Products updated
D 2022-05-26 19:54:07.448409 [ProductManager] {Main} Product modified: ANBS ProductChangeFlags(install_disabled_message,supports_language_selection,tab_order,install_background_v2,login_background,login_color,quick_links,starter_items,mobile_promo_text,mobile_stores,mobile_qr_code,mobile_qr_code_text)
D 2022-05-26 19:54:07.448492 [ProductManager] {Main} Product modified: D3 ProductChangeFlags(tab_order)
D 2022-05-26 19:54:07.448519 [ProductManager] {Main} Product modified: D3CN ProductChangeFlags(tab_order)
D 2022-05-26 19:54:07.448538 [ProductManager] {Main} Product modified: D3X0 ProductChangeFlags(tab_order)
D 2022-05-26 19:54:07.448554 [ProductManager] {Main} Product modified: D3X1 ProductChangeFlags(tab_order)
D 2022-05-26 19:54:07.448571 [ProductManager] {Main} Product modified: FORE ProductChangeFlags(tab_order)
D 2022-05-26 19:54:07.448592 [ProductManager] {Main} Product modified: GRY ProductChangeFlags(tab_order,quick_links,milestone)
D 2022-05-26 19:54:07.448623 [ProductManager] {Main} Product modified: Hero ProductChangeFlags(tab_order)
D 2022-05-26 19:54:07.448649 [ProductManager] {Main} Product modified: ODIN ProductChangeFlags(tab_order)
D 2022-05-26 19:54:07.448668 [ProductManager] {Main} Product modified: ODIN_MW ProductChangeFlags(tab_order)
D 2022-05-26 19:54:07.448686 [ProductManager] {Main} Product modified: Pro ProductChangeFlags(deprecated,tab_order,region_permission_flags,starter_items)
D 2022-05-26 19:54:07.448709 [ProductManager] {Main} Product modified: S1 ProductChangeFlags(tab_order)
D 2022-05-26 19:54:07.448729 [ProductManager] {Main} Product modified: S2 ProductChangeFlags(tab_order)
D 2022-05-26 19:54:07.448749 [ProductManager] {Main} Product modified: VIPR ProductChangeFlags(tab_order)
D 2022-05-26 19:54:07.448773 [ProductManager] {Main} Product modified: WTCG ProductChangeFlags(tab_order,starter_items,mobile_qr_code_text)
D 2022-05-26 19:54:07.448792 [ProductManager] {Main} Product modified: WoW ProductChangeFlags(tab_order)
D 2022-05-26 19:54:07.448814 [ProductManager] {Main} Product modified: WoWC ProductChangeFlags(tab_order)
D 2022-05-26 19:54:07.448835 [ProductManager] {Main} Product modified: WoWX2 ProductChangeFlags(tab_order)
D 2022-05-26 19:54:07.448851 [ProductManager] {Main} Product modified: WoWX7 ProductChangeFlags(tab_order)
D 2022-05-26 19:54:07.448867 [ProductManager] {Main} Product modified: WoWX8 ProductChangeFlags(tab_order)
D 2022-05-26 19:54:07.448882 [ProductManager] {Main} Product modified: ZEUS ProductChangeFlags(tab_order)
D 2022-05-26 19:54:07.448953 [ProductManager] {Main} Products updated
D 2022-05-26 19:54:07.450738 [CatalogVarStorage] {Main} Setting var from catalog Browser.DisableSiteIsolation=true
D 2022-05-26 19:54:07.450788 [CatalogVarStorage] {Main} Setting var from catalog Client.AccountHintRequiredProgramIds=ANBS
D 2022-05-26 19:54:07.450870 [CatalogVarStorage] {Main} Setting var from catalog Client.ActivisionAutoAccountCreation.Games=ODIN,ZEUS,FORE,AUKS
D 2022-05-26 19:54:07.450887 [CatalogVarStorage] {Main} Setting var from catalog Client.Shop.SaleNotificationEnabled=false
D 2022-05-26 19:54:07.450909 [CatalogVarStorage] {Main} Setting var from catalog Client.OwlScreen.LiveCheckIntervalMS=300000
D 2022-05-26 19:54:07.450939 [CatalogVarStorage] {Main} Setting var from catalog Client.Announcements.MaximumAnnouncements=20
D 2022-05-26 19:54:07.450964 [CatalogVarStorage] {Main} Setting var from catalog Client.NewProfileWindowLayout=true
D 2022-05-26 19:54:07.450981 [CatalogVarStorage] {Main} Setting var from catalog Client.PromotedScreenVersion=3
D 2022-05-26 19:54:07.450996 [CatalogVarStorage] {Main} Setting var from catalog Client.Shop.SaleNotificationVersion=6
D 2022-05-26 19:54:07.451020 [CatalogVarStorage] {Main} Setting var from catalog Client.Version.BetaAccessOverride=enabled
D 2022-05-26 19:54:07.451041 [CatalogVarStorage] {Main} Setting var from catalog Client.Version.BetaBranchOverride=beta
D 2022-05-26 19:54:07.451058 [CatalogVarStorage] {Main} Setting var from catalog Services.WhisperChannels.InactivityTimeoutMS=0
D 2022-05-26 19:54:07.451076 [CatalogVarStorage] {Main} Setting var from catalog Services.HTTPClient.ConnectionTimeoutMS=0
I 2022-05-26 19:54:07.461981 [CatalogLoader] {Main} *** LOAD COMPLETE default ***
D 2022-05-26 19:54:08.919434 [UnifiedAuth] {} UAuth: browser state changed: Login
D 2022-05-26 19:54:08.932761 [UnifiedAuth] {Main} UAuth: begin loading: https://us.battle.net/login/es/login.app?app=app
D 2022-05-26 19:54:08.932799 [UnifiedAuth] {Main} UAuth: set size from headers: 344x226 popup=0
D 2022-05-26 19:54:09.210840 [VersionManager] {Main} Branch change from Agent detected. activeBranch= branches={[0]=beta, [1]=cn, [2]=eu, [3]=kr, [4]=sg, [5]=tw, [6]=us}
D 2022-05-26 19:54:09.210881 [VersionManager] {Main} Beta branch is available: true
D 2022-05-26 19:54:09.210894 [InstallManager] {Main} Game finished versioning battle.net
D 2022-05-26 19:54:09.850458 [UnifiedAuth] {Main} UAuth: finished loading. statusCode=200 state=Login
I 2022-05-26 19:54:10.284614 [GameSessionList] {Agent} Reporting process: TrackingInfo(uid=battle.net, type=game, opStatus=On, reqId=0, running=4, oldRunning=1)
I 2022-05-26 19:54:10.290880 [InstallManager] {Main} Setting Process Running: true uid=battle.net binaryType=game any=true
D 2022-05-26 19:54:23.599746 [GameController] {Main} Shutting down GameController
D 2022-05-26 19:54:23.599799 [Main] {Main} Shutting down GameLaunchController
I 2022-05-26 19:54:23.599850 [GameController] {Main} Deleting GameFamily: , # of game accounts:0
D 2022-05-26 19:54:23.599973 [ProductState] {Main} Game product state destroyed: uid=odin
D 2022-05-26 19:54:23.600003 [ProductState] {Main} Game product state destroyed: uid=
I 2022-05-26 19:54:23.600333 [ToastManager] {Main} Clearing toast queue
D 2022-05-26 19:54:25.177334 [Main] {Main} Shutting down Backend
D 2022-05-26 19:54:25.177352 [Main] {Main} Closing IPC Service
D 2022-05-26 19:54:25.177357 [CommandQueue] {Main} IPCService is shutting down
D 2022-05-26 19:54:25.177490 [Main] {Main} Shutting down account manager
D 2022-05-26 19:54:25.177554 [Main] {Main} Shutting down CacheManager
D 2022-05-26 19:54:25.177562 [Main] {Main} Shutting down analytics processor
D 2022-05-26 19:54:25.177807 [Main] {Main} Shutting down worker pool
D 2022-05-26 19:54:25.178480 [Main] {Main} Shutting down backend processor
D 2022-05-26 19:54:25.179575 [Main] {Main} Shutting down data cache
D 2022-05-26 19:54:25.179696 [Main] {Main} Shutting down catalog manager
D 2022-05-26 19:54:25.180024 [Main] {Main} Shutting down environment manager
D 2022-05-26 19:54:25.180044 [Main] {Main} Shutting down battle.net api gateway
D 2022-05-26 19:54:25.180049 [Main] {Main} Shutting down suggested friends service
D 2022-05-26 19:54:25.180055 [Main] {Main} Shutting down voice service
D 2022-05-26 19:54:25.180061 [Main] {Main} Shutting down remote content manager
D 2022-05-26 19:54:25.180064 [Main] {Main} Shutting down analytics session
D 2022-05-26 19:54:25.180067 [Main] {Main} Shutting down agent manager
D 2022-05-26 19:54:25.180072 [Agent] {Main} PolicyHandler Thread STOPPING
D 2022-05-26 19:54:25.180081 [Agent] {Agent} PolicyHandlerThreadProc: The rest is silence.
D 2022-05-26 19:54:25.180268 [Agent] {Main} PolicyHandler Thread STOPPED
D 2022-05-26 19:54:25.181013 [Agent] {Main} Communicated shutdown to Agent
D 2022-05-26 19:54:25.181169 [Main] {Main} Shutting down game provider
D 2022-05-26 19:54:25.181184 [Main] {Main} Shutting down battle.net interface
D 2022-05-26 19:54:25.181428 [Main] {Main} Shutting down callback queue
D 2022-05-26 19:54:25.181447 [WebServer] {Main} Shutting down WebServerImpl
D 2022-05-26 19:54:25.181603 [WebServer] {Main} WebServerImpl is stopped
D 2022-05-26 19:54:25.299580 [DIAG_BNL_Voice] {Main} {2c04} debug: Notification client reference removed: 0
