I 2022-05-25 19:55:17.279228 [Main] {Main} Logging started for Battle.net build 2.13.0.13500
I 2022-05-25 19:55:17.279554 [Configuration] {Main} SharedConfigRoot: C:\ProgramData\Battle.net
I 2022-05-25 19:55:17.279810 [Configuration] {Main} RoamingConfigRoot: C:\Users\sdean\AppData\Roaming\Battle.net
I 2022-05-25 19:55:17.279825 [Configuration] {Main} LocalConfigRoot: C:\Users\sdean\AppData\Local\Battle.net
D 2022-05-25 19:55:17.279944 [Configuration] {Main} Searching for config file: C:\Program Files (x86)\Battle.net\Battle.net.13500\Battle.net.config
D 2022-05-25 19:55:17.280003 [Configuration] {Main} Searching for config file: C:\Program Files (x86)\Battle.net\Battle.net.config
D 2022-05-25 19:55:17.285342 [Configuration] {Main} User Configuration File: C:\Users\sdean\AppData\Roaming\Battle.net\Battle.net.config
I 2022-05-25 19:55:17.287573 [Main] {Main} Command line arguments: {[0]=--autostarted}
I 2022-05-25 19:55:17.289067 [Main] {Main} Opening IPC shared memory. queueName=User:sdean:Battle.net IPC ShMem mode=server
I 2022-05-25 19:55:17.351325 [Frontend] {Main} Supplying list of renderers: d3d11,warp,desktop
I 2022-05-25 19:55:17.696300 [LocalizationData] {Main} 21 language(s) loaded from languages.xml, default=enUS
D 2022-05-25 19:55:17.991714 [Main] {Main} Adding application font: resources/fonts/BlizzardReg.ttf
D 2022-05-25 19:55:17.995964 [Main] {Main} Adding application font: resources/fonts/BlizzardLig.ttf
D 2022-05-25 19:55:17.998425 [Main] {Main} Adding application font: resources/fonts/BlizzardBol.ttf
D 2022-05-25 19:55:18.000397 [Main] {Main} Adding application font: resources/fonts/NotoSans-Bold.ttf
D 2022-05-25 19:55:18.007403 [Main] {Main} Adding application font: resources/fonts/NotoSans-BoldItalic.ttf
D 2022-05-25 19:55:18.014100 [Main] {Main} Adding application font: resources/fonts/NotoSans-Italic.ttf
D 2022-05-25 19:55:18.021059 [Main] {Main} Adding application font: resources/fonts/NotoSans-Regular.ttf
D 2022-05-25 19:55:18.027369 [Main] {Main} Adding application font: resources/fonts/ObjectSans-Bold.ttf
D 2022-05-25 19:55:18.029255 [Main] {Main} Adding application font: resources/fonts/ObjectSans-Medium.ttf
D 2022-05-25 19:55:18.928618 [Main] {Main} Setting font to: Blizzard
I 2022-05-25 19:55:18.929277 [CacheManager] {Main} Local storage cache at: C:\Users\sdean\AppData\Local\Battle.net\Cache
I 2022-05-25 19:55:18.934047 [Main] {Main} Opened database at: C:\Users\sdean\AppData\Local\Battle.net\CachedData.db
D 2022-05-25 19:55:18.935645 [Agent] {Main} PolicyHandler Thread STARTED
D 2022-05-25 19:55:18.935645 [Agent] {Agent} PolicyHandlerThreadProc: I shall in all my best obey you.
I 2022-05-25 19:55:19.004633 [DIAG_BNL_Voice] {Main} Audio device monitor using already-initialized COM
I 2022-05-25 19:55:19.006369 [VoiceSessionBroker] {Main} Global voice is on
I 2022-05-25 19:55:19.006722 [Main] {Main} Execution environment changed. environment=EE_STANDARD
I 2022-05-25 19:55:19.007151 [CatalogManager] {Main} Loaded catalog hash from the database cache. hash=fdf45a2d5bbec6fad161a9dc5ca62a27
I 2022-05-25 19:55:19.007686 [CatalogManager] {Main} Built-in catalog hash (catalog/digesthash.txt): 4c02b91f97ee50fb9a8461c47da4b1c2
I 2022-05-25 19:55:19.007784 [CatalogManager] {Main} Built-in catalog hash (catalog/signaturehash.txt): 6436bc147579230deab607afa797cc01
I 2022-05-25 19:55:19.007808 [CatalogLoader] {Main} *** LOAD STARTED default: Context(LocalCAS: fdf45a2d5bbec6fad161a9dc5ca62a27 I) ***
E 2022-05-25 19:55:19.074621 [CatalogLoader] {Main} Fetch result for 8ccae4e454e5b63a2d276013ba47d69c failed with: 10
W 2022-05-25 19:55:19.074642 [CatalogLoader] {Main} LoadedFragmentData state change. id=auks_auks state=DoneWithError
W 2022-05-25 19:55:19.074647 [CatalogLoader] {Main} LoadedFragmentData state change. id=default state=DoneWithError
E 2022-05-25 19:55:19.074652 [CatalogLoader] {Main} An error occurred loading from fragment: default err=105
E 2022-05-25 19:55:19.075179 [CatalogLoader] {Main} *** LOAD FAILED default: 105 ***
E 2022-05-25 19:55:19.225320 [CatalogLoader] {Main} Fetch result for 94e9911c1d2df8fad2a5bc7f3563f0f3 failed with: 10
W 2022-05-25 19:55:19.225349 [CatalogLoader] {Main} LoadedFragmentData state change. id=fenris_fenris state=DoneWithError
I 2022-05-25 19:55:19.906076 [Agent] {Agent} Agent Version is now: 2.27.0.7779 (retail)
I 2022-05-25 19:55:19.908167 [GameSessionList] {Agent} Reporting process: TrackingInfo(uid=battle.net, type=game, opStatus=On, reqId=0, running=1, oldRunning=0)
D 2022-05-25 19:55:19.910023 [Agent] {Agent} GameResource created for uid: agent
D 2022-05-25 19:55:19.910077 [Agent] {Agent} GameResource created for uid: battle.net
D 2022-05-25 19:55:19.910091 [Agent] {Agent} GameResource created for uid: odin
W 2022-05-25 19:55:20.279183 [CatalogManager] {Main} Failed to load initial catalog: hash=fdf45a2d5bbec6fad161a9dc5ca62a27 result=105
I 2022-05-25 19:55:20.282065 [CatalogLoader] {Main} *** LOAD STARTED default: Context(LocalCAS: 4c02b91f97ee50fb9a8461c47da4b1c2 I) ***
I 2022-05-25 19:55:20.335804 [CatalogLoader] {Main} Removing stale fragment: anbs_limitedcn
I 2022-05-25 19:55:20.335826 [CatalogLoader] {Main} Removing stale fragment: auks_auks
I 2022-05-25 19:55:20.335835 [CatalogLoader] {Main} Removing stale fragment: fenris_fenris
I 2022-05-25 19:55:20.335842 [CatalogLoader] {Main} Removing stale fragment: hearthstone_limited_starter
W 2022-05-25 19:55:20.336025 [FeatureManager] {Main} Feature 'battle.net_http_request_0_c6caed0e' depends on missing feature 'http_test'
E 2022-05-25 19:55:20.336034 [FeatureManager] {Main} Feature 'battle.net_http_request_0_c6caed0e' has dependency errors and will not respond to dependency changes
I 2022-05-25 19:55:20.336057 [FeatureManager] {Main} Moving feature record from active to inactive: whisper_voice
I 2022-05-25 19:55:20.336063 [FeatureManager] {Main} Moving feature record from active to inactive: trace_route
I 2022-05-25 19:55:20.336069 [FeatureManager] {Main} Moving feature record from active to inactive: mapped_urls
I 2022-05-25 19:55:20.336074 [FeatureManager] {Main} Feature changed: fore_limited_alpha_f6824657=true
I 2022-05-25 19:55:20.336083 [FeatureManager] {Main} Feature changed: fore_buy_now_fore_fef83a73=true
I 2022-05-25 19:55:20.336089 [FeatureManager] {Main} Feature changed: zeus_refresh_without_license_b63211e4=true
I 2022-05-25 19:55:20.336098 [FeatureManager] {Main} Feature changed: hearthstone_limited_event_57b4aca6=true
I 2022-05-25 19:55:20.336119 [FeatureManager] {Main} Feature changed: gryphon_mobile_449148fc=true
I 2022-05-25 19:55:20.336126 [FeatureManager] {Main} Feature changed: lazarus_show_on_beta_5bbf784c=true
I 2022-05-25 19:55:20.336132 [FeatureManager] {Main} Feature changed: odin_deprecate_event_21bf1dc9=true
I 2022-05-25 19:55:20.336138 [FeatureManager] {Main} Feature changed: odin_show_on_beta_5bbf784c=true
I 2022-05-25 19:55:20.336144 [FeatureManager] {Main} Feature changed: odin_upgrade_from_odin_fef83a73=true
I 2022-05-25 19:55:20.336149 [FeatureManager] {Main} Feature changed: osi_limited_install_773b93da=true
I 2022-05-25 19:55:20.336157 [FeatureManager] {Main} Feature changed: osi_limited_product_d9fa6516=true
I 2022-05-25 19:55:20.336164 [FeatureManager] {Main} Feature changed: overwatch_trial_8df428bf=true
I 2022-05-25 19:55:20.336170 [FeatureManager] {Main} Feature changed: viper_show_on_beta_5bbf784c=true
I 2022-05-25 19:55:20.336175 [FeatureManager] {Main} Feature changed: warcraft_iii_upgrade_05e4b09b=true
I 2022-05-25 19:55:20.336182 [FeatureManager] {Main} Feature changed: wlby_show_on_beta_5bbf784c=true
I 2022-05-25 19:55:20.336189 [FeatureManager] {Main} Feature changed: zeus_show_on_beta_5bbf784c=true
I 2022-05-25 19:55:20.345216 [FeatureManager] {Main} Feature changed: cts_takeovers=true
I 2022-05-25 19:55:20.345234 [FeatureManager] {Main} Feature changed: clear_chat_history=true
I 2022-05-25 19:55:20.345239 [FeatureManager] {Main} Feature changed: mentions=true
I 2022-05-25 19:55:20.345249 [FeatureManager] {Main} Feature changed: activision_auto_account_creation=true
I 2022-05-25 19:55:20.345253 [FeatureManager] {Main} Feature changed: suggested_group_members=true
I 2022-05-25 19:55:20.345257 [FeatureManager] {Main} Feature changed: friend_request_management=true
I 2022-05-25 19:55:20.345261 [FeatureManager] {Main} Feature changed: link_previews=true
I 2022-05-25 19:55:20.345265 [FeatureManager] {Main} Feature changed: sms_protect_requirements=true
I 2022-05-25 19:55:20.345271 [FeatureManager] {Main} Feature changed: social_tab=true
I 2022-05-25 19:55:20.345275 [FeatureManager] {Main} Feature changed: auto_update_optimization=true
I 2022-05-25 19:55:20.345279 [FeatureManager] {Main} Feature changed: embedded_web_view=true
I 2022-05-25 19:55:20.345283 [FeatureManager] {Main} Feature changed: collapsible_social_panel=true
I 2022-05-25 19:55:20.345288 [FeatureManager] {Main} Feature changed: blizzard_profiles=true
I 2022-05-25 19:55:20.345294 [FeatureManager] {Main} Feature changed: group_privacy_settings=true
I 2022-05-25 19:55:20.345298 [FeatureManager] {Main} Feature changed: cn_age_alert=true
I 2022-05-25 19:55:20.345303 [FeatureManager] {Main} Feature changed: all_games_v2=true
I 2022-05-25 19:55:20.345307 [FeatureManager] {Main} Feature changed: all_games_new_badge=true
I 2022-05-25 19:55:20.345310 [FeatureManager] {Main} Feature changed: appear_offline=true
I 2022-05-25 19:55:20.345314 [FeatureManager] {Main} Feature changed: refresh_toast=true
I 2022-05-25 19:55:20.345318 [FeatureManager] {Main} Feature changed: app_feedback_dialog=true
I 2022-05-25 19:55:20.345322 [FeatureManager] {Main} Feature changed: browser_main_window=true
I 2022-05-25 19:55:20.345326 [FeatureManager] {Main} Feature changed: chat_giphy=true
I 2022-05-25 19:55:20.345330 [FeatureManager] {Main} Feature changed: content_ui=true
I 2022-05-25 19:55:20.345334 [FeatureManager] {Main} Feature changed: multichats=true
I 2022-05-25 19:55:20.346243 [FeatureManager] {Main} Feature changed: content_ui_web_view=true
I 2022-05-25 19:55:20.346257 [FeatureManager] {Main} Feature changed: first_time_experience=true
I 2022-05-25 19:55:20.346262 [FeatureManager] {Main} Feature changed: friends_list_popout=true
I 2022-05-25 19:55:20.346265 [FeatureManager] {Main} Feature changed: gift_inventory=true
I 2022-05-25 19:55:20.346269 [FeatureManager] {Main} Feature changed: refresh_friend_tooltip=true
I 2022-05-25 19:55:20.346272 [FeatureManager] {Main} Feature changed: global_legendary_promos=true
I 2022-05-25 19:55:20.346276 [FeatureManager] {Main} Feature changed: shop_wish_list=true
I 2022-05-25 19:55:20.346284 [FeatureManager] {Main} Feature changed: http_test=true tags=http_request_0
I 2022-05-25 19:55:20.346290 [FeatureManager] {Main} Feature changed: non_friend_whispers=true
I 2022-05-25 19:55:20.346293 [FeatureManager] {Main} Feature changed: notification_center=true
I 2022-05-25 19:55:20.346297 [FeatureManager] {Main} Feature changed: playscreen_migrate_cms=true
I 2022-05-25 19:55:20.346301 [FeatureManager] {Main} Feature changed: shared_container_installs=true
I 2022-05-25 19:55:20.346304 [FeatureManager] {Main} Feature changed: sc2_account_selection_dialog=true
I 2022-05-25 19:55:20.346308 [FeatureManager] {Main} Feature changed: suggested_facebook_friends=true
I 2022-05-25 19:55:20.346314 [FeatureManager] {Main} Feature changed: whisper_voice=true
I 2022-05-25 19:55:20.346320 [FeatureManager] {Main} Feature changed: battle.net_http_request_0_c6caed0e=true
D 2022-05-25 19:55:20.346403 [Configuration] {Main} Searching for config file: C:\Program Files (x86)\Battle.net\Battle.net.13500\Environments.yaml
D 2022-05-25 19:55:20.346457 [Configuration] {Main} Searching for config file: C:\Program Files (x86)\Battle.net\Environments.yaml
I 2022-05-25 19:55:20.346484 [EnvironmentManager] {Main} Login parameters changed: address=us.actual.battle.net:1119 region=US
D 2022-05-25 19:55:20.358312 [CatalogVarStorage] {Main} Setting var from catalog Browser.DisableSiteIsolation=true
D 2022-05-25 19:55:20.358329 [CatalogVarStorage] {Main} Setting var from catalog Client.AccountHintRequiredProgramIds=ANBS
D 2022-05-25 19:55:20.358336 [CatalogVarStorage] {Main} Setting var from catalog Client.ActivisionAutoAccountCreation.Games=ODIN,ZEUS,FORE,AUKS
D 2022-05-25 19:55:20.358341 [CatalogVarStorage] {Main} Setting var from catalog Client.Shop.SaleNotificationEnabled=false
D 2022-05-25 19:55:20.358346 [CatalogVarStorage] {Main} Setting var from catalog Client.OwlScreen.LiveCheckIntervalMS=300000
D 2022-05-25 19:55:20.358358 [CatalogVarStorage] {Main} Setting var from catalog Client.Announcements.MaximumAnnouncements=20
D 2022-05-25 19:55:20.358366 [CatalogVarStorage] {Main} Setting var from catalog Client.NewProfileWindowLayout=true
D 2022-05-25 19:55:20.358372 [CatalogVarStorage] {Main} Setting var from catalog Client.PromotedScreenVersion=3
D 2022-05-25 19:55:20.358377 [CatalogVarStorage] {Main} Setting var from catalog Client.Shop.SaleNotificationVersion=6
D 2022-05-25 19:55:20.358383 [CatalogVarStorage] {Main} Setting var from catalog Client.Version.BetaAccessOverride=enabled
I 2022-05-25 19:55:20.358388 [VersionManager] {Main} Beta Access: enabled
D 2022-05-25 19:55:20.358393 [CatalogVarStorage] {Main} Setting var from catalog Client.Version.BetaBranchOverride=beta
D 2022-05-25 19:55:20.358400 [CatalogVarStorage] {Main} Setting var from catalog Services.WhisperChannels.InactivityTimeoutMS=0
I 2022-05-25 19:55:20.361112 [CatalogLoader] {Main} *** LOAD COMPLETE default ***
I 2022-05-25 19:55:20.361124 [CatalogManager] {Main} Loaded initial catalog: hash=4c02b91f97ee50fb9a8461c47da4b1c2
I 2022-05-25 19:55:20.438857 [WebServer] {Backend:0} Listening on port 22885
D 2022-05-25 19:55:20.681282 [UI] {Main} Fixup allowed regions and locales. installedRegion=US allowedRegions= allowedLocales=
I 2022-05-25 19:55:20.681577 [ToastManager] {Main} Toasts are enabled in ClientSettings
D 2022-05-25 19:55:20.689163 [ProductState] {Main} Game product state created: uid=
D 2022-05-25 19:55:20.689196 [ProductState] {Main} InstallState (): currentOperation=Install currentOperationStatus=New
I 2022-05-25 19:55:20.698770 [Main] {Main} Application path is: C:\Program Files (x86)\Battle.net\Battle.net.exe
I 2022-05-25 19:55:20.756756 [ClientServiceAlertMonitor] {Main} Breaking News url has changed. url=https://nydus.battle.net/App/esES/client/App/alert?targetRegion=US
D 2022-05-25 19:55:20.756888 [RemoteContentCache] {Main} Found cached remote content. url=https://nydus.battle.net/App/esES/client/App/alert?targetRegion=US
I 2022-05-25 19:55:20.759446 [ClientServiceAlertMonitor] {Main} Maintenance url has changed. url=https://nydus.battle.net/App/esES/client/App/maintenance?targetRegion=US
D 2022-05-25 19:55:20.759588 [RemoteContentCache] {Main} Found cached remote content. url=https://nydus.battle.net/App/esES/client/App/maintenance?targetRegion=US
I 2022-05-25 19:55:20.762610 [Frontend] {Main} Public Computer state changed. is_public=false
D 2022-05-25 19:55:20.762626 [Frontend] {Main} Session id changed. session_id=12684141984413404283
D 2022-05-25 19:55:20.762673 [Frontend] {Main} Tracking info changed. client_id=1440039363.1625153260, user_agent=
I 2022-05-25 19:55:20.786296 [HighDpiManager] {Main} High dpi support available changed: 0
I 2022-05-25 19:55:20.786323 [Frontend] {Main} High dpi support: disabled
D 2022-05-25 19:55:20.787234 [Main] {WorkerPool:3} Checking permissions on path: C:\ProgramData\Battle.net\Setup depth=-1
D 2022-05-25 19:55:20.788260 [Main] {WorkerPool:3} Checking permissions on path: C:\ProgramData\Battle.net\Agent depth=1
D 2022-05-25 19:55:20.790453 [Main] {WorkerPool:3} Checking permissions on path: C:\ProgramData\Battle.net\Agent\Agent.7661 depth=1
D 2022-05-25 19:55:20.791065 [Main] {WorkerPool:3} Checking permissions on path: C:\ProgramData\Battle.net\Agent\Agent.7779 depth=1
D 2022-05-25 19:55:20.791419 [Main] {WorkerPool:3} Checking permissions on path: C:\ProgramData\Blizzard Entertainment depth=2
I 2022-05-25 19:55:20.880368 [FeatureManager] {Main} Feature changed: install_packages=true
I 2022-05-25 19:55:20.880389 [FeatureManager] {Main} Feature changed: modify_install=true
I 2022-05-25 19:55:20.880579 [Agent] {Main} AgentManager is now initialized
I 2022-05-25 19:55:20.880588 [InstallManager] {Main} Install manager is now initialized
D 2022-05-25 19:55:20.880594 [InstallManager] {Main} Selecting best game install data for game battle.net: savedUid=battle.net originalUid=<none> newUid=battle.net
D 2022-05-25 19:55:20.880610 [InstallInfo] {Main} InstallInfo agent association has been changed: uid=battle.net agentUid=battle.net
D 2022-05-25 19:55:20.880624 [InstallManager] {Main} Selecting best game install data for game odin: savedUid=odin originalUid=<none> newUid=odin
D 2022-05-25 19:55:20.880632 [InstallInfo] {Main} InstallInfo agent association has been changed: uid=odin agentUid=odin
D 2022-05-25 19:55:20.880681 [ProductState] {Main} Game product state created: uid=odin
D 2022-05-25 19:55:20.880735 [ProductState] {Main} InstallState (odin): currentOperation=Update currentOperationStatus=New installed=1 optionalPackageInstalled=1 installPath=C:/Program Files (x86)/Call of Duty Modern Warfare canCreateShortcut=1 selectedRegion=us activeConfigKey=e5a715efe23d4f4dfbd919e511e633c7 regionalVersions=(eu: {playable:false config_key:be8faabca9deba0cc2decf211f7faa53}, kr: {playable:false config_key:be8faabca9deba0cc2decf211f7faa53}, us: {playable:false config_key:be8faabca9deba0cc2decf211f7faa53}) localVersion=1.39.2.9769220 latestVersion=1.15883e+07 progress=1
D 2022-05-25 19:55:20.880758 [Agent] {Main} Versioning is now enabled
D 2022-05-25 19:55:20.880774 [Agent] {Main} Triggering game versioning: battle.net
D 2022-05-25 19:55:20.880794 [Agent] {Main} Triggering game versioning: odin
D 2022-05-25 19:55:20.885757 [InstallManager] {Main} Sending a queued OnProcessPidsUpdated notification: agentUid=battle.net binaryType=game
D 2022-05-25 19:55:20.885782 [InstallManager] {Main} Sending a queued OnProcessRunning notification: agentUid=battle.net binaryType=game
I 2022-05-25 19:55:20.885790 [InstallManager] {Main} Setting Process Running: true uid=battle.net binaryType=game any=true
D 2022-05-25 19:55:20.885812 [InstallInfo] {Main} Operation status changed: opType=Execute oldStatus=Off newStatus=On agentUid=battle.net
I 2022-05-25 19:55:20.893812 [CatalogLoader] {Main} *** LOAD STARTED default: Context(LocalCAS: 4c02b91f97ee50fb9a8461c47da4b1c2 I) ***
I 2022-05-25 19:55:20.926080 [FeatureManager] {Main} Moving feature record from active to inactive: overwatch_league_tab
I 2022-05-25 19:55:20.926101 [FeatureManager] {Main} Moving feature record from active to inactive: blizzcon_tab
D 2022-05-25 19:55:20.938984 [CatalogVarStorage] {Main} Setting var from catalog Browser.DisableSiteIsolation=true
D 2022-05-25 19:55:20.939010 [CatalogVarStorage] {Main} Setting var from catalog Client.AccountHintRequiredProgramIds=ANBS
D 2022-05-25 19:55:20.939028 [CatalogVarStorage] {Main} Setting var from catalog Client.ActivisionAutoAccountCreation.Games=ODIN,ZEUS,FORE,AUKS
D 2022-05-25 19:55:20.939035 [CatalogVarStorage] {Main} Setting var from catalog Client.Shop.SaleNotificationEnabled=false
D 2022-05-25 19:55:20.939042 [CatalogVarStorage] {Main} Setting var from catalog Client.OwlScreen.LiveCheckIntervalMS=300000
D 2022-05-25 19:55:20.939060 [CatalogVarStorage] {Main} Setting var from catalog Client.Announcements.MaximumAnnouncements=20
D 2022-05-25 19:55:20.939069 [CatalogVarStorage] {Main} Setting var from catalog Client.NewProfileWindowLayout=true
D 2022-05-25 19:55:20.939076 [CatalogVarStorage] {Main} Setting var from catalog Client.PromotedScreenVersion=3
D 2022-05-25 19:55:20.939082 [CatalogVarStorage] {Main} Setting var from catalog Client.Shop.SaleNotificationVersion=6
D 2022-05-25 19:55:20.939090 [CatalogVarStorage] {Main} Setting var from catalog Client.Version.BetaAccessOverride=enabled
D 2022-05-25 19:55:20.939096 [CatalogVarStorage] {Main} Setting var from catalog Client.Version.BetaBranchOverride=beta
D 2022-05-25 19:55:20.939104 [CatalogVarStorage] {Main} Setting var from catalog Services.WhisperChannels.InactivityTimeoutMS=0
D 2022-05-25 19:55:20.939112 [CatalogVarStorage] {Main} Setting var from catalog Services.HTTPClient.ConnectionTimeoutMS=0
I 2022-05-25 19:55:20.942220 [CatalogLoader] {Main} *** LOAD COMPLETE default ***
I 2022-05-25 19:55:20.947381 [Registry] {Main} Failed to delete token from registry|error=ERROR_REGISTRY_OPEN_KEY_ERROR (12001)
I 2022-05-25 19:55:21.053912 [UnifiedAuth] {Main} UAuth: setting url: https://us.battle.net/login/es/logout?ref=https://us.battle.net/login/es/login.app?app=app reason: reset
D 2022-05-25 19:55:21.076099 [ClientServiceAlertMonitor] {Main} Service alert monitor force update requested
D 2022-05-25 19:55:21.076124 [ClientServiceAlertMonitor] {Main} Breaking News update requested
D 2022-05-25 19:55:21.076134 [ClientServiceAlertMonitor] {Main} Maintenance update requested
D 2022-05-25 19:55:21.239406 [InstallManager] {Main} Game finished versioning odin
I 2022-05-25 19:55:21.407331 [CacheManager] {Main} CacheManager is now initialized
I 2022-05-25 19:55:21.407372 [TactVersionWatcher] {Main} Fetched new tact metadata. productCode=catalogs region=us branch=PUB-29 version=2164 seq=229 buildConfig=c6aa43f5bd03c12db588a0a613b1115f
I 2022-05-25 19:55:21.421464 [DIAG_BuildConfig] {Main} no 'encoding' key in build configuration 'c6aa43f5bd03c12db588a0a613b1115f', selecting plain-data mode
I 2022-05-25 19:55:21.421491 [CatalogLoader] {Main} *** LOAD STARTED default: Context(RemoteCAS: fdf45a2d5bbec6fad161a9dc5ca62a27|tpr/catalogs/data) ***
I 2022-05-25 19:55:21.683685 [FeatureManager] {Main} Feature changed: overwatch_trial_8df428bf=false
I 2022-05-25 19:55:21.683751 [FeatureManager] {Main} Removing inactive feature record: overwatch_trial_8df428bf
I 2022-05-25 19:55:21.683831 [FeatureManager] {Main} Feature changed: hearthstone_limited_starter_b2a441b7=true
D 2022-05-25 19:55:21.691923 [ProductManager] {Main} Product modified: ANBS ProductChangeFlags(starter_items)
D 2022-05-25 19:55:21.692018 [ProductManager] {Main} Product modified: D3 ProductChangeFlags(quick_links,starter_items)
D 2022-05-25 19:55:21.692035 [ProductManager] {Main} Product modified: D3CN ProductChangeFlags(quick_links)
D 2022-05-25 19:55:21.692046 [ProductManager] {Main} Product modified: D3X0 ProductChangeFlags(quick_links,starter_items)
D 2022-05-25 19:55:21.692056 [ProductManager] {Main} Product modified: D3X1 ProductChangeFlags(quick_links,starter_items)
D 2022-05-25 19:55:21.692065 [ProductManager] {Main} Product modified: FORE ProductChangeFlags(quick_links,starter_items)
D 2022-05-25 19:55:21.692076 [ProductManager] {Main} Product modified: GRY ProductChangeFlags(quick_links,starter_items)
D 2022-05-25 19:55:21.692086 [ProductManager] {Main} Product modified: Hero ProductChangeFlags(quick_links,starter_items)
D 2022-05-25 19:55:21.692095 [ProductManager] {Main} Product modified: LAZR ProductChangeFlags(quick_links,starter_items)
D 2022-05-25 19:55:21.692107 [ProductManager] {Main} Product modified: ODIN ProductChangeFlags(quick_links,starter_items)
D 2022-05-25 19:55:21.692137 [ProductManager] {Main} Product modified: ODIN_MW ProductChangeFlags(quick_links,starter_items)
D 2022-05-25 19:55:21.692146 [ProductManager] {Main} Product modified: OSI ProductChangeFlags(quick_links,starter_items)
D 2022-05-25 19:55:21.692157 [ProductManager] {Main} Product modified: Pro ProductChangeFlags(quick_links,starter_items)
D 2022-05-25 19:55:21.692166 [ProductManager] {Main} Product modified: RTRO ProductChangeFlags(quick_links,starter_items)
D 2022-05-25 19:55:21.692176 [ProductManager] {Main} Product modified: S1 ProductChangeFlags(quick_links,starter_items)
D 2022-05-25 19:55:21.692186 [ProductManager] {Main} Product modified: S2 ProductChangeFlags(quick_links,starter_items)
D 2022-05-25 19:55:21.692195 [ProductManager] {Main} Product modified: VIPR ProductChangeFlags(quick_links,starter_items)
D 2022-05-25 19:55:21.692204 [ProductManager] {Main} Product modified: W3 ProductChangeFlags(quick_links,starter_items)
D 2022-05-25 19:55:21.692213 [ProductManager] {Main} Product modified: WLBY ProductChangeFlags(quick_links,starter_items)
D 2022-05-25 19:55:21.692222 [ProductManager] {Main} Product modified: WTCG ProductChangeFlags(quick_links,starter_items)
D 2022-05-25 19:55:21.692236 [ProductManager] {Main} Product modified: WoW ProductChangeFlags(quick_links,starter_items)
D 2022-05-25 19:55:21.692245 [ProductManager] {Main} Product modified: WoWC ProductChangeFlags(starter_items)
D 2022-05-25 19:55:21.692255 [ProductManager] {Main} Product modified: WoWX2 ProductChangeFlags(quick_links,starter_items)
D 2022-05-25 19:55:21.692263 [ProductManager] {Main} Product modified: WoWX7 ProductChangeFlags(quick_links,starter_items)
D 2022-05-25 19:55:21.692271 [ProductManager] {Main} Product modified: WoWX8 ProductChangeFlags(quick_links,starter_items)
D 2022-05-25 19:55:21.692279 [ProductManager] {Main} Product modified: ZEUS ProductChangeFlags(quick_links,starter_items)
D 2022-05-25 19:55:21.692307 [ProductManager] {Main} Products updated
D 2022-05-25 19:55:21.693410 [ProductManager] {Main} Product modified: ANBS ProductChangeFlags(starter_items)
D 2022-05-25 19:55:21.693431 [ProductManager] {Main} Product modified: D3 ProductChangeFlags(quick_links,starter_items)
D 2022-05-25 19:55:21.693442 [ProductManager] {Main} Product modified: D3CN ProductChangeFlags(quick_links)
D 2022-05-25 19:55:21.693450 [ProductManager] {Main} Product modified: D3X0 ProductChangeFlags(quick_links,starter_items)
D 2022-05-25 19:55:21.693459 [ProductManager] {Main} Product modified: D3X1 ProductChangeFlags(quick_links,starter_items)
D 2022-05-25 19:55:21.693468 [ProductManager] {Main} Product modified: FORE ProductChangeFlags(quick_links,starter_items)
D 2022-05-25 19:55:21.693479 [ProductManager] {Main} Product modified: GRY ProductChangeFlags(quick_links,starter_items)
D 2022-05-25 19:55:21.693489 [ProductManager] {Main} Product modified: Hero ProductChangeFlags(quick_links,starter_items)
D 2022-05-25 19:55:21.693499 [ProductManager] {Main} Product modified: LAZR ProductChangeFlags(quick_links,starter_items)
D 2022-05-25 19:55:21.693508 [ProductManager] {Main} Product modified: ODIN ProductChangeFlags(quick_links,starter_items)
D 2022-05-25 19:55:21.693518 [ProductManager] {Main} Product modified: ODIN_MW ProductChangeFlags(quick_links,starter_items)
D 2022-05-25 19:55:21.693526 [ProductManager] {Main} Product modified: OSI ProductChangeFlags(quick_links,starter_items)
D 2022-05-25 19:55:21.693536 [ProductManager] {Main} Product modified: Pro ProductChangeFlags(quick_links,starter_items)
D 2022-05-25 19:55:21.693546 [ProductManager] {Main} Product modified: RTRO ProductChangeFlags(quick_links,starter_items)
D 2022-05-25 19:55:21.693555 [ProductManager] {Main} Product modified: S1 ProductChangeFlags(quick_links,starter_items)
D 2022-05-25 19:55:21.693564 [ProductManager] {Main} Product modified: S2 ProductChangeFlags(quick_links,starter_items)
D 2022-05-25 19:55:21.693573 [ProductManager] {Main} Product modified: VIPR ProductChangeFlags(quick_links,starter_items)
D 2022-05-25 19:55:21.693587 [ProductManager] {Main} Product modified: W3 ProductChangeFlags(quick_links,starter_items)
D 2022-05-25 19:55:21.693595 [ProductManager] {Main} Product modified: WLBY ProductChangeFlags(quick_links,starter_items)
D 2022-05-25 19:55:21.693604 [ProductManager] {Main} Product modified: WTCG ProductChangeFlags(quick_links,starter_items)
D 2022-05-25 19:55:21.693614 [ProductManager] {Main} Product modified: WoW ProductChangeFlags(quick_links,starter_items)
D 2022-05-25 19:55:21.693624 [ProductManager] {Main} Product modified: WoWC ProductChangeFlags(starter_items)
D 2022-05-25 19:55:21.693633 [ProductManager] {Main} Product modified: WoWX2 ProductChangeFlags(quick_links,starter_items)
D 2022-05-25 19:55:21.693641 [ProductManager] {Main} Product modified: WoWX7 ProductChangeFlags(quick_links,starter_items)
D 2022-05-25 19:55:21.693649 [ProductManager] {Main} Product modified: WoWX8 ProductChangeFlags(quick_links,starter_items)
D 2022-05-25 19:55:21.693657 [ProductManager] {Main} Product modified: ZEUS ProductChangeFlags(quick_links,starter_items)
D 2022-05-25 19:55:21.693681 [ProductManager] {Main} Products updated
D 2022-05-25 19:55:21.710276 [ProductManager] {Main} Product modified: ANBS ProductChangeFlags(install_background_v2)
D 2022-05-25 19:55:21.710313 [ProductManager] {Main} Product modified: GRY ProductChangeFlags(quick_links)
D 2022-05-25 19:55:21.710324 [ProductManager] {Main} Product modified: Pro ProductChangeFlags(deprecated,region_permission_flags,starter_items)
D 2022-05-25 19:55:21.710335 [ProductManager] {Main} Product modified: WTCG ProductChangeFlags(starter_items,mobile_qr_code_text)
D 2022-05-25 19:55:21.710359 [ProductManager] {Main} Products updated
D 2022-05-25 19:55:21.711348 [CatalogVarStorage] {Main} Setting var from catalog Browser.DisableSiteIsolation=true
D 2022-05-25 19:55:21.711383 [CatalogVarStorage] {Main} Setting var from catalog Client.AccountHintRequiredProgramIds=ANBS
D 2022-05-25 19:55:21.711396 [CatalogVarStorage] {Main} Setting var from catalog Client.ActivisionAutoAccountCreation.Games=ODIN,ZEUS,FORE,AUKS
D 2022-05-25 19:55:21.711412 [CatalogVarStorage] {Main} Setting var from catalog Client.Shop.SaleNotificationEnabled=false
D 2022-05-25 19:55:21.711426 [CatalogVarStorage] {Main} Setting var from catalog Client.OwlScreen.LiveCheckIntervalMS=300000
D 2022-05-25 19:55:21.711452 [CatalogVarStorage] {Main} Setting var from catalog Client.Announcements.MaximumAnnouncements=20
D 2022-05-25 19:55:21.711463 [CatalogVarStorage] {Main} Setting var from catalog Client.NewProfileWindowLayout=true
D 2022-05-25 19:55:21.711473 [CatalogVarStorage] {Main} Setting var from catalog Client.PromotedScreenVersion=3
D 2022-05-25 19:55:21.711483 [CatalogVarStorage] {Main} Setting var from catalog Client.Shop.SaleNotificationVersion=6
D 2022-05-25 19:55:21.711498 [CatalogVarStorage] {Main} Setting var from catalog Client.Version.BetaAccessOverride=enabled
D 2022-05-25 19:55:21.711508 [CatalogVarStorage] {Main} Setting var from catalog Client.Version.BetaBranchOverride=beta
D 2022-05-25 19:55:21.711517 [CatalogVarStorage] {Main} Setting var from catalog Services.WhisperChannels.InactivityTimeoutMS=0
D 2022-05-25 19:55:21.711528 [CatalogVarStorage] {Main} Setting var from catalog Services.HTTPClient.ConnectionTimeoutMS=0
I 2022-05-25 19:55:21.718797 [CatalogLoader] {Main} *** LOAD COMPLETE default ***
I 2022-05-25 19:55:21.720507 [CatalogLoader] {Main} *** LOAD STARTED default: Context(RemoteCAS: fdf45a2d5bbec6fad161a9dc5ca62a27|tpr/catalogs/data) ***
D 2022-05-25 19:55:21.801188 [CatalogVarStorage] {Main} Setting var from catalog Browser.DisableSiteIsolation=true
D 2022-05-25 19:55:21.801229 [CatalogVarStorage] {Main} Setting var from catalog Client.AccountHintRequiredProgramIds=ANBS
D 2022-05-25 19:55:21.801242 [CatalogVarStorage] {Main} Setting var from catalog Client.ActivisionAutoAccountCreation.Games=ODIN,ZEUS,FORE,AUKS
D 2022-05-25 19:55:21.801251 [CatalogVarStorage] {Main} Setting var from catalog Client.Shop.SaleNotificationEnabled=false
D 2022-05-25 19:55:21.801261 [CatalogVarStorage] {Main} Setting var from catalog Client.OwlScreen.LiveCheckIntervalMS=300000
D 2022-05-25 19:55:21.801280 [CatalogVarStorage] {Main} Setting var from catalog Client.Announcements.MaximumAnnouncements=20
D 2022-05-25 19:55:21.801291 [CatalogVarStorage] {Main} Setting var from catalog Client.NewProfileWindowLayout=true
D 2022-05-25 19:55:21.801303 [CatalogVarStorage] {Main} Setting var from catalog Client.PromotedScreenVersion=3
D 2022-05-25 19:55:21.801312 [CatalogVarStorage] {Main} Setting var from catalog Client.Shop.SaleNotificationVersion=6
D 2022-05-25 19:55:21.801323 [CatalogVarStorage] {Main} Setting var from catalog Client.Version.BetaAccessOverride=enabled
D 2022-05-25 19:55:21.801332 [CatalogVarStorage] {Main} Setting var from catalog Client.Version.BetaBranchOverride=beta
D 2022-05-25 19:55:21.801341 [CatalogVarStorage] {Main} Setting var from catalog Services.WhisperChannels.InactivityTimeoutMS=0
D 2022-05-25 19:55:21.801352 [CatalogVarStorage] {Main} Setting var from catalog Services.HTTPClient.ConnectionTimeoutMS=0
I 2022-05-25 19:55:21.806188 [CatalogLoader] {Main} *** LOAD COMPLETE default ***
D 2022-05-25 19:55:23.210578 [GameController] {Main} Shutting down GameController
D 2022-05-25 19:55:23.210630 [Main] {Main} Shutting down GameLaunchController
I 2022-05-25 19:55:23.210676 [GameController] {Main} Deleting GameFamily: , # of game accounts:0
D 2022-05-25 19:55:23.210759 [ProductState] {Main} Game product state destroyed: uid=odin
D 2022-05-25 19:55:23.210800 [ProductState] {Main} Game product state destroyed: uid=
I 2022-05-25 19:55:23.211057 [ToastManager] {Main} Clearing toast queue
D 2022-05-25 19:55:24.983650 [Main] {Main} Shutting down Backend
D 2022-05-25 19:55:24.983688 [Main] {Main} Closing IPC Service
D 2022-05-25 19:55:24.983715 [CommandQueue] {Main} IPCService is shutting down
D 2022-05-25 19:55:24.983941 [Main] {Main} Shutting down account manager
D 2022-05-25 19:55:24.983989 [Main] {Main} Shutting down CacheManager
D 2022-05-25 19:55:24.984003 [Main] {Main} Shutting down analytics processor
D 2022-05-25 19:55:24.986430 [Main] {Main} Shutting down worker pool
D 2022-05-25 19:55:24.989494 [Main] {Main} Shutting down backend processor
D 2022-05-25 19:55:25.001968 [Main] {Main} Shutting down data cache
D 2022-05-25 19:55:25.002880 [Main] {Main} Shutting down catalog manager
D 2022-05-25 19:55:25.004810 [Main] {Main} Shutting down environment manager
D 2022-05-25 19:55:25.004919 [Main] {Main} Shutting down battle.net api gateway
D 2022-05-25 19:55:25.004942 [Main] {Main} Shutting down suggested friends service
D 2022-05-25 19:55:25.004961 [Main] {Main} Shutting down voice service
D 2022-05-25 19:55:25.004972 [Main] {Main} Shutting down remote content manager
D 2022-05-25 19:55:25.004980 [Main] {Main} Shutting down analytics session
D 2022-05-25 19:55:25.004987 [Main] {Main} Shutting down agent manager
D 2022-05-25 19:55:25.005006 [Agent] {Agent} PolicyHandlerThreadProc: The rest is silence.
D 2022-05-25 19:55:25.005434 [Agent] {Main} PolicyHandler Thread STOPPING
D 2022-05-25 19:55:25.005469 [Agent] {Main} PolicyHandler Thread STOPPED
D 2022-05-25 19:55:25.008424 [Agent] {Main} Communicated shutdown to Agent
D 2022-05-25 19:55:25.008590 [Main] {Main} Shutting down game provider
D 2022-05-25 19:55:25.008617 [Main] {Main} Shutting down battle.net interface
D 2022-05-25 19:55:25.012290 [Main] {Main} Shutting down callback queue
D 2022-05-25 19:55:25.012347 [WebServer] {Main} Shutting down WebServerImpl
D 2022-05-25 19:55:25.012860 [WebServer] {Main} WebServerImpl is stopped
D 2022-05-25 19:55:25.133898 [DIAG_BNL_Voice] {Main} {26d0} debug: Notification client reference removed: 0
