I 2022-05-23 01:28:03.127892 [Main] {Main} Logging started for Battle.net build 2.13.0.13500
I 2022-05-23 01:28:03.128115 [Configuration] {Main} SharedConfigRoot: C:\ProgramData\Battle.net
I 2022-05-23 01:28:03.128334 [Configuration] {Main} RoamingConfigRoot: C:\Users\sdean\AppData\Roaming\Battle.net
I 2022-05-23 01:28:03.128345 [Configuration] {Main} LocalConfigRoot: C:\Users\sdean\AppData\Local\Battle.net
D 2022-05-23 01:28:03.128427 [Configuration] {Main} Searching for config file: C:\Program Files (x86)\Battle.net\Battle.net.13500\Battle.net.config
D 2022-05-23 01:28:03.128461 [Configuration] {Main} Searching for config file: C:\Program Files (x86)\Battle.net\Battle.net.config
D 2022-05-23 01:28:03.132687 [Configuration] {Main} User Configuration File: C:\Users\sdean\AppData\Roaming\Battle.net\Battle.net.config
I 2022-05-23 01:28:03.134580 [Main] {Main} Command line arguments: {[0]=--autostarted}
I 2022-05-23 01:28:03.135879 [Main] {Main} Opening IPC shared memory. queueName=User:sdean:Battle.net IPC ShMem mode=server
I 2022-05-23 01:28:03.187655 [Frontend] {Main} Supplying list of renderers: d3d11,warp,desktop
I 2022-05-23 01:28:03.492772 [LocalizationData] {Main} 21 language(s) loaded from languages.xml, default=enUS
D 2022-05-23 01:28:03.726168 [Main] {Main} Adding application font: resources/fonts/BlizzardReg.ttf
D 2022-05-23 01:28:03.729668 [Main] {Main} Adding application font: resources/fonts/BlizzardLig.ttf
D 2022-05-23 01:28:03.731257 [Main] {Main} Adding application font: resources/fonts/BlizzardBol.ttf
D 2022-05-23 01:28:03.732477 [Main] {Main} Adding application font: resources/fonts/NotoSans-Bold.ttf
D 2022-05-23 01:28:03.737355 [Main] {Main} Adding application font: resources/fonts/NotoSans-BoldItalic.ttf
D 2022-05-23 01:28:03.741786 [Main] {Main} Adding application font: resources/fonts/NotoSans-Italic.ttf
D 2022-05-23 01:28:03.746781 [Main] {Main} Adding application font: resources/fonts/NotoSans-Regular.ttf
D 2022-05-23 01:28:03.751522 [Main] {Main} Adding application font: resources/fonts/ObjectSans-Bold.ttf
D 2022-05-23 01:28:03.753269 [Main] {Main} Adding application font: resources/fonts/ObjectSans-Medium.ttf
D 2022-05-23 01:28:04.610265 [Main] {Main} Setting font to: Blizzard
I 2022-05-23 01:28:04.610887 [CacheManager] {Main} Local storage cache at: C:\Users\sdean\AppData\Local\Battle.net\Cache
I 2022-05-23 01:28:04.615781 [Main] {Main} Opened database at: C:\Users\sdean\AppData\Local\Battle.net\CachedData.db
D 2022-05-23 01:28:04.617752 [Agent] {Agent} PolicyHandlerThreadProc: I shall in all my best obey you.
D 2022-05-23 01:28:04.617794 [Agent] {Main} PolicyHandler Thread STARTED
I 2022-05-23 01:28:04.776021 [DIAG_BNL_Voice] {Main} Audio device monitor using already-initialized COM
I 2022-05-23 01:28:04.791349 [VoiceSessionBroker] {Main} Global voice is on
I 2022-05-23 01:28:04.791668 [Main] {Main} Execution environment changed. environment=EE_STANDARD
I 2022-05-23 01:28:04.792070 [CatalogManager] {Main} Loaded catalog hash from the database cache. hash=625fe6c8e740617fb164d174766b4ed1
I 2022-05-23 01:28:04.792622 [CatalogManager] {Main} Built-in catalog hash (catalog/digesthash.txt): 4c02b91f97ee50fb9a8461c47da4b1c2
I 2022-05-23 01:28:04.792717 [CatalogManager] {Main} Built-in catalog hash (catalog/signaturehash.txt): 6436bc147579230deab607afa797cc01
I 2022-05-23 01:28:04.792742 [CatalogLoader] {Main} *** LOAD STARTED default: Context(LocalCAS: 625fe6c8e740617fb164d174766b4ed1 I) ***
E 2022-05-23 01:28:04.860893 [CatalogLoader] {Main} Fetch result for 8ccae4e454e5b63a2d276013ba47d69c failed with: 10
W 2022-05-23 01:28:04.860917 [CatalogLoader] {Main} LoadedFragmentData state change. id=auks_auks state=DoneWithError
W 2022-05-23 01:28:04.860925 [CatalogLoader] {Main} LoadedFragmentData state change. id=default state=DoneWithError
E 2022-05-23 01:28:04.860929 [CatalogLoader] {Main} An error occurred loading from fragment: default err=105
E 2022-05-23 01:28:04.861495 [CatalogLoader] {Main} *** LOAD FAILED default: 105 ***
E 2022-05-23 01:28:05.010215 [CatalogLoader] {Main} Fetch result for 94e9911c1d2df8fad2a5bc7f3563f0f3 failed with: 10
W 2022-05-23 01:28:05.010243 [CatalogLoader] {Main} LoadedFragmentData state change. id=fenris_fenris state=DoneWithError
I 2022-05-23 01:28:05.471805 [Agent] {Agent} Agent Version is now: 2.27.0.7779 (retail)
I 2022-05-23 01:28:05.474449 [GameSessionList] {Agent} Reporting process: TrackingInfo(uid=battle.net, type=game, opStatus=On, reqId=0, running=1, oldRunning=0)
D 2022-05-23 01:28:05.476596 [Agent] {Agent} GameResource created for uid: agent
D 2022-05-23 01:28:05.476678 [Agent] {Agent} GameResource created for uid: battle.net
D 2022-05-23 01:28:05.476706 [Agent] {Agent} GameResource created for uid: odin
W 2022-05-23 01:28:06.059882 [CatalogManager] {Main} Failed to load initial catalog: hash=625fe6c8e740617fb164d174766b4ed1 result=105
I 2022-05-23 01:28:06.063176 [CatalogLoader] {Main} *** LOAD STARTED default: Context(LocalCAS: 4c02b91f97ee50fb9a8461c47da4b1c2 I) ***
I 2022-05-23 01:28:06.143022 [CatalogLoader] {Main} Removing stale fragment: anbs_limitedcn
I 2022-05-23 01:28:06.143067 [CatalogLoader] {Main} Removing stale fragment: auks_auks
I 2022-05-23 01:28:06.143087 [CatalogLoader] {Main} Removing stale fragment: fenris_fenris
I 2022-05-23 01:28:06.143106 [CatalogLoader] {Main} Removing stale fragment: fore_enable_trial
I 2022-05-23 01:28:06.143147 [CatalogLoader] {Main} Removing stale fragment: hearthstone_limited_starter
W 2022-05-23 01:28:06.143534 [FeatureManager] {Main} Feature 'battle.net_http_request_0_c6caed0e' depends on missing feature 'http_test'
E 2022-05-23 01:28:06.143557 [FeatureManager] {Main} Feature 'battle.net_http_request_0_c6caed0e' has dependency errors and will not respond to dependency changes
I 2022-05-23 01:28:06.143612 [FeatureManager] {Main} Moving feature record from active to inactive: whisper_voice
I 2022-05-23 01:28:06.143630 [FeatureManager] {Main} Moving feature record from active to inactive: trace_route
I 2022-05-23 01:28:06.143642 [FeatureManager] {Main} Moving feature record from active to inactive: mapped_urls
I 2022-05-23 01:28:06.143658 [FeatureManager] {Main} Feature changed: fore_limited_alpha_f6824657=true
I 2022-05-23 01:28:06.143682 [FeatureManager] {Main} Feature changed: fore_buy_now_fore_fef83a73=true
I 2022-05-23 01:28:06.143703 [FeatureManager] {Main} Feature changed: zeus_refresh_without_license_b63211e4=true
I 2022-05-23 01:28:06.143726 [FeatureManager] {Main} Feature changed: hearthstone_limited_event_57b4aca6=true
I 2022-05-23 01:28:06.143751 [FeatureManager] {Main} Feature changed: gryphon_mobile_449148fc=true
I 2022-05-23 01:28:06.143773 [FeatureManager] {Main} Feature changed: lazarus_show_on_beta_5bbf784c=true
I 2022-05-23 01:28:06.143793 [FeatureManager] {Main} Feature changed: odin_deprecate_event_21bf1dc9=true
I 2022-05-23 01:28:06.143832 [FeatureManager] {Main} Feature changed: odin_show_on_beta_5bbf784c=true
I 2022-05-23 01:28:06.143854 [FeatureManager] {Main} Feature changed: odin_upgrade_from_odin_fef83a73=true
I 2022-05-23 01:28:06.143870 [FeatureManager] {Main} Feature changed: osi_limited_install_773b93da=true
I 2022-05-23 01:28:06.143888 [FeatureManager] {Main} Feature changed: osi_limited_product_d9fa6516=true
I 2022-05-23 01:28:06.143911 [FeatureManager] {Main} Feature changed: overwatch_trial_8df428bf=true
I 2022-05-23 01:28:06.143928 [FeatureManager] {Main} Feature changed: viper_show_on_beta_5bbf784c=true
I 2022-05-23 01:28:06.143943 [FeatureManager] {Main} Feature changed: warcraft_iii_upgrade_05e4b09b=true
I 2022-05-23 01:28:06.143966 [FeatureManager] {Main} Feature changed: wlby_show_on_beta_5bbf784c=true
I 2022-05-23 01:28:06.143988 [FeatureManager] {Main} Feature changed: zeus_show_on_beta_5bbf784c=true
I 2022-05-23 01:28:06.162880 [FeatureManager] {Main} Feature changed: cts_takeovers=true
I 2022-05-23 01:28:06.162911 [FeatureManager] {Main} Feature changed: clear_chat_history=true
I 2022-05-23 01:28:06.162923 [FeatureManager] {Main} Feature changed: mentions=true
I 2022-05-23 01:28:06.162946 [FeatureManager] {Main} Feature changed: activision_auto_account_creation=true
I 2022-05-23 01:28:06.162955 [FeatureManager] {Main} Feature changed: suggested_group_members=true
I 2022-05-23 01:28:06.162963 [FeatureManager] {Main} Feature changed: friend_request_management=true
I 2022-05-23 01:28:06.162971 [FeatureManager] {Main} Feature changed: link_previews=true
I 2022-05-23 01:28:06.162981 [FeatureManager] {Main} Feature changed: sms_protect_requirements=true
I 2022-05-23 01:28:06.162994 [FeatureManager] {Main} Feature changed: social_tab=true
I 2022-05-23 01:28:06.163002 [FeatureManager] {Main} Feature changed: auto_update_optimization=true
I 2022-05-23 01:28:06.163009 [FeatureManager] {Main} Feature changed: embedded_web_view=true
I 2022-05-23 01:28:06.163018 [FeatureManager] {Main} Feature changed: collapsible_social_panel=true
I 2022-05-23 01:28:06.163027 [FeatureManager] {Main} Feature changed: blizzard_profiles=true
I 2022-05-23 01:28:06.163046 [FeatureManager] {Main} Feature changed: group_privacy_settings=true
I 2022-05-23 01:28:06.163056 [FeatureManager] {Main} Feature changed: cn_age_alert=true
I 2022-05-23 01:28:06.163065 [FeatureManager] {Main} Feature changed: all_games_v2=true
I 2022-05-23 01:28:06.163074 [FeatureManager] {Main} Feature changed: all_games_new_badge=true
I 2022-05-23 01:28:06.163082 [FeatureManager] {Main} Feature changed: appear_offline=true
I 2022-05-23 01:28:06.163093 [FeatureManager] {Main} Feature changed: refresh_toast=true
I 2022-05-23 01:28:06.163104 [FeatureManager] {Main} Feature changed: app_feedback_dialog=true
I 2022-05-23 01:28:06.163113 [FeatureManager] {Main} Feature changed: browser_main_window=true
I 2022-05-23 01:28:06.163127 [FeatureManager] {Main} Feature changed: chat_giphy=true
I 2022-05-23 01:28:06.163140 [FeatureManager] {Main} Feature changed: content_ui=true
I 2022-05-23 01:28:06.163148 [FeatureManager] {Main} Feature changed: multichats=true
I 2022-05-23 01:28:06.164006 [FeatureManager] {Main} Feature changed: content_ui_web_view=true
I 2022-05-23 01:28:06.164024 [FeatureManager] {Main} Feature changed: first_time_experience=true
I 2022-05-23 01:28:06.164030 [FeatureManager] {Main} Feature changed: friends_list_popout=true
I 2022-05-23 01:28:06.164034 [FeatureManager] {Main} Feature changed: gift_inventory=true
I 2022-05-23 01:28:06.164039 [FeatureManager] {Main} Feature changed: refresh_friend_tooltip=true
I 2022-05-23 01:28:06.164044 [FeatureManager] {Main} Feature changed: global_legendary_promos=true
I 2022-05-23 01:28:06.164049 [FeatureManager] {Main} Feature changed: shop_wish_list=true
I 2022-05-23 01:28:06.164058 [FeatureManager] {Main} Feature changed: http_test=true tags=http_request_0
I 2022-05-23 01:28:06.164067 [FeatureManager] {Main} Feature changed: non_friend_whispers=true
I 2022-05-23 01:28:06.164072 [FeatureManager] {Main} Feature changed: notification_center=true
I 2022-05-23 01:28:06.164077 [FeatureManager] {Main} Feature changed: playscreen_migrate_cms=true
I 2022-05-23 01:28:06.164082 [FeatureManager] {Main} Feature changed: shared_container_installs=true
I 2022-05-23 01:28:06.164089 [FeatureManager] {Main} Feature changed: sc2_account_selection_dialog=true
I 2022-05-23 01:28:06.164093 [FeatureManager] {Main} Feature changed: suggested_facebook_friends=true
I 2022-05-23 01:28:06.164103 [FeatureManager] {Main} Feature changed: whisper_voice=true
I 2022-05-23 01:28:06.164111 [FeatureManager] {Main} Feature changed: battle.net_http_request_0_c6caed0e=true
D 2022-05-23 01:28:06.164220 [Configuration] {Main} Searching for config file: C:\Program Files (x86)\Battle.net\Battle.net.13500\Environments.yaml
D 2022-05-23 01:28:06.164285 [Configuration] {Main} Searching for config file: C:\Program Files (x86)\Battle.net\Environments.yaml
I 2022-05-23 01:28:06.164329 [EnvironmentManager] {Main} Login parameters changed: address=us.actual.battle.net:1119 region=US
D 2022-05-23 01:28:06.178188 [CatalogVarStorage] {Main} Setting var from catalog Browser.DisableSiteIsolation=true
D 2022-05-23 01:28:06.178215 [CatalogVarStorage] {Main} Setting var from catalog Client.AccountHintRequiredProgramIds=ANBS
D 2022-05-23 01:28:06.178222 [CatalogVarStorage] {Main} Setting var from catalog Client.ActivisionAutoAccountCreation.Games=ODIN,ZEUS,FORE,AUKS
D 2022-05-23 01:28:06.178233 [CatalogVarStorage] {Main} Setting var from catalog Client.Shop.SaleNotificationEnabled=false
D 2022-05-23 01:28:06.178239 [CatalogVarStorage] {Main} Setting var from catalog Client.OwlScreen.LiveCheckIntervalMS=300000
D 2022-05-23 01:28:06.178253 [CatalogVarStorage] {Main} Setting var from catalog Client.Announcements.MaximumAnnouncements=20
D 2022-05-23 01:28:06.178260 [CatalogVarStorage] {Main} Setting var from catalog Client.NewProfileWindowLayout=true
D 2022-05-23 01:28:06.178266 [CatalogVarStorage] {Main} Setting var from catalog Client.PromotedScreenVersion=3
D 2022-05-23 01:28:06.178272 [CatalogVarStorage] {Main} Setting var from catalog Client.Shop.SaleNotificationVersion=6
D 2022-05-23 01:28:06.178279 [CatalogVarStorage] {Main} Setting var from catalog Client.Version.BetaAccessOverride=enabled
I 2022-05-23 01:28:06.178285 [VersionManager] {Main} Beta Access: enabled
D 2022-05-23 01:28:06.178291 [CatalogVarStorage] {Main} Setting var from catalog Client.Version.BetaBranchOverride=beta
D 2022-05-23 01:28:06.178298 [CatalogVarStorage] {Main} Setting var from catalog Services.WhisperChannels.InactivityTimeoutMS=0
I 2022-05-23 01:28:06.181386 [CatalogLoader] {Main} *** LOAD COMPLETE default ***
I 2022-05-23 01:28:06.181401 [CatalogManager] {Main} Loaded initial catalog: hash=4c02b91f97ee50fb9a8461c47da4b1c2
I 2022-05-23 01:28:06.281427 [WebServer] {Backend:0} Listening on port 22885
D 2022-05-23 01:28:06.582247 [UI] {Main} Fixup allowed regions and locales. installedRegion=US allowedRegions= allowedLocales=
I 2022-05-23 01:28:06.582984 [ToastManager] {Main} Toasts are enabled in ClientSettings
D 2022-05-23 01:28:06.612808 [ProductState] {Main} Game product state created: uid=
D 2022-05-23 01:28:06.612883 [ProductState] {Main} InstallState (): currentOperation=Install currentOperationStatus=New
I 2022-05-23 01:28:06.634079 [Main] {Main} Application path is: C:\Program Files (x86)\Battle.net\Battle.net.exe
I 2022-05-23 01:28:06.743161 [ClientServiceAlertMonitor] {Main} Breaking News url has changed. url=https://nydus.battle.net/App/esES/client/App/alert?targetRegion=US
D 2022-05-23 01:28:06.743391 [RemoteContentCache] {Main} Found cached remote content. url=https://nydus.battle.net/App/esES/client/App/alert?targetRegion=US
I 2022-05-23 01:28:06.747403 [ClientServiceAlertMonitor] {Main} Maintenance url has changed. url=https://nydus.battle.net/App/esES/client/App/maintenance?targetRegion=US
D 2022-05-23 01:28:06.747648 [RemoteContentCache] {Main} Found cached remote content. url=https://nydus.battle.net/App/esES/client/App/maintenance?targetRegion=US
I 2022-05-23 01:28:06.751464 [Frontend] {Main} Public Computer state changed. is_public=false
D 2022-05-23 01:28:06.751494 [Frontend] {Main} Session id changed. session_id=17538380058432480445
D 2022-05-23 01:28:06.751564 [Frontend] {Main} Tracking info changed. client_id=1440039363.1625153260, user_agent=
I 2022-05-23 01:28:06.787334 [HighDpiManager] {Main} High dpi support available changed: 0
I 2022-05-23 01:28:06.787362 [Frontend] {Main} High dpi support: disabled
D 2022-05-23 01:28:06.788176 [Main] {WorkerPool:3} Checking permissions on path: C:\ProgramData\Battle.net\Setup depth=-1
D 2022-05-23 01:28:06.789200 [Main] {WorkerPool:3} Checking permissions on path: C:\ProgramData\Battle.net\Agent depth=1
D 2022-05-23 01:28:06.792104 [Main] {WorkerPool:3} Checking permissions on path: C:\ProgramData\Battle.net\Agent\Agent.7661 depth=1
D 2022-05-23 01:28:06.793033 [Main] {WorkerPool:3} Checking permissions on path: C:\ProgramData\Battle.net\Agent\Agent.7779 depth=1
D 2022-05-23 01:28:06.793478 [Main] {WorkerPool:3} Checking permissions on path: C:\ProgramData\Blizzard Entertainment depth=2
I 2022-05-23 01:28:06.862950 [FeatureManager] {Main} Feature changed: install_packages=true
I 2022-05-23 01:28:06.862979 [FeatureManager] {Main} Feature changed: modify_install=true
I 2022-05-23 01:28:06.863295 [Agent] {Main} AgentManager is now initialized
I 2022-05-23 01:28:06.863313 [InstallManager] {Main} Install manager is now initialized
D 2022-05-23 01:28:06.863322 [InstallManager] {Main} Selecting best game install data for game battle.net: savedUid=battle.net originalUid=<none> newUid=battle.net
D 2022-05-23 01:28:06.863347 [InstallInfo] {Main} InstallInfo agent association has been changed: uid=battle.net agentUid=battle.net
D 2022-05-23 01:28:06.863362 [InstallManager] {Main} Selecting best game install data for game odin: savedUid=odin originalUid=<none> newUid=odin
D 2022-05-23 01:28:06.863371 [InstallInfo] {Main} InstallInfo agent association has been changed: uid=odin agentUid=odin
D 2022-05-23 01:28:06.863428 [ProductState] {Main} Game product state created: uid=odin
D 2022-05-23 01:28:06.863495 [ProductState] {Main} InstallState (odin): currentOperation=Update currentOperationStatus=New installed=1 optionalPackageInstalled=1 installPath=C:/Program Files (x86)/Call of Duty Modern Warfare canCreateShortcut=1 selectedRegion=us activeConfigKey=e5a715efe23d4f4dfbd919e511e633c7 regionalVersions=(eu: {playable:false config_key:be8faabca9deba0cc2decf211f7faa53}, kr: {playable:false config_key:be8faabca9deba0cc2decf211f7faa53}, us: {playable:false config_key:be8faabca9deba0cc2decf211f7faa53}) localVersion=1.39.2.9769220 latestVersion=1.15883e+07 progress=1
D 2022-05-23 01:28:06.863529 [Agent] {Main} Versioning is now enabled
D 2022-05-23 01:28:06.863554 [Agent] {Main} Triggering game versioning: battle.net
D 2022-05-23 01:28:06.863587 [Agent] {Main} Triggering game versioning: odin
D 2022-05-23 01:28:06.863973 [InstallManager] {Main} Sending a queued OnProcessPidsUpdated notification: agentUid=battle.net binaryType=game
D 2022-05-23 01:28:06.864003 [InstallManager] {Main} Sending a queued OnProcessRunning notification: agentUid=battle.net binaryType=game
I 2022-05-23 01:28:06.864017 [InstallManager] {Main} Setting Process Running: true uid=battle.net binaryType=game any=true
D 2022-05-23 01:28:06.864032 [InstallInfo] {Main} Operation status changed: opType=Execute oldStatus=Off newStatus=On agentUid=battle.net
I 2022-05-23 01:28:06.874971 [CatalogLoader] {Main} *** LOAD STARTED default: Context(LocalCAS: 4c02b91f97ee50fb9a8461c47da4b1c2 I) ***
I 2022-05-23 01:28:06.916261 [FeatureManager] {Main} Moving feature record from active to inactive: overwatch_league_tab
I 2022-05-23 01:28:06.916295 [FeatureManager] {Main} Moving feature record from active to inactive: blizzcon_tab
D 2022-05-23 01:28:06.936011 [CatalogVarStorage] {Main} Setting var from catalog Browser.DisableSiteIsolation=true
D 2022-05-23 01:28:06.936047 [CatalogVarStorage] {Main} Setting var from catalog Client.AccountHintRequiredProgramIds=ANBS
D 2022-05-23 01:28:06.936058 [CatalogVarStorage] {Main} Setting var from catalog Client.ActivisionAutoAccountCreation.Games=ODIN,ZEUS,FORE,AUKS
D 2022-05-23 01:28:06.936066 [CatalogVarStorage] {Main} Setting var from catalog Client.Shop.SaleNotificationEnabled=false
D 2022-05-23 01:28:06.936075 [CatalogVarStorage] {Main} Setting var from catalog Client.OwlScreen.LiveCheckIntervalMS=300000
D 2022-05-23 01:28:06.936093 [CatalogVarStorage] {Main} Setting var from catalog Client.Announcements.MaximumAnnouncements=20
D 2022-05-23 01:28:06.936102 [CatalogVarStorage] {Main} Setting var from catalog Client.NewProfileWindowLayout=true
D 2022-05-23 01:28:06.936112 [CatalogVarStorage] {Main} Setting var from catalog Client.PromotedScreenVersion=3
D 2022-05-23 01:28:06.936123 [CatalogVarStorage] {Main} Setting var from catalog Client.Shop.SaleNotificationVersion=6
D 2022-05-23 01:28:06.936137 [CatalogVarStorage] {Main} Setting var from catalog Client.Version.BetaAccessOverride=enabled
D 2022-05-23 01:28:06.936145 [CatalogVarStorage] {Main} Setting var from catalog Client.Version.BetaBranchOverride=beta
D 2022-05-23 01:28:06.936155 [CatalogVarStorage] {Main} Setting var from catalog Services.WhisperChannels.InactivityTimeoutMS=0
D 2022-05-23 01:28:06.936165 [CatalogVarStorage] {Main} Setting var from catalog Services.HTTPClient.ConnectionTimeoutMS=0
I 2022-05-23 01:28:06.940583 [CatalogLoader] {Main} *** LOAD COMPLETE default ***
I 2022-05-23 01:28:06.947654 [Registry] {Main} Failed to delete token from registry|error=ERROR_REGISTRY_OPEN_KEY_ERROR (12001)
I 2022-05-23 01:28:07.098292 [UnifiedAuth] {Main} UAuth: setting url: https://us.battle.net/login/es/logout?ref=https://us.battle.net/login/es/login.app?app=app reason: reset
D 2022-05-23 01:28:07.139353 [ClientServiceAlertMonitor] {Main} Service alert monitor force update requested
D 2022-05-23 01:28:07.139370 [ClientServiceAlertMonitor] {Main} Breaking News update requested
D 2022-05-23 01:28:07.139376 [ClientServiceAlertMonitor] {Main} Maintenance update requested
D 2022-05-23 01:28:07.345276 [InstallManager] {Main} Game finished versioning odin
I 2022-05-23 01:28:07.777699 [CacheManager] {Main} CacheManager is now initialized
I 2022-05-23 01:28:07.777727 [TactVersionWatcher] {Main} Fetched new tact metadata. productCode=catalogs region=us branch=PUB-29 version=2163 seq=228 buildConfig=89e08f268f5eaebfedcc4b019cced0ad
I 2022-05-23 01:28:07.787877 [DIAG_BuildConfig] {Main} no 'encoding' key in build configuration '89e08f268f5eaebfedcc4b019cced0ad', selecting plain-data mode
I 2022-05-23 01:28:07.787924 [CatalogLoader] {Main} *** LOAD STARTED default: Context(RemoteCAS: 625fe6c8e740617fb164d174766b4ed1|tpr/catalogs/data) ***
I 2022-05-23 01:28:08.118028 [FeatureManager] {Main} Feature changed: overwatch_trial_8df428bf=false
I 2022-05-23 01:28:08.118078 [FeatureManager] {Main} Removing inactive feature record: overwatch_trial_8df428bf
I 2022-05-23 01:28:08.118127 [FeatureManager] {Main} Feature changed: fore_enable_trial_2714e770=true
I 2022-05-23 01:28:08.118140 [FeatureManager] {Main} Feature changed: hearthstone_limited_starter_b2a441b7=true
D 2022-05-23 01:28:08.124507 [ProductManager] {Main} Product modified: ANBS ProductChangeFlags(starter_items)
D 2022-05-23 01:28:08.124572 [ProductManager] {Main} Product modified: D3 ProductChangeFlags(quick_links,starter_items)
D 2022-05-23 01:28:08.124582 [ProductManager] {Main} Product modified: D3CN ProductChangeFlags(quick_links)
D 2022-05-23 01:28:08.124591 [ProductManager] {Main} Product modified: D3X0 ProductChangeFlags(quick_links,starter_items)
D 2022-05-23 01:28:08.124598 [ProductManager] {Main} Product modified: D3X1 ProductChangeFlags(quick_links,starter_items)
D 2022-05-23 01:28:08.124604 [ProductManager] {Main} Product modified: FORE ProductChangeFlags(quick_links,starter_items)
D 2022-05-23 01:28:08.124611 [ProductManager] {Main} Product modified: GRY ProductChangeFlags(quick_links,starter_items)
D 2022-05-23 01:28:08.124618 [ProductManager] {Main} Product modified: Hero ProductChangeFlags(quick_links,starter_items)
D 2022-05-23 01:28:08.124626 [ProductManager] {Main} Product modified: LAZR ProductChangeFlags(quick_links,starter_items)
D 2022-05-23 01:28:08.124635 [ProductManager] {Main} Product modified: ODIN ProductChangeFlags(quick_links,starter_items)
D 2022-05-23 01:28:08.124644 [ProductManager] {Main} Product modified: ODIN_MW ProductChangeFlags(quick_links,starter_items)
D 2022-05-23 01:28:08.124653 [ProductManager] {Main} Product modified: OSI ProductChangeFlags(quick_links,starter_items)
D 2022-05-23 01:28:08.124662 [ProductManager] {Main} Product modified: Pro ProductChangeFlags(quick_links,starter_items)
D 2022-05-23 01:28:08.124669 [ProductManager] {Main} Product modified: RTRO ProductChangeFlags(quick_links,starter_items)
D 2022-05-23 01:28:08.124679 [ProductManager] {Main} Product modified: S1 ProductChangeFlags(quick_links,starter_items)
D 2022-05-23 01:28:08.124687 [ProductManager] {Main} Product modified: S2 ProductChangeFlags(quick_links,starter_items)
D 2022-05-23 01:28:08.124694 [ProductManager] {Main} Product modified: VIPR ProductChangeFlags(quick_links,starter_items)
D 2022-05-23 01:28:08.124700 [ProductManager] {Main} Product modified: W3 ProductChangeFlags(quick_links,starter_items)
D 2022-05-23 01:28:08.124707 [ProductManager] {Main} Product modified: WLBY ProductChangeFlags(quick_links,starter_items)
D 2022-05-23 01:28:08.124714 [ProductManager] {Main} Product modified: WTCG ProductChangeFlags(quick_links,starter_items)
D 2022-05-23 01:28:08.124721 [ProductManager] {Main} Product modified: WoW ProductChangeFlags(quick_links,starter_items)
D 2022-05-23 01:28:08.124728 [ProductManager] {Main} Product modified: WoWC ProductChangeFlags(starter_items)
D 2022-05-23 01:28:08.124737 [ProductManager] {Main} Product modified: WoWX2 ProductChangeFlags(quick_links,starter_items)
D 2022-05-23 01:28:08.124744 [ProductManager] {Main} Product modified: WoWX7 ProductChangeFlags(quick_links,starter_items)
D 2022-05-23 01:28:08.124750 [ProductManager] {Main} Product modified: WoWX8 ProductChangeFlags(quick_links,starter_items)
D 2022-05-23 01:28:08.124756 [ProductManager] {Main} Product modified: ZEUS ProductChangeFlags(quick_links,starter_items)
D 2022-05-23 01:28:08.124777 [ProductManager] {Main} Products updated
D 2022-05-23 01:28:08.125591 [ProductManager] {Main} Product modified: ANBS ProductChangeFlags(starter_items)
D 2022-05-23 01:28:08.125605 [ProductManager] {Main} Product modified: D3 ProductChangeFlags(quick_links,starter_items)
D 2022-05-23 01:28:08.125613 [ProductManager] {Main} Product modified: D3CN ProductChangeFlags(quick_links)
D 2022-05-23 01:28:08.125619 [ProductManager] {Main} Product modified: D3X0 ProductChangeFlags(quick_links,starter_items)
D 2022-05-23 01:28:08.125624 [ProductManager] {Main} Product modified: D3X1 ProductChangeFlags(quick_links,starter_items)
D 2022-05-23 01:28:08.125630 [ProductManager] {Main} Product modified: FORE ProductChangeFlags(quick_links,starter_items)
D 2022-05-23 01:28:08.125639 [ProductManager] {Main} Product modified: GRY ProductChangeFlags(quick_links,starter_items)
D 2022-05-23 01:28:08.125645 [ProductManager] {Main} Product modified: Hero ProductChangeFlags(quick_links,starter_items)
D 2022-05-23 01:28:08.125651 [ProductManager] {Main} Product modified: LAZR ProductChangeFlags(quick_links,starter_items)
D 2022-05-23 01:28:08.125670 [ProductManager] {Main} Product modified: ODIN ProductChangeFlags(quick_links,starter_items)
D 2022-05-23 01:28:08.125677 [ProductManager] {Main} Product modified: ODIN_MW ProductChangeFlags(quick_links,starter_items)
D 2022-05-23 01:28:08.125683 [ProductManager] {Main} Product modified: OSI ProductChangeFlags(quick_links,starter_items)
D 2022-05-23 01:28:08.125690 [ProductManager] {Main} Product modified: Pro ProductChangeFlags(quick_links,starter_items)
D 2022-05-23 01:28:08.125697 [ProductManager] {Main} Product modified: RTRO ProductChangeFlags(quick_links,starter_items)
D 2022-05-23 01:28:08.125704 [ProductManager] {Main} Product modified: S1 ProductChangeFlags(quick_links,starter_items)
D 2022-05-23 01:28:08.125711 [ProductManager] {Main} Product modified: S2 ProductChangeFlags(quick_links,starter_items)
D 2022-05-23 01:28:08.125718 [ProductManager] {Main} Product modified: VIPR ProductChangeFlags(quick_links,starter_items)
D 2022-05-23 01:28:08.125726 [ProductManager] {Main} Product modified: W3 ProductChangeFlags(quick_links,starter_items)
D 2022-05-23 01:28:08.125732 [ProductManager] {Main} Product modified: WLBY ProductChangeFlags(quick_links,starter_items)
D 2022-05-23 01:28:08.125740 [ProductManager] {Main} Product modified: WTCG ProductChangeFlags(quick_links,starter_items)
D 2022-05-23 01:28:08.125748 [ProductManager] {Main} Product modified: WoW ProductChangeFlags(quick_links,starter_items)
D 2022-05-23 01:28:08.125755 [ProductManager] {Main} Product modified: WoWC ProductChangeFlags(starter_items)
D 2022-05-23 01:28:08.125762 [ProductManager] {Main} Product modified: WoWX2 ProductChangeFlags(quick_links,starter_items)
D 2022-05-23 01:28:08.125769 [ProductManager] {Main} Product modified: WoWX7 ProductChangeFlags(quick_links,starter_items)
D 2022-05-23 01:28:08.125776 [ProductManager] {Main} Product modified: WoWX8 ProductChangeFlags(quick_links,starter_items)
D 2022-05-23 01:28:08.125782 [ProductManager] {Main} Product modified: ZEUS ProductChangeFlags(quick_links,starter_items)
D 2022-05-23 01:28:08.125799 [ProductManager] {Main} Products updated
D 2022-05-23 01:28:08.138099 [ProductManager] {Main} Product modified: ANBS ProductChangeFlags(install_background_v2)
D 2022-05-23 01:28:08.138131 [ProductManager] {Main} Product modified: FORE ProductChangeFlags(region_permission_flags,starter_items)
D 2022-05-23 01:28:08.138140 [ProductManager] {Main} Product modified: GRY ProductChangeFlags(quick_links)
D 2022-05-23 01:28:08.138146 [ProductManager] {Main} Product modified: Pro ProductChangeFlags(deprecated,region_permission_flags,starter_items)
D 2022-05-23 01:28:08.138153 [ProductManager] {Main} Product modified: WTCG ProductChangeFlags(starter_items,mobile_qr_code_text)
D 2022-05-23 01:28:08.138170 [ProductManager] {Main} Products updated
D 2022-05-23 01:28:08.138853 [CatalogVarStorage] {Main} Setting var from catalog Browser.DisableSiteIsolation=true
D 2022-05-23 01:28:08.138869 [CatalogVarStorage] {Main} Setting var from catalog Client.AccountHintRequiredProgramIds=ANBS
D 2022-05-23 01:28:08.138876 [CatalogVarStorage] {Main} Setting var from catalog Client.ActivisionAutoAccountCreation.Games=ODIN,ZEUS,FORE,AUKS
D 2022-05-23 01:28:08.138887 [CatalogVarStorage] {Main} Setting var from catalog Client.Shop.SaleNotificationEnabled=false
D 2022-05-23 01:28:08.138895 [CatalogVarStorage] {Main} Setting var from catalog Client.OwlScreen.LiveCheckIntervalMS=300000
D 2022-05-23 01:28:08.138908 [CatalogVarStorage] {Main} Setting var from catalog Client.Announcements.MaximumAnnouncements=20
D 2022-05-23 01:28:08.138915 [CatalogVarStorage] {Main} Setting var from catalog Client.NewProfileWindowLayout=true
D 2022-05-23 01:28:08.138922 [CatalogVarStorage] {Main} Setting var from catalog Client.PromotedScreenVersion=3
D 2022-05-23 01:28:08.138928 [CatalogVarStorage] {Main} Setting var from catalog Client.Shop.SaleNotificationVersion=6
D 2022-05-23 01:28:08.138935 [CatalogVarStorage] {Main} Setting var from catalog Client.Version.BetaAccessOverride=enabled
D 2022-05-23 01:28:08.138941 [CatalogVarStorage] {Main} Setting var from catalog Client.Version.BetaBranchOverride=beta
D 2022-05-23 01:28:08.138949 [CatalogVarStorage] {Main} Setting var from catalog Services.WhisperChannels.InactivityTimeoutMS=0
D 2022-05-23 01:28:08.138956 [CatalogVarStorage] {Main} Setting var from catalog Services.HTTPClient.ConnectionTimeoutMS=0
I 2022-05-23 01:28:08.145022 [CatalogLoader] {Main} *** LOAD COMPLETE default ***
I 2022-05-23 01:28:08.145242 [CatalogLoader] {Main} *** LOAD STARTED default: Context(RemoteCAS: 625fe6c8e740617fb164d174766b4ed1|tpr/catalogs/data) ***
D 2022-05-23 01:28:08.308553 [CatalogVarStorage] {Main} Setting var from catalog Browser.DisableSiteIsolation=true
D 2022-05-23 01:28:08.308588 [CatalogVarStorage] {Main} Setting var from catalog Client.AccountHintRequiredProgramIds=ANBS
D 2022-05-23 01:28:08.308599 [CatalogVarStorage] {Main} Setting var from catalog Client.ActivisionAutoAccountCreation.Games=ODIN,ZEUS,FORE,AUKS
D 2022-05-23 01:28:08.308609 [CatalogVarStorage] {Main} Setting var from catalog Client.Shop.SaleNotificationEnabled=false
D 2022-05-23 01:28:08.308619 [CatalogVarStorage] {Main} Setting var from catalog Client.OwlScreen.LiveCheckIntervalMS=300000
D 2022-05-23 01:28:08.308638 [CatalogVarStorage] {Main} Setting var from catalog Client.Announcements.MaximumAnnouncements=20
D 2022-05-23 01:28:08.308649 [CatalogVarStorage] {Main} Setting var from catalog Client.NewProfileWindowLayout=true
D 2022-05-23 01:28:08.308659 [CatalogVarStorage] {Main} Setting var from catalog Client.PromotedScreenVersion=3
D 2022-05-23 01:28:08.308670 [CatalogVarStorage] {Main} Setting var from catalog Client.Shop.SaleNotificationVersion=6
D 2022-05-23 01:28:08.308681 [CatalogVarStorage] {Main} Setting var from catalog Client.Version.BetaAccessOverride=enabled
D 2022-05-23 01:28:08.308692 [CatalogVarStorage] {Main} Setting var from catalog Client.Version.BetaBranchOverride=beta
D 2022-05-23 01:28:08.308704 [CatalogVarStorage] {Main} Setting var from catalog Services.WhisperChannels.InactivityTimeoutMS=0
D 2022-05-23 01:28:08.308715 [CatalogVarStorage] {Main} Setting var from catalog Services.HTTPClient.ConnectionTimeoutMS=0
I 2022-05-23 01:28:08.312582 [CatalogLoader] {Main} *** LOAD COMPLETE default ***
D 2022-05-23 01:28:11.244978 [GameController] {Main} Shutting down GameController
D 2022-05-23 01:28:11.245032 [Main] {Main} Shutting down GameLaunchController
I 2022-05-23 01:28:11.245091 [GameController] {Main} Deleting GameFamily: , # of game accounts:0
D 2022-05-23 01:28:11.245188 [ProductState] {Main} Game product state destroyed: uid=odin
D 2022-05-23 01:28:11.245222 [ProductState] {Main} Game product state destroyed: uid=
I 2022-05-23 01:28:11.245585 [ToastManager] {Main} Clearing toast queue
I 2022-05-23 01:28:11.551277 [GameSessionList] {Agent} Reporting process: TrackingInfo(uid=battle.net, type=game, opStatus=On, reqId=0, running=4, oldRunning=1)
D 2022-05-23 01:28:12.856922 [Main] {Main} Shutting down Backend
D 2022-05-23 01:28:12.856959 [Main] {Main} Closing IPC Service
D 2022-05-23 01:28:12.856969 [CommandQueue] {Main} IPCService is shutting down
D 2022-05-23 01:28:12.857208 [Main] {Main} Shutting down account manager
D 2022-05-23 01:28:12.857255 [Main] {Main} Shutting down CacheManager
D 2022-05-23 01:28:12.857269 [Main] {Main} Shutting down analytics processor
D 2022-05-23 01:28:12.857581 [Main] {Main} Shutting down worker pool
D 2022-05-23 01:28:12.858463 [Main] {Main} Shutting down backend processor
D 2022-05-23 01:28:12.864173 [Main] {Main} Shutting down data cache
D 2022-05-23 01:28:12.864363 [Main] {Main} Shutting down catalog manager
D 2022-05-23 01:28:12.865258 [Main] {Main} Shutting down environment manager
D 2022-05-23 01:28:12.865304 [Main] {Main} Shutting down battle.net api gateway
D 2022-05-23 01:28:12.865314 [Main] {Main} Shutting down suggested friends service
D 2022-05-23 01:28:12.865325 [Main] {Main} Shutting down voice service
D 2022-05-23 01:28:12.865333 [Main] {Main} Shutting down remote content manager
D 2022-05-23 01:28:12.865341 [Main] {Main} Shutting down analytics session
D 2022-05-23 01:28:12.865349 [Main] {Main} Shutting down agent manager
D 2022-05-23 01:28:12.865359 [Agent] {Main} PolicyHandler Thread STOPPING
D 2022-05-23 01:28:12.865372 [Agent] {Agent} PolicyHandlerThreadProc: The rest is silence.
D 2022-05-23 01:28:12.865717 [Agent] {Main} PolicyHandler Thread STOPPED
D 2022-05-23 01:28:12.879982 [Agent] {Main} Communicated shutdown to Agent
D 2022-05-23 01:28:12.880103 [Main] {Main} Shutting down game provider
D 2022-05-23 01:28:12.880120 [Main] {Main} Shutting down battle.net interface
D 2022-05-23 01:28:12.880461 [Main] {Main} Shutting down callback queue
D 2022-05-23 01:28:12.880551 [WebServer] {Main} Shutting down WebServerImpl
D 2022-05-23 01:28:12.880808 [WebServer] {Main} WebServerImpl is stopped
D 2022-05-23 01:28:12.989469 [DIAG_BNL_Voice] {Main} {30c8} debug: Notification client reference removed: 0
