D 2022-05-23 23:54:34.907509 [Main] {Main} Removing old/extra log file: battle.net-20220509T233638.265737.log
D 2022-05-23 23:54:34.907726 [Main] {Main} Removing old/extra log file: libcef-20220509T233643.309054.log
I 2022-05-23 23:54:34.907869 [Main] {Main} Logging started for Battle.net build 2.13.0.13500
I 2022-05-23 23:54:34.908092 [Configuration] {Main} SharedConfigRoot: C:\ProgramData\Battle.net
I 2022-05-23 23:54:34.908269 [Configuration] {Main} RoamingConfigRoot: C:\Users\sdean\AppData\Roaming\Battle.net
I 2022-05-23 23:54:34.908279 [Configuration] {Main} LocalConfigRoot: C:\Users\sdean\AppData\Local\Battle.net
D 2022-05-23 23:54:34.908356 [Configuration] {Main} Searching for config file: C:\Program Files (x86)\Battle.net\Battle.net.13500\Battle.net.config
D 2022-05-23 23:54:34.908386 [Configuration] {Main} Searching for config file: C:\Program Files (x86)\Battle.net\Battle.net.config
D 2022-05-23 23:54:34.912029 [Configuration] {Main} User Configuration File: C:\Users\sdean\AppData\Roaming\Battle.net\Battle.net.config
I 2022-05-23 23:54:34.913739 [Main] {Main} Command line arguments: {[0]=--autostarted}
I 2022-05-23 23:54:34.914902 [Main] {Main} Opening IPC shared memory. queueName=User:sdean:Battle.net IPC ShMem mode=server
I 2022-05-23 23:54:34.984423 [Frontend] {Main} Supplying list of renderers: d3d11,warp,desktop
I 2022-05-23 23:54:35.382647 [LocalizationData] {Main} 21 language(s) loaded from languages.xml, default=enUS
D 2022-05-23 23:54:35.766524 [Main] {Main} Adding application font: resources/fonts/BlizzardReg.ttf
D 2022-05-23 23:54:35.769565 [Main] {Main} Adding application font: resources/fonts/BlizzardLig.ttf
D 2022-05-23 23:54:35.770989 [Main] {Main} Adding application font: resources/fonts/BlizzardBol.ttf
D 2022-05-23 23:54:35.772019 [Main] {Main} Adding application font: resources/fonts/NotoSans-Bold.ttf
D 2022-05-23 23:54:35.776681 [Main] {Main} Adding application font: resources/fonts/NotoSans-BoldItalic.ttf
D 2022-05-23 23:54:35.780865 [Main] {Main} Adding application font: resources/fonts/NotoSans-Italic.ttf
D 2022-05-23 23:54:35.785337 [Main] {Main} Adding application font: resources/fonts/NotoSans-Regular.ttf
D 2022-05-23 23:54:35.789759 [Main] {Main} Adding application font: resources/fonts/ObjectSans-Bold.ttf
D 2022-05-23 23:54:35.791218 [Main] {Main} Adding application font: resources/fonts/ObjectSans-Medium.ttf
D 2022-05-23 23:54:37.121462 [Main] {Main} Setting font to: Blizzard
I 2022-05-23 23:54:37.123886 [CacheManager] {Main} Local storage cache at: C:\Users\sdean\AppData\Local\Battle.net\Cache
I 2022-05-23 23:54:37.143250 [Main] {Main} Opened database at: C:\Users\sdean\AppData\Local\Battle.net\CachedData.db
D 2022-05-23 23:54:37.149422 [Agent] {Main} PolicyHandler Thread STARTED
D 2022-05-23 23:54:37.149462 [Agent] {Agent} PolicyHandlerThreadProc: I shall in all my best obey you.
I 2022-05-23 23:54:37.453812 [DIAG_BNL_Voice] {Main} Audio device monitor using already-initialized COM
I 2022-05-23 23:54:37.459924 [VoiceSessionBroker] {Main} Global voice is on
I 2022-05-23 23:54:37.461546 [Main] {Main} Execution environment changed. environment=EE_STANDARD
I 2022-05-23 23:54:37.463509 [CatalogManager] {Main} Loaded catalog hash from the database cache. hash=625fe6c8e740617fb164d174766b4ed1
I 2022-05-23 23:54:37.466856 [CatalogManager] {Main} Built-in catalog hash (catalog/digesthash.txt): 4c02b91f97ee50fb9a8461c47da4b1c2
I 2022-05-23 23:54:37.467424 [CatalogManager] {Main} Built-in catalog hash (catalog/signaturehash.txt): 6436bc147579230deab607afa797cc01
I 2022-05-23 23:54:37.467559 [CatalogLoader] {Main} *** LOAD STARTED default: Context(LocalCAS: 625fe6c8e740617fb164d174766b4ed1 I) ***
E 2022-05-23 23:54:37.742673 [CatalogLoader] {Main} Fetch result for 8ccae4e454e5b63a2d276013ba47d69c failed with: 10
W 2022-05-23 23:54:37.742755 [CatalogLoader] {Main} LoadedFragmentData state change. id=auks_auks state=DoneWithError
W 2022-05-23 23:54:37.742789 [CatalogLoader] {Main} LoadedFragmentData state change. id=default state=DoneWithError
E 2022-05-23 23:54:37.742822 [CatalogLoader] {Main} An error occurred loading from fragment: default err=105
E 2022-05-23 23:54:37.744915 [CatalogLoader] {Main} *** LOAD FAILED default: 105 ***
E 2022-05-23 23:54:38.251990 [CatalogLoader] {Main} Fetch result for 94e9911c1d2df8fad2a5bc7f3563f0f3 failed with: 10
W 2022-05-23 23:54:38.252098 [CatalogLoader] {Main} LoadedFragmentData state change. id=fenris_fenris state=DoneWithError
I 2022-05-23 23:54:40.198296 [Agent] {Agent} Agent Version is now: 2.27.0.7779 (retail)
I 2022-05-23 23:54:40.205910 [GameSessionList] {Agent} Reporting process: TrackingInfo(uid=battle.net, type=game, opStatus=On, reqId=0, running=1, oldRunning=0)
D 2022-05-23 23:54:40.212385 [Agent] {Agent} GameResource created for uid: agent
D 2022-05-23 23:54:40.212706 [Agent] {Agent} GameResource created for uid: battle.net
D 2022-05-23 23:54:40.212809 [Agent] {Agent} GameResource created for uid: odin
W 2022-05-23 23:54:41.519822 [CatalogManager] {Main} Failed to load initial catalog: hash=625fe6c8e740617fb164d174766b4ed1 result=105
I 2022-05-23 23:54:41.526105 [CatalogLoader] {Main} *** LOAD STARTED default: Context(LocalCAS: 4c02b91f97ee50fb9a8461c47da4b1c2 I) ***
I 2022-05-23 23:54:41.795671 [CatalogLoader] {Main} Removing stale fragment: anbs_limitedcn
I 2022-05-23 23:54:41.795843 [CatalogLoader] {Main} Removing stale fragment: auks_auks
I 2022-05-23 23:54:41.796452 [CatalogLoader] {Main} Removing stale fragment: fenris_fenris
I 2022-05-23 23:54:41.796507 [CatalogLoader] {Main} Removing stale fragment: fore_enable_trial
I 2022-05-23 23:54:41.796622 [CatalogLoader] {Main} Removing stale fragment: hearthstone_limited_starter
W 2022-05-23 23:54:41.797410 [FeatureManager] {Main} Feature 'battle.net_http_request_0_c6caed0e' depends on missing feature 'http_test'
E 2022-05-23 23:54:41.797504 [FeatureManager] {Main} Feature 'battle.net_http_request_0_c6caed0e' has dependency errors and will not respond to dependency changes
I 2022-05-23 23:54:41.797631 [FeatureManager] {Main} Moving feature record from active to inactive: whisper_voice
I 2022-05-23 23:54:41.797699 [FeatureManager] {Main} Moving feature record from active to inactive: trace_route
I 2022-05-23 23:54:41.797741 [FeatureManager] {Main} Moving feature record from active to inactive: mapped_urls
I 2022-05-23 23:54:41.797786 [FeatureManager] {Main} Feature changed: fore_limited_alpha_f6824657=true
I 2022-05-23 23:54:41.797845 [FeatureManager] {Main} Feature changed: fore_buy_now_fore_fef83a73=true
I 2022-05-23 23:54:41.797893 [FeatureManager] {Main} Feature changed: zeus_refresh_without_license_b63211e4=true
I 2022-05-23 23:54:41.797998 [FeatureManager] {Main} Feature changed: hearthstone_limited_event_57b4aca6=true
I 2022-05-23 23:54:41.798057 [FeatureManager] {Main} Feature changed: gryphon_mobile_449148fc=true
I 2022-05-23 23:54:41.798108 [FeatureManager] {Main} Feature changed: lazarus_show_on_beta_5bbf784c=true
I 2022-05-23 23:54:41.798156 [FeatureManager] {Main} Feature changed: odin_deprecate_event_21bf1dc9=true
I 2022-05-23 23:54:41.798203 [FeatureManager] {Main} Feature changed: odin_show_on_beta_5bbf784c=true
I 2022-05-23 23:54:41.798249 [FeatureManager] {Main} Feature changed: odin_upgrade_from_odin_fef83a73=true
I 2022-05-23 23:54:41.798295 [FeatureManager] {Main} Feature changed: osi_limited_install_773b93da=true
I 2022-05-23 23:54:41.798343 [FeatureManager] {Main} Feature changed: osi_limited_product_d9fa6516=true
I 2022-05-23 23:54:41.798387 [FeatureManager] {Main} Feature changed: overwatch_trial_8df428bf=true
I 2022-05-23 23:54:41.798407 [FeatureManager] {Main} Feature changed: viper_show_on_beta_5bbf784c=true
I 2022-05-23 23:54:41.798424 [FeatureManager] {Main} Feature changed: warcraft_iii_upgrade_05e4b09b=true
I 2022-05-23 23:54:41.798446 [FeatureManager] {Main} Feature changed: wlby_show_on_beta_5bbf784c=true
I 2022-05-23 23:54:41.798475 [FeatureManager] {Main} Feature changed: zeus_show_on_beta_5bbf784c=true
I 2022-05-23 23:54:41.822255 [FeatureManager] {Main} Feature changed: cts_takeovers=true
I 2022-05-23 23:54:41.822294 [FeatureManager] {Main} Feature changed: clear_chat_history=true
I 2022-05-23 23:54:41.822309 [FeatureManager] {Main} Feature changed: mentions=true
I 2022-05-23 23:54:41.822338 [FeatureManager] {Main} Feature changed: activision_auto_account_creation=true
I 2022-05-23 23:54:41.822353 [FeatureManager] {Main} Feature changed: suggested_group_members=true
I 2022-05-23 23:54:41.822365 [FeatureManager] {Main} Feature changed: friend_request_management=true
I 2022-05-23 23:54:41.822374 [FeatureManager] {Main} Feature changed: link_previews=true
I 2022-05-23 23:54:41.822385 [FeatureManager] {Main} Feature changed: sms_protect_requirements=true
I 2022-05-23 23:54:41.822406 [FeatureManager] {Main} Feature changed: social_tab=true
I 2022-05-23 23:54:41.822417 [FeatureManager] {Main} Feature changed: auto_update_optimization=true
I 2022-05-23 23:54:41.822430 [FeatureManager] {Main} Feature changed: embedded_web_view=true
I 2022-05-23 23:54:41.822443 [FeatureManager] {Main} Feature changed: collapsible_social_panel=true
I 2022-05-23 23:54:41.822457 [FeatureManager] {Main} Feature changed: blizzard_profiles=true
I 2022-05-23 23:54:41.822476 [FeatureManager] {Main} Feature changed: group_privacy_settings=true
I 2022-05-23 23:54:41.822489 [FeatureManager] {Main} Feature changed: cn_age_alert=true
I 2022-05-23 23:54:41.822504 [FeatureManager] {Main} Feature changed: all_games_v2=true
I 2022-05-23 23:54:41.822517 [FeatureManager] {Main} Feature changed: all_games_new_badge=true
I 2022-05-23 23:54:41.822530 [FeatureManager] {Main} Feature changed: appear_offline=true
I 2022-05-23 23:54:41.822543 [FeatureManager] {Main} Feature changed: refresh_toast=true
I 2022-05-23 23:54:41.822557 [FeatureManager] {Main} Feature changed: app_feedback_dialog=true
I 2022-05-23 23:54:41.822573 [FeatureManager] {Main} Feature changed: browser_main_window=true
I 2022-05-23 23:54:41.822589 [FeatureManager] {Main} Feature changed: chat_giphy=true
I 2022-05-23 23:54:41.822603 [FeatureManager] {Main} Feature changed: content_ui=true
I 2022-05-23 23:54:41.822616 [FeatureManager] {Main} Feature changed: multichats=true
I 2022-05-23 23:54:41.823504 [FeatureManager] {Main} Feature changed: content_ui_web_view=true
I 2022-05-23 23:54:41.823537 [FeatureManager] {Main} Feature changed: first_time_experience=true
I 2022-05-23 23:54:41.823546 [FeatureManager] {Main} Feature changed: friends_list_popout=true
I 2022-05-23 23:54:41.823553 [FeatureManager] {Main} Feature changed: gift_inventory=true
I 2022-05-23 23:54:41.823561 [FeatureManager] {Main} Feature changed: refresh_friend_tooltip=true
I 2022-05-23 23:54:41.823567 [FeatureManager] {Main} Feature changed: global_legendary_promos=true
I 2022-05-23 23:54:41.823576 [FeatureManager] {Main} Feature changed: shop_wish_list=true
I 2022-05-23 23:54:41.823589 [FeatureManager] {Main} Feature changed: http_test=true tags=http_request_0
I 2022-05-23 23:54:41.823606 [FeatureManager] {Main} Feature changed: non_friend_whispers=true
I 2022-05-23 23:54:41.823614 [FeatureManager] {Main} Feature changed: notification_center=true
I 2022-05-23 23:54:41.823623 [FeatureManager] {Main} Feature changed: playscreen_migrate_cms=true
I 2022-05-23 23:54:41.823632 [FeatureManager] {Main} Feature changed: shared_container_installs=true
I 2022-05-23 23:54:41.823639 [FeatureManager] {Main} Feature changed: sc2_account_selection_dialog=true
I 2022-05-23 23:54:41.823645 [FeatureManager] {Main} Feature changed: suggested_facebook_friends=true
I 2022-05-23 23:54:41.823663 [FeatureManager] {Main} Feature changed: whisper_voice=true
I 2022-05-23 23:54:41.823674 [FeatureManager] {Main} Feature changed: battle.net_http_request_0_c6caed0e=true
D 2022-05-23 23:54:41.823841 [Configuration] {Main} Searching for config file: C:\Program Files (x86)\Battle.net\Battle.net.13500\Environments.yaml
D 2022-05-23 23:54:41.823923 [Configuration] {Main} Searching for config file: C:\Program Files (x86)\Battle.net\Environments.yaml
I 2022-05-23 23:54:41.823989 [EnvironmentManager] {Main} Login parameters changed: address=us.actual.battle.net:1119 region=US
D 2022-05-23 23:54:41.855753 [CatalogVarStorage] {Main} Setting var from catalog Browser.DisableSiteIsolation=true
D 2022-05-23 23:54:41.855807 [CatalogVarStorage] {Main} Setting var from catalog Client.AccountHintRequiredProgramIds=ANBS
D 2022-05-23 23:54:41.855828 [CatalogVarStorage] {Main} Setting var from catalog Client.ActivisionAutoAccountCreation.Games=ODIN,ZEUS,FORE,AUKS
D 2022-05-23 23:54:41.855846 [CatalogVarStorage] {Main} Setting var from catalog Client.Shop.SaleNotificationEnabled=false
D 2022-05-23 23:54:41.855865 [CatalogVarStorage] {Main} Setting var from catalog Client.OwlScreen.LiveCheckIntervalMS=300000
D 2022-05-23 23:54:41.855893 [CatalogVarStorage] {Main} Setting var from catalog Client.Announcements.MaximumAnnouncements=20
D 2022-05-23 23:54:41.855916 [CatalogVarStorage] {Main} Setting var from catalog Client.NewProfileWindowLayout=true
D 2022-05-23 23:54:41.855934 [CatalogVarStorage] {Main} Setting var from catalog Client.PromotedScreenVersion=3
D 2022-05-23 23:54:41.855953 [CatalogVarStorage] {Main} Setting var from catalog Client.Shop.SaleNotificationVersion=6
D 2022-05-23 23:54:41.855971 [CatalogVarStorage] {Main} Setting var from catalog Client.Version.BetaAccessOverride=enabled
I 2022-05-23 23:54:41.855989 [VersionManager] {Main} Beta Access: enabled
D 2022-05-23 23:54:41.856005 [CatalogVarStorage] {Main} Setting var from catalog Client.Version.BetaBranchOverride=beta
D 2022-05-23 23:54:41.856026 [CatalogVarStorage] {Main} Setting var from catalog Services.WhisperChannels.InactivityTimeoutMS=0
I 2022-05-23 23:54:41.862838 [CatalogLoader] {Main} *** LOAD COMPLETE default ***
I 2022-05-23 23:54:41.862884 [CatalogManager] {Main} Loaded initial catalog: hash=4c02b91f97ee50fb9a8461c47da4b1c2
I 2022-05-23 23:54:42.062431 [WebServer] {Backend:0} Listening on port 22885
D 2022-05-23 23:54:42.386390 [UI] {Main} Fixup allowed regions and locales. installedRegion=US allowedRegions= allowedLocales=
I 2022-05-23 23:54:42.387191 [ToastManager] {Main} Toasts are enabled in ClientSettings
D 2022-05-23 23:54:42.405623 [ProductState] {Main} Game product state created: uid=
D 2022-05-23 23:54:42.405723 [ProductState] {Main} InstallState (): currentOperation=Install currentOperationStatus=New
I 2022-05-23 23:54:42.426467 [Main] {Main} Application path is: C:\Program Files (x86)\Battle.net\Battle.net.exe
I 2022-05-23 23:54:42.556059 [ClientServiceAlertMonitor] {Main} Breaking News url has changed. url=https://nydus.battle.net/App/esES/client/App/alert?targetRegion=US
D 2022-05-23 23:54:42.556404 [RemoteContentCache] {Main} Found cached remote content. url=https://nydus.battle.net/App/esES/client/App/alert?targetRegion=US
I 2022-05-23 23:54:42.564549 [ClientServiceAlertMonitor] {Main} Maintenance url has changed. url=https://nydus.battle.net/App/esES/client/App/maintenance?targetRegion=US
D 2022-05-23 23:54:42.564806 [RemoteContentCache] {Main} Found cached remote content. url=https://nydus.battle.net/App/esES/client/App/maintenance?targetRegion=US
I 2022-05-23 23:54:42.570472 [Frontend] {Main} Public Computer state changed. is_public=false
D 2022-05-23 23:54:42.570559 [Frontend] {Main} Session id changed. session_id=10055633021176918513
D 2022-05-23 23:54:42.570754 [Frontend] {Main} Tracking info changed. client_id=1440039363.1625153260, user_agent=
I 2022-05-23 23:54:42.681793 [HighDpiManager] {Main} High dpi support available changed: 0
I 2022-05-23 23:54:42.681829 [Frontend] {Main} High dpi support: disabled
D 2022-05-23 23:54:42.688154 [Main] {WorkerPool:0} Checking permissions on path: C:\ProgramData\Battle.net\Setup depth=-1
D 2022-05-23 23:54:42.689784 [Main] {WorkerPool:0} Checking permissions on path: C:\ProgramData\Battle.net\Agent depth=1
D 2022-05-23 23:54:42.693496 [Main] {WorkerPool:0} Checking permissions on path: C:\ProgramData\Battle.net\Agent\Agent.7661 depth=1
D 2022-05-23 23:54:42.694461 [Main] {WorkerPool:0} Checking permissions on path: C:\ProgramData\Battle.net\Agent\Agent.7779 depth=1
D 2022-05-23 23:54:42.695107 [Main] {WorkerPool:0} Checking permissions on path: C:\ProgramData\Blizzard Entertainment depth=2
I 2022-05-23 23:54:43.007387 [FeatureManager] {Main} Feature changed: install_packages=true
I 2022-05-23 23:54:43.007468 [FeatureManager] {Main} Feature changed: modify_install=true
I 2022-05-23 23:54:43.008167 [Agent] {Main} AgentManager is now initialized
I 2022-05-23 23:54:43.008188 [InstallManager] {Main} Install manager is now initialized
D 2022-05-23 23:54:43.008202 [InstallManager] {Main} Selecting best game install data for game battle.net: savedUid=battle.net originalUid=<none> newUid=battle.net
D 2022-05-23 23:54:43.008237 [InstallInfo] {Main} InstallInfo agent association has been changed: uid=battle.net agentUid=battle.net
D 2022-05-23 23:54:43.008264 [InstallManager] {Main} Selecting best game install data for game odin: savedUid=odin originalUid=<none> newUid=odin
D 2022-05-23 23:54:43.008281 [InstallInfo] {Main} InstallInfo agent association has been changed: uid=odin agentUid=odin
D 2022-05-23 23:54:43.008326 [VersionManager] {Main} Branch change from Agent detected. activeBranch= branches={[0]=beta, [1]=cn, [2]=eu, [3]=kr, [4]=sg, [5]=tw, [6]=us}
D 2022-05-23 23:54:43.008349 [VersionManager] {Main} Beta branch is available: true
D 2022-05-23 23:54:43.008421 [ProductState] {Main} Game product state created: uid=odin
D 2022-05-23 23:54:43.008501 [ProductState] {Main} InstallState (odin): currentOperation=Update currentOperationStatus=New installed=1 optionalPackageInstalled=1 installPath=C:/Program Files (x86)/Call of Duty Modern Warfare canCreateShortcut=1 selectedRegion=us activeConfigKey=e5a715efe23d4f4dfbd919e511e633c7 regionalVersions=(eu: {playable:false config_key:be8faabca9deba0cc2decf211f7faa53}, kr: {playable:false config_key:be8faabca9deba0cc2decf211f7faa53}, us: {playable:false config_key:be8faabca9deba0cc2decf211f7faa53}) localVersion=1.39.2.9769220 latestVersion=1.15883e+07 progress=1
D 2022-05-23 23:54:43.008552 [Agent] {Main} Versioning is now enabled
D 2022-05-23 23:54:43.008589 [Agent] {Main} Triggering game versioning: battle.net
D 2022-05-23 23:54:43.008627 [Agent] {Main} Triggering game versioning: odin
D 2022-05-23 23:54:43.009067 [InstallManager] {Main} Sending a queued OnProcessPidsUpdated notification: agentUid=battle.net binaryType=game
D 2022-05-23 23:54:43.009104 [InstallManager] {Main} Sending a queued OnProcessRunning notification: agentUid=battle.net binaryType=game
I 2022-05-23 23:54:43.009127 [InstallManager] {Main} Setting Process Running: true uid=battle.net binaryType=game any=true
D 2022-05-23 23:54:43.009154 [InstallInfo] {Main} Operation status changed: opType=Execute oldStatus=Off newStatus=On agentUid=battle.net
I 2022-05-23 23:54:43.021565 [CatalogLoader] {Main} *** LOAD STARTED default: Context(LocalCAS: 4c02b91f97ee50fb9a8461c47da4b1c2 I) ***
I 2022-05-23 23:54:43.072330 [FeatureManager] {Main} Moving feature record from active to inactive: overwatch_league_tab
I 2022-05-23 23:54:43.072359 [FeatureManager] {Main} Moving feature record from active to inactive: blizzcon_tab
D 2022-05-23 23:54:43.092438 [CatalogVarStorage] {Main} Setting var from catalog Browser.DisableSiteIsolation=true
D 2022-05-23 23:54:43.092484 [CatalogVarStorage] {Main} Setting var from catalog Client.AccountHintRequiredProgramIds=ANBS
D 2022-05-23 23:54:43.092500 [CatalogVarStorage] {Main} Setting var from catalog Client.ActivisionAutoAccountCreation.Games=ODIN,ZEUS,FORE,AUKS
D 2022-05-23 23:54:43.092512 [CatalogVarStorage] {Main} Setting var from catalog Client.Shop.SaleNotificationEnabled=false
D 2022-05-23 23:54:43.092524 [CatalogVarStorage] {Main} Setting var from catalog Client.OwlScreen.LiveCheckIntervalMS=300000
D 2022-05-23 23:54:43.092556 [CatalogVarStorage] {Main} Setting var from catalog Client.Announcements.MaximumAnnouncements=20
D 2022-05-23 23:54:43.092575 [CatalogVarStorage] {Main} Setting var from catalog Client.NewProfileWindowLayout=true
D 2022-05-23 23:54:43.092586 [CatalogVarStorage] {Main} Setting var from catalog Client.PromotedScreenVersion=3
D 2022-05-23 23:54:43.092595 [CatalogVarStorage] {Main} Setting var from catalog Client.Shop.SaleNotificationVersion=6
D 2022-05-23 23:54:43.092623 [CatalogVarStorage] {Main} Setting var from catalog Client.Version.BetaAccessOverride=enabled
D 2022-05-23 23:54:43.092634 [CatalogVarStorage] {Main} Setting var from catalog Client.Version.BetaBranchOverride=beta
D 2022-05-23 23:54:43.092645 [CatalogVarStorage] {Main} Setting var from catalog Services.WhisperChannels.InactivityTimeoutMS=0
D 2022-05-23 23:54:43.092655 [CatalogVarStorage] {Main} Setting var from catalog Services.HTTPClient.ConnectionTimeoutMS=0
I 2022-05-23 23:54:43.098143 [CatalogLoader] {Main} *** LOAD COMPLETE default ***
I 2022-05-23 23:54:43.105281 [Registry] {Main} Failed to delete token from registry|error=ERROR_REGISTRY_OPEN_KEY_ERROR (12001)
I 2022-05-23 23:54:43.297935 [UnifiedAuth] {Main} UAuth: setting url: https://us.battle.net/login/es/logout?ref=https://us.battle.net/login/es/login.app?app=app reason: reset
D 2022-05-23 23:54:43.333165 [ClientServiceAlertMonitor] {Main} Service alert monitor force update requested
D 2022-05-23 23:54:43.333193 [ClientServiceAlertMonitor] {Main} Breaking News update requested
D 2022-05-23 23:54:43.333207 [ClientServiceAlertMonitor] {Main} Maintenance update requested
D 2022-05-23 23:54:43.550309 [InstallManager] {Main} Game finished versioning odin
I 2022-05-23 23:54:43.601997 [CacheManager] {Main} CacheManager is now initialized
I 2022-05-23 23:54:43.602036 [TactVersionWatcher] {Main} Fetched new tact metadata. productCode=catalogs region=us branch=PUB-29 version=2163 seq=228 buildConfig=89e08f268f5eaebfedcc4b019cced0ad
I 2022-05-23 23:54:43.624546 [DIAG_BuildConfig] {Main} no 'encoding' key in build configuration '89e08f268f5eaebfedcc4b019cced0ad', selecting plain-data mode
I 2022-05-23 23:54:43.624617 [CatalogLoader] {Main} *** LOAD STARTED default: Context(RemoteCAS: 625fe6c8e740617fb164d174766b4ed1|tpr/catalogs/data) ***
I 2022-05-23 23:54:43.885815 [FeatureManager] {Main} Feature changed: overwatch_trial_8df428bf=false
I 2022-05-23 23:54:43.885897 [FeatureManager] {Main} Removing inactive feature record: overwatch_trial_8df428bf
I 2022-05-23 23:54:43.885997 [FeatureManager] {Main} Feature changed: fore_enable_trial_2714e770=true
I 2022-05-23 23:54:43.886025 [FeatureManager] {Main} Feature changed: hearthstone_limited_starter_b2a441b7=true
D 2022-05-23 23:54:43.896561 [ProductManager] {Main} Product modified: ANBS ProductChangeFlags(starter_items)
D 2022-05-23 23:54:43.896688 [ProductManager] {Main} Product modified: D3 ProductChangeFlags(quick_links,starter_items)
D 2022-05-23 23:54:43.896713 [ProductManager] {Main} Product modified: D3CN ProductChangeFlags(quick_links)
D 2022-05-23 23:54:43.896731 [ProductManager] {Main} Product modified: D3X0 ProductChangeFlags(quick_links,starter_items)
D 2022-05-23 23:54:43.896745 [ProductManager] {Main} Product modified: D3X1 ProductChangeFlags(quick_links,starter_items)
D 2022-05-23 23:54:43.896762 [ProductManager] {Main} Product modified: FORE ProductChangeFlags(quick_links,starter_items)
D 2022-05-23 23:54:43.896778 [ProductManager] {Main} Product modified: GRY ProductChangeFlags(quick_links,starter_items)
D 2022-05-23 23:54:43.896798 [ProductManager] {Main} Product modified: Hero ProductChangeFlags(quick_links,starter_items)
D 2022-05-23 23:54:43.896814 [ProductManager] {Main} Product modified: LAZR ProductChangeFlags(quick_links,starter_items)
D 2022-05-23 23:54:43.896832 [ProductManager] {Main} Product modified: ODIN ProductChangeFlags(quick_links,starter_items)
D 2022-05-23 23:54:43.896856 [ProductManager] {Main} Product modified: ODIN_MW ProductChangeFlags(quick_links,starter_items)
D 2022-05-23 23:54:43.896870 [ProductManager] {Main} Product modified: OSI ProductChangeFlags(quick_links,starter_items)
D 2022-05-23 23:54:43.896885 [ProductManager] {Main} Product modified: Pro ProductChangeFlags(quick_links,starter_items)
D 2022-05-23 23:54:43.896901 [ProductManager] {Main} Product modified: RTRO ProductChangeFlags(quick_links,starter_items)
D 2022-05-23 23:54:43.896917 [ProductManager] {Main} Product modified: S1 ProductChangeFlags(quick_links,starter_items)
D 2022-05-23 23:54:43.896933 [ProductManager] {Main} Product modified: S2 ProductChangeFlags(quick_links,starter_items)
D 2022-05-23 23:54:43.896951 [ProductManager] {Main} Product modified: VIPR ProductChangeFlags(quick_links,starter_items)
D 2022-05-23 23:54:43.896968 [ProductManager] {Main} Product modified: W3 ProductChangeFlags(quick_links,starter_items)
D 2022-05-23 23:54:43.896984 [ProductManager] {Main} Product modified: WLBY ProductChangeFlags(quick_links,starter_items)
D 2022-05-23 23:54:43.897002 [ProductManager] {Main} Product modified: WTCG ProductChangeFlags(quick_links,starter_items)
D 2022-05-23 23:54:43.897018 [ProductManager] {Main} Product modified: WoW ProductChangeFlags(quick_links,starter_items)
D 2022-05-23 23:54:43.897035 [ProductManager] {Main} Product modified: WoWC ProductChangeFlags(starter_items)
D 2022-05-23 23:54:43.897054 [ProductManager] {Main} Product modified: WoWX2 ProductChangeFlags(quick_links,starter_items)
D 2022-05-23 23:54:43.897068 [ProductManager] {Main} Product modified: WoWX7 ProductChangeFlags(quick_links,starter_items)
D 2022-05-23 23:54:43.897082 [ProductManager] {Main} Product modified: WoWX8 ProductChangeFlags(quick_links,starter_items)
D 2022-05-23 23:54:43.897096 [ProductManager] {Main} Product modified: ZEUS ProductChangeFlags(quick_links,starter_items)
D 2022-05-23 23:54:43.897137 [ProductManager] {Main} Products updated
D 2022-05-23 23:54:43.898767 [ProductManager] {Main} Product modified: ANBS ProductChangeFlags(starter_items)
D 2022-05-23 23:54:43.898793 [ProductManager] {Main} Product modified: D3 ProductChangeFlags(quick_links,starter_items)
D 2022-05-23 23:54:43.898811 [ProductManager] {Main} Product modified: D3CN ProductChangeFlags(quick_links)
D 2022-05-23 23:54:43.898830 [ProductManager] {Main} Product modified: D3X0 ProductChangeFlags(quick_links,starter_items)
D 2022-05-23 23:54:43.898847 [ProductManager] {Main} Product modified: D3X1 ProductChangeFlags(quick_links,starter_items)
D 2022-05-23 23:54:43.898860 [ProductManager] {Main} Product modified: FORE ProductChangeFlags(quick_links,starter_items)
D 2022-05-23 23:54:43.898876 [ProductManager] {Main} Product modified: GRY ProductChangeFlags(quick_links,starter_items)
D 2022-05-23 23:54:43.898895 [ProductManager] {Main} Product modified: Hero ProductChangeFlags(quick_links,starter_items)
D 2022-05-23 23:54:43.898912 [ProductManager] {Main} Product modified: LAZR ProductChangeFlags(quick_links,starter_items)
D 2022-05-23 23:54:43.898928 [ProductManager] {Main} Product modified: ODIN ProductChangeFlags(quick_links,starter_items)
D 2022-05-23 23:54:43.898944 [ProductManager] {Main} Product modified: ODIN_MW ProductChangeFlags(quick_links,starter_items)
D 2022-05-23 23:54:43.898959 [ProductManager] {Main} Product modified: OSI ProductChangeFlags(quick_links,starter_items)
D 2022-05-23 23:54:43.898975 [ProductManager] {Main} Product modified: Pro ProductChangeFlags(quick_links,starter_items)
D 2022-05-23 23:54:43.898994 [ProductManager] {Main} Product modified: RTRO ProductChangeFlags(quick_links,starter_items)
D 2022-05-23 23:54:43.899014 [ProductManager] {Main} Product modified: S1 ProductChangeFlags(quick_links,starter_items)
D 2022-05-23 23:54:43.899031 [ProductManager] {Main} Product modified: S2 ProductChangeFlags(quick_links,starter_items)
D 2022-05-23 23:54:43.899050 [ProductManager] {Main} Product modified: VIPR ProductChangeFlags(quick_links,starter_items)
D 2022-05-23 23:54:43.899069 [ProductManager] {Main} Product modified: W3 ProductChangeFlags(quick_links,starter_items)
D 2022-05-23 23:54:43.899084 [ProductManager] {Main} Product modified: WLBY ProductChangeFlags(quick_links,starter_items)
D 2022-05-23 23:54:43.899101 [ProductManager] {Main} Product modified: WTCG ProductChangeFlags(quick_links,starter_items)
D 2022-05-23 23:54:43.899119 [ProductManager] {Main} Product modified: WoW ProductChangeFlags(quick_links,starter_items)
D 2022-05-23 23:54:43.899135 [ProductManager] {Main} Product modified: WoWC ProductChangeFlags(starter_items)
D 2022-05-23 23:54:43.899150 [ProductManager] {Main} Product modified: WoWX2 ProductChangeFlags(quick_links,starter_items)
D 2022-05-23 23:54:43.899166 [ProductManager] {Main} Product modified: WoWX7 ProductChangeFlags(quick_links,starter_items)
D 2022-05-23 23:54:43.899180 [ProductManager] {Main} Product modified: WoWX8 ProductChangeFlags(quick_links,starter_items)
D 2022-05-23 23:54:43.899201 [ProductManager] {Main} Product modified: ZEUS ProductChangeFlags(quick_links,starter_items)
D 2022-05-23 23:54:43.899244 [ProductManager] {Main} Products updated
D 2022-05-23 23:54:43.924853 [ProductManager] {Main} Product modified: ANBS ProductChangeFlags(install_background_v2)
D 2022-05-23 23:54:43.924895 [ProductManager] {Main} Product modified: FORE ProductChangeFlags(region_permission_flags,starter_items)
D 2022-05-23 23:54:43.924910 [ProductManager] {Main} Product modified: GRY ProductChangeFlags(quick_links)
D 2022-05-23 23:54:43.924926 [ProductManager] {Main} Product modified: Pro ProductChangeFlags(deprecated,region_permission_flags,starter_items)
D 2022-05-23 23:54:43.924941 [ProductManager] {Main} Product modified: WTCG ProductChangeFlags(starter_items,mobile_qr_code_text)
D 2022-05-23 23:54:43.924965 [ProductManager] {Main} Products updated
D 2022-05-23 23:54:43.925834 [CatalogVarStorage] {Main} Setting var from catalog Browser.DisableSiteIsolation=true
D 2022-05-23 23:54:43.925857 [CatalogVarStorage] {Main} Setting var from catalog Client.AccountHintRequiredProgramIds=ANBS
D 2022-05-23 23:54:43.925870 [CatalogVarStorage] {Main} Setting var from catalog Client.ActivisionAutoAccountCreation.Games=ODIN,ZEUS,FORE,AUKS
D 2022-05-23 23:54:43.925881 [CatalogVarStorage] {Main} Setting var from catalog Client.Shop.SaleNotificationEnabled=false
D 2022-05-23 23:54:43.925890 [CatalogVarStorage] {Main} Setting var from catalog Client.OwlScreen.LiveCheckIntervalMS=300000
D 2022-05-23 23:54:43.925908 [CatalogVarStorage] {Main} Setting var from catalog Client.Announcements.MaximumAnnouncements=20
D 2022-05-23 23:54:43.925921 [CatalogVarStorage] {Main} Setting var from catalog Client.NewProfileWindowLayout=true
D 2022-05-23 23:54:43.925929 [CatalogVarStorage] {Main} Setting var from catalog Client.PromotedScreenVersion=3
D 2022-05-23 23:54:43.925939 [CatalogVarStorage] {Main} Setting var from catalog Client.Shop.SaleNotificationVersion=6
D 2022-05-23 23:54:43.925950 [CatalogVarStorage] {Main} Setting var from catalog Client.Version.BetaAccessOverride=enabled
D 2022-05-23 23:54:43.925959 [CatalogVarStorage] {Main} Setting var from catalog Client.Version.BetaBranchOverride=beta
D 2022-05-23 23:54:43.925974 [CatalogVarStorage] {Main} Setting var from catalog Services.WhisperChannels.InactivityTimeoutMS=0
D 2022-05-23 23:54:43.925987 [CatalogVarStorage] {Main} Setting var from catalog Services.HTTPClient.ConnectionTimeoutMS=0
I 2022-05-23 23:54:43.934555 [CatalogLoader] {Main} *** LOAD COMPLETE default ***
I 2022-05-23 23:54:43.936064 [CatalogLoader] {Main} *** LOAD STARTED default: Context(RemoteCAS: 625fe6c8e740617fb164d174766b4ed1|tpr/catalogs/data) ***
D 2022-05-23 23:54:44.183734 [CatalogVarStorage] {Main} Setting var from catalog Browser.DisableSiteIsolation=true
D 2022-05-23 23:54:44.183791 [CatalogVarStorage] {Main} Setting var from catalog Client.AccountHintRequiredProgramIds=ANBS
D 2022-05-23 23:54:44.183816 [CatalogVarStorage] {Main} Setting var from catalog Client.ActivisionAutoAccountCreation.Games=ODIN,ZEUS,FORE,AUKS
D 2022-05-23 23:54:44.183834 [CatalogVarStorage] {Main} Setting var from catalog Client.Shop.SaleNotificationEnabled=false
D 2022-05-23 23:54:44.183854 [CatalogVarStorage] {Main} Setting var from catalog Client.OwlScreen.LiveCheckIntervalMS=300000
D 2022-05-23 23:54:44.183889 [CatalogVarStorage] {Main} Setting var from catalog Client.Announcements.MaximumAnnouncements=20
D 2022-05-23 23:54:44.183911 [CatalogVarStorage] {Main} Setting var from catalog Client.NewProfileWindowLayout=true
D 2022-05-23 23:54:44.183930 [CatalogVarStorage] {Main} Setting var from catalog Client.PromotedScreenVersion=3
D 2022-05-23 23:54:44.183948 [CatalogVarStorage] {Main} Setting var from catalog Client.Shop.SaleNotificationVersion=6
D 2022-05-23 23:54:44.183967 [CatalogVarStorage] {Main} Setting var from catalog Client.Version.BetaAccessOverride=enabled
D 2022-05-23 23:54:44.183984 [CatalogVarStorage] {Main} Setting var from catalog Client.Version.BetaBranchOverride=beta
D 2022-05-23 23:54:44.184005 [CatalogVarStorage] {Main} Setting var from catalog Services.WhisperChannels.InactivityTimeoutMS=0
D 2022-05-23 23:54:44.184031 [CatalogVarStorage] {Main} Setting var from catalog Services.HTTPClient.ConnectionTimeoutMS=0
I 2022-05-23 23:54:44.189143 [CatalogLoader] {Main} *** LOAD COMPLETE default ***
D 2022-05-23 23:54:45.334708 [InstallManager] {Main} Game finished versioning battle.net
D 2022-05-23 23:54:45.861570 [UnifiedAuth] {} UAuth: browser state changed: Login
D 2022-05-23 23:54:45.876263 [UnifiedAuth] {Main} UAuth: begin loading: https://us.battle.net/login/es/login.app?app=app
D 2022-05-23 23:54:45.876303 [UnifiedAuth] {Main} UAuth: set size from headers: 344x226 popup=0
I 2022-05-23 23:54:46.304276 [GameSessionList] {Agent} Reporting process: TrackingInfo(uid=battle.net, type=game, opStatus=On, reqId=0, running=4, oldRunning=1)
I 2022-05-23 23:54:46.305393 [InstallManager] {Main} Setting Process Running: true uid=battle.net binaryType=game any=true
D 2022-05-23 23:54:46.962763 [UnifiedAuth] {Main} UAuth: finished loading. statusCode=200 state=Login
D 2022-05-23 23:54:53.646989 [GameController] {Main} Shutting down GameController
D 2022-05-23 23:54:53.647113 [Main] {Main} Shutting down GameLaunchController
I 2022-05-23 23:54:53.647204 [GameController] {Main} Deleting GameFamily: , # of game accounts:0
D 2022-05-23 23:54:53.647319 [ProductState] {Main} Game product state destroyed: uid=odin
D 2022-05-23 23:54:53.647350 [ProductState] {Main} Game product state destroyed: uid=
I 2022-05-23 23:54:53.647746 [ToastManager] {Main} Clearing toast queue
D 2022-05-23 23:54:55.222315 [Main] {Main} Shutting down Backend
D 2022-05-23 23:54:55.222354 [Main] {Main} Closing IPC Service
D 2022-05-23 23:54:55.222361 [CommandQueue] {Main} IPCService is shutting down
D 2022-05-23 23:54:55.222492 [Main] {Main} Shutting down account manager
D 2022-05-23 23:54:55.222520 [Main] {Main} Shutting down CacheManager
D 2022-05-23 23:54:55.222527 [Main] {Main} Shutting down analytics processor
D 2022-05-23 23:54:55.222795 [Main] {Main} Shutting down worker pool
D 2022-05-23 23:54:55.223418 [Main] {Main} Shutting down backend processor
D 2022-05-23 23:54:55.225873 [Main] {Main} Shutting down data cache
D 2022-05-23 23:54:55.226037 [Main] {Main} Shutting down catalog manager
D 2022-05-23 23:54:55.226483 [Main] {Main} Shutting down environment manager
D 2022-05-23 23:54:55.226509 [Main] {Main} Shutting down battle.net api gateway
D 2022-05-23 23:54:55.226515 [Main] {Main} Shutting down suggested friends service
D 2022-05-23 23:54:55.226524 [Main] {Main} Shutting down voice service
D 2022-05-23 23:54:55.226528 [Main] {Main} Shutting down remote content manager
D 2022-05-23 23:54:55.226533 [Main] {Main} Shutting down analytics session
D 2022-05-23 23:54:55.226538 [Main] {Main} Shutting down agent manager
D 2022-05-23 23:54:55.226545 [Agent] {Main} PolicyHandler Thread STOPPING
D 2022-05-23 23:54:55.226585 [Agent] {Agent} PolicyHandlerThreadProc: The rest is silence.
D 2022-05-23 23:54:55.226920 [Agent] {Main} PolicyHandler Thread STOPPED
D 2022-05-23 23:54:55.228016 [Agent] {Main} Communicated shutdown to Agent
D 2022-05-23 23:54:55.228134 [Main] {Main} Shutting down game provider
D 2022-05-23 23:54:55.228150 [Main] {Main} Shutting down battle.net interface
D 2022-05-23 23:54:55.228432 [Main] {Main} Shutting down callback queue
D 2022-05-23 23:54:55.228463 [WebServer] {Main} Shutting down WebServerImpl
D 2022-05-23 23:54:55.228697 [WebServer] {Main} WebServerImpl is stopped
D 2022-05-23 23:54:55.344164 [DIAG_BNL_Voice] {Main} {30fc} debug: Notification client reference removed: 0
