D 2022-05-18 21:57:26.238977 [Main] {Main} Removing old/extra log file: battle.net-20220504T191135.783275.log
D 2022-05-18 21:57:26.239199 [Main] {Main} Removing old/extra log file: libcef-20220504T191140.657443.log
I 2022-05-18 21:57:26.239425 [Main] {Main} Logging started for Battle.net build 2.12.1.13458
I 2022-05-18 21:57:26.239732 [Configuration] {Main} SharedConfigRoot: C:\ProgramData\Battle.net
I 2022-05-18 21:57:26.240034 [Configuration] {Main} RoamingConfigRoot: C:\Users\sdean\AppData\Roaming\Battle.net
I 2022-05-18 21:57:26.240050 [Configuration] {Main} LocalConfigRoot: C:\Users\sdean\AppData\Local\Battle.net
D 2022-05-18 21:57:26.240333 [Configuration] {Main} Searching for config file: C:\Program Files (x86)\Battle.net\Battle.net.13458\Battle.net.config
D 2022-05-18 21:57:26.240381 [Configuration] {Main} Searching for config file: C:\Program Files (x86)\Battle.net\Battle.net.config
D 2022-05-18 21:57:26.244672 [Configuration] {Main} User Configuration File: C:\Users\sdean\AppData\Roaming\Battle.net\Battle.net.config
I 2022-05-18 21:57:26.246977 [Main] {Main} Command line arguments: {[0]=--autostarted}
I 2022-05-18 21:57:26.249893 [Main] {Main} Opening IPC shared memory. queueName=User:sdean:Battle.net IPC ShMem mode=server
I 2022-05-18 21:57:26.332060 [Frontend] {Main} Supplying list of renderers: d3d11,warp,desktop
I 2022-05-18 21:57:26.707139 [LocalizationData] {Main} 21 language(s) loaded from languages.xml, default=enUS
D 2022-05-18 21:57:27.070026 [Main] {Main} Adding application font: resources/fonts/BlizzardReg.ttf
D 2022-05-18 21:57:27.074840 [Main] {Main} Adding application font: resources/fonts/BlizzardLig.ttf
D 2022-05-18 21:57:27.077096 [Main] {Main} Adding application font: resources/fonts/BlizzardBol.ttf
D 2022-05-18 21:57:27.079538 [Main] {Main} Adding application font: resources/fonts/NotoSans-Bold.ttf
D 2022-05-18 21:57:27.087407 [Main] {Main} Adding application font: resources/fonts/NotoSans-BoldItalic.ttf
D 2022-05-18 21:57:27.094887 [Main] {Main} Adding application font: resources/fonts/NotoSans-Italic.ttf
D 2022-05-18 21:57:27.102732 [Main] {Main} Adding application font: resources/fonts/NotoSans-Regular.ttf
D 2022-05-18 21:57:27.110370 [Main] {Main} Adding application font: resources/fonts/ObjectSans-Bold.ttf
D 2022-05-18 21:57:27.112960 [Main] {Main} Adding application font: resources/fonts/ObjectSans-Medium.ttf
D 2022-05-18 21:57:28.649329 [Main] {Main} Setting font to: Blizzard
I 2022-05-18 21:57:28.650107 [CacheManager] {Main} Local storage cache at: C:\Users\sdean\AppData\Local\Battle.net\Cache
I 2022-05-18 21:57:28.657106 [Main] {Main} Opened database at: C:\Users\sdean\AppData\Local\Battle.net\CachedData.db
D 2022-05-18 21:57:28.658673 [Agent] {Agent} PolicyHandlerThreadProc: I shall in all my best obey you.
D 2022-05-18 21:57:28.658742 [Agent] {Main} PolicyHandler Thread STARTED
I 2022-05-18 21:57:28.774855 [DIAG_BNL_Voice] {Main} Audio device monitor using already-initialized COM
I 2022-05-18 21:57:28.776520 [VoiceSessionBroker] {Main} Global voice is on
I 2022-05-18 21:57:28.776897 [Main] {Main} Execution environment changed. environment=EE_STANDARD
I 2022-05-18 21:57:28.777604 [CatalogManager] {Main} Loaded catalog hash from the database cache. hash=3ec9ee5b1179fdfe0ef896c317858c69
I 2022-05-18 21:57:28.778922 [CatalogManager] {Main} Built-in catalog hash (catalog/digesthash.txt): c319a16fec5b30d46e019fdbb76bc472
I 2022-05-18 21:57:28.779097 [CatalogManager] {Main} Built-in catalog hash (catalog/signaturehash.txt): b867c010407867bec877fedcc415a332
I 2022-05-18 21:57:28.779151 [CatalogLoader] {Main} *** LOAD STARTED default: Context(LocalCAS: 3ec9ee5b1179fdfe0ef896c317858c69 I) ***
E 2022-05-18 21:57:28.854824 [CatalogLoader] {Main} Fetch result for 8ccae4e454e5b63a2d276013ba47d69c failed with: 10
W 2022-05-18 21:57:28.854868 [CatalogLoader] {Main} LoadedFragmentData state change. id=auks_auks state=DoneWithError
W 2022-05-18 21:57:28.854882 [CatalogLoader] {Main} LoadedFragmentData state change. id=default state=DoneWithError
E 2022-05-18 21:57:28.854891 [CatalogLoader] {Main} An error occurred loading from fragment: default err=105
E 2022-05-18 21:57:28.856376 [CatalogLoader] {Main} *** LOAD FAILED default: 105 ***
E 2022-05-18 21:57:29.022150 [CatalogLoader] {Main} Fetch result for 94e9911c1d2df8fad2a5bc7f3563f0f3 failed with: 10
W 2022-05-18 21:57:29.022181 [CatalogLoader] {Main} LoadedFragmentData state change. id=fenris_fenris state=DoneWithError
I 2022-05-18 21:57:29.726209 [Agent] {Agent} Agent Version is now: 2.27.0.7779 (retail)
I 2022-05-18 21:57:29.728142 [GameSessionList] {Agent} Reporting process: TrackingInfo(uid=battle.net, type=game, opStatus=On, reqId=0, running=1, oldRunning=0)
D 2022-05-18 21:57:29.729993 [Agent] {Agent} GameResource created for uid: agent
D 2022-05-18 21:57:29.730044 [Agent] {Agent} GameResource created for uid: battle.net
D 2022-05-18 21:57:29.730066 [Agent] {Agent} GameResource created for uid: odin
W 2022-05-18 21:57:30.140987 [CatalogManager] {Main} Failed to load initial catalog: hash=3ec9ee5b1179fdfe0ef896c317858c69 result=105
I 2022-05-18 21:57:30.144319 [CatalogLoader] {Main} *** LOAD STARTED default: Context(LocalCAS: c319a16fec5b30d46e019fdbb76bc472 I) ***
I 2022-05-18 21:57:30.305102 [CatalogLoader] {Main} Removing stale fragment: auks_auks
I 2022-05-18 21:57:30.305143 [CatalogLoader] {Main} Removing stale fragment: fenris_fenris
I 2022-05-18 21:57:30.305171 [CatalogLoader] {Main} Removing stale fragment: gryphon
I 2022-05-18 21:57:30.305252 [CatalogLoader] {Main} Removing stale fragment: gryphon_mobile
I 2022-05-18 21:57:30.305269 [CatalogLoader] {Main} Removing stale fragment: gryphon_disable
I 2022-05-18 21:57:30.305283 [CatalogLoader] {Main} Removing stale fragment: hearthstone_limited_starter
W 2022-05-18 21:57:30.305547 [FeatureManager] {Main} Feature 'battle.net_http_request_0_c6caed0e' depends on missing feature 'http_test'
E 2022-05-18 21:57:30.305562 [FeatureManager] {Main} Feature 'battle.net_http_request_0_c6caed0e' has dependency errors and will not respond to dependency changes
I 2022-05-18 21:57:30.305601 [FeatureManager] {Main} Moving feature record from active to inactive: whisper_voice
I 2022-05-18 21:57:30.305612 [FeatureManager] {Main} Moving feature record from active to inactive: trace_route
I 2022-05-18 21:57:30.305646 [FeatureManager] {Main} Moving feature record from active to inactive: mapped_urls
I 2022-05-18 21:57:30.305661 [FeatureManager] {Main} Feature changed: fore_limited_alpha_f6824657=true
I 2022-05-18 21:57:30.305685 [FeatureManager] {Main} Feature changed: fore_buy_now_fore_fef83a73=true
I 2022-05-18 21:57:30.305701 [FeatureManager] {Main} Feature changed: zeus_refresh_without_license_b63211e4=true
I 2022-05-18 21:57:30.305717 [FeatureManager] {Main} Feature changed: hearthstone_limited_event_57b4aca6=true
I 2022-05-18 21:57:30.305731 [FeatureManager] {Main} Feature changed: lazarus_show_on_beta_5bbf784c=true
I 2022-05-18 21:57:30.305751 [FeatureManager] {Main} Feature changed: odin_deprecate_event_21bf1dc9=true
I 2022-05-18 21:57:30.305761 [FeatureManager] {Main} Feature changed: odin_show_on_beta_5bbf784c=true
I 2022-05-18 21:57:30.305773 [FeatureManager] {Main} Feature changed: odin_upgrade_from_odin_fef83a73=true
I 2022-05-18 21:57:30.305783 [FeatureManager] {Main} Feature changed: osi_limited_install_773b93da=true
I 2022-05-18 21:57:30.305795 [FeatureManager] {Main} Feature changed: osi_limited_product_d9fa6516=true
I 2022-05-18 21:57:30.305815 [FeatureManager] {Main} Feature changed: overwatch_trial_8df428bf=true
I 2022-05-18 21:57:30.305828 [FeatureManager] {Main} Feature changed: viper_show_on_beta_5bbf784c=true
I 2022-05-18 21:57:30.305839 [FeatureManager] {Main} Feature changed: warcraft_iii_upgrade_05e4b09b=true
I 2022-05-18 21:57:30.305849 [FeatureManager] {Main} Feature changed: wlby_show_on_beta_5bbf784c=true
I 2022-05-18 21:57:30.305866 [FeatureManager] {Main} Feature changed: zeus_show_on_beta_5bbf784c=true
I 2022-05-18 21:57:30.322850 [FeatureManager] {Main} Feature changed: cts_takeovers=true
I 2022-05-18 21:57:30.322878 [FeatureManager] {Main} Feature changed: clear_chat_history=true
I 2022-05-18 21:57:30.322886 [FeatureManager] {Main} Feature changed: mentions=true
I 2022-05-18 21:57:30.322900 [FeatureManager] {Main} Feature changed: shop_wish_list=true
I 2022-05-18 21:57:30.322913 [FeatureManager] {Main} Feature changed: activision_auto_account_creation=true
I 2022-05-18 21:57:30.322920 [FeatureManager] {Main} Feature changed: suggested_group_members=true
I 2022-05-18 21:57:30.322928 [FeatureManager] {Main} Feature changed: friend_request_management=true
I 2022-05-18 21:57:30.322935 [FeatureManager] {Main} Feature changed: link_previews=true
I 2022-05-18 21:57:30.322943 [FeatureManager] {Main} Feature changed: sms_protect_requirements=true
I 2022-05-18 21:57:30.322952 [FeatureManager] {Main} Feature changed: social_tab=true
I 2022-05-18 21:57:30.322959 [FeatureManager] {Main} Feature changed: auto_update_optimization=true
I 2022-05-18 21:57:30.322966 [FeatureManager] {Main} Feature changed: embedded_web_view=true
I 2022-05-18 21:57:30.322974 [FeatureManager] {Main} Feature changed: collapsible_social_panel=true
I 2022-05-18 21:57:30.322982 [FeatureManager] {Main} Feature changed: blizzard_profiles=true
I 2022-05-18 21:57:30.322993 [FeatureManager] {Main} Feature changed: group_privacy_settings=true
I 2022-05-18 21:57:30.323002 [FeatureManager] {Main} Feature changed: cn_age_alert=true
I 2022-05-18 21:57:30.323011 [FeatureManager] {Main} Feature changed: all_games_v2=true
I 2022-05-18 21:57:30.323017 [FeatureManager] {Main} Feature changed: all_games_new_badge=true
I 2022-05-18 21:57:30.323025 [FeatureManager] {Main} Feature changed: appear_offline=true
I 2022-05-18 21:57:30.323033 [FeatureManager] {Main} Feature changed: refresh_toast=true
I 2022-05-18 21:57:30.323041 [FeatureManager] {Main} Feature changed: app_feedback_dialog=true
I 2022-05-18 21:57:30.323054 [FeatureManager] {Main} Feature changed: browser_main_window=true
I 2022-05-18 21:57:30.323064 [FeatureManager] {Main} Feature changed: chat_giphy=true
I 2022-05-18 21:57:30.323075 [FeatureManager] {Main} Feature changed: content_ui=true
I 2022-05-18 21:57:30.323083 [FeatureManager] {Main} Feature changed: multichats=true
I 2022-05-18 21:57:30.323476 [FeatureManager] {Main} Feature changed: content_ui_web_view=true
I 2022-05-18 21:57:30.323491 [FeatureManager] {Main} Feature changed: first_time_experience=true
I 2022-05-18 21:57:30.323497 [FeatureManager] {Main} Feature changed: friends_list_popout=true
I 2022-05-18 21:57:30.323501 [FeatureManager] {Main} Feature changed: gift_inventory=true
I 2022-05-18 21:57:30.323505 [FeatureManager] {Main} Feature changed: global_legendary_promos=true
I 2022-05-18 21:57:30.323509 [FeatureManager] {Main} Feature changed: refresh_friend_tooltip=true
I 2022-05-18 21:57:30.323517 [FeatureManager] {Main} Feature changed: http_test=true tags=http_request_0
I 2022-05-18 21:57:30.323524 [FeatureManager] {Main} Feature changed: non_friend_whispers=true
I 2022-05-18 21:57:30.323530 [FeatureManager] {Main} Feature changed: notification_center=true
I 2022-05-18 21:57:30.323540 [FeatureManager] {Main} Feature changed: playscreen_migrate_cms=true
I 2022-05-18 21:57:30.323544 [FeatureManager] {Main} Feature changed: shared_container_installs=true
I 2022-05-18 21:57:30.323551 [FeatureManager] {Main} Feature changed: sc2_account_selection_dialog=true
I 2022-05-18 21:57:30.323556 [FeatureManager] {Main} Feature changed: suggested_facebook_friends=true
I 2022-05-18 21:57:30.323564 [FeatureManager] {Main} Feature changed: whisper_voice=true
I 2022-05-18 21:57:30.323571 [FeatureManager] {Main} Feature changed: battle.net_http_request_0_c6caed0e=true
D 2022-05-18 21:57:30.323672 [Configuration] {Main} Searching for config file: C:\Program Files (x86)\Battle.net\Battle.net.13458\Environments.yaml
D 2022-05-18 21:57:30.323725 [Configuration] {Main} Searching for config file: C:\Program Files (x86)\Battle.net\Environments.yaml
I 2022-05-18 21:57:30.323754 [EnvironmentManager] {Main} Login parameters changed: address=us.actual.battle.net:1119 region=US
D 2022-05-18 21:57:30.338684 [CatalogVarStorage] {Main} Setting var from catalog Browser.DisableSiteIsolation=true
D 2022-05-18 21:57:30.338712 [CatalogVarStorage] {Main} Setting var from catalog Client.AccountHintRequiredProgramIds=ANBS
D 2022-05-18 21:57:30.338720 [CatalogVarStorage] {Main} Setting var from catalog Client.ActivisionAutoAccountCreation.Games=ODIN,ZEUS,FORE,AUKS
D 2022-05-18 21:57:30.338727 [CatalogVarStorage] {Main} Setting var from catalog Client.Shop.SaleNotificationEnabled=false
D 2022-05-18 21:57:30.338733 [CatalogVarStorage] {Main} Setting var from catalog Client.OwlScreen.LiveCheckIntervalMS=300000
D 2022-05-18 21:57:30.338747 [CatalogVarStorage] {Main} Setting var from catalog Client.Announcements.MaximumAnnouncements=20
D 2022-05-18 21:57:30.338758 [CatalogVarStorage] {Main} Setting var from catalog Client.NewProfileWindowLayout=true
D 2022-05-18 21:57:30.338767 [CatalogVarStorage] {Main} Setting var from catalog Client.PromotedScreenVersion=3
D 2022-05-18 21:57:30.338773 [CatalogVarStorage] {Main} Setting var from catalog Client.Shop.SaleNotificationVersion=6
D 2022-05-18 21:57:30.338780 [CatalogVarStorage] {Main} Setting var from catalog Client.Version.BetaAccessOverride=enabled
I 2022-05-18 21:57:30.338786 [VersionManager] {Main} Beta Access: enabled
D 2022-05-18 21:57:30.338794 [CatalogVarStorage] {Main} Setting var from catalog Client.Version.BetaBranchOverride=beta
D 2022-05-18 21:57:30.338802 [CatalogVarStorage] {Main} Setting var from catalog Services.WhisperChannels.InactivityTimeoutMS=0
I 2022-05-18 21:57:30.345433 [CatalogLoader] {Main} *** LOAD COMPLETE default ***
I 2022-05-18 21:57:30.345478 [CatalogManager] {Main} Loaded initial catalog: hash=c319a16fec5b30d46e019fdbb76bc472
I 2022-05-18 21:57:30.466334 [WebServer] {Backend:0} Listening on port 22885
I 2022-05-18 21:57:30.660982 [Main] {Main} Attempting to fetch WidevineCDM: 1
D 2022-05-18 21:57:30.667833 [UI] {Main} Fixup allowed regions and locales. installedRegion=US allowedRegions= allowedLocales=
I 2022-05-18 21:57:30.668086 [ToastManager] {Main} Toasts are enabled in ClientSettings
D 2022-05-18 21:57:30.673187 [ProductState] {Main} Game product state created: uid=
D 2022-05-18 21:57:30.673228 [ProductState] {Main} InstallState (): currentOperation=Install currentOperationStatus=New
I 2022-05-18 21:57:30.685320 [Main] {Main} Application path is: C:\Program Files (x86)\Battle.net\Battle.net.exe
I 2022-05-18 21:57:30.751567 [ClientServiceAlertMonitor] {Main} Breaking News url has changed. url=https://nydus.battle.net/App/esES/client/App/alert?targetRegion=US
D 2022-05-18 21:57:30.751786 [RemoteContentCache] {Main} Found cached remote content. url=https://nydus.battle.net/App/esES/client/App/alert?targetRegion=US
I 2022-05-18 21:57:30.755420 [ClientServiceAlertMonitor] {Main} Maintenance url has changed. url=https://nydus.battle.net/App/esES/client/App/maintenance?targetRegion=US
D 2022-05-18 21:57:30.755655 [RemoteContentCache] {Main} Found cached remote content. url=https://nydus.battle.net/App/esES/client/App/maintenance?targetRegion=US
I 2022-05-18 21:57:30.758346 [Frontend] {Main} Public Computer state changed. is_public=false
D 2022-05-18 21:57:30.758381 [Frontend] {Main} Session id changed. session_id=9334019247195957024
D 2022-05-18 21:57:30.758473 [Frontend] {Main} Tracking info changed. client_id=1440039363.1625153260, user_agent=
I 2022-05-18 21:57:30.791247 [HighDpiManager] {Main} High dpi support available changed: 0
I 2022-05-18 21:57:30.791274 [Frontend] {Main} High dpi support: disabled
D 2022-05-18 21:57:30.791949 [Main] {WorkerPool:0} Checking permissions on path: C:\ProgramData\Battle.net\Setup depth=-1
D 2022-05-18 21:57:30.792715 [Main] {WorkerPool:0} Checking permissions on path: C:\ProgramData\Battle.net\Agent depth=1
D 2022-05-18 21:57:30.794401 [Main] {WorkerPool:0} Checking permissions on path: C:\ProgramData\Battle.net\Agent\Agent.7661 depth=1
D 2022-05-18 21:57:30.795070 [Main] {WorkerPool:0} Checking permissions on path: C:\ProgramData\Battle.net\Agent\Agent.7779 depth=1
D 2022-05-18 21:57:30.795620 [Main] {WorkerPool:0} Checking permissions on path: C:\ProgramData\Blizzard Entertainment depth=2
I 2022-05-18 21:57:30.907410 [FeatureManager] {Main} Feature changed: install_packages=true
I 2022-05-18 21:57:30.907448 [FeatureManager] {Main} Feature changed: modify_install=true
I 2022-05-18 21:57:30.907713 [Agent] {Main} AgentManager is now initialized
I 2022-05-18 21:57:30.907727 [InstallManager] {Main} Install manager is now initialized
D 2022-05-18 21:57:30.907743 [InstallManager] {Main} Selecting best game install data for game battle.net: savedUid=battle.net originalUid=<none> newUid=battle.net
D 2022-05-18 21:57:30.907765 [InstallInfo] {Main} InstallInfo agent association has been changed: uid=battle.net agentUid=battle.net
D 2022-05-18 21:57:30.907786 [InstallManager] {Main} Selecting best game install data for game odin: savedUid=odin originalUid=<none> newUid=odin
D 2022-05-18 21:57:30.907795 [InstallInfo] {Main} InstallInfo agent association has been changed: uid=odin agentUid=odin
D 2022-05-18 21:57:30.907848 [ProductState] {Main} Game product state created: uid=odin
D 2022-05-18 21:57:30.907897 [ProductState] {Main} InstallState (odin): currentOperation=Update currentOperationStatus=New installed=1 optionalPackageInstalled=1 installPath=C:/Program Files (x86)/Call of Duty Modern Warfare canCreateShortcut=1 selectedRegion=us activeConfigKey=e5a715efe23d4f4dfbd919e511e633c7 regionalVersions=(eu: {playable:false config_key:6a25d5d105beed705cc47b6de642d738}, kr: {playable:false config_key:6a25d5d105beed705cc47b6de642d738}, us: {playable:false config_key:6a25d5d105beed705cc47b6de642d738}) localVersion=1.39.2.9769220 latestVersion=1.15586e+07 progress=1
D 2022-05-18 21:57:30.907922 [Agent] {Main} Versioning is now enabled
D 2022-05-18 21:57:30.907940 [Agent] {Main} Triggering game versioning: battle.net
D 2022-05-18 21:57:30.907960 [Agent] {Main} Triggering game versioning: odin
D 2022-05-18 21:57:30.908355 [InstallManager] {Main} Sending a queued OnProcessPidsUpdated notification: agentUid=battle.net binaryType=game
D 2022-05-18 21:57:30.908379 [InstallManager] {Main} Sending a queued OnProcessRunning notification: agentUid=battle.net binaryType=game
I 2022-05-18 21:57:30.908390 [InstallManager] {Main} Setting Process Running: true uid=battle.net binaryType=game any=true
D 2022-05-18 21:57:30.908413 [InstallInfo] {Main} Operation status changed: opType=Execute oldStatus=Off newStatus=On agentUid=battle.net
I 2022-05-18 21:57:30.908450 [InstallManager] {Main} Starting [Auto] UPDATE operation for "battle.net".
D 2022-05-18 21:57:30.908460 [InstallInfo] {Main} Operation status changed: opType=Update oldStatus=Off newStatus=On agentUid=battle.net
I 2022-05-18 21:57:30.918043 [CatalogLoader] {Main} *** LOAD STARTED default: Context(LocalCAS: c319a16fec5b30d46e019fdbb76bc472 I) ***
I 2022-05-18 21:57:30.952157 [FeatureManager] {Main} Moving feature record from active to inactive: overwatch_league_tab
I 2022-05-18 21:57:30.952187 [FeatureManager] {Main} Moving feature record from active to inactive: blizzcon_tab
D 2022-05-18 21:57:30.967861 [CatalogVarStorage] {Main} Setting var from catalog Browser.DisableSiteIsolation=true
D 2022-05-18 21:57:30.967894 [CatalogVarStorage] {Main} Setting var from catalog Client.AccountHintRequiredProgramIds=ANBS
D 2022-05-18 21:57:30.967904 [CatalogVarStorage] {Main} Setting var from catalog Client.ActivisionAutoAccountCreation.Games=ODIN,ZEUS,FORE,AUKS
D 2022-05-18 21:57:30.967913 [CatalogVarStorage] {Main} Setting var from catalog Client.Shop.SaleNotificationEnabled=false
D 2022-05-18 21:57:30.967922 [CatalogVarStorage] {Main} Setting var from catalog Client.OwlScreen.LiveCheckIntervalMS=300000
D 2022-05-18 21:57:30.967939 [CatalogVarStorage] {Main} Setting var from catalog Client.Announcements.MaximumAnnouncements=20
D 2022-05-18 21:57:30.967948 [CatalogVarStorage] {Main} Setting var from catalog Client.NewProfileWindowLayout=true
D 2022-05-18 21:57:30.967956 [CatalogVarStorage] {Main} Setting var from catalog Client.PromotedScreenVersion=3
D 2022-05-18 21:57:30.967963 [CatalogVarStorage] {Main} Setting var from catalog Client.Shop.SaleNotificationVersion=6
D 2022-05-18 21:57:30.967972 [CatalogVarStorage] {Main} Setting var from catalog Client.Version.BetaAccessOverride=enabled
D 2022-05-18 21:57:30.967979 [CatalogVarStorage] {Main} Setting var from catalog Client.Version.BetaBranchOverride=beta
D 2022-05-18 21:57:30.967988 [CatalogVarStorage] {Main} Setting var from catalog Services.WhisperChannels.InactivityTimeoutMS=0
D 2022-05-18 21:57:30.968000 [CatalogVarStorage] {Main} Setting var from catalog Services.HTTPClient.ConnectionTimeoutMS=0
I 2022-05-18 21:57:30.971683 [CatalogLoader] {Main} *** LOAD COMPLETE default ***
I 2022-05-18 21:57:30.978574 [Registry] {Main} Failed to delete token from registry|error=ERROR_REGISTRY_OPEN_KEY_ERROR (12001)
I 2022-05-18 21:57:31.098244 [UnifiedAuth] {Main} UAuth: setting url: https://us.battle.net/login/es/logout?ref=https://us.battle.net/login/es/login.app?app=app reason: reset
D 2022-05-18 21:57:31.120060 [ClientServiceAlertMonitor] {Main} Service alert monitor force update requested
D 2022-05-18 21:57:31.120083 [ClientServiceAlertMonitor] {Main} Breaking News update requested
D 2022-05-18 21:57:31.120091 [ClientServiceAlertMonitor] {Main} Maintenance update requested
D 2022-05-18 21:57:31.327588 [InstallManager] {Main} Game finished versioning odin
I 2022-05-18 21:57:31.328830 [Main] {Main} Cached WidevineCDM is up-to-date: 4.10.2449.0
I 2022-05-18 21:57:31.519109 [CacheManager] {Main} CacheManager is now initialized
I 2022-05-18 21:57:31.519147 [TactVersionWatcher] {Main} Fetched new tact metadata. productCode=catalogs region=us branch=PUB-29 version=2158 seq=227 buildConfig=a663c640fc07bd4333cd3a7a18b48bcc
I 2022-05-18 21:57:31.629045 [DIAG_BuildConfig] {Main} no 'encoding' key in build configuration 'a663c640fc07bd4333cd3a7a18b48bcc', selecting plain-data mode
I 2022-05-18 21:57:31.629076 [CatalogLoader] {Main} *** LOAD STARTED default: Context(RemoteCAS: c1176269e6881a771917af31a991ebc6|tpr/catalogs/data) ***
I 2022-05-18 21:57:32.018952 [FeatureManager] {Main} Feature changed: overwatch_trial_8df428bf=false
I 2022-05-18 21:57:32.019002 [FeatureManager] {Main} Removing inactive feature record: overwatch_trial_8df428bf
I 2022-05-18 21:57:32.019048 [FeatureManager] {Main} Feature changed: fore_enable_trial_2714e770=true
I 2022-05-18 21:57:32.019063 [FeatureManager] {Main} Feature changed: gryphon_mobile_449148fc=true
D 2022-05-18 21:57:32.025386 [ProductManager] {Main} Product modified: ANBS ProductChangeFlags(starter_items)
D 2022-05-18 21:57:32.025445 [ProductManager] {Main} Product modified: D3 ProductChangeFlags(quick_links,starter_items)
D 2022-05-18 21:57:32.025456 [ProductManager] {Main} Product modified: D3CN ProductChangeFlags(quick_links)
D 2022-05-18 21:57:32.025463 [ProductManager] {Main} Product modified: D3X0 ProductChangeFlags(quick_links,starter_items)
D 2022-05-18 21:57:32.025470 [ProductManager] {Main} Product modified: D3X1 ProductChangeFlags(quick_links,starter_items)
D 2022-05-18 21:57:32.025477 [ProductManager] {Main} Product modified: FORE ProductChangeFlags(quick_links,starter_items)
D 2022-05-18 21:57:32.025483 [ProductManager] {Main} Product modified: Hero ProductChangeFlags(quick_links,starter_items)
D 2022-05-18 21:57:32.025493 [ProductManager] {Main} Product modified: LAZR ProductChangeFlags(quick_links,starter_items)
D 2022-05-18 21:57:32.025500 [ProductManager] {Main} Product modified: ODIN ProductChangeFlags(quick_links,starter_items)
D 2022-05-18 21:57:32.025507 [ProductManager] {Main} Product modified: ODIN_MW ProductChangeFlags(quick_links,starter_items)
D 2022-05-18 21:57:32.025515 [ProductManager] {Main} Product modified: OSI ProductChangeFlags(quick_links,starter_items)
D 2022-05-18 21:57:32.025523 [ProductManager] {Main} Product modified: Pro ProductChangeFlags(quick_links,starter_items)
D 2022-05-18 21:57:32.025531 [ProductManager] {Main} Product modified: RTRO ProductChangeFlags(quick_links,starter_items)
D 2022-05-18 21:57:32.025538 [ProductManager] {Main} Product modified: S1 ProductChangeFlags(quick_links,starter_items)
D 2022-05-18 21:57:32.025545 [ProductManager] {Main} Product modified: S2 ProductChangeFlags(quick_links,starter_items)
D 2022-05-18 21:57:32.025551 [ProductManager] {Main} Product modified: VIPR ProductChangeFlags(quick_links,starter_items)
D 2022-05-18 21:57:32.025560 [ProductManager] {Main} Product modified: W3 ProductChangeFlags(quick_links,starter_items)
D 2022-05-18 21:57:32.025570 [ProductManager] {Main} Product modified: WLBY ProductChangeFlags(quick_links,starter_items)
D 2022-05-18 21:57:32.025577 [ProductManager] {Main} Product modified: WTCG ProductChangeFlags(quick_links,starter_items)
D 2022-05-18 21:57:32.025586 [ProductManager] {Main} Product modified: WoW ProductChangeFlags(quick_links,starter_items)
D 2022-05-18 21:57:32.025595 [ProductManager] {Main} Product modified: WoWC ProductChangeFlags(starter_items)
D 2022-05-18 21:57:32.025607 [ProductManager] {Main} Product modified: WoWX7 ProductChangeFlags(quick_links,starter_items)
D 2022-05-18 21:57:32.025620 [ProductManager] {Main} Product modified: WoWX8 ProductChangeFlags(quick_links,starter_items)
D 2022-05-18 21:57:32.025629 [ProductManager] {Main} Product modified: ZEUS ProductChangeFlags(quick_links,starter_items)
D 2022-05-18 21:57:32.025667 [ProductManager] {Main} Products updated
D 2022-05-18 21:57:32.026671 [ProductManager] {Main} Product modified: ANBS ProductChangeFlags(starter_items)
D 2022-05-18 21:57:32.026689 [ProductManager] {Main} Product modified: D3 ProductChangeFlags(quick_links,starter_items)
D 2022-05-18 21:57:32.026697 [ProductManager] {Main} Product modified: D3CN ProductChangeFlags(quick_links)
D 2022-05-18 21:57:32.026703 [ProductManager] {Main} Product modified: D3X0 ProductChangeFlags(quick_links,starter_items)
D 2022-05-18 21:57:32.026709 [ProductManager] {Main} Product modified: D3X1 ProductChangeFlags(quick_links,starter_items)
D 2022-05-18 21:57:32.026714 [ProductManager] {Main} Product modified: FORE ProductChangeFlags(quick_links,starter_items)
D 2022-05-18 21:57:32.026722 [ProductManager] {Main} Product modified: Hero ProductChangeFlags(quick_links,starter_items)
D 2022-05-18 21:57:32.026732 [ProductManager] {Main} Product modified: LAZR ProductChangeFlags(quick_links,starter_items)
D 2022-05-18 21:57:32.026739 [ProductManager] {Main} Product modified: ODIN ProductChangeFlags(quick_links,starter_items)
D 2022-05-18 21:57:32.026745 [ProductManager] {Main} Product modified: ODIN_MW ProductChangeFlags(quick_links,starter_items)
D 2022-05-18 21:57:32.026753 [ProductManager] {Main} Product modified: OSI ProductChangeFlags(quick_links,starter_items)
D 2022-05-18 21:57:32.026760 [ProductManager] {Main} Product modified: Pro ProductChangeFlags(quick_links,starter_items)
D 2022-05-18 21:57:32.026767 [ProductManager] {Main} Product modified: RTRO ProductChangeFlags(quick_links,starter_items)
D 2022-05-18 21:57:32.026773 [ProductManager] {Main} Product modified: S1 ProductChangeFlags(quick_links,starter_items)
D 2022-05-18 21:57:32.026782 [ProductManager] {Main} Product modified: S2 ProductChangeFlags(quick_links,starter_items)
D 2022-05-18 21:57:32.026788 [ProductManager] {Main} Product modified: VIPR ProductChangeFlags(quick_links,starter_items)
D 2022-05-18 21:57:32.026795 [ProductManager] {Main} Product modified: W3 ProductChangeFlags(quick_links,starter_items)
D 2022-05-18 21:57:32.026802 [ProductManager] {Main} Product modified: WLBY ProductChangeFlags(quick_links,starter_items)
D 2022-05-18 21:57:32.026809 [ProductManager] {Main} Product modified: WTCG ProductChangeFlags(quick_links,starter_items)
D 2022-05-18 21:57:32.026816 [ProductManager] {Main} Product modified: WoW ProductChangeFlags(quick_links,starter_items)
D 2022-05-18 21:57:32.026826 [ProductManager] {Main} Product modified: WoWC ProductChangeFlags(starter_items)
D 2022-05-18 21:57:32.026836 [ProductManager] {Main} Product modified: WoWX7 ProductChangeFlags(quick_links,starter_items)
D 2022-05-18 21:57:32.026842 [ProductManager] {Main} Product modified: WoWX8 ProductChangeFlags(quick_links,starter_items)
D 2022-05-18 21:57:32.026849 [ProductManager] {Main} Product modified: ZEUS ProductChangeFlags(quick_links,starter_items)
D 2022-05-18 21:57:32.026866 [ProductManager] {Main} Products updated
D 2022-05-18 21:57:32.038919 [ProductManager] {Main} Product added: id=GRY
D 2022-05-18 21:57:32.038945 [GameProvider] {Main} Inserting new unbound entity because no suitable match was found. uniqueId=GRY_retail
D 2022-05-18 21:57:32.039541 [ProductManager] {Main} Product added: id=WoWX2
D 2022-05-18 21:57:32.040992 [ProductManager] {Main} Product modified: ANBS ProductChangeFlags(tab_order)
D 2022-05-18 21:57:32.041013 [ProductManager] {Main} Product modified: D3 ProductChangeFlags(tab_order)
D 2022-05-18 21:57:32.041022 [ProductManager] {Main} Product modified: D3CN ProductChangeFlags(tab_order)
D 2022-05-18 21:57:32.041031 [ProductManager] {Main} Product modified: D3X0 ProductChangeFlags(tab_order)
D 2022-05-18 21:57:32.041037 [ProductManager] {Main} Product modified: D3X1 ProductChangeFlags(tab_order)
D 2022-05-18 21:57:32.041046 [ProductManager] {Main} Product modified: FORE ProductChangeFlags(tab_order,region_permission_flags,starter_items)
D 2022-05-18 21:57:32.041055 [ProductManager] {Main} Product modified: Hero ProductChangeFlags(tab_order)
D 2022-05-18 21:57:32.041064 [ProductManager] {Main} Product modified: LAZR ProductChangeFlags(tab_order)
D 2022-05-18 21:57:32.041071 [ProductManager] {Main} Product modified: ODIN ProductChangeFlags(tab_order)
D 2022-05-18 21:57:32.041086 [ProductManager] {Main} Product modified: ODIN_MW ProductChangeFlags(tab_order)
D 2022-05-18 21:57:32.041092 [ProductManager] {Main} Product modified: OSI ProductChangeFlags(tab_order)
D 2022-05-18 21:57:32.041101 [ProductManager] {Main} Product modified: Pro ProductChangeFlags(deprecated,tab_order,region_permission_flags,quick_links,starter_items)
D 2022-05-18 21:57:32.041113 [ProductManager] {Main} Product modified: RTRO ProductChangeFlags(tab_order)
D 2022-05-18 21:57:32.041120 [ProductManager] {Main} Product modified: S1 ProductChangeFlags(tab_order)
D 2022-05-18 21:57:32.041127 [ProductManager] {Main} Product modified: S2 ProductChangeFlags(tab_order)
D 2022-05-18 21:57:32.041136 [ProductManager] {Main} Product modified: VIPR ProductChangeFlags(tab_order)
D 2022-05-18 21:57:32.041143 [ProductManager] {Main} Product modified: W3 ProductChangeFlags(tab_order)
D 2022-05-18 21:57:32.041150 [ProductManager] {Main} Product modified: WLBY ProductChangeFlags(tab_order)
D 2022-05-18 21:57:32.041157 [ProductManager] {Main} Product modified: WTCG ProductChangeFlags(tab_order,mobile_qr_code_text)
D 2022-05-18 21:57:32.041167 [ProductManager] {Main} Product modified: WoW ProductChangeFlags(tab_order)
D 2022-05-18 21:57:32.041176 [ProductManager] {Main} Product modified: WoWC ProductChangeFlags(tab_order)
D 2022-05-18 21:57:32.041183 [ProductManager] {Main} Product modified: WoWX2 ProductChangeFlags(name,type_name,selector_display_name,deprecated,tab_order,logo_v2,game_background,region_permission_flags,override_product_id)
D 2022-05-18 21:57:32.041195 [ProductManager] {Main} Product modified: WoWX7 ProductChangeFlags(tab_order)
D 2022-05-18 21:57:32.041201 [ProductManager] {Main} Product modified: WoWX8 ProductChangeFlags(tab_order)
D 2022-05-18 21:57:32.041207 [ProductManager] {Main} Product modified: ZEUS ProductChangeFlags(tab_order)
D 2022-05-18 21:57:32.041238 [ProductManager] {Main} Products updated
D 2022-05-18 21:57:32.042179 [CatalogVarStorage] {Main} Setting var from catalog Browser.DisableSiteIsolation=true
D 2022-05-18 21:57:32.042205 [CatalogVarStorage] {Main} Setting var from catalog Client.AccountHintRequiredProgramIds=ANBS
D 2022-05-18 21:57:32.042219 [CatalogVarStorage] {Main} Setting var from catalog Client.ActivisionAutoAccountCreation.Games=ODIN,ZEUS,FORE,AUKS
D 2022-05-18 21:57:32.042233 [CatalogVarStorage] {Main} Setting var from catalog Client.Shop.SaleNotificationEnabled=false
D 2022-05-18 21:57:32.042265 [CatalogVarStorage] {Main} Setting var from catalog Client.OwlScreen.LiveCheckIntervalMS=300000
D 2022-05-18 21:57:32.042289 [CatalogVarStorage] {Main} Setting var from catalog Client.Announcements.MaximumAnnouncements=20
D 2022-05-18 21:57:32.042301 [CatalogVarStorage] {Main} Setting var from catalog Client.NewProfileWindowLayout=true
D 2022-05-18 21:57:32.042309 [CatalogVarStorage] {Main} Setting var from catalog Client.PromotedScreenVersion=3
D 2022-05-18 21:57:32.042316 [CatalogVarStorage] {Main} Setting var from catalog Client.Shop.SaleNotificationVersion=6
D 2022-05-18 21:57:32.042324 [CatalogVarStorage] {Main} Setting var from catalog Client.Version.BetaAccessOverride=enabled
D 2022-05-18 21:57:32.042331 [CatalogVarStorage] {Main} Setting var from catalog Client.Version.BetaBranchOverride=beta
D 2022-05-18 21:57:32.042342 [CatalogVarStorage] {Main} Setting var from catalog Services.WhisperChannels.InactivityTimeoutMS=0
D 2022-05-18 21:57:32.042351 [CatalogVarStorage] {Main} Setting var from catalog Services.HTTPClient.ConnectionTimeoutMS=0
I 2022-05-18 21:57:32.048975 [CatalogLoader] {Main} *** LOAD COMPLETE default ***
I 2022-05-18 21:57:32.049588 [CatalogLoader] {Main} *** LOAD STARTED default: Context(RemoteCAS: c1176269e6881a771917af31a991ebc6|tpr/catalogs/data) ***
D 2022-05-18 21:57:32.128834 [ProductNode] {Main} ProductInfo modified: GRY_retail
D 2022-05-18 21:57:32.128856 [ProductManager] {Main} Product modified: GRY ProductChangeFlags(name,uid,title_id,default_product_type,install_disabled_message,play_disabled_message,supports_starter_mode,starter_mode_when_offline,tab_order,logo_v2,game_icon_svg,icon_medium,icon_small,icon_tiny,game_background,supported_regions,region_permission_flags,program_id,quick_links,starter_items,supported_platforms,unsupported_platform_behavior,key_art,content_id,genre,mobile_promo_text,mobile_stores,mobile_qr_code,mobile_qr_code_text,milestone,heading_text)
D 2022-05-18 21:57:32.128882 [ProductManager] {Main} Product modified: WoWX2 ProductChangeFlags(name,type_name,selector_display_name,deprecated,logo_v2,game_background,region_permission_flags,override_product_id)
D 2022-05-18 21:57:32.128894 [ProductManager] {Main} Products updated
D 2022-05-18 21:57:32.128937 [CatalogVarStorage] {Main} Setting var from catalog Browser.DisableSiteIsolation=true
D 2022-05-18 21:57:32.128952 [CatalogVarStorage] {Main} Setting var from catalog Client.AccountHintRequiredProgramIds=ANBS
D 2022-05-18 21:57:32.128959 [CatalogVarStorage] {Main} Setting var from catalog Client.ActivisionAutoAccountCreation.Games=ODIN,ZEUS,FORE,AUKS
D 2022-05-18 21:57:32.128964 [CatalogVarStorage] {Main} Setting var from catalog Client.Shop.SaleNotificationEnabled=false
D 2022-05-18 21:57:32.128971 [CatalogVarStorage] {Main} Setting var from catalog Client.OwlScreen.LiveCheckIntervalMS=300000
D 2022-05-18 21:57:32.128983 [CatalogVarStorage] {Main} Setting var from catalog Client.Announcements.MaximumAnnouncements=20
D 2022-05-18 21:57:32.128991 [CatalogVarStorage] {Main} Setting var from catalog Client.NewProfileWindowLayout=true
D 2022-05-18 21:57:32.128998 [CatalogVarStorage] {Main} Setting var from catalog Client.PromotedScreenVersion=3
D 2022-05-18 21:57:32.129004 [CatalogVarStorage] {Main} Setting var from catalog Client.Shop.SaleNotificationVersion=6
D 2022-05-18 21:57:32.129011 [CatalogVarStorage] {Main} Setting var from catalog Client.Version.BetaAccessOverride=enabled
D 2022-05-18 21:57:32.129017 [CatalogVarStorage] {Main} Setting var from catalog Client.Version.BetaBranchOverride=beta
D 2022-05-18 21:57:32.129024 [CatalogVarStorage] {Main} Setting var from catalog Services.WhisperChannels.InactivityTimeoutMS=0
D 2022-05-18 21:57:32.129032 [CatalogVarStorage] {Main} Setting var from catalog Services.HTTPClient.ConnectionTimeoutMS=0
I 2022-05-18 21:57:32.132485 [CatalogLoader] {Main} *** LOAD COMPLETE default ***
D 2022-05-18 21:57:32.499530 [VersionManager] {Main} Branch change from Agent detected. activeBranch= branches={[0]=beta, [1]=cn, [2]=eu, [3]=kr, [4]=sg, [5]=tw, [6]=us}
D 2022-05-18 21:57:32.499559 [VersionManager] {Main} Beta branch is available: true
D 2022-05-18 21:57:34.895170 [GameController] {Main} Shutting down GameController
D 2022-05-18 21:57:34.895222 [Main] {Main} Shutting down GameLaunchController
I 2022-05-18 21:57:34.895266 [GameController] {Main} Deleting GameFamily: , # of game accounts:0
D 2022-05-18 21:57:34.895347 [ProductState] {Main} Game product state destroyed: uid=odin
D 2022-05-18 21:57:34.895374 [ProductState] {Main} Game product state destroyed: uid=
I 2022-05-18 21:57:34.895752 [ToastManager] {Main} Clearing toast queue
I 2022-05-18 21:57:35.825702 [GameSessionList] {Agent} Reporting process: TrackingInfo(uid=battle.net, type=game, opStatus=On, reqId=0, running=4, oldRunning=1)
D 2022-05-18 21:57:36.502579 [Main] {Main} Shutting down Backend
D 2022-05-18 21:57:36.502629 [Main] {Main} Closing IPC Service
D 2022-05-18 21:57:36.502638 [CommandQueue] {Main} IPCService is shutting down
D 2022-05-18 21:57:36.502772 [Main] {Main} Shutting down account manager
D 2022-05-18 21:57:36.502785 [Main] {Main} Shutting down CacheManager
D 2022-05-18 21:57:36.502791 [Main] {Main} Shutting down analytics processor
D 2022-05-18 21:57:36.502994 [Main] {Main} Shutting down worker pool
D 2022-05-18 21:57:36.503604 [Main] {Main} Shutting down backend processor
D 2022-05-18 21:57:36.506829 [Main] {Main} Shutting down data cache
D 2022-05-18 21:57:36.506973 [Main] {Main} Shutting down catalog manager
D 2022-05-18 21:57:36.507398 [Main] {Main} Shutting down environment manager
D 2022-05-18 21:57:36.507422 [Main] {Main} Shutting down battle.net api gateway
D 2022-05-18 21:57:36.507429 [Main] {Main} Shutting down suggested friends service
D 2022-05-18 21:57:36.507436 [Main] {Main} Shutting down voice service
D 2022-05-18 21:57:36.507441 [Main] {Main} Shutting down remote content manager
D 2022-05-18 21:57:36.507445 [Main] {Main} Shutting down analytics session
D 2022-05-18 21:57:36.507451 [Main] {Main} Shutting down agent manager
D 2022-05-18 21:57:36.507458 [Agent] {Main} PolicyHandler Thread STOPPING
D 2022-05-18 21:57:36.507467 [Agent] {Agent} PolicyHandlerThreadProc: The rest is silence.
D 2022-05-18 21:57:36.507792 [Agent] {Main} PolicyHandler Thread STOPPED
D 2022-05-18 21:57:36.508663 [Agent] {Main} Communicated shutdown to Agent
D 2022-05-18 21:57:36.508753 [Main] {Main} Shutting down game provider
D 2022-05-18 21:57:36.508771 [Main] {Main} Shutting down battle.net interface
D 2022-05-18 21:57:36.509078 [Main] {Main} Shutting down callback queue
D 2022-05-18 21:57:36.509117 [WebServer] {Main} Shutting down WebServerImpl
D 2022-05-18 21:57:36.509385 [WebServer] {Main} WebServerImpl is stopped
D 2022-05-18 21:57:36.623250 [DIAG_BNL_Voice] {Main} {32f8} debug: Notification client reference removed: 0
